#
# A fatal error has been detected by the Java Runtime Environment:
#
#  SIGSEGV (0xb) at pc=0x00007f0fb61390ec, pid=28471, tid=139704721774336
#
# JRE version: Java(TM) SE Runtime Environment (8.0_45-b14) (build 1.8.0_45-b14)
# Java VM: Java HotSpot(TM) 64-Bit Server VM (25.45-b02 mixed mode linux-amd64 compressed oops)
# Problematic frame:
# V  [libjvm.so+0x5070ec]  Dependencies::encode_content_bytes()+0x27c
#
# Failed to write core dump. Core dumps have been disabled. To enable core dumping, try "ulimit -c unlimited" before starting Java again
#
# If you would like to submit a bug report, please visit:
#   http://bugreport.java.com/bugreport/crash.jsp
#

---------------  T H R E A D  ---------------

Current thread (0x00007f0fb020e800):  JavaThread "C1 CompilerThread3" daemon [_thread_in_vm, id=28488, stack(0x00007f0f8a409000,0x00007f0f8a50a000)]

siginfo: si_signo: 11 (SIGSEGV), si_code: 128 (SI_KERNEL), si_addr: 0x0000000000000000

Registers:
RAX=0x00827f0fb6b55070, RBX=0x00007f0f5c2dae30, RCX=0x00007f0f5c23cbd0, RDX=0x00007f0f5c41db00
RSP=0x00007f0f8a5082f0, RBP=0x00007f0f8a508390, RSI=0x0000000000000007, RDI=0x00007f0f5c2dae30
R8 =0x0000000000000000, R9 =0x00000000ffffffff, R10=0x000000000000002e, R11=0x0000000000000087
R12=0x0000000000000001, R13=0x0000000000000018, R14=0x0000000100209ec8, R15=0x0000000000000002
RIP=0x00007f0fb61390ec, EFLAGS=0x0000000000010213, CSGSFS=0x0000000000000033, ERR=0x0000000000000000
  TRAPNO=0x000000000000000d

Top of Stack: (sp=0x00007f0f8a5082f0)
0x00007f0f8a5082f0:   16007f0f8a5080d8 00007f0f8a508350
0x00007f0f8a508300:   00007f0fb0d3ef70 00000006b6bcb740
0x00007f0f8a508310:   00007f0f5c23cbd0 0000000000000000
0x00007f0f8a508320:   ffffffff00000002 0000000000000010
0x00007f0f8a508330:   0000000000000010 00007f0fb0d3ef98
0x00007f0f8a508340:   00007f0fb6b8a578 06007f0f8a508ad0
0x00007f0f8a508350:   00007f0f5c41db00 0000007800000008
0x00007f0f8a508360:   00007f0f5c41da10 00007f0f5c23bf80
0x00007f0f8a508370:   000000000000003a 0000000000000003
0x00007f0f8a508380:   00007f0fb020e800 00007f0f8a508ad0
0x00007f0f8a508390:   00007f0f8a5084c0 00007f0fb6041838
0x00007f0f8a5083a0:   00007f0f5c41da10 00007f0f5c41dab0
0x00007f0f8a5083b0:   00007f0f8a508430 00007f0fb5f85a99
0x00007f0f8a5083c0:   00007f0fa80ec210 00000000ffffffff
0x00007f0f8a5083d0:   0000000000000004 00007f0fb020f120
0x00007f0f8a5083e0:   000000878a508440 00007f0f5c41d640
0x00007f0f8a5083f0:   00007f0f8a508738 000001b88a5086e0
0x00007f0f8a508400:   00007f0f8a508718 ffffffffb0df86d0
0x00007f0f8a508410:   00007f0fb0006a00 00007f0fb0006900
0x00007f0f8a508420:   00007f0f8a5084e0 0000000000000000
0x00007f0f8a508430:   00007f0f8a5084c0 00007f0fb5f85ffd
0x00007f0f8a508440:   00007f0fb0df86d0 00007f0fb0df86f0
0x00007f0f8a508450:   00007f0fb001a6e0 00007f0f8a508670
0x00007f0f8a508460:   00007f0f5c34cbd0 0000000000000000
0x00007f0f8a508470:   0000000000000000 00007f0f00000000
0x00007f0f8a508480:   0001a4d10001ed39 0001bc9d0001af5d
0x00007f0f8a508490:   000000000001bed1 00007f0f8a508670
0x00007f0f8a5084a0:   000000000000003a 0000000000000003
0x00007f0f8a5084b0:   00007f0fb0200970 00007f0fb0d3ef20
0x00007f0f8a5084c0:   00007f0f8a508550 00007f0fb5f852f9
0x00007f0f8a5084d0:   00007f0f0000003a 00007f0fb0d3ef20
0x00007f0f8a5084e0:   00007f0f8a5086e0 00007f0f8a5086f8 

Instructions: (pc=0x00007f0fb61390ec)
0x00007f0fb61390cc:   39 fc 0f 8d 8b 00 00 00 44 3b 65 94 74 e9 48 8b
0x00007f0fb61390dc:   4d 80 48 8b 41 18 4a 8b 1c 28 48 8b 03 48 89 df
0x00007f0fb61390ec:   ff 50 10 84 c0 0f 85 79 ff ff ff 48 8b 95 70 ff
0x00007f0fb61390fc:   ff ff 4c 8b 73 10 48 8b 42 60 4c 89 f6 48 8d 58 

Register to memory mapping:

RAX=0x00827f0fb6b55070 is an unknown value
RBX=0x00007f0f5c2dae30 is an unknown value
RCX=0x00007f0f5c23cbd0 is an unknown value
RDX=0x00007f0f5c41db00 is an unknown value
RSP=0x00007f0f8a5082f0 is pointing into the stack for thread: 0x00007f0fb020e800
RBP=0x00007f0f8a508390 is pointing into the stack for thread: 0x00007f0fb020e800
RSI=0x0000000000000007 is an unknown value
RDI=0x00007f0f5c2dae30 is an unknown value
R8 =0x0000000000000000 is an unknown value
R9 =0x00000000ffffffff is an unknown value
R10=0x000000000000002e is an unknown value
R11=0x0000000000000087 is an unknown value
R12=0x0000000000000001 is an unknown value
R13=0x0000000000000018 is an unknown value
R14=0x0000000100209ec8 is pointing into metadata
R15=0x0000000000000002 is an unknown value


Stack: [0x00007f0f8a409000,0x00007f0f8a50a000],  sp=0x00007f0f8a5082f0,  free space=1020k
Native frames: (J=compiled Java code, j=interpreted, Vv=VM code, C=native code)
V  [libjvm.so+0x5070ec]  Dependencies::encode_content_bytes()+0x27c
V  [libjvm.so+0x40f838]  ciEnv::register_method(ciMethod*, int, CodeOffsets*, int, CodeBuffer*, int, OopMapSet*, ExceptionHandlerTable*, ImplicitExceptionTable*, AbstractCompiler*, int, bool, bool, RTMState)+0x8f8
V  [libjvm.so+0x3532f9]  Compilation::install_code(int)+0xc9
V  [libjvm.so+0x3547ec]  Compilation::compile_method()+0xec
V  [libjvm.so+0x354abe]  Compilation::Compilation(AbstractCompiler*, ciEnv*, ciMethod*, int, BufferBlob*)+0x25e
V  [libjvm.so+0x355869]  Compiler::compile_method(ciEnv*, ciMethod*, int)+0xa9
V  [libjvm.so+0x4a843a]  CompileBroker::invoke_compiler_on_method(CompileTask*)+0xc9a
V  [libjvm.so+0x4a93e6]  CompileBroker::compiler_thread_loop()+0x5d6
V  [libjvm.so+0xa5c86f]  JavaThread::thread_main_inner()+0xdf
V  [libjvm.so+0xa5c99c]  JavaThread::run()+0x11c
V  [libjvm.so+0x910de8]  java_start(Thread*)+0x108
C  [libpthread.so.0+0x8182]  start_thread+0xc2


Current CompileTask:
C1:    956 1381       3       scala.reflect.internal.pickling.UnPickler$Scan::readSymbol (581 bytes)


---------------  P R O C E S S  ---------------

Java Threads: ( => current thread )
  0x00007f0fb0867800 JavaThread "process reaper" daemon [_thread_blocked, id=28493, stack(0x00007f0f899b4000,0x00007f0f899ed000)]
  0x00007f0fb021b800 JavaThread "Service Thread" daemon [_thread_blocked, id=28489, stack(0x00007f0f8a308000,0x00007f0f8a409000)]
=>0x00007f0fb020e800 JavaThread "C1 CompilerThread3" daemon [_thread_in_vm, id=28488, stack(0x00007f0f8a409000,0x00007f0f8a50a000)]
  0x00007f0fb020c800 JavaThread "C2 CompilerThread2" daemon [_thread_blocked, id=28487, stack(0x00007f0f8a50a000,0x00007f0f8a60b000)]
  0x00007f0fb020a800 JavaThread "C2 CompilerThread1" daemon [_thread_blocked, id=28486, stack(0x00007f0f8a60b000,0x00007f0f8a70c000)]
  0x00007f0fb0207800 JavaThread "C2 CompilerThread0" daemon [_thread_blocked, id=28485, stack(0x00007f0f8a70c000,0x00007f0f8a80d000)]
  0x00007f0fb0206000 JavaThread "Signal Dispatcher" daemon [_thread_blocked, id=28484, stack(0x00007f0f8a80d000,0x00007f0f8a90e000)]
  0x00007f0fb01ce000 JavaThread "Finalizer" daemon [_thread_blocked, id=28483, stack(0x00007f0f8aff0000,0x00007f0f8b0f1000)]
  0x00007f0fb01cc000 JavaThread "Reference Handler" daemon [_thread_blocked, id=28482, stack(0x00007f0f8b0f1000,0x00007f0f8b1f2000)]
  0x00007f0fb0009800 JavaThread "main" [_thread_blocked, id=28472, stack(0x00007f0fb76ff000,0x00007f0fb7800000)]

Other Threads:
  0x00007f0fb01c7000 VMThread [stack: 0x00007f0f8b1f2000,0x00007f0f8b2f3000] [id=28481]
  0x00007f0fb021e800 WatcherThread [stack: 0x00007f0f8a207000,0x00007f0f8a308000] [id=28490]

VM state:not at safepoint (normal execution)

VM Mutex/Monitor currently owned by a thread:  ([mutex/lock_event])
[0x00007f0fb0006900] Compile_lock - owner thread: 0x00007f0fb020e800
[0x00007f0fb0006a00] MethodCompileQueue_lock - owner thread: 0x00007f0fb020e800

Heap:
 PSYoungGen      total 305664K, used 10485K [0x00000000eab00000, 0x0000000100000000, 0x0000000100000000)
  eden space 262144K, 4% used [0x00000000eab00000,0x00000000eb53d788,0x00000000fab00000)
  from space 43520K, 0% used [0x00000000fab00000,0x00000000fab00000,0x00000000fd580000)
  to   space 43520K, 0% used [0x00000000fd580000,0x00000000fd580000,0x0000000100000000)
 ParOldGen       total 699392K, used 14875K [0x00000000c0000000, 0x00000000eab00000, 0x00000000eab00000)
  object space 699392K, 2% used [0x00000000c0000000,0x00000000c0e86e38,0x00000000eab00000)
 Metaspace       used 21445K, capacity 21810K, committed 21936K, reserved 1067008K
  class space    used 3687K, capacity 3789K, committed 3840K, reserved 1048576K

Card table byte_map: [0x00007f0fb4491000,0x00007f0fb4692000] byte_map_base: 0x00007f0fb3e91000

Marking Bits: (ParMarkBitMap*) 0x00007f0fb6bcf760
 Begin Bits: [0x00007f0fa5afb000, 0x00007f0fa6afb000)
 End Bits:   [0x00007f0fa6afb000, 0x00007f0fa7afb000)

Polling page: 0x00007f0fb7817000

CodeCache: size=131072Kb used=3907Kb max_used=3907Kb free=127164Kb
 bounds [0x00007f0fa8000000, 0x00007f0fa83e0000, 0x00007f0fb0000000]
 total_blobs=1744 nmethods=1380 adapters=277
 compilation: enabled

Compilation events (10 events):
Event: 0.946 Thread 0x00007f0fb020e800 nmethod 1384 0x00007f0fa83cbd10 code [0x00007f0fa83cbea0, 0x00007f0fa83cc250]
Event: 0.946 Thread 0x00007f0fb020e800 1377       3       scala.reflect.internal.pickling.UnPickler$Scan::at (111 bytes)
Event: 0.947 Thread 0x00007f0fb020e800 nmethod 1377 0x00007f0fa83cc4d0 code [0x00007f0fa83cc7a0, 0x00007f0fa83cded8]
Event: 0.947 Thread 0x00007f0fb020e800 1390       1       scala.reflect.internal.Symbols$Symbol::privateWithin_$eq (6 bytes)
Event: 0.947 Thread 0x00007f0fb020e800 nmethod 1390 0x00007f0fa83cee10 code [0x00007f0fa83cef60, 0x00007f0fa83cf090]
Event: 0.947 Thread 0x00007f0fb020e800 1378       3       scala.reflect.internal.pickling.UnPickler$Scan::readSymbolRef (115 bytes)
Event: 0.949 Thread 0x00007f0fb020e800 nmethod 1378 0x00007f0fa83cf110 code [0x00007f0fa83cf420, 0x00007f0fa83d11b8]
Event: 0.949 Thread 0x00007f0fb020e800 1380       3       scala.reflect.internal.pickling.UnPickler$Scan::atEnd$1 (14 bytes)
Event: 0.949 Thread 0x00007f0fb020e800 nmethod 1380 0x00007f0fa83d2350 code [0x00007f0fa83d24c0, 0x00007f0fa83d2710]
Event: 0.949 Thread 0x00007f0fb020e800 1381       3       scala.reflect.internal.pickling.UnPickler$Scan::readSymbol (581 bytes)

GC Heap History (4 events):
Event: 0.872 GC heap before
{Heap before GC invocations=1 (full 0):
 PSYoungGen      total 305664K, used 94402K [0x00000000eab00000, 0x0000000100000000, 0x0000000100000000)
  eden space 262144K, 36% used [0x00000000eab00000,0x00000000f0730ab0,0x00000000fab00000)
  from space 43520K, 0% used [0x00000000fd580000,0x00000000fd580000,0x0000000100000000)
  to   space 43520K, 0% used [0x00000000fab00000,0x00000000fab00000,0x00000000fd580000)
 ParOldGen       total 699392K, used 0K [0x00000000c0000000, 0x00000000eab00000, 0x00000000eab00000)
  object space 699392K, 0% used [0x00000000c0000000,0x00000000c0000000,0x00000000eab00000)
 Metaspace       used 20932K, capacity 21202K, committed 21296K, reserved 1067008K
  class space    used 3586K, capacity 3693K, committed 3712K, reserved 1048576K
Event: 0.883 GC heap after
Heap after GC invocations=1 (full 0):
 PSYoungGen      total 305664K, used 15649K [0x00000000eab00000, 0x0000000100000000, 0x0000000100000000)
  eden space 262144K, 0% used [0x00000000eab00000,0x00000000eab00000,0x00000000fab00000)
  from space 43520K, 35% used [0x00000000fab00000,0x00000000fba48408,0x00000000fd580000)
  to   space 43520K, 0% used [0x00000000fd580000,0x00000000fd580000,0x0000000100000000)
 ParOldGen       total 699392K, used 16K [0x00000000c0000000, 0x00000000eab00000, 0x00000000eab00000)
  object space 699392K, 0% used [0x00000000c0000000,0x00000000c0004000,0x00000000eab00000)
 Metaspace       used 20932K, capacity 21202K, committed 21296K, reserved 1067008K
  class space    used 3586K, capacity 3693K, committed 3712K, reserved 1048576K
}
Event: 0.883 GC heap before
{Heap before GC invocations=2 (full 1):
 PSYoungGen      total 305664K, used 15649K [0x00000000eab00000, 0x0000000100000000, 0x0000000100000000)
  eden space 262144K, 0% used [0x00000000eab00000,0x00000000eab00000,0x00000000fab00000)
  from space 43520K, 35% used [0x00000000fab00000,0x00000000fba48408,0x00000000fd580000)
  to   space 43520K, 0% used [0x00000000fd580000,0x00000000fd580000,0x0000000100000000)
 ParOldGen       total 699392K, used 16K [0x00000000c0000000, 0x00000000eab00000, 0x00000000eab00000)
  object space 699392K, 0% used [0x00000000c0000000,0x00000000c0004000,0x00000000eab00000)
 Metaspace       used 20932K, capacity 21202K, committed 21296K, reserved 1067008K
  class space    used 3586K, capacity 3693K, committed 3712K, reserved 1048576K
Event: 0.906 GC heap after
Heap after GC invocations=2 (full 1):
 PSYoungGen      total 305664K, used 0K [0x00000000eab00000, 0x0000000100000000, 0x0000000100000000)
  eden space 262144K, 0% used [0x00000000eab00000,0x00000000eab00000,0x00000000fab00000)
  from space 43520K, 0% used [0x00000000fab00000,0x00000000fab00000,0x00000000fd580000)
  to   space 43520K, 0% used [0x00000000fd580000,0x00000000fd580000,0x0000000100000000)
 ParOldGen       total 699392K, used 14875K [0x00000000c0000000, 0x00000000eab00000, 0x00000000eab00000)
  object space 699392K, 2% used [0x00000000c0000000,0x00000000c0e86e38,0x00000000eab00000)
 Metaspace       used 20932K, capacity 21202K, committed 21296K, reserved 1067008K
  class space    used 3586K, capacity 3693K, committed 3712K, reserved 1048576K
}

Deoptimization events (7 events):
Event: 0.119 Thread 0x00007f0fb0009800 Uncommon trap: reason=unstable_if action=reinterpret pc=0x00007f0fa813f804 method=java.lang.String.indexOf(II)I @ 49
Event: 0.347 Thread 0x00007f0fb0009800 Uncommon trap: reason=unstable_if action=reinterpret pc=0x00007f0fa81429cc method=java.lang.String.startsWith(Ljava/lang/String;I)Z @ 25
Event: 0.395 Thread 0x00007f0fb0009800 Uncommon trap: reason=unstable_if action=reinterpret pc=0x00007f0fa8229720 method=java.util.HashMap.getNode(ILjava/lang/Object;)Ljava/util/HashMap$Node; @ 116
Event: 0.420 Thread 0x00007f0fb0009800 Uncommon trap: reason=unstable_if action=reinterpret pc=0x00007f0fa81b760c method=java.lang.String.indexOf([CII[CIII)I @ 3
Event: 0.432 Thread 0x00007f0fb0009800 Uncommon trap: reason=unstable_if action=reinterpret pc=0x00007f0fa8227610 method=java.lang.CharacterDataLatin1.toUpperCase(I)I @ 12
Event: 0.614 Thread 0x00007f0fb0009800 Uncommon trap: reason=unstable_if action=reinterpret pc=0x00007f0fa83328cc method=java.util.regex.Pattern$BmpCharProperty.match(Ljava/util/regex/Matcher;ILjava/lang/CharSequence;)Z @ 5
Event: 0.849 Thread 0x00007f0fb0009800 Uncommon trap: reason=unstable_if action=reinterpret pc=0x00007f0fa828ea44 method=java.util.HashMap.getNode(ILjava/lang/Object;)Ljava/util/HashMap$Node; @ 62

Internal exceptions (10 events):
Event: 0.937 Thread 0x00007f0fb0009800 Exception <a 'java/lang/ClassNotFoundException': scala/reflect/ScalaLongSignature> (0x00000000eac8ff58) thrown at [/RE-WORK/workspace/8-2-build-linux-amd64/jdk8u45/3457/hotspot/src/share/vm/classfile/systemDictionary.cpp, line 210]
Event: 0.948 Thread 0x00007f0fb0009800 Exception <a 'java/lang/ClassNotFoundException': scala/reflect/ScalaSignature> (0x00000000eacd01f0) thrown at [/RE-WORK/workspace/8-2-build-linux-amd64/jdk8u45/3457/hotspot/src/share/vm/classfile/systemDictionary.cpp, line 210]
Event: 0.948 Thread 0x00007f0fb0009800 Exception <a 'java/lang/ClassNotFoundException': scala/reflect/ScalaLongSignature> (0x00000000eacd0908) thrown at [/RE-WORK/workspace/8-2-build-linux-amd64/jdk8u45/3457/hotspot/src/share/vm/classfile/systemDictionary.cpp, line 210]
Event: 0.950 Thread 0x00007f0fb0009800 Exception <a 'java/lang/ClassNotFoundException': scala/reflect/ScalaSignature> (0x00000000eacdc648) thrown at [/RE-WORK/workspace/8-2-build-linux-amd64/jdk8u45/3457/hotspot/src/share/vm/classfile/systemDictionary.cpp, line 210]
Event: 0.950 Thread 0x00007f0fb0009800 Exception <a 'java/lang/ClassNotFoundException': scala/reflect/ScalaLongSignature> (0x00000000eacdcd60) thrown at [/RE-WORK/workspace/8-2-build-linux-amd64/jdk8u45/3457/hotspot/src/share/vm/classfile/systemDictionary.cpp, line 210]
Event: 0.950 Thread 0x00007f0fb0009800 Exception <a 'java/lang/ArrayIndexOutOfBoundsException'> (0x00000000eacde798) thrown at [/RE-WORK/workspace/8-2-build-linux-amd64/jdk8u45/3457/hotspot/src/share/vm/runtime/sharedRuntime.cpp, line 605]
Event: 0.950 Thread 0x00007f0fb0009800 Exception <a 'java/lang/ArrayIndexOutOfBoundsException'> (0x00000000eace0210) thrown at [/RE-WORK/workspace/8-2-build-linux-amd64/jdk8u45/3457/hotspot/src/share/vm/runtime/sharedRuntime.cpp, line 605]
Event: 0.951 Thread 0x00007f0fb0009800 Exception <a 'java/lang/ArrayIndexOutOfBoundsException'> (0x00000000eace25d8) thrown at [/RE-WORK/workspace/8-2-build-linux-amd64/jdk8u45/3457/hotspot/src/share/vm/runtime/sharedRuntime.cpp, line 605]
Event: 0.954 Thread 0x00007f0fb0009800 Exception <a 'java/lang/ClassNotFoundException': scala/reflect/ScalaSignature> (0x00000000eacfe540) thrown at [/RE-WORK/workspace/8-2-build-linux-amd64/jdk8u45/3457/hotspot/src/share/vm/classfile/systemDictionary.cpp, line 210]
Event: 0.954 Thread 0x00007f0fb0009800 Exception <a 'java/lang/ClassNotFoundException': scala/reflect/ScalaLongSignature> (0x00000000eacfec58) thrown at [/RE-WORK/workspace/8-2-build-linux-amd64/jdk8u45/3457/hotspot/src/share/vm/classfile/systemDictionary.cpp, line 210]

Events (10 events):
Event: 0.951 loading class sun/reflect/generics/reflectiveObjects/ParameterizedTypeImpl
Event: 0.951 loading class java/lang/reflect/ParameterizedType
Event: 0.951 loading class java/lang/reflect/ParameterizedType done
Event: 0.951 loading class sun/reflect/generics/reflectiveObjects/ParameterizedTypeImpl done
Event: 0.951 loading class sun/reflect/generics/reflectiveObjects/TypeVariableImpl
Event: 0.951 loading class sun/reflect/generics/reflectiveObjects/TypeVariableImpl done
Event: 0.954 loading class scala/reflect/ScalaSignature
Event: 0.954 loading class scala/reflect/ScalaSignature done
Event: 0.954 loading class scala/reflect/ScalaLongSignature
Event: 0.954 loading class scala/reflect/ScalaLongSignature done


Dynamic libraries:
00400000-00401000 r-xp 00000000 08:01 23069817                           /shared/jdk1.8.0_45/bin/java
00600000-00601000 rw-p 00000000 08:01 23069817                           /shared/jdk1.8.0_45/bin/java
01229000-0124a000 rw-p 00000000 00:00 0                                  [heap]
c0000000-1003c0000 rw-p 00000000 00:00 0 
1003c0000-140000000 ---p 00000000 00:00 0 
7f0f54000000-7f0f54021000 rw-p 00000000 00:00 0 
7f0f54021000-7f0f58000000 ---p 00000000 00:00 0 
7f0f58000000-7f0f58021000 rw-p 00000000 00:00 0 
7f0f58021000-7f0f5c000000 ---p 00000000 00:00 0 
7f0f5c000000-7f0f5c6b9000 rw-p 00000000 00:00 0 
7f0f5c6b9000-7f0f60000000 ---p 00000000 00:00 0 
7f0f60000000-7f0f60021000 rw-p 00000000 00:00 0 
7f0f60021000-7f0f64000000 ---p 00000000 00:00 0 
7f0f64000000-7f0f6426b000 rw-p 00000000 00:00 0 
7f0f6426b000-7f0f68000000 ---p 00000000 00:00 0 
7f0f68000000-7f0f682a9000 rw-p 00000000 00:00 0 
7f0f682a9000-7f0f6c000000 ---p 00000000 00:00 0 
7f0f6c000000-7f0f6c021000 rw-p 00000000 00:00 0 
7f0f6c021000-7f0f70000000 ---p 00000000 00:00 0 
7f0f70000000-7f0f7014d000 rw-p 00000000 00:00 0 
7f0f7014d000-7f0f74000000 ---p 00000000 00:00 0 
7f0f74000000-7f0f74021000 rw-p 00000000 00:00 0 
7f0f74021000-7f0f78000000 ---p 00000000 00:00 0 
7f0f78000000-7f0f78021000 rw-p 00000000 00:00 0 
7f0f78021000-7f0f7c000000 ---p 00000000 00:00 0 
7f0f7c000000-7f0f7c021000 rw-p 00000000 00:00 0 
7f0f7c021000-7f0f80000000 ---p 00000000 00:00 0 
7f0f80000000-7f0f80021000 rw-p 00000000 00:00 0 
7f0f80021000-7f0f84000000 ---p 00000000 00:00 0 
7f0f84000000-7f0f84021000 rw-p 00000000 00:00 0 
7f0f84021000-7f0f88000000 ---p 00000000 00:00 0 
7f0f891ad000-7f0f8935b000 rw-p 00000000 00:00 0 
7f0f8935b000-7f0f893af000 ---p 00000000 00:00 0 
7f0f893af000-7f0f895af000 rw-p 00000000 00:00 0 
7f0f895af000-7f0f897af000 rw-p 00000000 00:00 0 
7f0f897af000-7f0f899af000 rw-p 00000000 00:00 0 
7f0f899af000-7f0f899b4000 r--s 00094000 08:01 23069624                   /shared/jdk1.8.0_45/jre/lib/jsse.jar
7f0f899b4000-7f0f899b7000 ---p 00000000 00:00 0 
7f0f899b7000-7f0f899ed000 rw-p 00000000 00:00 0                          [stack:28493]
7f0f899ed000-7f0f899ef000 r--s 0000b000 08:01 24511612                   /home/fan/.sbt/boot/scala-2.10.4/org.scala-sbt/sbt/0.13.7/xsbti/interface-0.13.7.jar
7f0f899ef000-7f0f899f5000 r--s 0003d000 08:01 24382508                   /home/fan/.sbt/boot/scala-2.10.4/org.scala-sbt/sbt/0.13.7/io-0.13.7.jar
7f0f899f5000-7f0f899f7000 r--s 00006000 08:01 24382536                   /home/fan/.sbt/boot/scala-2.10.4/org.scala-sbt/sbt/0.13.7/relation-0.13.7.jar
7f0f899f7000-7f0f899f9000 r--s 0000e000 08:01 24382509                   /home/fan/.sbt/boot/scala-2.10.4/org.scala-sbt/sbt/0.13.7/logic-0.13.7.jar
7f0f899f9000-7f0f899fb000 r--s 00013000 08:01 24382516                   /home/fan/.sbt/boot/scala-2.10.4/org.scala-sbt/sbt/0.13.7/json4s-ast_2.10-3.2.10.jar
7f0f899fb000-7f0f89bfb000 rw-p 00000000 00:00 0 
7f0f89bfb000-7f0f89bfe000 r--s 00018000 08:01 24382538                   /home/fan/.sbt/boot/scala-2.10.4/org.scala-sbt/sbt/0.13.7/logging-0.13.7.jar
7f0f89bfe000-7f0f89c08000 r--s 00085000 08:01 24382542                   /home/fan/.sbt/boot/scala-2.10.4/org.scala-sbt/sbt/0.13.7/json4s-core_2.10-3.2.10.jar
7f0f89c08000-7f0f89c09000 r--s 0000a000 08:01 24382514                   /home/fan/.sbt/boot/scala-2.10.4/org.scala-sbt/sbt/0.13.7/tracking-0.13.7.jar
7f0f89c09000-7f0f89c0b000 r--s 00014000 08:01 24382520                   /home/fan/.sbt/boot/scala-2.10.4/org.scala-sbt/sbt/0.13.7/apply-macro-0.13.7.jar
7f0f89c0b000-7f0f89c0e000 r--s 0001d000 08:01 24382534                   /home/fan/.sbt/boot/scala-2.10.4/org.scala-sbt/sbt/0.13.7/tasks-0.13.7.jar
7f0f89c0e000-7f0f89c11000 r--s 00013000 08:01 24382522                   /home/fan/.sbt/boot/scala-2.10.4/org.scala-sbt/sbt/0.13.7/classpath-0.13.7.jar
7f0f89c11000-7f0f89c13000 r--s 00012000 08:01 24382537                   /home/fan/.sbt/boot/scala-2.10.4/org.scala-sbt/sbt/0.13.7/jawn-parser_2.10-0.6.0.jar
7f0f89c13000-7f0f89c17000 r--s 0001b000 08:01 24382525                   /home/fan/.sbt/boot/scala-2.10.4/org.scala-sbt/sbt/0.13.7/process-0.13.7.jar
7f0f89c17000-7f0f89c19000 r--s 00007000 08:01 24382530                   /home/fan/.sbt/boot/scala-2.10.4/org.scala-sbt/sbt/0.13.7/paranamer-2.6.jar
7f0f89c19000-7f0f89c1a000 r--s 00005000 08:01 24382543                   /home/fan/.sbt/boot/scala-2.10.4/org.scala-sbt/sbt/0.13.7/sbt-0.13.7.jar
7f0f89c1a000-7f0f89c1d000 r--s 0001e000 08:01 24382507                   /home/fan/.sbt/boot/scala-2.10.4/org.scala-sbt/sbt/0.13.7/run-0.13.7.jar
7f0f89c1d000-7f0f89c1f000 r--s 00002000 08:01 24382531                   /home/fan/.sbt/boot/scala-2.10.4/org.scala-sbt/sbt/0.13.7/test-interface-1.0.jar
7f0f89c1f000-7f0f89c32000 r--s 000be000 08:01 24382517                   /home/fan/.sbt/boot/scala-2.10.4/org.scala-sbt/sbt/0.13.7/scalap-2.10.0.jar
7f0f89c32000-7f0f89c3c000 r--s 00092000 08:01 24382524                   /home/fan/.sbt/boot/scala-2.10.4/org.scala-sbt/sbt/0.13.7/main-settings-0.13.7.jar
7f0f89c3c000-7f0f89c41000 r--s 00023000 08:01 24382503                   /home/fan/.sbt/boot/scala-2.10.4/org.scala-sbt/sbt/0.13.7/persist-0.13.7.jar
7f0f89c41000-7f0f89c45000 r--s 00022000 08:01 24382533                   /home/fan/.sbt/boot/scala-2.10.4/org.scala-sbt/sbt/0.13.7/sbinary_2.10-0.4.2.jar
7f0f89c45000-7f0f89c47000 r--s 00001000 08:01 24382529                   /home/fan/.sbt/boot/scala-2.10.4/org.scala-sbt/sbt/0.13.7/compiler-ivy-integration-0.13.7.jar
7f0f89c47000-7f0f89c4a000 r--s 0000e000 08:01 24382502                   /home/fan/.sbt/boot/scala-2.10.4/org.scala-sbt/sbt/0.13.7/compiler-integration-0.13.7.jar
7f0f89c4a000-7f0f89c4d000 r--s 0001d000 08:01 24382513                   /home/fan/.sbt/boot/scala-2.10.4/org.scala-sbt/sbt/0.13.7/task-system-0.13.7.jar
7f0f89c4d000-7f0f89c54000 r--s 00049000 08:01 24382511                   /home/fan/.sbt/boot/scala-2.10.4/org.scala-sbt/sbt/0.13.7/api-0.13.7.jar
7f0f89c54000-7f0f89c67000 r--s 000fc000 08:01 24382518                   /home/fan/.sbt/boot/scala-2.10.4/org.scala-sbt/sbt/0.13.7/ivy-0.13.7.jar
7f0f89c67000-7f0f89c9d000 r--s 002d9000 08:01 24382540                   /home/fan/.sbt/boot/scala-2.10.4/org.scala-sbt/sbt/0.13.7/scala-reflect-2.10.4.jar
7f0f89c9d000-7f0f89ca5000 r--s 00060000 08:01 24382527                   /home/fan/.sbt/boot/scala-2.10.4/org.scala-sbt/sbt/0.13.7/collections-0.13.7.jar
7f0f89ca5000-7f0f89ca7000 r--s 00001000 08:01 24382541                   /home/fan/.sbt/boot/scala-2.10.4/org.scala-sbt/sbt/0.13.7/launcher-interface-0.13.7.jar
7f0f89ca7000-7f0f89cd1000 r--s 0022d000 08:01 24382512                   /home/fan/.sbt/boot/scala-2.10.4/org.scala-sbt/sbt/0.13.7/main-0.13.7.jar
7f0f89cd1000-7f0f89cda000 r--s 00061000 08:01 24382523                   /home/fan/.sbt/boot/scala-2.10.4/org.scala-sbt/sbt/0.13.7/incremental-compiler-0.13.7.jar
7f0f89cda000-7f0f89cdd000 r--s 00030000 08:01 24382539                   /home/fan/.sbt/boot/scala-2.10.4/org.scala-sbt/sbt/0.13.7/jline-2.11.jar
7f0f89cdd000-7f0f89ce2000 r--s 00036000 08:01 24382532                   /home/fan/.sbt/boot/scala-2.10.4/org.scala-sbt/sbt/0.13.7/command-0.13.7.jar
7f0f89ce2000-7f0f89ddf000 r--s 00cca000 08:01 24381627                   /home/fan/.sbt/boot/scala-2.10.4/lib/scala-compiler.jar
7f0f89ddf000-7f0f89df0000 r-xp 00000000 08:01 23069647                   /shared/jdk1.8.0_45/jre/lib/amd64/libnio.so
7f0f89df0000-7f0f89fef000 ---p 00011000 08:01 23069647                   /shared/jdk1.8.0_45/jre/lib/amd64/libnio.so
7f0f89fef000-7f0f89ff0000 rw-p 00010000 08:01 23069647                   /shared/jdk1.8.0_45/jre/lib/amd64/libnio.so
7f0f89ff0000-7f0f8a006000 r-xp 00000000 08:01 23069673                   /shared/jdk1.8.0_45/jre/lib/amd64/libnet.so
7f0f8a006000-7f0f8a206000 ---p 00016000 08:01 23069673                   /shared/jdk1.8.0_45/jre/lib/amd64/libnet.so
7f0f8a206000-7f0f8a207000 rw-p 00016000 08:01 23069673                   /shared/jdk1.8.0_45/jre/lib/amd64/libnet.so
7f0f8a207000-7f0f8a208000 ---p 00000000 00:00 0 
7f0f8a208000-7f0f8a308000 rw-p 00000000 00:00 0                          [stack:28490]
7f0f8a308000-7f0f8a30b000 ---p 00000000 00:00 0 
7f0f8a30b000-7f0f8a409000 rw-p 00000000 00:00 0                          [stack:28489]
7f0f8a409000-7f0f8a40c000 ---p 00000000 00:00 0 
7f0f8a40c000-7f0f8a50a000 rw-p 00000000 00:00 0                          [stack:28488]
7f0f8a50a000-7f0f8a50d000 ---p 00000000 00:00 0 
7f0f8a50d000-7f0f8a60b000 rw-p 00000000 00:00 0                          [stack:28487]
7f0f8a60b000-7f0f8a60e000 ---p 00000000 00:00 0 
7f0f8a60e000-7f0f8a70c000 rw-p 00000000 00:00 0                          [stack:28486]
7f0f8a70c000-7f0f8a70f000 ---p 00000000 00:00 0 
7f0f8a70f000-7f0f8a80d000 rw-p 00000000 00:00 0                          [stack:28485]
7f0f8a80d000-7f0f8a810000 ---p 00000000 00:00 0 
7f0f8a810000-7f0f8a90e000 rw-p 00000000 00:00 0                          [stack:28484]
7f0f8a90e000-7f0f8aff0000 r--p 00000000 08:01 25172526                   /usr/lib/locale/locale-archive
7f0f8aff0000-7f0f8aff3000 ---p 00000000 00:00 0 
7f0f8aff3000-7f0f8b0f1000 rw-p 00000000 00:00 0                          [stack:28483]
7f0f8b0f1000-7f0f8b0f4000 ---p 00000000 00:00 0 
7f0f8b0f4000-7f0f8b1f2000 rw-p 00000000 00:00 0                          [stack:28482]
7f0f8b1f2000-7f0f8b1f3000 ---p 00000000 00:00 0 
7f0f8b1f3000-7f0f8c000000 rw-p 00000000 00:00 0                          [stack:28481]
7f0f8c000000-7f0f8c021000 rw-p 00000000 00:00 0 
7f0f8c021000-7f0f90000000 ---p 00000000 00:00 0 
7f0f90000000-7f0f90021000 rw-p 00000000 00:00 0 
7f0f90021000-7f0f94000000 ---p 00000000 00:00 0 
7f0f94000000-7f0f94021000 rw-p 00000000 00:00 0 
7f0f94021000-7f0f98000000 ---p 00000000 00:00 0 
7f0f98000000-7f0f98021000 rw-p 00000000 00:00 0 
7f0f98021000-7f0f9c000000 ---p 00000000 00:00 0 
7f0f9c000000-7f0f9c021000 rw-p 00000000 00:00 0 
7f0f9c021000-7f0fa0000000 ---p 00000000 00:00 0 
7f0fa0000000-7f0fa0021000 rw-p 00000000 00:00 0 
7f0fa0021000-7f0fa4000000 ---p 00000000 00:00 0 
7f0fa4000000-7f0fa4001000 r--s 00005000 08:01 24382544                   /home/fan/.sbt/boot/scala-2.10.4/org.scala-sbt/sbt/0.13.7/test-agent-0.13.7.jar
7f0fa4001000-7f0fa4004000 r--s 0001a000 08:01 24382528                   /home/fan/.sbt/boot/scala-2.10.4/org.scala-sbt/sbt/0.13.7/cache-0.13.7.jar
7f0fa4004000-7f0fa400c000 r--s 00057000 08:01 24382519                   /home/fan/.sbt/boot/scala-2.10.4/org.scala-sbt/sbt/0.13.7/completion-0.13.7.jar
7f0fa400c000-7f0fa400f000 r--s 00012000 08:01 24382501                   /home/fan/.sbt/boot/scala-2.10.4/org.scala-sbt/sbt/0.13.7/classfile-0.13.7.jar
7f0fa400f000-7f0fa4025000 r--s 00100000 08:01 24382506                   /home/fan/.sbt/boot/scala-2.10.4/org.scala-sbt/sbt/0.13.7/ivy-2.3.0-sbt-fccfbd44c9f64523b61398a0155784dcbaeae28f.jar
7f0fa4025000-7f0fa4029000 r--s 00034000 08:01 24382500                   /home/fan/.sbt/boot/scala-2.10.4/org.scala-sbt/sbt/0.13.7/jsch-0.1.46.jar
7f0fa4029000-7f0fa402c000 r--s 00019000 08:01 24382545                   /home/fan/.sbt/boot/scala-2.10.4/org.scala-sbt/sbt/0.13.7/compile-0.13.7.jar
7f0fa402c000-7f0fa409e000 r--s 0065a000 08:01 24381628                   /home/fan/.sbt/boot/scala-2.10.4/lib/scala-library.jar
7f0fa409e000-7f0fa4eac000 rw-p 00000000 00:00 0 
7f0fa4eac000-7f0fa5085000 r--s 03d09000 08:01 23069626                   /shared/jdk1.8.0_45/jre/lib/rt.jar
7f0fa5085000-7f0fa7afb000 rw-p 00000000 00:00 0 
7f0fa7afb000-7f0fa7afc000 ---p 00000000 00:00 0 
7f0fa7afc000-7f0fa7bfc000 rw-p 00000000 00:00 0                          [stack:28480]
7f0fa7bfc000-7f0fa7bfd000 ---p 00000000 00:00 0 
7f0fa7bfd000-7f0fa7cfd000 rw-p 00000000 00:00 0                          [stack:28479]
7f0fa7cfd000-7f0fa7cfe000 ---p 00000000 00:00 0 
7f0fa7cfe000-7f0fa7dfe000 rw-p 00000000 00:00 0                          [stack:28478]
7f0fa7dfe000-7f0fa7dff000 ---p 00000000 00:00 0 
7f0fa7dff000-7f0fa7eff000 rw-p 00000000 00:00 0                          [stack:28477]
7f0fa7eff000-7f0fa7f00000 ---p 00000000 00:00 0 
7f0fa7f00000-7f0fa8000000 rw-p 00000000 00:00 0                          [stack:28476]
7f0fa8000000-7f0fa83e0000 rwxp 00000000 00:00 0 
7f0fa83e0000-7f0fb0000000 ---p 00000000 00:00 0 
7f0fb0000000-7f0fb0e17000 rw-p 00000000 00:00 0 
7f0fb0e17000-7f0fb4000000 ---p 00000000 00:00 0 
7f0fb4000000-7f0fb4002000 r--s 00002000 08:01 24382521                   /home/fan/.sbt/boot/scala-2.10.4/org.scala-sbt/sbt/0.13.7/control-0.13.7.jar
7f0fb4002000-7f0fb4038000 r--s 002d9000 08:01 24381626                   /home/fan/.sbt/boot/scala-2.10.4/lib/scala-reflect.jar
7f0fb4038000-7f0fb4039000 ---p 00000000 00:00 0 
7f0fb4039000-7f0fb4139000 rw-p 00000000 00:00 0                          [stack:28475]
7f0fb4139000-7f0fb413a000 ---p 00000000 00:00 0 
7f0fb413a000-7f0fb423a000 rw-p 00000000 00:00 0                          [stack:28474]
7f0fb423a000-7f0fb423b000 ---p 00000000 00:00 0 
7f0fb423b000-7f0fb46a2000 rw-p 00000000 00:00 0                          [stack:28473]
7f0fb46a2000-7f0fb4892000 ---p 00000000 00:00 0 
7f0fb4892000-7f0fb48ac000 r-xp 00000000 08:01 23069652                   /shared/jdk1.8.0_45/jre/lib/amd64/libzip.so
7f0fb48ac000-7f0fb4aac000 ---p 0001a000 08:01 23069652                   /shared/jdk1.8.0_45/jre/lib/amd64/libzip.so
7f0fb4aac000-7f0fb4aad000 rw-p 0001a000 08:01 23069652                   /shared/jdk1.8.0_45/jre/lib/amd64/libzip.so
7f0fb4aad000-7f0fb4ab8000 r-xp 00000000 08:01 4460533                    /lib/x86_64-linux-gnu/libnss_files-2.19.so
7f0fb4ab8000-7f0fb4cb7000 ---p 0000b000 08:01 4460533                    /lib/x86_64-linux-gnu/libnss_files-2.19.so
7f0fb4cb7000-7f0fb4cb8000 r--p 0000a000 08:01 4460533                    /lib/x86_64-linux-gnu/libnss_files-2.19.so
7f0fb4cb8000-7f0fb4cb9000 rw-p 0000b000 08:01 4460533                    /lib/x86_64-linux-gnu/libnss_files-2.19.so
7f0fb4cb9000-7f0fb4cc4000 r-xp 00000000 08:01 4460543                    /lib/x86_64-linux-gnu/libnss_nis-2.19.so
7f0fb4cc4000-7f0fb4ec3000 ---p 0000b000 08:01 4460543                    /lib/x86_64-linux-gnu/libnss_nis-2.19.so
7f0fb4ec3000-7f0fb4ec4000 r--p 0000a000 08:01 4460543                    /lib/x86_64-linux-gnu/libnss_nis-2.19.so
7f0fb4ec4000-7f0fb4ec5000 rw-p 0000b000 08:01 4460543                    /lib/x86_64-linux-gnu/libnss_nis-2.19.so
7f0fb4ec5000-7f0fb4edc000 r-xp 00000000 08:01 4460527                    /lib/x86_64-linux-gnu/libnsl-2.19.so
7f0fb4edc000-7f0fb50db000 ---p 00017000 08:01 4460527                    /lib/x86_64-linux-gnu/libnsl-2.19.so
7f0fb50db000-7f0fb50dc000 r--p 00016000 08:01 4460527                    /lib/x86_64-linux-gnu/libnsl-2.19.so
7f0fb50dc000-7f0fb50dd000 rw-p 00017000 08:01 4460527                    /lib/x86_64-linux-gnu/libnsl-2.19.so
7f0fb50dd000-7f0fb50df000 rw-p 00000000 00:00 0 
7f0fb50df000-7f0fb50e8000 r-xp 00000000 08:01 4460529                    /lib/x86_64-linux-gnu/libnss_compat-2.19.so
7f0fb50e8000-7f0fb52e7000 ---p 00009000 08:01 4460529                    /lib/x86_64-linux-gnu/libnss_compat-2.19.so
7f0fb52e7000-7f0fb52e8000 r--p 00008000 08:01 4460529                    /lib/x86_64-linux-gnu/libnss_compat-2.19.so
7f0fb52e8000-7f0fb52e9000 rw-p 00009000 08:01 4460529                    /lib/x86_64-linux-gnu/libnss_compat-2.19.so
7f0fb52e9000-7f0fb5313000 r-xp 00000000 08:01 23069645                   /shared/jdk1.8.0_45/jre/lib/amd64/libjava.so
7f0fb5313000-7f0fb5513000 ---p 0002a000 08:01 23069645                   /shared/jdk1.8.0_45/jre/lib/amd64/libjava.so
7f0fb5513000-7f0fb5515000 rw-p 0002a000 08:01 23069645                   /shared/jdk1.8.0_45/jre/lib/amd64/libjava.so
7f0fb5515000-7f0fb5522000 r-xp 00000000 08:01 23069687                   /shared/jdk1.8.0_45/jre/lib/amd64/libverify.so
7f0fb5522000-7f0fb5722000 ---p 0000d000 08:01 23069687                   /shared/jdk1.8.0_45/jre/lib/amd64/libverify.so
7f0fb5722000-7f0fb5724000 rw-p 0000d000 08:01 23069687                   /shared/jdk1.8.0_45/jre/lib/amd64/libverify.so
7f0fb5724000-7f0fb572b000 r-xp 00000000 08:01 4460586                    /lib/x86_64-linux-gnu/librt-2.19.so
7f0fb572b000-7f0fb592a000 ---p 00007000 08:01 4460586                    /lib/x86_64-linux-gnu/librt-2.19.so
7f0fb592a000-7f0fb592b000 r--p 00006000 08:01 4460586                    /lib/x86_64-linux-gnu/librt-2.19.so
7f0fb592b000-7f0fb592c000 rw-p 00007000 08:01 4460586                    /lib/x86_64-linux-gnu/librt-2.19.so
7f0fb592c000-7f0fb5a31000 r-xp 00000000 08:01 4460508                    /lib/x86_64-linux-gnu/libm-2.19.so
7f0fb5a31000-7f0fb5c30000 ---p 00105000 08:01 4460508                    /lib/x86_64-linux-gnu/libm-2.19.so
7f0fb5c30000-7f0fb5c31000 r--p 00104000 08:01 4460508                    /lib/x86_64-linux-gnu/libm-2.19.so
7f0fb5c31000-7f0fb5c32000 rw-p 00105000 08:01 4460508                    /lib/x86_64-linux-gnu/libm-2.19.so
7f0fb5c32000-7f0fb68e0000 r-xp 00000000 08:01 23069693                   /shared/jdk1.8.0_45/jre/lib/amd64/server/libjvm.so
7f0fb68e0000-7f0fb6adf000 ---p 00cae000 08:01 23069693                   /shared/jdk1.8.0_45/jre/lib/amd64/server/libjvm.so
7f0fb6adf000-7f0fb6bb6000 rw-p 00cad000 08:01 23069693                   /shared/jdk1.8.0_45/jre/lib/amd64/server/libjvm.so
7f0fb6bb6000-7f0fb6bfa000 rw-p 00000000 00:00 0 
7f0fb6bfa000-7f0fb6db5000 r-xp 00000000 08:01 4460458                    /lib/x86_64-linux-gnu/libc-2.19.so
7f0fb6db5000-7f0fb6fb5000 ---p 001bb000 08:01 4460458                    /lib/x86_64-linux-gnu/libc-2.19.so
7f0fb6fb5000-7f0fb6fb9000 r--p 001bb000 08:01 4460458                    /lib/x86_64-linux-gnu/libc-2.19.so
7f0fb6fb9000-7f0fb6fbb000 rw-p 001bf000 08:01 4460458                    /lib/x86_64-linux-gnu/libc-2.19.so
7f0fb6fbb000-7f0fb6fc0000 rw-p 00000000 00:00 0 
7f0fb6fc0000-7f0fb6fc3000 r-xp 00000000 08:01 4460475                    /lib/x86_64-linux-gnu/libdl-2.19.so
7f0fb6fc3000-7f0fb71c2000 ---p 00003000 08:01 4460475                    /lib/x86_64-linux-gnu/libdl-2.19.so
7f0fb71c2000-7f0fb71c3000 r--p 00002000 08:01 4460475                    /lib/x86_64-linux-gnu/libdl-2.19.so
7f0fb71c3000-7f0fb71c4000 rw-p 00003000 08:01 4460475                    /lib/x86_64-linux-gnu/libdl-2.19.so
7f0fb71c4000-7f0fb71d9000 r-xp 00000000 08:01 23069978                   /shared/jdk1.8.0_45/lib/amd64/jli/libjli.so
7f0fb71d9000-7f0fb73d9000 ---p 00015000 08:01 23069978                   /shared/jdk1.8.0_45/lib/amd64/jli/libjli.so
7f0fb73d9000-7f0fb73da000 rw-p 00015000 08:01 23069978                   /shared/jdk1.8.0_45/lib/amd64/jli/libjli.so
7f0fb73da000-7f0fb73f3000 r-xp 00000000 08:01 4460578                    /lib/x86_64-linux-gnu/libpthread-2.19.so
7f0fb73f3000-7f0fb75f2000 ---p 00019000 08:01 4460578                    /lib/x86_64-linux-gnu/libpthread-2.19.so
7f0fb75f2000-7f0fb75f3000 r--p 00018000 08:01 4460578                    /lib/x86_64-linux-gnu/libpthread-2.19.so
7f0fb75f3000-7f0fb75f4000 rw-p 00019000 08:01 4460578                    /lib/x86_64-linux-gnu/libpthread-2.19.so
7f0fb75f4000-7f0fb75f8000 rw-p 00000000 00:00 0 
7f0fb75f8000-7f0fb761b000 r-xp 00000000 08:01 4460434                    /lib/x86_64-linux-gnu/ld-2.19.so
7f0fb761b000-7f0fb761c000 r--s 00001000 08:01 24382515                   /home/fan/.sbt/boot/scala-2.10.4/org.scala-sbt/sbt/0.13.7/cross-0.13.7.jar
7f0fb761c000-7f0fb7624000 r--s 00069000 08:01 24382535                   /home/fan/.sbt/boot/scala-2.10.4/org.scala-sbt/sbt/0.13.7/actions-0.13.7.jar
7f0fb7624000-7f0fb7626000 r--s 00017000 08:01 24382510                   /home/fan/.sbt/boot/scala-2.10.4/org.scala-sbt/sbt/0.13.7/testing-0.13.7.jar
7f0fb7626000-7f0fb7641000 r--s 0010d000 08:01 23071236                   /shared/sbt/bin/sbt-launch.jar
7f0fb7641000-7f0fb76ff000 rw-p 00000000 00:00 0 
7f0fb76ff000-7f0fb7702000 ---p 00000000 00:00 0 
7f0fb7702000-7f0fb7804000 rw-p 00000000 00:00 0                          [stack:28472]
7f0fb7804000-7f0fb7805000 r--s 00001000 08:01 24382499                   /home/fan/.sbt/boot/scala-2.10.4/org.scala-sbt/sbt/0.13.7/json4s-support_2.10-0.6.0.jar
7f0fb7805000-7f0fb7807000 r--s 0000f000 08:01 24382526                   /home/fan/.sbt/boot/scala-2.10.4/org.scala-sbt/sbt/0.13.7/json4s-native_2.10-3.2.10.jar
7f0fb7807000-7f0fb780b000 r--s 00025000 08:01 24381624                   /home/fan/.sbt/boot/scala-2.10.4/lib/jline.jar
7f0fb780b000-7f0fb780e000 r--s 00018000 08:01 24381625                   /home/fan/.sbt/boot/scala-2.10.4/lib/jansi.jar
7f0fb780e000-7f0fb7816000 rw-s 00000000 08:01 29894675                   /tmp/hsperfdata_fan/28471
7f0fb7816000-7f0fb7817000 rw-p 00000000 00:00 0 
7f0fb7817000-7f0fb7818000 r--p 00000000 00:00 0 
7f0fb7818000-7f0fb781a000 rw-p 00000000 00:00 0 
7f0fb781a000-7f0fb781b000 r--p 00022000 08:01 4460434                    /lib/x86_64-linux-gnu/ld-2.19.so
7f0fb781b000-7f0fb781c000 rw-p 00023000 08:01 4460434                    /lib/x86_64-linux-gnu/ld-2.19.so
7f0fb781c000-7f0fb781d000 rw-p 00000000 00:00 0 
7fff4a6c7000-7fff4a6e8000 rw-p 00000000 00:00 0                          [stack]
7fff4a7fc000-7fff4a7fe000 r-xp 00000000 00:00 0                          [vdso]
7fff4a7fe000-7fff4a800000 r--p 00000000 00:00 0                          [vvar]
ffffffffff600000-ffffffffff601000 r-xp 00000000 00:00 0                  [vsyscall]

VM Arguments:
jvm_args: -Xms1024m -Xmx1024m -XX:ReservedCodeCacheSize=128m -XX:MaxMetaspaceSize=256m -Dhadoop.version=2.5.2 
java_command: /shared/sbt/bin/sbt-launch.jar clean assembly -Pyarn -Phadoop-2.4
java_class_path (initial): /shared/sbt/bin/sbt-launch.jar
Launcher Type: SUN_STANDARD

Environment Variables:
JAVA_HOME=/shared/java
PATH=/shared/scala/bin:/shared/java/bin:/shared/sbt/bin:/usr/local/sbin:/usr/local/bin:/usr/sbin:/usr/bin:/sbin:/bin:/usr/games:/usr/local/games
SHELL=/bin/bash
DISPLAY=:0

Signal Handlers:
SIGSEGV: [libjvm.so+0xaad1e0], sa_mask[0]=11111111011111111101111111111110, sa_flags=SA_RESTART|SA_SIGINFO
SIGBUS: [libjvm.so+0xaad1e0], sa_mask[0]=11111111011111111101111111111110, sa_flags=SA_RESTART|SA_SIGINFO
SIGFPE: [libjvm.so+0x90b450], sa_mask[0]=11111111011111111101111111111110, sa_flags=SA_RESTART|SA_SIGINFO
SIGPIPE: [libjvm.so+0x90b450], sa_mask[0]=11111111011111111101111111111110, sa_flags=SA_RESTART|SA_SIGINFO
SIGXFSZ: [libjvm.so+0x90b450], sa_mask[0]=11111111011111111101111111111110, sa_flags=SA_RESTART|SA_SIGINFO
SIGILL: [libjvm.so+0x90b450], sa_mask[0]=11111111011111111101111111111110, sa_flags=SA_RESTART|SA_SIGINFO
SIGUSR1: SIG_DFL, sa_mask[0]=00000000000000000000000000000000, sa_flags=none
SIGUSR2: [libjvm.so+0x90ca90], sa_mask[0]=00000000000000000000000000000000, sa_flags=SA_RESTART|SA_SIGINFO
SIGHUP: [libjvm.so+0x90dde0], sa_mask[0]=11111111011111111101111111111110, sa_flags=SA_RESTART|SA_SIGINFO
SIGINT: [libjvm.so+0x90dde0], sa_mask[0]=11111111011111111101111111111110, sa_flags=SA_RESTART|SA_SIGINFO
SIGTERM: [libjvm.so+0x90dde0], sa_mask[0]=11111111011111111101111111111110, sa_flags=SA_RESTART|SA_SIGINFO
SIGQUIT: [libjvm.so+0x90dde0], sa_mask[0]=11111111011111111101111111111110, sa_flags=SA_RESTART|SA_SIGINFO


---------------  S Y S T E M  ---------------

OS:DISTRIB_ID=Ubuntu
DISTRIB_RELEASE=14.04
DISTRIB_CODENAME=trusty
DISTRIB_DESCRIPTION="Ubuntu 14.04.2 LTS"

uname:Linux 3.16.0-30-generic #40~14.04.1-Ubuntu SMP Thu Jan 15 17:43:14 UTC 2015 x86_64
libc:glibc 2.19 NPTL 2.19 
rlimit: STACK 8192k, CORE 0k, NPROC 47905, NOFILE 4096, AS infinity
load average:0.09 0.77 1.26

/proc/meminfo:
MemTotal:       12285276 kB
MemFree:         3366728 kB
MemAvailable:    7480556 kB
Buffers:          303064 kB
Cached:          3641164 kB
SwapCached:         3652 kB
Active:          5633852 kB
Inactive:        2497304 kB
Active(anon):    3115376 kB
Inactive(anon):  1101180 kB
Active(file):    2518476 kB
Inactive(file):  1396124 kB
Unevictable:          32 kB
Mlocked:              32 kB
SwapTotal:      12561404 kB
SwapFree:       12416464 kB
Dirty:                88 kB
Writeback:             0 kB
AnonPages:       4191160 kB
Mapped:           203684 kB
Shmem:             29628 kB
Slab:             518736 kB
SReclaimable:     452632 kB
SUnreclaim:        66104 kB
KernelStack:       10736 kB
PageTables:        38436 kB
NFS_Unstable:          0 kB
Bounce:                0 kB
WritebackTmp:          0 kB
CommitLimit:    18704040 kB
Committed_AS:    7838828 kB
VmallocTotal:   34359738367 kB
VmallocUsed:      320664 kB
VmallocChunk:   34359285828 kB
HardwareCorrupted:     0 kB
AnonHugePages:   3235840 kB
HugePages_Total:       0
HugePages_Free:        0
HugePages_Rsvd:        0
HugePages_Surp:        0
Hugepagesize:       2048 kB
DirectMap4k:       99196 kB
DirectMap2M:    12464128 kB


CPU:total 8 (4 cores per cpu, 2 threads per core) family 6 model 42 stepping 7, cmov, cx8, fxsr, mmx, sse, sse2, sse3, ssse3, sse4.1, sse4.2, popcnt, avx, aes, clmul, ht, tsc, tscinvbit

/proc/cpuinfo:
processor	: 0
vendor_id	: GenuineIntel
cpu family	: 6
model		: 42
model name	: Intel(R) Core(TM) i7-2600K CPU @ 3.40GHz
stepping	: 7
microcode	: 0x12
cpu MHz		: 3502.664
cache size	: 8192 KB
physical id	: 0
siblings	: 8
core id		: 0
cpu cores	: 4
apicid		: 0
initial apicid	: 0
fpu		: yes
fpu_exception	: yes
cpuid level	: 13
wp		: yes
flags		: fpu vme de pse tsc msr pae mce cx8 apic sep mtrr pge mca cmov pat pse36 clflush dts acpi mmx fxsr sse sse2 ss ht tm pbe syscall nx rdtscp lm constant_tsc arch_perfmon pebs bts rep_good nopl xtopology nonstop_tsc aperfmperf eagerfpu pni pclmulqdq dtes64 monitor ds_cpl vmx est tm2 ssse3 cx16 xtpr pdcm pcid sse4_1 sse4_2 popcnt tsc_deadline_timer aes xsave avx lahf_lm ida arat epb xsaveopt pln pts dtherm tpr_shadow vnmi flexpriority ept vpid
bogomips	: 6784.27
clflush size	: 64
cache_alignment	: 64
address sizes	: 36 bits physical, 48 bits virtual
power management:

processor	: 1
vendor_id	: GenuineIntel
cpu family	: 6
model		: 42
model name	: Intel(R) Core(TM) i7-2600K CPU @ 3.40GHz
stepping	: 7
microcode	: 0x12
cpu MHz		: 3513.820
cache size	: 8192 KB
physical id	: 0
siblings	: 8
core id		: 1
cpu cores	: 4
apicid		: 2
initial apicid	: 2
fpu		: yes
fpu_exception	: yes
cpuid level	: 13
wp		: yes
flags		: fpu vme de pse tsc msr pae mce cx8 apic sep mtrr pge mca cmov pat pse36 clflush dts acpi mmx fxsr sse sse2 ss ht tm pbe syscall nx rdtscp lm constant_tsc arch_perfmon pebs bts rep_good nopl xtopology nonstop_tsc aperfmperf eagerfpu pni pclmulqdq dtes64 monitor ds_cpl vmx est tm2 ssse3 cx16 xtpr pdcm pcid sse4_1 sse4_2 popcnt tsc_deadline_timer aes xsave avx lahf_lm ida arat epb xsaveopt pln pts dtherm tpr_shadow vnmi flexpriority ept vpid
bogomips	: 6784.27
clflush size	: 64
cache_alignment	: 64
address sizes	: 36 bits physical, 48 bits virtual
power management:

processor	: 2
vendor_id	: GenuineIntel
cpu family	: 6
model		: 42
model name	: Intel(R) Core(TM) i7-2600K CPU @ 3.40GHz
stepping	: 7
microcode	: 0x12
cpu MHz		: 3512.492
cache size	: 8192 KB
physical id	: 0
siblings	: 8
core id		: 2
cpu cores	: 4
apicid		: 4
initial apicid	: 4
fpu		: yes
fpu_exception	: yes
cpuid level	: 13
wp		: yes
flags		: fpu vme de pse tsc msr pae mce cx8 apic sep mtrr pge mca cmov pat pse36 clflush dts acpi mmx fxsr sse sse2 ss ht tm pbe syscall nx rdtscp lm constant_tsc arch_perfmon pebs bts rep_good nopl xtopology nonstop_tsc aperfmperf eagerfpu pni pclmulqdq dtes64 monitor ds_cpl vmx est tm2 ssse3 cx16 xtpr pdcm pcid sse4_1 sse4_2 popcnt tsc_deadline_timer aes xsave avx lahf_lm ida arat epb xsaveopt pln pts dtherm tpr_shadow vnmi flexpriority ept vpid
bogomips	: 6784.27
clflush size	: 64
cache_alignment	: 64
address sizes	: 36 bits physical, 48 bits virtual
power management:

processor	: 3
vendor_id	: GenuineIntel
cpu family	: 6
model		: 42
model name	: Intel(R) Core(TM) i7-2600K CPU @ 3.40GHz
stepping	: 7
microcode	: 0x12
cpu MHz		: 3500.804
cache size	: 8192 KB
physical id	: 0
siblings	: 8
core id		: 3
cpu cores	: 4
apicid		: 6
initial apicid	: 6
fpu		: yes
fpu_exception	: yes
cpuid level	: 13
wp		: yes
flags		: fpu vme de pse tsc msr pae mce cx8 apic sep mtrr pge mca cmov pat pse36 clflush dts acpi mmx fxsr sse sse2 ss ht tm pbe syscall nx rdtscp lm constant_tsc arch_perfmon pebs bts rep_good nopl xtopology nonstop_tsc aperfmperf eagerfpu pni pclmulqdq dtes64 monitor ds_cpl vmx est tm2 ssse3 cx16 xtpr pdcm pcid sse4_1 sse4_2 popcnt tsc_deadline_timer aes xsave avx lahf_lm ida arat epb xsaveopt pln pts dtherm tpr_shadow vnmi flexpriority ept vpid
bogomips	: 6784.27
clflush size	: 64
cache_alignment	: 64
address sizes	: 36 bits physical, 48 bits virtual
power management:

processor	: 4
vendor_id	: GenuineIntel
cpu family	: 6
model		: 42
model name	: Intel(R) Core(TM) i7-2600K CPU @ 3.40GHz
stepping	: 7
microcode	: 0x12
cpu MHz		: 3512.093
cache size	: 8192 KB
physical id	: 0
siblings	: 8
core id		: 0
cpu cores	: 4
apicid		: 1
initial apicid	: 1
fpu		: yes
fpu_exception	: yes
cpuid level	: 13
wp		: yes
flags		: fpu vme de pse tsc msr pae mce cx8 apic sep mtrr pge mca cmov pat pse36 clflush dts acpi mmx fxsr sse sse2 ss ht tm pbe syscall nx rdtscp lm constant_tsc arch_perfmon pebs bts rep_good nopl xtopology nonstop_tsc aperfmperf eagerfpu pni pclmulqdq dtes64 monitor ds_cpl vmx est tm2 ssse3 cx16 xtpr pdcm pcid sse4_1 sse4_2 popcnt tsc_deadline_timer aes xsave avx lahf_lm ida arat epb xsaveopt pln pts dtherm tpr_shadow vnmi flexpriority ept vpid
bogomips	: 6784.27
clflush size	: 64
cache_alignment	: 64
address sizes	: 36 bits physical, 48 bits virtual
power management:

processor	: 5
vendor_id	: GenuineIntel
cpu family	: 6
model		: 42
model name	: Intel(R) Core(TM) i7-2600K CPU @ 3.40GHz
stepping	: 7
microcode	: 0x12
cpu MHz		: 3500.671
cache size	: 8192 KB
physical id	: 0
siblings	: 8
core id		: 1
cpu cores	: 4
apicid		: 3
initial apicid	: 3
fpu		: yes
fpu_exception	: yes
cpuid level	: 13
wp		: yes
flags		: fpu vme de pse tsc msr pae mce cx8 apic sep mtrr pge mca cmov pat pse36 clflush dts acpi mmx fxsr sse sse2 ss ht tm pbe syscall nx rdtscp lm constant_tsc arch_perfmon pebs bts rep_good nopl xtopology nonstop_tsc aperfmperf eagerfpu pni pclmulqdq dtes64 monitor ds_cpl vmx est tm2 ssse3 cx16 xtpr pdcm pcid sse4_1 sse4_2 popcnt tsc_deadline_timer aes xsave avx lahf_lm ida arat epb xsaveopt pln pts dtherm tpr_shadow vnmi flexpriority ept vpid
bogomips	: 6784.27
clflush size	: 64
cache_alignment	: 64
address sizes	: 36 bits physical, 48 bits virtual
power management:

processor	: 6
vendor_id	: GenuineIntel
cpu family	: 6
model		: 42
model name	: Intel(R) Core(TM) i7-2600K CPU @ 3.40GHz
stepping	: 7
microcode	: 0x12
cpu MHz		: 3500.804
cache size	: 8192 KB
physical id	: 0
siblings	: 8
core id		: 2
cpu cores	: 4
apicid		: 5
initial apicid	: 5
fpu		: yes
fpu_exception	: yes
cpuid level	: 13
wp		: yes
flags		: fpu vme de pse tsc msr pae mce cx8 apic sep mtrr pge mca cmov pat pse36 clflush dts acpi mmx fxsr sse sse2 ss ht tm pbe syscall nx rdtscp lm constant_tsc arch_perfmon pebs bts rep_good nopl xtopology nonstop_tsc aperfmperf eagerfpu pni pclmulqdq dtes64 monitor ds_cpl vmx est tm2 ssse3 cx16 xtpr pdcm pcid sse4_1 sse4_2 popcnt tsc_deadline_timer aes xsave avx lahf_lm ida arat epb xsaveopt pln pts dtherm tpr_shadow vnmi flexpriority ept vpid
bogomips	: 6784.27
clflush size	: 64
cache_alignment	: 64
address sizes	: 36 bits physical, 48 bits virtual
power management:

processor	: 7
vendor_id	: GenuineIntel
cpu family	: 6
model		: 42
model name	: Intel(R) Core(TM) i7-2600K CPU @ 3.40GHz
stepping	: 7
microcode	: 0x12
cpu MHz		: 3502.531
cache size	: 8192 KB
physical id	: 0
siblings	: 8
core id		: 3
cpu cores	: 4
apicid		: 7
initial apicid	: 7
fpu		: yes
fpu_exception	: yes
cpuid level	: 13
wp		: yes
flags		: fpu vme de pse tsc msr pae mce cx8 apic sep mtrr pge mca cmov pat pse36 clflush dts acpi mmx fxsr sse sse2 ss ht tm pbe syscall nx rdtscp lm constant_tsc arch_perfmon pebs bts rep_good nopl xtopology nonstop_tsc aperfmperf eagerfpu pni pclmulqdq dtes64 monitor ds_cpl vmx est tm2 ssse3 cx16 xtpr pdcm pcid sse4_1 sse4_2 popcnt tsc_deadline_timer aes xsave avx lahf_lm ida arat epb xsaveopt pln pts dtherm tpr_shadow vnmi flexpriority ept vpid
bogomips	: 6784.27
clflush size	: 64
cache_alignment	: 64
address sizes	: 36 bits physical, 48 bits virtual
power management:



Memory: 4k page, physical 12285276k(3366728k free), swap 12561404k(12416464k free)

vm_info: Java HotSpot(TM) 64-Bit Server VM (25.45-b02) for linux-amd64 JRE (1.8.0_45-b14), built on Apr 10 2015 10:07:45 by "java_re" with gcc 4.3.0 20080428 (Red Hat 4.3.0-8)

time: Mon Jul 27 23:18:33 2015
elapsed time: 0 seconds (0d 0h 0m 0s)

