#
# A fatal error has been detected by the Java Runtime Environment:
#
#  SIGSEGV (0xb) at pc=0x0000000102d794f0, pid=81441, tid=0x0000000000002d03
#
# JRE version: Java(TM) SE Runtime Environment (8.0_271-b09) (build 1.8.0_271-b09)
# Java VM: Java HotSpot(TM) 64-Bit Server VM (25.271-b09 mixed mode bsd-amd64 compressed oops)
# Problematic frame:
# V  [libjvm.dylib+0x4cf4f0]
#
# Failed to write core dump. Core dumps have been disabled. To enable core dumping, try "ulimit -c unlimited" before starting Java again
#
# If you would like to submit a bug report, please visit:
#   http://bugreport.java.com/bugreport/crash.jsp
#

---------------  T H R E A D  ---------------

Current thread (0x00007f80da010800):  GCTaskThread [stack: 0x000070000609d000,0x000070000619d000] [id=11523]

siginfo: si_signo: 11 (SIGSEGV), si_code: 1 (SEGV_MAPERR), si_addr: 0x0000000000000118

Registers:
RAX=0x0000000000000000, RBX=0x00000007752d7e88, RCX=0x00000007752d7e03, RDX=0x00000007752d7e88
RSP=0x000070000619cc70, RBP=0x000070000619cca0, RSI=0x00007f80da03c080, RDI=0x00000007c0001690
R8 =0x0000000000000001, R9 =0x00007f80da03c080, R10=0x0000000102fc97fb, R11=0x0000000102fc97fb
R12=0x00007f80da03c1f0, R13=0x0000000102fc97f9, R14=0x0000000000000005, R15=0x00007f80da03c080
RIP=0x0000000102d794f0, EFLAGS=0x0000000000010213, ERR=0x0000000000000004
  TRAPNO=0x000000000000000e

Top of Stack: (sp=0x000070000619cc70)
0x000070000619cc70:   0000000000000000 0000000000000005
0x000070000619cc80:   0000000102f9b801 00000000042ab2cf
0x000070000619cc90:   0000000000000000 0000000000000000
0x000070000619cca0:   000070000619cd20 0000000102d7c30e
0x000070000619ccb0:   000000079ef1d910 0000000000001000
0x000070000619ccc0:   0000000756531bd0 0000000000000400
0x000070000619ccd0:   00000007752b9592 000000000000000d
0x000070000619cce0:   00000007752d7e88 00007f80da03c080
0x000070000619ccf0:   00000000042ab2cf 000000079ef1f01d
0x000070000619cd00:   0000000102fc97fb 00007f80da03c080
0x000070000619cd10:   000000079ef1f01c 0000000102fb3328
0x000070000619cd20:   000070000619cd50 0000000102d78fce
0x000070000619cd30:   000000079ef1f01d 0000000102fd2c00
0x000070000619cd40:   00007f80da03c0e0 00007f80da03c118
0x000070000619cd50:   000070000619cda0 0000000102d78e5d
0x000070000619cd60:   00000007c22696c8 000000079ef1f01d
0x000070000619cd70:   000000072b0eaff0 000000072b0eb000
0x000070000619cd80:   0000000118358758 0000000118358781
0x000070000619cd90:   000000072b0eb010 0000000000000240
0x000070000619cda0:   000070000619ce50 00000001029e8009
0x000070000619cdb0:   00007f80d9c0bf88 0000000118358780
0x000070000619cdc0:   0000000118358701 0000000000000400
0x000070000619cdd0:   00000001184b226a 000000072b0f0008
0x000070000619cde0:   000000075644d500 fffffffee7ca787f
0x000070000619cdf0:   00000001184b226b 0000000000000300
0x000070000619ce00:   00007f80da03c080 00007f80db909110
0x000070000619ce10:   000000072b0eaa60 0000000118358400
0x000070000619ce20:   00007f80db908e90 00007f80d9c0f1c0
0x000070000619ce30:   00007f80d9c0f1c0 0000000102eba52d
0x000070000619ce40:   00007f80da03c080 0000000000000001
0x000070000619ce50:   000070000619ce80 0000000102d7bf8f
0x000070000619ce60:   00007f8000000008 00007f80a63ffc00 

Instructions: (pc=0x0000000102d794f0)
0x0000000102d794d0:   48 08 48 d3 e7 48 03 38 eb 04 48 8b 7b 08 81 7f
0x0000000102d794e0:   08 ff ff ff bf 77 0f 48 8b 07 4c 89 fe 48 89 da
0x0000000102d794f0:   ff 90 18 01 00 00 48 89 df 4c 89 f6 e8 77 1e 00
0x0000000102d79500:   00 48 89 d8 48 83 c4 08 5b 41 5c 41 5d 41 5e 41 

Register to memory mapping:

RAX=0x0000000000000000 is an unknown value
RBX=0x00000007752d7e88 is an oop

[error occurred during error reporting (printing register info), id 0xb]

Stack: [0x000070000609d000,0x000070000619d000],  sp=0x000070000619cc70,  free space=1023k
Native frames: (J=compiled Java code, j=interpreted, Vv=VM code, C=native code)
V  [libjvm.dylib+0x4cf4f0]
V  [libjvm.dylib+0x4d230e]
V  [libjvm.dylib+0x4cefce]
V  [libjvm.dylib+0x4cee5d]
V  [libjvm.dylib+0x13e009]
V  [libjvm.dylib+0x4d1f8f]
V  [libjvm.dylib+0x262664]
V  [libjvm.dylib+0x48f359]
C  [libsystem_pthread.dylib+0x6950]  _pthread_start+0xe0
C  [libsystem_pthread.dylib+0x247b]  thread_start+0xf


---------------  P R O C E S S  ---------------

Java Threads: ( => current thread )
  0x00007f80d1a40800 JavaThread "scala-execution-context-global-1272" daemon [_thread_blocked, id=60575, stack(0x000070000e643000,0x000070000ea43000)]
  0x00007f80ab6fe000 JavaThread "scala-execution-context-global-1267" daemon [_thread_blocked, id=53023, stack(0x000070000b61f000,0x000070000ba1f000)]
  0x00007f80dcb78000 JavaThread "scala-execution-context-global-1268" daemon [_thread_blocked, id=118815, stack(0x000070000b21c000,0x000070000b61c000)]
  0x00007f80ad283800 JavaThread "scala-execution-context-global-1259" daemon [_thread_blocked, id=58647, stack(0x000070000f24c000,0x000070000f64c000)]
  0x00007f80a926f800 JavaThread "ForkJoinPool.commonPool-worker-3" daemon [_thread_blocked, id=102999, stack(0x00007000091d9000,0x00007000095d9000)]
  0x00007f80b30d2800 JavaThread "process reaper" daemon [_thread_blocked, id=64339, stack(0x0000700006c2f000,0x0000700006c57000)]
  0x00007f80a3c8a800 JavaThread "process reaper" daemon [_thread_blocked, id=92227, stack(0x0000700006c85000,0x0000700006cad000)]
  0x00007f80d1dee000 JavaThread "scala-execution-context-global-997" daemon [_thread_blocked, id=71699, stack(0x000070002e3c0000,0x000070002e7c0000)]
  0x00007f80a01d6000 JavaThread "pool-296-thread-78" [_thread_blocked, id=79375, stack(0x0000700020f21000,0x0000700021321000)]
  0x00007f80e8f71800 JavaThread "pool-296-thread-71" [_thread_blocked, id=48463, stack(0x000070001f30c000,0x000070001f70c000)]
  0x00007f80d668b000 JavaThread "pool-296-thread-57" [_thread_blocked, id=58143, stack(0x000070001bae2000,0x000070001bee2000)]
  0x00007f80e067c000 JavaThread "pool-296-thread-46" [_thread_blocked, id=114707, stack(0x00007000186bb000,0x0000700018abb000)]
  0x00007f80a54c6800 JavaThread "pool-296-thread-38" [_thread_blocked, id=48667, stack(0x00007000162a0000,0x00007000166a0000)]
  0x00007f809f7fe000 JavaThread "pool-296-thread-27" [_thread_blocked, id=56079, stack(0x000070001367f000,0x0000700013a7f000)]
  0x00007f80a1a25800 JavaThread "pool-296-thread-23" [_thread_blocked, id=129295, stack(0x0000700012673000,0x0000700012a73000)]
  0x00007f80d6b37800 JavaThread "pool-296-thread-14" [_thread_blocked, id=31511, stack(0x0000700010258000,0x0000700010658000)]
  0x00007f80e4c31000 JavaThread "sbt-progress-report-scheduler" [_thread_blocked, id=47387, stack(0x000070000a210000,0x000070000a610000)]
  0x00007f80b40e7800 JavaThread "sbt-task-progress-report-thread" [_thread_blocked, id=24395, stack(0x0000700007dca000,0x00007000081ca000)]
  0x00007f80dc435800 JavaThread "Timer-13" daemon [_thread_blocked, id=114579, stack(0x000070000ba22000,0x000070000be22000)]
  0x00007f80e103b800 JavaThread "com.swoval.files.apple.FileEventsMonitor.callback-1" [_thread_blocked, id=117767, stack(0x0000700028f81000,0x0000700029381000)]
  0x00007f80da602800 JavaThread "com.swoval.files.apple.FileEventsMonitor.callback-1" [_thread_blocked, id=27915, stack(0x000070000c228000,0x000070000c628000)]
  0x00007f80e3295800 JavaThread "sbt-socket-server" [_thread_in_native, id=13587, stack(0x000070000be25000,0x000070000c225000)]
  0x00007f80e35cf000 JavaThread "com.swoval.files.apple.FileEventsMonitor.runloop" [_thread_in_native, id=34307, stack(0x000070000e240000,0x000070000e640000)]
  0x00007f80e329a800 JavaThread "FileTreeRepository-callback-executor-1" [_thread_blocked, id=34563, stack(0x000070000de3d000,0x000070000e23d000)]
  0x00007f80e39e9800 JavaThread "com.swoval.files.SymlinkWather.callback-executor-1" [_thread_blocked, id=35075, stack(0x000070000da3a000,0x000070000de3a000)]
  0x00007f80dc05c000 JavaThread "com.swoval.files.apple.FileEventsMonitor.runloop" [_thread_in_native, id=29191, stack(0x000070000d637000,0x000070000da37000)]
  0x00007f80e3b7c800 JavaThread "com.swoval.files.apple.FileEventsMonitor.runloop" [_thread_in_native, id=37903, stack(0x000070000d234000,0x000070000d634000)]
  0x00007f80e4a68800 JavaThread "FileTreeRepository-callback-executor-1" [_thread_blocked, id=37135, stack(0x000070000ce31000,0x000070000d231000)]
  0x00007f80e3c66000 JavaThread "com.swoval.files.SymlinkWather.callback-executor-1" [_thread_blocked, id=38671, stack(0x000070000ca2e000,0x000070000ce2e000)]
  0x00007f80e1641800 JavaThread "com.swoval.files.apple.FileEventsMonitor.runloop" [_thread_in_native, id=37647, stack(0x000070000c62b000,0x000070000ca2b000)]
  0x00007f80dc1d4800 JavaThread "sbt-command-exchange-fastTrack" daemon [_thread_blocked, id=40451, stack(0x0000700009e0d000,0x000070000a20d000)]
  0x00007f80dc555800 JavaThread "classloader-cache-cleanup-0" daemon [_thread_blocked, id=24579, stack(0x0000700009a0a000,0x0000700009e0a000)]
  0x00007f80db0ab800 JavaThread "sbt-console-input-reader" [_thread_blocked, id=41219, stack(0x0000700009607000,0x0000700009a07000)]
  0x00007f80e013c000 JavaThread "pool-1-thread-5" [_thread_blocked, id=23811, stack(0x0000700008dd6000,0x00007000091d6000)]
  0x00007f80db043800 JavaThread "pool-1-thread-4" [_thread_blocked, id=23555, stack(0x00007000089d3000,0x0000700008dd3000)]
  0x00007f80dc997000 JavaThread "pool-1-thread-3" [_thread_blocked, id=23043, stack(0x00007000085d0000,0x00007000089d0000)]
  0x00007f80dc996800 JavaThread "pool-1-thread-2" [_thread_blocked, id=22531, stack(0x00007000081cd000,0x00007000085cd000)]
  0x00007f80dc22e000 JavaThread "pool-1-thread-1" [_thread_blocked, id=43011, stack(0x00007000079c7000,0x0000700007dc7000)]
  0x00007f80da091800 JavaThread "Service Thread" daemon [_thread_blocked, id=16643, stack(0x00007000074c1000,0x00007000078c1000)]
  0x00007f80da80f000 JavaThread "C1 CompilerThread3" daemon [_thread_blocked, id=16899, stack(0x00007000073be000,0x00007000074be000)]
  0x00007f80da80e000 JavaThread "C2 CompilerThread2" daemon [_thread_in_native, id=15875, stack(0x00007000072bb000,0x00007000073bb000)]
  0x00007f80dc830000 JavaThread "C2 CompilerThread1" daemon [_thread_blocked, id=17155, stack(0x00007000071b8000,0x00007000072b8000)]
  0x00007f80da070000 JavaThread "C2 CompilerThread0" daemon [_thread_in_native, id=17411, stack(0x00007000070b5000,0x00007000071b5000)]
  0x00007f80da06f800 JavaThread "Signal Dispatcher" daemon [_thread_blocked, id=14851, stack(0x0000700006cb2000,0x00007000070b2000)]
  0x00007f80da046000 JavaThread "Finalizer" daemon [_thread_blocked, id=19715, stack(0x00007000067a9000,0x0000700006ba9000)]
  0x00007f80da043000 JavaThread "Reference Handler" daemon [_thread_blocked, id=20227, stack(0x00007000063a6000,0x00007000067a6000)]
  0x00007f80dc809000 JavaThread "main" [_thread_blocked, id=4099, stack(0x0000700005688000,0x0000700005a88000)]

Other Threads:
  0x00007f80da03c800 VMThread [stack: 0x00007000062a3000,0x00007000063a3000] [id=12035]
  0x00007f80dc85d800 WatcherThread [stack: 0x00007000078c4000,0x00007000079c4000] [id=43267]

=>0x00007f80da010800 (exited) GCTaskThread [stack: 0x000070000609d000,0x000070000619d000] [id=11523]

VM state:at safepoint (normal execution)

VM Mutex/Monitor currently owned by a thread:  ([mutex/lock_event])
[0x00007f80d9c094e0] Threads_lock - owner thread: 0x00007f80da03c800
[0x00007f80d9c099e0] Heap_lock - owner thread: 0x00007f809f7fe000

heap address: 0x00000006c0000000, size: 4096 MB, Compressed Oops mode: Zero based, Oop shift amount: 3
Narrow klass base: 0x0000000000000000, Narrow klass shift: 3
Compressed class space size: 1073741824 Address: 0x00000007c0000000

Heap:
 PSYoungGen      total 1088512K, used 909203K [0x000000076ab00000, 0x00000007be200000, 0x00000007c0000000)
  eden space 855040K, 100% used [0x000000076ab00000,0x000000079ee00000,0x000000079ee00000)
  from space 233472K, 23% used [0x00000007afe00000,0x00000007b32e4f70,0x00000007be200000)
  to   space 256000K, 3% used [0x000000079ee00000,0x000000079f608940,0x00000007ae800000)
 ParOldGen       total 2796544K, used 2482201K [0x00000006c0000000, 0x000000076ab00000, 0x000000076ab00000)
  object space 2796544K, 88% used [0x00000006c0000000,0x00000007578085d8,0x000000076ab00000)
 Metaspace       used 785513K, capacity 845429K, committed 845696K, reserved 1771520K
  class space    used 118166K, capacity 122663K, committed 122752K, reserved 1048576K

Card table byte_map: [0x0000000118000000,0x0000000118801000] byte_map_base: 0x0000000114a00000

Marking Bits: (ParMarkBitMap*) 0x0000000102fd3768
 Begin Bits: [0x0000000118d57000, 0x000000011cd57000)
 End Bits:   [0x000000011cd57000, 0x0000000120d57000)

Polling page: 0x00000001036fc000

CodeCache: size=262144Kb used=166700Kb max_used=168524Kb free=95443Kb
 bounds [0x0000000108000000, 0x00000001125d0000, 0x0000000118000000]
 total_blobs=46851 nmethods=45905 adapters=852
 compilation: enabled

Compilation events (10 events):
Event: 1542.117 Thread 0x00007f80da80f000 nmethod 70167 0x000000010bb64f90 code [0x000000010bb65140, 0x000000010bb658b8]
Event: 1542.165 Thread 0x00007f80dc830000 nmethod 70159 0x00000001116be5d0 code [0x00000001116bec20, 0x00000001116c1ed0]
Event: 1542.165 Thread 0x00007f80dc830000 70166       4       xsbt.GlobalHelpers$MacroExpansionOf$$anonfun$unapply$1::applyOrElse (72 bytes)
Event: 1542.169 Thread 0x00007f80dc830000 nmethod 70166 0x0000000109b2efd0 code [0x0000000109b2f160, 0x0000000109b2f368]
Event: 1542.169 Thread 0x00007f80dc830000 70161       4       scala.reflect.internal.Types$Type::subst (26 bytes)
Event: 1542.182 Thread 0x00007f80dc830000 nmethod 70161 0x000000010d344790 code [0x000000010d344980, 0x000000010d344f78]
Event: 1542.182 Thread 0x00007f80dc830000 70160       4       scala.tools.nsc.settings.MutableSettings$OutputDirs::outputDirFor (37 bytes)
Event: 1542.184 Thread 0x00007f80dc830000 nmethod 70160 0x000000010c446410 code [0x000000010c446560, 0x000000010c446638]
Event: 1542.184 Thread 0x00007f80dc830000 70168       4       scala.tools.nsc.classpath.ZipAndJarClassPathFactory$ZipArchiveClassPath::createFileEntry (6 bytes)
Event: 1542.198 Thread 0x00007f80dc830000 nmethod 70168 0x000000010cc2f390 code [0x000000010cc2f520, 0x000000010cc2fb98]

GC Heap History (10 events):
Event: 1519.553 GC heap after
Heap after GC invocations=173 (full 11):
 PSYoungGen      total 916992K, used 133629K [0x000000076ab00000, 0x00000007c0000000, 0x00000007c0000000)
  eden space 783360K, 0% used [0x000000076ab00000,0x000000076ab00000,0x000000079a800000)
  from space 133632K, 99% used [0x00000007b7d80000,0x00000007bffff788,0x00000007c0000000)
  to   space 307200K, 0% used [0x000000079a800000,0x000000079a800000,0x00000007ad400000)
 ParOldGen       total 2796544K, used 2134919K [0x00000006c0000000, 0x000000076ab00000, 0x000000076ab00000)
  object space 2796544K, 76% used [0x00000006c0000000,0x00000007424e1e48,0x000000076ab00000)
 Metaspace       used 776910K, capacity 835989K, committed 836224K, reserved 1763328K
  class space    used 116876K, capacity 121352K, committed 121472K, reserved 1048576K
}
Event: 1523.453 GC heap before
{Heap before GC invocations=174 (full 11):
 PSYoungGen      total 916992K, used 916989K [0x000000076ab00000, 0x00000007c0000000, 0x00000007c0000000)
  eden space 783360K, 100% used [0x000000076ab00000,0x000000079a800000,0x000000079a800000)
  from space 133632K, 99% used [0x00000007b7d80000,0x00000007bffff788,0x00000007c0000000)
  to   space 307200K, 0% used [0x000000079a800000,0x000000079a800000,0x00000007ad400000)
 ParOldGen       total 2796544K, used 2134919K [0x00000006c0000000, 0x000000076ab00000, 0x000000076ab00000)
  object space 2796544K, 76% used [0x00000006c0000000,0x00000007424e1e48,0x000000076ab00000)
 Metaspace       used 777622K, capacity 836833K, committed 836992K, reserved 1765376K
  class space    used 116987K, capacity 121442K, committed 121472K, reserved 1048576K
Event: 1523.712 GC heap after
Heap after GC invocations=174 (full 11):
 PSYoungGen      total 1090560K, used 89589K [0x000000076ab00000, 0x00000007c0000000, 0x00000007c0000000)
  eden space 783360K, 0% used [0x000000076ab00000,0x000000076ab00000,0x000000079a800000)
  from space 307200K, 29% used [0x000000079a800000,0x000000079ff7d678,0x00000007ad400000)
  to   space 290304K, 0% used [0x00000007ae480000,0x00000007ae480000,0x00000007c0000000)
 ParOldGen       total 2796544K, used 2266268K [0x00000006c0000000, 0x000000076ab00000, 0x000000076ab00000)
  object space 2796544K, 81% used [0x00000006c0000000,0x000000074a5272f0,0x000000076ab00000)
 Metaspace       used 777622K, capacity 836833K, committed 836992K, reserved 1765376K
  class space    used 116987K, capacity 121442K, committed 121472K, reserved 1048576K
}
Event: 1528.464 GC heap before
{Heap before GC invocations=175 (full 11):
 PSYoungGen      total 1090560K, used 872949K [0x000000076ab00000, 0x00000007c0000000, 0x00000007c0000000)
  eden space 783360K, 100% used [0x000000076ab00000,0x000000079a800000,0x000000079a800000)
  from space 307200K, 29% used [0x000000079a800000,0x000000079ff7d678,0x00000007ad400000)
  to   space 290304K, 0% used [0x00000007ae480000,0x00000007ae480000,0x00000007c0000000)
 ParOldGen       total 2796544K, used 2266268K [0x00000006c0000000, 0x000000076ab00000, 0x000000076ab00000)
  object space 2796544K, 81% used [0x00000006c0000000,0x000000074a5272f0,0x000000076ab00000)
 Metaspace       used 778512K, capacity 837949K, committed 838144K, reserved 1765376K
  class space    used 117125K, capacity 121589K, committed 121600K, reserved 1048576K
Event: 1528.635 GC heap after
Heap after GC invocations=175 (full 11):
 PSYoungGen      total 1050112K, used 69356K [0x000000076ab00000, 0x00000007bd880000, 0x00000007c0000000)
  eden space 800256K, 0% used [0x000000076ab00000,0x000000076ab00000,0x000000079b880000)
  from space 249856K, 27% used [0x00000007ae480000,0x00000007b283b3d8,0x00000007bd880000)
  to   space 278528K, 0% used [0x000000079b880000,0x000000079b880000,0x00000007ac880000)
 ParOldGen       total 2796544K, used 2344984K [0x00000006c0000000, 0x000000076ab00000, 0x000000076ab00000)
  object space 2796544K, 83% used [0x00000006c0000000,0x000000074f206308,0x000000076ab00000)
 Metaspace       used 778512K, capacity 837949K, committed 838144K, reserved 1765376K
  class space    used 117125K, capacity 121589K, committed 121600K, reserved 1048576K
}
Event: 1534.343 GC heap before
{Heap before GC invocations=176 (full 11):
 PSYoungGen      total 1050112K, used 869612K [0x000000076ab00000, 0x00000007bd880000, 0x00000007c0000000)
  eden space 800256K, 100% used [0x000000076ab00000,0x000000079b880000,0x000000079b880000)
  from space 249856K, 27% used [0x00000007ae480000,0x00000007b283b3d8,0x00000007bd880000)
  to   space 278528K, 0% used [0x000000079b880000,0x000000079b880000,0x00000007ac880000)
 ParOldGen       total 2796544K, used 2344984K [0x00000006c0000000, 0x000000076ab00000, 0x000000076ab00000)
  object space 2796544K, 83% used [0x00000006c0000000,0x000000074f206308,0x000000076ab00000)
 Metaspace       used 785378K, capacity 845317K, committed 845440K, reserved 1771520K
  class space    used 118159K, capacity 122655K, committed 122752K, reserved 1048576K
Event: 1534.496 GC heap after
Heap after GC invocations=176 (full 11):
 PSYoungGen      total 1078784K, used 84536K [0x000000076ab00000, 0x00000007c0000000, 0x00000007c0000000)
  eden space 800256K, 0% used [0x000000076ab00000,0x000000076ab00000,0x000000079b880000)
  from space 278528K, 30% used [0x000000079b880000,0x00000007a0b0e168,0x00000007ac880000)
  to   space 264192K, 0% used [0x00000007afe00000,0x00000007afe00000,0x00000007c0000000)
 ParOldGen       total 2796544K, used 2398499K [0x00000006c0000000, 0x000000076ab00000, 0x000000076ab00000)
  object space 2796544K, 85% used [0x00000006c0000000,0x0000000752648e80,0x000000076ab00000)
 Metaspace       used 785378K, capacity 845317K, committed 845440K, reserved 1771520K
  class space    used 118159K, capacity 122655K, committed 122752K, reserved 1048576K
}
Event: 1539.469 GC heap before
{Heap before GC invocations=177 (full 11):
 PSYoungGen      total 1078784K, used 884792K [0x000000076ab00000, 0x00000007c0000000, 0x00000007c0000000)
  eden space 800256K, 100% used [0x000000076ab00000,0x000000079b880000,0x000000079b880000)
  from space 278528K, 30% used [0x000000079b880000,0x00000007a0b0e168,0x00000007ac880000)
  to   space 264192K, 0% used [0x00000007afe00000,0x00000007afe00000,0x00000007c0000000)
 ParOldGen       total 2796544K, used 2398499K [0x00000006c0000000, 0x000000076ab00000, 0x000000076ab00000)
  object space 2796544K, 85% used [0x00000006c0000000,0x0000000752648e80,0x000000076ab00000)
 Metaspace       used 785507K, capacity 845429K, committed 845696K, reserved 1771520K
  class space    used 118166K, capacity 122663K, committed 122752K, reserved 1048576K
Event: 1539.570 GC heap after
Heap after GC invocations=177 (full 11):
 PSYoungGen      total 1088512K, used 54163K [0x000000076ab00000, 0x00000007be200000, 0x00000007c0000000)
  eden space 855040K, 0% used [0x000000076ab00000,0x000000076ab00000,0x000000079ee00000)
  from space 233472K, 23% used [0x00000007afe00000,0x00000007b32e4f70,0x00000007be200000)
  to   space 256000K, 0% used [0x000000079ee00000,0x000000079ee00000,0x00000007ae800000)
 ParOldGen       total 2796544K, used 2462005K [0x00000006c0000000, 0x000000076ab00000, 0x000000076ab00000)
  object space 2796544K, 88% used [0x00000006c0000000,0x000000075644d500,0x000000076ab00000)
 Metaspace       used 785507K, capacity 845429K, committed 845696K, reserved 1771520K
  class space    used 118166K, capacity 122663K, committed 122752K, reserved 1048576K
}
Event: 1542.235 GC heap before
{Heap before GC invocations=178 (full 11):
 PSYoungGen      total 1088512K, used 909203K [0x000000076ab00000, 0x00000007be200000, 0x00000007c0000000)
  eden space 855040K, 100% used [0x000000076ab00000,0x000000079ee00000,0x000000079ee00000)
  from space 233472K, 23% used [0x00000007afe00000,0x00000007b32e4f70,0x00000007be200000)
  to   space 256000K, 0% used [0x000000079ee00000,0x000000079ee00000,0x00000007ae800000)
 ParOldGen       total 2796544K, used 2462005K [0x00000006c0000000, 0x000000076ab00000, 0x000000076ab00000)
  object space 2796544K, 88% used [0x00000006c0000000,0x000000075644d500,0x000000076ab00000)
 Metaspace       used 785513K, capacity 845429K, committed 845696K, reserved 1771520K
  class space    used 118166K, capacity 122663K, committed 122752K, reserved 1048576K

Deoptimization events (10 events):
Event: 1541.294 Thread 0x00007f80a54c6800 Uncommon trap: reason=unstable_if action=reinterpret pc=0x000000010faffc64 method=scala.reflect.internal.TreeInfo$DynamicApplicationExtractor.unapply(Lscala/reflect/internal/Trees$Tree;)Lscala/Option; @ 149
Event: 1541.419 Thread 0x00007f80a54c6800 Uncommon trap: reason=class_check action=maybe_recompile pc=0x0000000111504ea8 method=scala.tools.nsc.typechecker.Typers$Typer.typedTypeApply$1(Lscala/reflect/internal/Trees$TypeApply;I)Lscala/reflect/internal/Trees$Tree; @ 58
Event: 1541.419 Thread 0x00007f80a54c6800 Uncommon trap: reason=speculate_class_check action=maybe_recompile pc=0x0000000110ec0898 method=scala.tools.nsc.typechecker.Typers$Typer.typedTypeApply(Lscala/reflect/internal/Trees$Tree;ILscala/reflect/internal/Trees$Tree;Lscala/collection/immutable/List
Event: 1541.419 Thread 0x00007f80a54c6800 Uncommon trap: reason=speculate_class_check action=maybe_recompile pc=0x0000000110ec0898 method=scala.tools.nsc.typechecker.Typers$Typer.typedTypeApply(Lscala/reflect/internal/Trees$Tree;ILscala/reflect/internal/Trees$Tree;Lscala/collection/immutable/List
Event: 1541.419 Thread 0x00007f80a54c6800 Uncommon trap: reason=speculate_class_check action=maybe_recompile pc=0x0000000110ec0898 method=scala.tools.nsc.typechecker.Typers$Typer.typedTypeApply(Lscala/reflect/internal/Trees$Tree;ILscala/reflect/internal/Trees$Tree;Lscala/collection/immutable/List
Event: 1541.948 Thread 0x00007f809f7fe000 Uncommon trap: reason=unstable_if action=reinterpret pc=0x000000010fdb12b4 method=xsbt.api.HashAPI.hashDefinition(Lxsbti/api/Definition;)V @ 112
Event: 1542.014 Thread 0x00007f809f7fe000 Uncommon trap: reason=class_check action=maybe_recompile pc=0x0000000110c0ccbc method=xsbt.ZincCompiler.loop$1(ILscala/reflect/internal/Symbols$Symbol;Lscala/runtime/ObjectRef;C)V @ 143
Event: 1542.015 Thread 0x00007f809f7fe000 Uncommon trap: reason=class_check action=maybe_recompile pc=0x0000000110c0ccbc method=xsbt.ZincCompiler.loop$1(ILscala/reflect/internal/Symbols$Symbol;Lscala/runtime/ObjectRef;C)V @ 143
Event: 1542.016 Thread 0x00007f809f7fe000 Uncommon trap: reason=class_check action=maybe_recompile pc=0x0000000110c0ccfc method=xsbt.ZincCompiler.loop$1(ILscala/reflect/internal/Symbols$Symbol;Lscala/runtime/ObjectRef;C)V @ 143
Event: 1542.016 Thread 0x00007f809f7fe000 Uncommon trap: reason=class_check action=maybe_recompile pc=0x0000000110c0ccfc method=xsbt.ZincCompiler.loop$1(ILscala/reflect/internal/Symbols$Symbol;Lscala/runtime/ObjectRef;C)V @ 143

Classes redefined (0 events):
No events

Internal exceptions (10 events):
Event: 1542.104 Thread 0x00007f809f7fe000 Exception <a 'sun/nio/fs/UnixException'> (0x000000079ca86520) thrown at [/jenkins/workspace/8-2-build-macosx-x86_64/jdk8u271/605/hotspot/src/share/vm/prims/jni.cpp, line 710]
Event: 1542.109 Thread 0x00007f809f7fe000 Exception <a 'sun/nio/fs/UnixException'> (0x000000079cb9b818) thrown at [/jenkins/workspace/8-2-build-macosx-x86_64/jdk8u271/605/hotspot/src/share/vm/prims/jni.cpp, line 710]
Event: 1542.110 Thread 0x00007f809f7fe000 Exception <a 'sun/nio/fs/UnixException'> (0x000000079cbae650) thrown at [/jenkins/workspace/8-2-build-macosx-x86_64/jdk8u271/605/hotspot/src/share/vm/prims/jni.cpp, line 710]
Event: 1542.118 Thread 0x00007f809f7fe000 Exception <a 'sun/nio/fs/UnixException'> (0x000000079cd41b98) thrown at [/jenkins/workspace/8-2-build-macosx-x86_64/jdk8u271/605/hotspot/src/share/vm/prims/jni.cpp, line 710]
Event: 1542.118 Thread 0x00007f809f7fe000 Exception <a 'sun/nio/fs/UnixException'> (0x000000079cd46230) thrown at [/jenkins/workspace/8-2-build-macosx-x86_64/jdk8u271/605/hotspot/src/share/vm/prims/jni.cpp, line 710]
Event: 1542.119 Thread 0x00007f809f7fe000 Exception <a 'sun/nio/fs/UnixException'> (0x000000079cd600a8) thrown at [/jenkins/workspace/8-2-build-macosx-x86_64/jdk8u271/605/hotspot/src/share/vm/prims/jni.cpp, line 710]
Event: 1542.142 Thread 0x00007f809f7fe000 Exception <a 'sun/nio/fs/UnixException'> (0x000000079d164898) thrown at [/jenkins/workspace/8-2-build-macosx-x86_64/jdk8u271/605/hotspot/src/share/vm/prims/jni.cpp, line 710]
Event: 1542.148 Thread 0x00007f809f7fe000 Exception <a 'sun/nio/fs/UnixException'> (0x000000079d2cb9f8) thrown at [/jenkins/workspace/8-2-build-macosx-x86_64/jdk8u271/605/hotspot/src/share/vm/prims/jni.cpp, line 710]
Event: 1542.155 Thread 0x00007f809f7fe000 Exception <a 'sun/nio/fs/UnixException'> (0x000000079d9e5548) thrown at [/jenkins/workspace/8-2-build-macosx-x86_64/jdk8u271/605/hotspot/src/share/vm/prims/jni.cpp, line 710]
Event: 1542.200 Thread 0x00007f809f7fe000 Exception <a 'sun/nio/fs/UnixException'> (0x000000079e1390d0) thrown at [/jenkins/workspace/8-2-build-macosx-x86_64/jdk8u271/605/hotspot/src/share/vm/prims/jni.cpp, line 710]

Events (10 events):
Event: 1542.015 Thread 0x00007f809f7fe000 Uncommon trap: trap_request=0xffffffde fr.pc=0x0000000110c0ccbc
Event: 1542.015 Thread 0x00007f809f7fe000 DEOPT PACKING pc=0x0000000110c0ccbc sp=0x0000700013a7c340
Event: 1542.015 Thread 0x00007f809f7fe000 DEOPT UNPACKING pc=0x000000010804573a sp=0x0000700013a7c350 mode 2
Event: 1542.016 Thread 0x00007f809f7fe000 Uncommon trap: trap_request=0xffffffde fr.pc=0x0000000110c0ccfc
Event: 1542.016 Thread 0x00007f809f7fe000 DEOPT PACKING pc=0x0000000110c0ccfc sp=0x0000700013a7c340
Event: 1542.016 Thread 0x00007f809f7fe000 DEOPT UNPACKING pc=0x000000010804573a sp=0x0000700013a7c2a8 mode 2
Event: 1542.016 Thread 0x00007f809f7fe000 Uncommon trap: trap_request=0xffffffde fr.pc=0x0000000110c0ccfc
Event: 1542.016 Thread 0x00007f809f7fe000 DEOPT PACKING pc=0x0000000110c0ccfc sp=0x0000700013a7c340
Event: 1542.016 Thread 0x00007f809f7fe000 DEOPT UNPACKING pc=0x000000010804573a sp=0x0000700013a7c2a8 mode 2
Event: 1542.235 Executing VM operation: ParallelGCFailedAllocation


Dynamic libraries:
0x00007fff34fde000 	/System/Library/Frameworks/Cocoa.framework/Versions/A/Cocoa
0x00007fff2221b000 	/System/Library/Frameworks/Security.framework/Versions/A/Security
0x00007fff331dd000 	/System/Library/Frameworks/ApplicationServices.framework/Versions/A/ApplicationServices
0x00007fff2a4a0000 	/usr/lib/libz.1.dylib
0x00007fff2a568000 	/usr/lib/libSystem.B.dylib
0x00007fff203e3000 	/System/Library/Frameworks/CoreFoundation.framework/Versions/A/CoreFoundation
0x00007fff21190000 	/System/Library/Frameworks/Foundation.framework/Versions/C/Foundation
0x00007fff20203000 	/usr/lib/libobjc.A.dylib
0x00007fff22c41000 	/System/Library/Frameworks/AppKit.framework/Versions/C/AppKit
0x00007fff25ad7000 	/System/Library/Frameworks/CoreData.framework/Versions/A/CoreData
0x00007fff239a4000 	/System/Library/PrivateFrameworks/UIFoundation.framework/Versions/A/UIFoundation
0x00007fff2fbc1000 	/System/Library/PrivateFrameworks/RemoteViewServices.framework/Versions/A/RemoteViewServices
0x00007fff289ca000 	/System/Library/PrivateFrameworks/XCTTargetBootstrap.framework/Versions/A/XCTTargetBootstrap
0x00007fff2b6a7000 	/usr/lib/libspindump.dylib
0x00007fff23bf8000 	/System/Library/Frameworks/UniformTypeIdentifiers.framework/Versions/A/UniformTypeIdentifiers
0x00007fff271a1000 	/usr/lib/libapp_launch_measurement.dylib
0x00007fff271a4000 	/System/Library/PrivateFrameworks/CoreAutoLayout.framework/Versions/A/CoreAutoLayout
0x00007fff2832c000 	/System/Library/Frameworks/Metal.framework/Versions/A/Metal
0x00007fff2901b000 	/usr/lib/liblangid.dylib
0x00007fff289ce000 	/System/Library/PrivateFrameworks/CoreSVG.framework/Versions/A/CoreSVG
0x00007fff24bdf000 	/System/Library/PrivateFrameworks/SkyLight.framework/Versions/A/SkyLight
0x00007fff24f45000 	/System/Library/Frameworks/CoreGraphics.framework/Versions/A/CoreGraphics
0x00007fff30218000 	/System/Library/Frameworks/Accelerate.framework/Versions/A/Accelerate
0x00007fff2b0e2000 	/System/Library/PrivateFrameworks/IconServices.framework/Versions/A/IconServices
0x00007fff28311000 	/System/Library/Frameworks/IOSurface.framework/Versions/A/IOSurface
0x00007fff26460000 	/usr/lib/libDiagnosticMessagesClient.dylib
0x00007fff289b6000 	/System/Library/PrivateFrameworks/DFRFoundation.framework/Versions/A/DFRFoundation
0x00007fff2256d000 	/usr/lib/libicucore.A.dylib
0x00007fff2cbe9000 	/System/Library/Frameworks/AudioToolbox.framework/Versions/A/AudioToolbox
0x00007fff2be8f000 	/System/Library/PrivateFrameworks/DataDetectorsCore.framework/Versions/A/DataDetectorsCore
0x00007fff286b6000 	/System/Library/Frameworks/Carbon.framework/Versions/A/Frameworks/HIToolbox.framework/Versions/A/HIToolbox
0x00007fff26bf9000 	/System/Library/Frameworks/QuartzCore.framework/Versions/A/QuartzCore
0x00007fff2fbfd000 	/System/Library/Frameworks/Carbon.framework/Versions/A/Frameworks/SpeechRecognition.framework/Versions/A/SpeechRecognition
0x00007fff26f09000 	/System/Library/PrivateFrameworks/CoreUI.framework/Versions/A/CoreUI
0x00007fff21b77000 	/System/Library/Frameworks/CoreAudio.framework/Versions/A/CoreAudio
0x00007fff2654b000 	/System/Library/Frameworks/DiskArbitration.framework/Versions/A/DiskArbitration
0x00007fff2baa2000 	/System/Library/PrivateFrameworks/MultitouchSupport.framework/Versions/A/MultitouchSupport
0x00007fff2be86000 	/System/Library/PrivateFrameworks/InternationalSupport.framework/Versions/A/InternationalSupport
0x00007fff24b53000 	/usr/lib/libenergytrace.dylib
0x00007fff22b3b000 	/System/Library/Frameworks/IOKit.framework/Versions/A/IOKit
0x00007fff2ff4a000 	/System/Library/Frameworks/CoreServices.framework/Versions/A/CoreServices
0x00007fff27137000 	/System/Library/PrivateFrameworks/PerformanceAnalysis.framework/Versions/A/PerformanceAnalysis
0x00007fff6c847000 	/System/Library/Frameworks/OpenGL.framework/Versions/A/OpenGL
0x00007fff2bf0b000 	/System/Library/PrivateFrameworks/UserActivity.framework/Versions/A/UserActivity
0x00007fff255d9000 	/System/Library/Frameworks/ColorSync.framework/Versions/A/ColorSync
0x00007fff28c32000 	/System/Library/Frameworks/CoreImage.framework/Versions/A/CoreImage
0x00007fff2198e000 	/System/Library/Frameworks/CoreText.framework/Versions/A/CoreText
0x00007fff289f8000 	/System/Library/Frameworks/ImageIO.framework/Versions/A/ImageIO
0x00007fff2a56e000 	/System/Library/PrivateFrameworks/SoftLinking.framework/Versions/A/SoftLinking
0x00007fff271ed000 	/usr/lib/libxml2.2.dylib
0x00007fff202c8000 	/usr/lib/libc++.1.dylib
0x00007fff2a7e0000 	/usr/lib/libcompression.dylib
0x00007fff24b54000 	/usr/lib/libMobileGestalt.dylib
0x00007fff2bdb9000 	/System/Library/PrivateFrameworks/TextureIO.framework/Versions/A/TextureIO
0x00007fff2ae05000 	/usr/lib/libate.dylib
0x00007fff2a562000 	/usr/lib/system/libcache.dylib
0x00007fff2a51e000 	/usr/lib/system/libcommonCrypto.dylib
0x00007fff2a548000 	/usr/lib/system/libcompiler_rt.dylib
0x00007fff2a53d000 	/usr/lib/system/libcopyfile.dylib
0x00007fff200f2000 	/usr/lib/system/libcorecrypto.dylib
0x00007fff201be000 	/usr/lib/system/libdispatch.dylib
0x00007fff20372000 	/usr/lib/system/libdyld.dylib
0x00007fff2a559000 	/usr/lib/system/libkeymgr.dylib
0x00007fff2d99b000 	/usr/lib/system/liblaunch.dylib
0x00007fff2a4fc000 	/usr/lib/system/libmacho.dylib
0x00007fff29d17000 	/usr/lib/system/libquarantine.dylib
0x00007fff2a556000 	/usr/lib/system/libremovefile.dylib
0x00007fff24bb0000 	/usr/lib/system/libsystem_asl.dylib
0x00007fff200a2000 	/usr/lib/system/libsystem_blocks.dylib
0x00007fff2023f000 	/usr/lib/system/libsystem_c.dylib
0x00007fff2a550000 	/usr/lib/system/libsystem_collections.dylib
0x00007fff2900c000 	/usr/lib/system/libsystem_configuration.dylib
0x00007fff28300000 	/usr/lib/system/libsystem_containermanager.dylib
0x00007fff2a298000 	/usr/lib/system/libsystem_coreservices.dylib
0x00007fff227cf000 	/usr/lib/system/libsystem_darwin.dylib
0x00007fff2a55a000 	/usr/lib/system/libsystem_dnssd.dylib
0x00007fff2023c000 	/usr/lib/system/libsystem_featureflags.dylib
0x00007fff203b7000 	/usr/lib/system/libsystem_info.dylib
0x00007fff2a4b3000 	/usr/lib/system/libsystem_m.dylib
0x00007fff20191000 	/usr/lib/system/libsystem_malloc.dylib
0x00007fff24b44000 	/usr/lib/system/libsystem_networkextension.dylib
0x00007fff22be9000 	/usr/lib/system/libsystem_notify.dylib
0x00007fff2fe48000 	/usr/lib/system/libsystem_product_info_filter.dylib
0x00007fff29010000 	/usr/lib/system/libsystem_sandbox.dylib
0x00007fff2a553000 	/usr/lib/system/libsystem_secinit.dylib
0x00007fff20337000 	/usr/lib/system/libsystem_kernel.dylib
0x00007fff203ad000 	/usr/lib/system/libsystem_platform.dylib
0x00007fff20366000 	/usr/lib/system/libsystem_pthread.dylib
0x00007fff262ae000 	/usr/lib/system/libsystem_symptoms.dylib
0x00007fff200da000 	/usr/lib/system/libsystem_trace.dylib
0x00007fff2a52a000 	/usr/lib/system/libunwind.dylib
0x00007fff200a4000 	/usr/lib/system/libxpc.dylib
0x00007fff2031e000 	/usr/lib/libc++abi.dylib
0x00007fff2a535000 	/usr/lib/liboah.dylib
0x00007fff2abeb000 	/usr/lib/liblzma.5.dylib
0x00007fff20ea4000 	/System/Library/Frameworks/SystemConfiguration.framework/Versions/A/SystemConfiguration
0x00007fff2a56a000 	/usr/lib/libfakelink.dylib
0x00007fff246a6000 	/System/Library/Frameworks/CFNetwork.framework/Versions/A/CFNetwork
0x00007fff2a6aa000 	/usr/lib/libarchive.2.dylib
0x00007fff20f22000 	/usr/lib/libCRFSuite.dylib
0x00007fff29d3e000 	/usr/lib/libbsm.0.dylib
0x00007fff24062000 	/usr/lib/libnetwork.dylib
0x00007fff2a56f000 	/usr/lib/libpcap.A.dylib
0x00007fff262a7000 	/usr/lib/libdns_services.dylib
0x00007fff2ac04000 	/usr/lib/libcoretls_cfhelpers.dylib
0x00007fff2a7ae000 	/usr/lib/libapple_nghttp2.dylib
0x00007fff2a502000 	/usr/lib/system/libkxld.dylib
0x00007fff25f0d000 	/usr/lib/libsqlite3.dylib
0x00007fff2a27a000 	/System/Library/PrivateFrameworks/AppleFSCompression.framework/Versions/A/AppleFSCompression
0x00007fff29d26000 	/usr/lib/libcoretls.dylib
0x00007fff2a7db000 	/usr/lib/libpam.2.dylib
0x00007fff2ad00000 	/usr/lib/libxar.1.dylib
0x00007fff29017000 	/System/Library/PrivateFrameworks/AppleSystemInfo.framework/Versions/A/AppleSystemInfo
0x00007fff29969000 	/System/Library/PrivateFrameworks/IOMobileFramebuffer.framework/Versions/A/IOMobileFramebuffer
0x00007fff2a28a000 	/usr/lib/libbz2.1.0.dylib
0x00007fff2a5a7000 	/usr/lib/libiconv.2.dylib
0x00007fff2a4fb000 	/usr/lib/libcharset.1.dylib
0x00007fff27173000 	/System/Library/Frameworks/CoreServices.framework/Versions/A/Frameworks/FSEvents.framework/Versions/A/FSEvents
0x00007fff227d9000 	/System/Library/Frameworks/CoreServices.framework/Versions/A/Frameworks/CarbonCore.framework/Versions/A/CarbonCore
0x00007fff264b0000 	/System/Library/Frameworks/CoreServices.framework/Versions/A/Frameworks/Metadata.framework/Versions/A/Metadata
0x00007fff2a29d000 	/System/Library/Frameworks/CoreServices.framework/Versions/A/Frameworks/OSServices.framework/Versions/A/OSServices
0x00007fff2a71c000 	/System/Library/Frameworks/CoreServices.framework/Versions/A/Frameworks/SearchKit.framework/Versions/A/SearchKit
0x00007fff26231000 	/System/Library/Frameworks/CoreServices.framework/Versions/A/Frameworks/AE.framework/Versions/A/AE
0x00007fff2087f000 	/System/Library/Frameworks/CoreServices.framework/Versions/A/Frameworks/LaunchServices.framework/Versions/A/LaunchServices
0x00007fff2ab9c000 	/System/Library/Frameworks/CoreServices.framework/Versions/A/Frameworks/DictionaryServices.framework/Versions/A/DictionaryServices
0x00007fff2717c000 	/System/Library/Frameworks/CoreServices.framework/Versions/A/Frameworks/SharedFileList.framework/Versions/A/SharedFileList
0x00007fff29d1a000 	/usr/lib/libCheckFix.dylib
0x00007fff24bc7000 	/System/Library/PrivateFrameworks/TCC.framework/Versions/A/TCC
0x00007fff2901d000 	/System/Library/PrivateFrameworks/CoreNLP.framework/Versions/A/CoreNLP
0x00007fff26463000 	/System/Library/PrivateFrameworks/MetadataUtilities.framework/Versions/A/MetadataUtilities
0x00007fff20f58000 	/usr/lib/libmecabra.dylib
0x00007fff2a02d000 	/System/Library/Frameworks/MLCompute.framework/Versions/A/MLCompute
0x00007fff29d4f000 	/usr/lib/libmecab.dylib
0x00007fff29d99000 	/usr/lib/libgermantok.dylib
0x00007fff2a784000 	/usr/lib/libThaiTokenizer.dylib
0x00007fff2ad3b000 	/usr/lib/libChineseTokenizer.dylib
0x00007fff2a7d9000 	/System/Library/Frameworks/MetalPerformanceShaders.framework/Versions/A/MetalPerformanceShaders
0x00007fff26552000 	/System/Library/Frameworks/Accelerate.framework/Versions/A/Frameworks/vImage.framework/Versions/A/vImage
0x00007fff2ff23000 	/System/Library/Frameworks/Accelerate.framework/Versions/A/Frameworks/vecLib.framework/Versions/A/vecLib
0x00007fff2ad46000 	/System/Library/Frameworks/Accelerate.framework/Versions/A/Frameworks/vecLib.framework/Versions/A/libvMisc.dylib
0x00007fff29782000 	/System/Library/Frameworks/Accelerate.framework/Versions/A/Frameworks/vecLib.framework/Versions/A/libvDSP.dylib
0x00007fff20b83000 	/System/Library/Frameworks/Accelerate.framework/Versions/A/Frameworks/vecLib.framework/Versions/A/libBLAS.dylib
0x00007fff2a7ff000 	/System/Library/Frameworks/Accelerate.framework/Versions/A/Frameworks/vecLib.framework/Versions/A/libLAPACK.dylib
0x00007fff29d9f000 	/System/Library/Frameworks/Accelerate.framework/Versions/A/Frameworks/vecLib.framework/Versions/A/libLinearAlgebra.dylib
0x00007fff2a7c6000 	/System/Library/Frameworks/Accelerate.framework/Versions/A/Frameworks/vecLib.framework/Versions/A/libSparseBLAS.dylib
0x00007fff2a7f9000 	/System/Library/Frameworks/Accelerate.framework/Versions/A/Frameworks/vecLib.framework/Versions/A/libQuadrature.dylib
0x00007fff290c5000 	/System/Library/Frameworks/Accelerate.framework/Versions/A/Frameworks/vecLib.framework/Versions/A/libBNNS.dylib
0x00007fff20e35000 	/System/Library/Frameworks/Accelerate.framework/Versions/A/Frameworks/vecLib.framework/Versions/A/libSparse.dylib
0x00007fff28fb0000 	/System/Library/Frameworks/MetalPerformanceShaders.framework/Versions/A/Frameworks/MPSCore.framework/Versions/A/MPSCore
0x00007fff2a1e9000 	/System/Library/Frameworks/MetalPerformanceShaders.framework/Versions/A/Frameworks/MPSImage.framework/Versions/A/MPSImage
0x00007fff29db5000 	/System/Library/Frameworks/MetalPerformanceShaders.framework/Versions/A/Frameworks/MPSNeuralNetwork.framework/Versions/A/MPSNeuralNetwork
0x00007fff2a174000 	/System/Library/Frameworks/MetalPerformanceShaders.framework/Versions/A/Frameworks/MPSMatrix.framework/Versions/A/MPSMatrix
0x00007fff29fdd000 	/System/Library/Frameworks/MetalPerformanceShaders.framework/Versions/A/Frameworks/MPSRayIntersector.framework/Versions/A/MPSRayIntersector
0x00007fff2a1ab000 	/System/Library/Frameworks/MetalPerformanceShaders.framework/Versions/A/Frameworks/MPSNDArray.framework/Versions/A/MPSNDArray
0x00007fff20aaf000 	/System/Library/PrivateFrameworks/MetalTools.framework/Versions/A/MetalTools
0x00007fff29015000 	/System/Library/PrivateFrameworks/AggregateDictionary.framework/Versions/A/AggregateDictionary
0x00007fff2643b000 	/System/Library/PrivateFrameworks/CoreAnalytics.framework/Versions/A/CoreAnalytics
0x00007fff2a786000 	/System/Library/PrivateFrameworks/AppleSauce.framework/Versions/A/AppleSauce
0x00007fff28323000 	/System/Library/PrivateFrameworks/IOAccelerator.framework/Versions/A/IOAccelerator
0x00007fff6c83b000 	/System/Library/Frameworks/OpenGL.framework/Versions/A/Libraries/libCoreFSCache.dylib
0x00007fff214f4000 	/System/Library/PrivateFrameworks/LanguageModeling.framework/Versions/A/LanguageModeling
0x00007fff29956000 	/System/Library/PrivateFrameworks/CoreEmoji.framework/Versions/A/CoreEmoji
0x00007fff290be000 	/System/Library/PrivateFrameworks/LinguisticData.framework/Versions/A/LinguisticData
0x00007fff20de7000 	/System/Library/PrivateFrameworks/Lexicon.framework/Versions/A/Lexicon
0x00007fff2a698000 	/usr/lib/libcmph.dylib
0x00007fff27153000 	/System/Library/Frameworks/OpenDirectory.framework/Versions/A/Frameworks/CFOpenDirectory.framework/Versions/A/CFOpenDirectory
0x00007fff27143000 	/System/Library/Frameworks/OpenDirectory.framework/Versions/A/OpenDirectory
0x00007fff2ac06000 	/System/Library/PrivateFrameworks/APFS.framework/Versions/A/APFS
0x00007fff29c7b000 	/System/Library/Frameworks/SecurityFoundation.framework/Versions/A/SecurityFoundation
0x00007fff2ad0e000 	/usr/lib/libutil.dylib
0x00007fff22b00000 	/System/Library/PrivateFrameworks/CoreServicesStore.framework/Versions/A/CoreServicesStore
0x00007fff29d12000 	/System/Library/Frameworks/ServiceManagement.framework/Versions/A/ServiceManagement
0x00007fff2ad12000 	/usr/lib/libxslt.1.dylib
0x00007fff29d08000 	/System/Library/PrivateFrameworks/BackgroundTaskManagement.framework/Versions/A/BackgroundTaskManagement
0x00007fff2bd03000 	/System/Library/Frameworks/ImageIO.framework/Versions/A/Resources/libRadiance.dylib
0x00007fff2bd0d000 	/System/Library/Frameworks/ImageIO.framework/Versions/A/Resources/libJPEG.dylib
0x00007fff2bc5c000 	/System/Library/Frameworks/ImageIO.framework/Versions/A/Resources/libPng.dylib
0x00007fff2bc83000 	/System/Library/Frameworks/ImageIO.framework/Versions/A/Resources/libTIFF.dylib
0x00007fff2bd62000 	/System/Library/Frameworks/ImageIO.framework/Versions/A/Resources/libGIF.dylib
0x00007fff2b9bf000 	/System/Library/Frameworks/ImageIO.framework/Versions/A/Resources/libJP2.dylib
0x00007fff2b0a9000 	/usr/lib/libexpat.1.dylib
0x00007fff2b974000 	/System/Library/PrivateFrameworks/AppleJPEG.framework/Versions/A/AppleJPEG
0x00007fff28559000 	/System/Library/PrivateFrameworks/FontServices.framework/libFontParser.dylib
0x00007fff261e5000 	/System/Library/PrivateFrameworks/RunningBoardServices.framework/Versions/A/RunningBoardServices
0x00007fff2ba9e000 	/System/Library/PrivateFrameworks/WatchdogClient.framework/Versions/A/WatchdogClient
0x00007fff215e1000 	/System/Library/Frameworks/CoreDisplay.framework/Versions/A/CoreDisplay
0x00007fff2846f000 	/System/Library/Frameworks/CoreMedia.framework/Versions/A/CoreMedia
0x00007fff272d0000 	/System/Library/Frameworks/CoreVideo.framework/Versions/A/CoreVideo
0x00007fff2bad6000 	/System/Library/Frameworks/VideoToolbox.framework/Versions/A/VideoToolbox
0x00007fff26163000 	/System/Library/PrivateFrameworks/BaseBoard.framework/Versions/A/BaseBoard
0x00007fff2b1ee000 	/System/Library/PrivateFrameworks/PersistentConnection.framework/Versions/A/PersistentConnection
0x00007fff25ef6000 	/System/Library/PrivateFrameworks/ProtocolBuffer.framework/Versions/A/ProtocolBuffer
0x00007fff2614a000 	/System/Library/PrivateFrameworks/CommonUtilities.framework/Versions/A/CommonUtilities
0x00007fff2b909000 	/System/Library/PrivateFrameworks/Bom.framework/Versions/A/Bom
0x00007fff2bcfc000 	/System/Library/PrivateFrameworks/GPUWrangler.framework/Versions/A/GPUWrangler
0x00007fff2bce1000 	/System/Library/PrivateFrameworks/IOPresentment.framework/Versions/A/IOPresentment
0x00007fff2bd07000 	/System/Library/PrivateFrameworks/DSExternalDisplay.framework/Versions/A/DSExternalDisplay
0x00007fff2bd67000 	/System/Library/PrivateFrameworks/CMCaptureCore.framework/Versions/A/CMCaptureCore
0x00007fff2b68e000 	/System/Library/PrivateFrameworks/AppServerSupport.framework/Versions/A/AppServerSupport
0x00007fff2d73a000 	/System/Library/PrivateFrameworks/perfdata.framework/Versions/A/perfdata
0x00007fff29c6a000 	/System/Library/PrivateFrameworks/AssertionServices.framework/Versions/A/AssertionServices
0x00007fff21718000 	/System/Library/PrivateFrameworks/AudioToolboxCore.framework/Versions/A/AudioToolboxCore
0x00007fff28452000 	/System/Library/PrivateFrameworks/caulk.framework/Versions/A/caulk
0x00007fff3d3c7000 	/System/Library/PrivateFrameworks/SystemPolicy.framework/Versions/A/SystemPolicy
0x00007fff2ae9e000 	/usr/lib/libIOReport.dylib
0x00007fff2cf5c000 	/usr/lib/libSMC.dylib
0x00007fff2bc29000 	/usr/lib/libAudioToolboxUtility.dylib
0x00007fff3dd31000 	/usr/lib/libmis.dylib
0x00007fff6c897000 	/System/Library/Frameworks/OpenGL.framework/Versions/A/Libraries/libGLU.dylib
0x00007fff6c85a000 	/System/Library/Frameworks/OpenGL.framework/Versions/A/Libraries/libGFXShared.dylib
0x00007fff6ca69000 	/System/Library/Frameworks/OpenGL.framework/Versions/A/Libraries/libGL.dylib
0x00007fff6c863000 	/System/Library/Frameworks/OpenGL.framework/Versions/A/Libraries/libGLImage.dylib
0x00007fff6c857000 	/System/Library/Frameworks/OpenGL.framework/Versions/A/Libraries/libCVMSPluginSupport.dylib
0x00007fff6c842000 	/System/Library/Frameworks/OpenGL.framework/Versions/A/Libraries/libCoreVMClient.dylib
0x00007fff6deaa000 	/System/Library/Frameworks/OpenCL.framework/Versions/A/OpenCL
0x00007fff2b218000 	/System/Library/PrivateFrameworks/GraphVisualizer.framework/Versions/A/GraphVisualizer
0x00007fff2b227000 	/System/Library/PrivateFrameworks/FaceCore.framework/Versions/A/FaceCore
0x00007fff2b643000 	/System/Library/PrivateFrameworks/OTSVG.framework/Versions/A/OTSVG
0x00007fff26ec7000 	/System/Library/Frameworks/ApplicationServices.framework/Versions/A/Frameworks/ATS.framework/Versions/A/Resources/libFontRegistry.dylib
0x00007fff2b695000 	/System/Library/PrivateFrameworks/FontServices.framework/libhvf.dylib
0x00007fff2b055000 	/System/Library/PrivateFrameworks/AppleVA.framework/Versions/A/AppleVA
0x00007fff2cda5000 	/System/Library/Frameworks/ApplicationServices.framework/Versions/A/Frameworks/ATS.framework/Versions/A/ATS
0x00007fff2d0b7000 	/System/Library/Frameworks/ApplicationServices.framework/Versions/A/Frameworks/ColorSyncLegacy.framework/Versions/A/ColorSyncLegacy
0x00007fff256d0000 	/System/Library/Frameworks/ApplicationServices.framework/Versions/A/Frameworks/HIServices.framework/Versions/A/HIServices
0x00007fff2d09c000 	/System/Library/Frameworks/ApplicationServices.framework/Versions/A/Frameworks/LangAnalysis.framework/Versions/A/LangAnalysis
0x00007fff2bd71000 	/System/Library/Frameworks/ApplicationServices.framework/Versions/A/Frameworks/PrintCore.framework/Versions/A/PrintCore
0x00007fff2d0bf000 	/System/Library/Frameworks/ApplicationServices.framework/Versions/A/Frameworks/QD.framework/Versions/A/QD
0x00007fff2cd95000 	/System/Library/Frameworks/ApplicationServices.framework/Versions/A/Frameworks/SpeechSynthesis.framework/Versions/A/SpeechSynthesis
0x00007fff2bd32000 	/System/Library/Frameworks/ApplicationServices.framework/Versions/A/Frameworks/ATSUI.framework/Versions/A/ATSUI
0x00007fff2d03c000 	/usr/lib/libcups.2.dylib
0x00007fff2d0ac000 	/System/Library/PrivateFrameworks/NetAuth.framework/Versions/A/NetAuth
0x00007fff2d756000 	/System/Library/Frameworks/Kerberos.framework/Versions/A/Kerberos
0x00007fff2d766000 	/System/Library/Frameworks/GSS.framework/Versions/A/GSS
0x00007fff2ce11000 	/usr/lib/libresolv.9.dylib
0x00007fff2b6aa000 	/System/Library/PrivateFrameworks/Heimdal.framework/Versions/A/Heimdal
0x00007fff334dd000 	/System/Library/Frameworks/Kerberos.framework/Versions/A/Libraries/libHeimdalProxy.dylib
0x00007fff262b6000 	/System/Library/Frameworks/Network.framework/Versions/A/Network
0x00007fff2b0c3000 	/usr/lib/libheimdal-asn1.dylib
0x00007fff2d7b6000 	/System/Library/PrivateFrameworks/CommonAuth.framework/Versions/A/CommonAuth
0x00007fff2731d000 	/System/Library/PrivateFrameworks/login.framework/Versions/A/Frameworks/loginsupport.framework/Versions/A/loginsupport
0x00007fff2cd1a000 	/System/Library/PrivateFrameworks/AudioSession.framework/Versions/A/AudioSession
0x00007fff2cd82000 	/usr/lib/libAudioStatistics.dylib
0x00007fff2b150000 	/System/Library/PrivateFrameworks/MediaExperience.framework/Versions/A/MediaExperience
0x00007fff2cbb7000 	/System/Library/PrivateFrameworks/AudioSession.framework/libSessionUtility.dylib
0x00007fff2d747000 	/usr/lib/libperfcheck.dylib
0x00007fff2d0cb000 	/System/Library/PrivateFrameworks/AudioResourceArbitration.framework/Versions/A/AudioResourceArbitration
0x00007fff2b0cd000 	/System/Library/PrivateFrameworks/IconFoundation.framework/Versions/A/IconFoundation
0x00007fff2fbed000 	/System/Library/PrivateFrameworks/SpeechRecognitionCore.framework/Versions/A/SpeechRecognitionCore
0x00007fff5dc96000 	/System/Library/CoreServices/Encodings/libSimplifiedChineseConverter.dylib
0x00000001028aa000 	/Library/Java/JavaVirtualMachines/jdk1.8.0_271.jdk/Contents/Home/jre/lib/server/libjvm.dylib
0x00000001036b8000 	/Library/Java/JavaVirtualMachines/jdk1.8.0_271.jdk/Contents/Home/jre/lib/libverify.dylib
0x00000001036c9000 	/Library/Java/JavaVirtualMachines/jdk1.8.0_271.jdk/Contents/Home/jre/lib/libjava.dylib
0x0000000103746000 	/Library/Java/JavaVirtualMachines/jdk1.8.0_271.jdk/Contents/Home/jre/lib/libzip.dylib
0x0000000103be4000 	/Library/Java/JavaVirtualMachines/jdk1.8.0_271.jdk/Contents/Home/jre/lib/libnet.dylib
0x0000000103bfe000 	/Library/Java/JavaVirtualMachines/jdk1.8.0_271.jdk/Contents/Home/jre/lib/libnio.dylib
0x0000000124835000 	/Users/cathy/Library/Caches/JNA/temp/jna5852087900782508350.tmp
0x00007fff6f6e3000 	/System/Library/Frameworks/JavaVM.framework/Versions/A/JavaVM
0x0000000125456000 	/Library/Java/JavaVirtualMachines/jdk1.8.0_271.jdk/Contents/Home/jre/lib/libmanagement.dylib
0x0000000126147000 	/Library/Java/JavaVirtualMachines/jdk1.8.0_271.jdk/Contents/Home/jre/lib/libsunec.dylib
0x0000000126deb000 	/Users/cathy/.sbt/1.0/swoval-jni/61964914993080564-libswoval-files0.dylib
0x00007fff3d13f000 	/System/Library/Frameworks/Carbon.framework/Versions/A/Carbon
0x00007fff36445000 	/System/Library/Frameworks/Carbon.framework/Versions/A/Frameworks/CommonPanels.framework/Versions/A/CommonPanels
0x00007fff32f98000 	/System/Library/Frameworks/Carbon.framework/Versions/A/Frameworks/Help.framework/Versions/A/Help
0x00007fff36449000 	/System/Library/Frameworks/Carbon.framework/Versions/A/Frameworks/ImageCapture.framework/Versions/A/ImageCapture
0x00007fff36421000 	/System/Library/Frameworks/Carbon.framework/Versions/A/Frameworks/OpenScripting.framework/Versions/A/OpenScripting
0x00007fff36441000 	/System/Library/Frameworks/Carbon.framework/Versions/A/Frameworks/Ink.framework/Versions/A/Ink
0x00007fff3d13b000 	/System/Library/Frameworks/Carbon.framework/Versions/A/Frameworks/Print.framework/Versions/A/Print
0x00007fff3643d000 	/System/Library/Frameworks/Carbon.framework/Versions/A/Frameworks/SecurityHI.framework/Versions/A/SecurityHI

VM Arguments:
jvm_args: -Xms2048m -Xmx2048m -XX:ReservedCodeCacheSize=256m -Xmx4G -Xss4m 
java_command: build/sbt-launch-1.4.5.jar
java_class_path (initial): build/sbt-launch-1.4.5.jar
Launcher Type: SUN_STANDARD

Environment Variables:
JAVA_HOME=/Library/Java/JavaVirtualMachines/jdk1.8.0_271.jdk/Contents/Home
PATH=/usr/local/bin:/usr/bin:/bin:/usr/sbin:/sbin
SHELL=/bin/zsh

Signal Handlers:
SIGSEGV: [libjvm.dylib+0x5a0dcb], sa_mask[0]=11111111011111110111111111111111, sa_flags=SA_ONSTACK|SA_RESTART|SA_SIGINFO
SIGBUS: [libjvm.dylib+0x5a0dcb], sa_mask[0]=11111111011111110111111111111111, sa_flags=SA_RESTART|SA_SIGINFO
SIGFPE: [libjvm.dylib+0x491731], sa_mask[0]=11111111011111110111111111111111, sa_flags=SA_RESTART|SA_SIGINFO
SIGPIPE: [libjvm.dylib+0x491731], sa_mask[0]=11111111011111110111111111111111, sa_flags=SA_RESTART|SA_SIGINFO
SIGXFSZ: [libjvm.dylib+0x491731], sa_mask[0]=11111111011111110111111111111111, sa_flags=SA_RESTART|SA_SIGINFO
SIGILL: [libjvm.dylib+0x491731], sa_mask[0]=11111111011111110111111111111111, sa_flags=SA_RESTART|SA_SIGINFO
SIGUSR1: SIG_DFL, sa_mask[0]=00000000000000000000000000000000, sa_flags=SA_RESTART
SIGUSR2: [libjvm.dylib+0x49202a], sa_mask[0]=00000000000000000000000000000000, sa_flags=SA_RESTART|SA_SIGINFO
SIGHUP: [libjvm.dylib+0x490239], sa_mask[0]=11111111011111110111111111111111, sa_flags=SA_RESTART|SA_SIGINFO
SIGINT: [libjvm.dylib+0x490239], sa_mask[0]=11111111011111110111111111111111, sa_flags=SA_RESTART|SA_SIGINFO
SIGTERM: [libjvm.dylib+0x490239], sa_mask[0]=11111111011111110111111111111111, sa_flags=SA_RESTART|SA_SIGINFO
SIGQUIT: [libjvm.dylib+0x490239], sa_mask[0]=11111111011111110111111111111111, sa_flags=SA_RESTART|SA_SIGINFO


---------------  S Y S T E M  ---------------

OS:Bsduname:Darwin 20.2.0 Darwin Kernel Version 20.2.0: Wed Dec  2 20:39:59 PST 2020; root:xnu-7195.60.75~1/RELEASE_X86_64 x86_64
rlimit: STACK 8192k, CORE 0k, NPROC 2784, NOFILE 10240, AS infinity
load average:26.25 21.27 11.85

CPU:total 8 (initial active 8) (4 cores per cpu, 2 threads per core) family 6 model 70 stepping 1, cmov, cx8, fxsr, mmx, sse, sse2, sse3, ssse3, sse4.1, sse4.2, popcnt, avx, avx2, aes, clmul, erms, lzcnt, ht, tsc, tscinvbit, bmi1, bmi2

Memory: 4k page, physical 16777216k(15988k free)

/proc/meminfo:


vm_info: Java HotSpot(TM) 64-Bit Server VM (25.271-b09) for bsd-amd64 JRE (1.8.0_271-b09), built on Sep 16 2020 16:54:38 by "java_re" with gcc 4.2.1 Compatible Apple LLVM 10.0.0 (clang-1000.11.45.5)

time: Mon Dec 21 09:55:36 2020
timezone: CST
elapsed time: 1542.274396 seconds (0d 0h 25m 42s)

