#
# A fatal error has been detected by the Java Runtime Environment:
#
#  SIGSEGV (0xb) at pc=0x00007f1625a046ea, pid=28291, tid=139732226934528
#
# JRE version: Java(TM) SE Runtime Environment (8.0_45-b14) (build 1.8.0_45-b14)
# Java VM: Java HotSpot(TM) 64-Bit Server VM (25.45-b02 mixed mode linux-amd64 compressed oops)
# Problematic frame:
# V  [libjvm.so+0x9546ea]  NodeHash::hash_find_insert(Node*)+0xca
#
# Failed to write core dump. Core dumps have been disabled. To enable core dumping, try "ulimit -c unlimited" before starting Java again
#
# If you would like to submit a bug report, please visit:
#   http://bugreport.java.com/bugreport/crash.jsp
#

---------------  T H R E A D  ---------------

Current thread (0x00007f162020a800):  JavaThread "C2 CompilerThread1" daemon [_thread_in_native, id=28306, stack(0x00007f15f1b00000,0x00007f15f1c01000)]

siginfo: si_signo: 11 (SIGSEGV), si_code: 128 (SI_KERNEL), si_addr: 0x0000000000000000

Registers:
RAX=0x00447f1625fe2ad0, RBX=0x0000000000000002, RCX=0x00007f15d4399c00, RDX=0x00007f15d4399bc8
RSP=0x00007f15f1bfb8d0, RBP=0x00007f15f1bfb910, RSI=0x00007f15d4399bc8, RDI=0x00007f15d425f530
R8 =0x0000000000004375, R9 =0x00007f15cc544008, R10=0x00007f15d4399b80, R11=0x00007f1625ab4010
R12=0x00000000000009f9, R13=0x00007f15d425f530, R14=0x0000000000000000, R15=0x00007f15f1bfe950
RIP=0x00007f1625a046ea, EFLAGS=0x0000000000010246, CSGSFS=0x0000000000000033, ERR=0x0000000000000000
  TRAPNO=0x000000000000000d

Top of Stack: (sp=0x00007f15f1bfb8d0)
0x00007f15f1bfb8d0:   00007f15cc544008 00007f15d4399bc8
0x00007f15f1bfb8e0:   0000001d000009f9 00007f15d4399bc8
0x00007f15f1bfb8f0:   00007f15f1bfdfd0 00007f15e0009ee0
0x00007f15f1bfb900:   0000000000004375 00007f15f1bfbbd0
0x00007f15f1bfb910:   00007f15f1bfb940 00007f1625a0602a
0x00007f15f1bfb920:   00007f15d4399bc8 00007f15f1bfebd0
0x00007f15f1bfb930:   00007f1625a06040 00007f15f1bfbbd0
0x00007f15f1bfb940:   00007f15f1bfb9e0 00007f16259eee6e
0x00007f15f1bfb950:   00007f15d4399b80 00007f15f1bfdfd0
0x00007f15f1bfb960:   00007f15d4399b80 0000000025a04644
0x00007f15f1bfb970:   0000005ef1bfb9b0 00007f1620f96dc8
0x00007f15f1bfb980:   00007f1620f96af0 3f55af9ad4399b80
0x00007f15f1bfb990:   00007f15f1bfdfd0 00007f15e0009f40
0x00007f15f1bfb9a0:   0000000000004374 43f18000f1bfbbd0
0x00007f15f1bfb9b0:   00007f15f1bfb9e0 00007f15d4399b80
0x00007f15f1bfb9c0:   00007f15d4399750 00007f1625a06040
0x00007f15f1bfb9d0:   00007f15cc544008 00007f15f1bfbbd0
0x00007f15f1bfb9e0:   00007f15f1bfbae0 00007f16259f48ef
0x00007f15f1bfb9f0:   00007f15f1bfed60 0000000000000003
0x00007f15f1bfba00:   00007f15f1bfba30 00007f162598e162
0x00007f15f1bfba10:   00007f15f1bfebd0 0000000000000000
0x00007f15f1bfba20:   00000000d4390ed8 0000000400000000
0x00007f15f1bfba30:   0000000000000000 0000000000000050
0x00007f15f1bfba40:   00007f15f1bfba90 00007f1625a476ec
0x00007f15f1bfba50:   000000000000000f 00007f162598e11c
0x00007f15f1bfba60:   00007f15d4398c80 00007f15d4398c80
0x00007f15f1bfba70:   0000000000000051 0000000000000005
0x00007f15f1bfba80:   00007f15f1bfbaa0 0000000000000002
0x00007f15f1bfba90:   0000000000000002 00007f15d4398c80
0x00007f15f1bfbaa0:   00007f15f1bfbaf0 00007f1625a04644
0x00007f15f1bfbab0:   00007f15d4392800 00007f15f1bfbbd0
0x00007f15f1bfbac0:   0000000000000000 0000000000000025 

Instructions: (pc=0x00007f1625a046ea)
0x00007f1625a046ca:   0f 84 92 00 00 00 45 85 f6 75 cb 4d 39 6f 20 45
0x00007f1625a046da:   0f 44 f4 41 3b 5d 18 75 c3 49 8b 45 00 4c 89 ef
0x00007f1625a046ea:   ff 10 39 45 d4 75 b5 85 db 0f 1f 44 00 00 74 3c
0x00007f1625a046fa:   48 8b 55 c8 49 8b 7d 08 31 f6 31 c9 4c 8b 42 08 

Register to memory mapping:

RAX=0x00447f1625fe2ad0 is an unknown value
RBX=0x0000000000000002 is an unknown value
RCX=0x00007f15d4399c00 is an unknown value
RDX=0x00007f15d4399bc8 is an unknown value
RSP=0x00007f15f1bfb8d0 is pointing into the stack for thread: 0x00007f162020a800
RBP=0x00007f15f1bfb910 is pointing into the stack for thread: 0x00007f162020a800
RSI=0x00007f15d4399bc8 is an unknown value
RDI=0x00007f15d425f530 is an unknown value
R8 =0x0000000000004375 is an unknown value
R9 =0x00007f15cc544008 is an unknown value
R10=0x00007f15d4399b80 is an unknown value
R11=0x00007f1625ab4010: <offset 0xa04010> in /shared/jdk1.8.0_45/jre/lib/amd64/server/libjvm.so at 0x00007f16250b0000
R12=0x00000000000009f9 is an unknown value
R13=0x00007f15d425f530 is an unknown value
R14=0x0000000000000000 is an unknown value
R15=0x00007f15f1bfe950 is pointing into the stack for thread: 0x00007f162020a800


Stack: [0x00007f15f1b00000,0x00007f15f1c01000],  sp=0x00007f15f1bfb8d0,  free space=1006k
Native frames: (J=compiled Java code, j=interpreted, Vv=VM code, C=native code)
V  [libjvm.so+0x9546ea]  NodeHash::hash_find_insert(Node*)+0xca
V  [libjvm.so+0x95602a]  PhaseGVN::transform_no_reclaim(Node*)+0x10a
V  [libjvm.so+0x93ee6e]  Parse::do_ifnull(BoolTest::mask, Node*)+0x17e
V  [libjvm.so+0x9448ef]  Parse::do_one_bytecode()+0x363f
V  [libjvm.so+0x9367d8]  Parse::do_one_block()+0x178
V  [libjvm.so+0x936a57]  Parse::do_all_blocks()+0x127
V  [libjvm.so+0x93afe9]  Parse::Parse(JVMState*, ciMethod*, float)+0x7f9
V  [libjvm.so+0x3ed4e8]  ParseGenerator::generate(JVMState*)+0x88
V  [libjvm.so+0x3eda63]  PredictedCallGenerator::generate(JVMState*)+0x2b3
V  [libjvm.so+0x563a36]  Parse::do_call()+0x1e6
V  [libjvm.so+0x9445aa]  Parse::do_one_bytecode()+0x32fa
V  [libjvm.so+0x9367d8]  Parse::do_one_block()+0x178
V  [libjvm.so+0x936a57]  Parse::do_all_blocks()+0x127
V  [libjvm.so+0x93afe9]  Parse::Parse(JVMState*, ciMethod*, float)+0x7f9
V  [libjvm.so+0x3ed4e8]  ParseGenerator::generate(JVMState*)+0x88
V  [libjvm.so+0x563a36]  Parse::do_call()+0x1e6
V  [libjvm.so+0x9445aa]  Parse::do_one_bytecode()+0x32fa
V  [libjvm.so+0x9367d8]  Parse::do_one_block()+0x178
V  [libjvm.so+0x936a57]  Parse::do_all_blocks()+0x127
V  [libjvm.so+0x93afe9]  Parse::Parse(JVMState*, ciMethod*, float)+0x7f9
V  [libjvm.so+0x3ed4e8]  ParseGenerator::generate(JVMState*)+0x88
V  [libjvm.so+0x563a36]  Parse::do_call()+0x1e6
V  [libjvm.so+0x9445aa]  Parse::do_one_bytecode()+0x32fa
V  [libjvm.so+0x9367d8]  Parse::do_one_block()+0x178
V  [libjvm.so+0x936a57]  Parse::do_all_blocks()+0x127
V  [libjvm.so+0x93afe9]  Parse::Parse(JVMState*, ciMethod*, float)+0x7f9
V  [libjvm.so+0x3ed4e8]  ParseGenerator::generate(JVMState*)+0x88
V  [libjvm.so+0x563a36]  Parse::do_call()+0x1e6
V  [libjvm.so+0x9445aa]  Parse::do_one_bytecode()+0x32fa
V  [libjvm.so+0x9367d8]  Parse::do_one_block()+0x178
V  [libjvm.so+0x936a57]  Parse::do_all_blocks()+0x127
V  [libjvm.so+0x93afe9]  Parse::Parse(JVMState*, ciMethod*, float)+0x7f9
V  [libjvm.so+0x3ed4e8]  ParseGenerator::generate(JVMState*)+0x88
V  [libjvm.so+0x563a36]  Parse::do_call()+0x1e6
V  [libjvm.so+0x9445aa]  Parse::do_one_bytecode()+0x32fa
V  [libjvm.so+0x9367d8]  Parse::do_one_block()+0x178
V  [libjvm.so+0x936a57]  Parse::do_all_blocks()+0x127
V  [libjvm.so+0x93afe9]  Parse::Parse(JVMState*, ciMethod*, float)+0x7f9
V  [libjvm.so+0x3ed4e8]  ParseGenerator::generate(JVMState*)+0x88
V  [libjvm.so+0x563a36]  Parse::do_call()+0x1e6
V  [libjvm.so+0x9445aa]  Parse::do_one_bytecode()+0x32fa
V  [libjvm.so+0x9367d8]  Parse::do_one_block()+0x178
V  [libjvm.so+0x936a57]  Parse::do_all_blocks()+0x127
V  [libjvm.so+0x93afe9]  Parse::Parse(JVMState*, ciMethod*, float)+0x7f9
V  [libjvm.so+0x3ed4e8]  ParseGenerator::generate(JVMState*)+0x88
V  [libjvm.so+0x563a36]  Parse::do_call()+0x1e6
V  [libjvm.so+0x9445aa]  Parse::do_one_bytecode()+0x32fa
V  [libjvm.so+0x9367d8]  Parse::do_one_block()+0x178
V  [libjvm.so+0x936a57]  Parse::do_all_blocks()+0x127
V  [libjvm.so+0x93afe9]  Parse::Parse(JVMState*, ciMethod*, float)+0x7f9
V  [libjvm.so+0x3ed4e8]  ParseGenerator::generate(JVMState*)+0x88
V  [libjvm.so+0x563a36]  Parse::do_call()+0x1e6
V  [libjvm.so+0x9445aa]  Parse::do_one_bytecode()+0x32fa
V  [libjvm.so+0x9367d8]  Parse::do_one_block()+0x178
V  [libjvm.so+0x936a57]  Parse::do_all_blocks()+0x127
V  [libjvm.so+0x93afe9]  Parse::Parse(JVMState*, ciMethod*, float)+0x7f9
V  [libjvm.so+0x3ed4e8]  ParseGenerator::generate(JVMState*)+0x88
V  [libjvm.so+0x49ddfa]  Compile::Compile(ciEnv*, C2Compiler*, ciMethod*, int, bool, bool, bool)+0x127a
V  [libjvm.so+0x3ebeb8]  C2Compiler::compile_method(ciEnv*, ciMethod*, int)+0x198
V  [libjvm.so+0x4a843a]  CompileBroker::invoke_compiler_on_method(CompileTask*)+0xc9a
V  [libjvm.so+0x4a93e6]  CompileBroker::compiler_thread_loop()+0x5d6
V  [libjvm.so+0xa5c86f]  JavaThread::thread_main_inner()+0xdf
V  [libjvm.so+0xa5c99c]  JavaThread::run()+0x11c
V  [libjvm.so+0x910de8]  java_start(Thread*)+0x108
C  [libpthread.so.0+0x8182]  start_thread+0xc2


Current CompileTask:
C2:   1105 1720   !   4       java.net.URLClassLoader$1::run (63 bytes)


---------------  P R O C E S S  ---------------

Java Threads: ( => current thread )
  0x00007f1620877000 JavaThread "process reaper" daemon [_thread_blocked, id=28313, stack(0x00007f15f0e32000,0x00007f15f0e6b000)]
  0x00007f162021b800 JavaThread "Service Thread" daemon [_thread_blocked, id=28309, stack(0x00007f15f17fd000,0x00007f15f18fe000)]
  0x00007f162020e800 JavaThread "C1 CompilerThread3" daemon [_thread_in_native, id=28308, stack(0x00007f15f18fe000,0x00007f15f19ff000)]
  0x00007f162020c800 JavaThread "C2 CompilerThread2" daemon [_thread_blocked, id=28307, stack(0x00007f15f19ff000,0x00007f15f1b00000)]
=>0x00007f162020a800 JavaThread "C2 CompilerThread1" daemon [_thread_in_native, id=28306, stack(0x00007f15f1b00000,0x00007f15f1c01000)]
  0x00007f1620207800 JavaThread "C2 CompilerThread0" daemon [_thread_in_native, id=28305, stack(0x00007f15f1c01000,0x00007f15f1d02000)]
  0x00007f1620206000 JavaThread "Signal Dispatcher" daemon [_thread_blocked, id=28304, stack(0x00007f15f1d02000,0x00007f15f1e03000)]
  0x00007f16201ce000 JavaThread "Finalizer" daemon [_thread_blocked, id=28303, stack(0x00007f15f24e5000,0x00007f15f25e6000)]
  0x00007f16201cc000 JavaThread "Reference Handler" daemon [_thread_blocked, id=28302, stack(0x00007f15f25e6000,0x00007f15f26e7000)]
  0x00007f1620009800 JavaThread "main" [_thread_in_vm, id=28292, stack(0x00007f1626b7d000,0x00007f1626c7e000)]

Other Threads:
  0x00007f16201c7000 VMThread [stack: 0x00007f15f26e7000,0x00007f15f27e8000] [id=28301]
  0x00007f162021e000 WatcherThread [stack: 0x00007f15f16fc000,0x00007f15f17fd000] [id=28310]

VM state:not at safepoint (normal execution)

VM Mutex/Monitor currently owned by a thread: None

Heap:
 PSYoungGen      total 305664K, used 31457K [0x00000000eab00000, 0x0000000100000000, 0x0000000100000000)
  eden space 262144K, 12% used [0x00000000eab00000,0x00000000ec9b8690,0x00000000fab00000)
  from space 43520K, 0% used [0x00000000fab00000,0x00000000fab00000,0x00000000fd580000)
  to   space 43520K, 0% used [0x00000000fd580000,0x00000000fd580000,0x0000000100000000)
 ParOldGen       total 699392K, used 14877K [0x00000000c0000000, 0x00000000eab00000, 0x00000000eab00000)
  object space 699392K, 2% used [0x00000000c0000000,0x00000000c0e87500,0x00000000eab00000)
 Metaspace       used 22523K, capacity 22846K, committed 23040K, reserved 1069056K
  class space    used 3878K, capacity 3983K, committed 4096K, reserved 1048576K

Card table byte_map: [0x00007f16177d8000,0x00007f16179d9000] byte_map_base: 0x00007f16171d8000

Marking Bits: (ParMarkBitMap*) 0x00007f162604d760
 Begin Bits: [0x00007f1614f7b000, 0x00007f1615f7b000)
 End Bits:   [0x00007f1615f7b000, 0x00007f1616f7b000)

Polling page: 0x00007f1626c95000

CodeCache: size=131072Kb used=4963Kb max_used=4963Kb free=126108Kb
 bounds [0x00007f1617bd9000, 0x00007f16180b9000, 0x00007f161fbd9000]
 total_blobs=2112 nmethods=1744 adapters=280
 compilation: enabled

Compilation events (10 events):
Event: 1.089 Thread 0x00007f162020e800 nmethod 1739 0x00007f16180af750 code [0x00007f16180af8a0, 0x00007f16180af9d0]
Event: 1.097 Thread 0x00007f162020e800 1740       3       java.util.regex.ASCII::isType (15 bytes)
Event: 1.097 Thread 0x00007f162020e800 nmethod 1740 0x00007f16180af250 code [0x00007f16180af3c0, 0x00007f16180af630]
Event: 1.097 Thread 0x00007f162020e800 1741       3       java.util.regex.ASCII::getType (17 bytes)
Event: 1.097 Thread 0x00007f162020e800 nmethod 1741 0x00007f16180aee50 code [0x00007f16180aefc0, 0x00007f16180af190]
Event: 1.097 Thread 0x00007f162020e800 1742       3       sbt.complete.Parser$::mkFailure (17 bytes)
Event: 1.097 Thread 0x00007f162020e800 nmethod 1742 0x00007f16180ae550 code [0x00007f16180ae6e0, 0x00007f16180aeb90]
Event: 1.097 Thread 0x00007f162020e800 1743       3       sbt.complete.Parser$$anonfun$mkFailure$1::<init> (10 bytes)
Event: 1.098 Thread 0x00007f162020e800 nmethod 1743 0x00007f16180ae010 code [0x00007f16180ae180, 0x00007f16180ae410]
Event: 1.098 Thread 0x00007f162020e800 1744       3       sbt.complete.Parser$::sbt$complete$Parser$$checkRepeated$1 (205 bytes)

GC Heap History (4 events):
Event: 0.872 GC heap before
{Heap before GC invocations=1 (full 0):
 PSYoungGen      total 305664K, used 94402K [0x00000000eab00000, 0x0000000100000000, 0x0000000100000000)
  eden space 262144K, 36% used [0x00000000eab00000,0x00000000f0730b78,0x00000000fab00000)
  from space 43520K, 0% used [0x00000000fd580000,0x00000000fd580000,0x0000000100000000)
  to   space 43520K, 0% used [0x00000000fab00000,0x00000000fab00000,0x00000000fd580000)
 ParOldGen       total 699392K, used 0K [0x00000000c0000000, 0x00000000eab00000, 0x00000000eab00000)
  object space 699392K, 0% used [0x00000000c0000000,0x00000000c0000000,0x00000000eab00000)
 Metaspace       used 20942K, capacity 21202K, committed 21296K, reserved 1067008K
  class space    used 3586K, capacity 3693K, committed 3712K, reserved 1048576K
Event: 0.882 GC heap after
Heap after GC invocations=1 (full 0):
 PSYoungGen      total 305664K, used 15668K [0x00000000eab00000, 0x0000000100000000, 0x0000000100000000)
  eden space 262144K, 0% used [0x00000000eab00000,0x00000000eab00000,0x00000000fab00000)
  from space 43520K, 36% used [0x00000000fab00000,0x00000000fba4d1f8,0x00000000fd580000)
  to   space 43520K, 0% used [0x00000000fd580000,0x00000000fd580000,0x0000000100000000)
 ParOldGen       total 699392K, used 16K [0x00000000c0000000, 0x00000000eab00000, 0x00000000eab00000)
  object space 699392K, 0% used [0x00000000c0000000,0x00000000c0004000,0x00000000eab00000)
 Metaspace       used 20942K, capacity 21202K, committed 21296K, reserved 1067008K
  class space    used 3586K, capacity 3693K, committed 3712K, reserved 1048576K
}
Event: 0.882 GC heap before
{Heap before GC invocations=2 (full 1):
 PSYoungGen      total 305664K, used 15668K [0x00000000eab00000, 0x0000000100000000, 0x0000000100000000)
  eden space 262144K, 0% used [0x00000000eab00000,0x00000000eab00000,0x00000000fab00000)
  from space 43520K, 36% used [0x00000000fab00000,0x00000000fba4d1f8,0x00000000fd580000)
  to   space 43520K, 0% used [0x00000000fd580000,0x00000000fd580000,0x0000000100000000)
 ParOldGen       total 699392K, used 16K [0x00000000c0000000, 0x00000000eab00000, 0x00000000eab00000)
  object space 699392K, 0% used [0x00000000c0000000,0x00000000c0004000,0x00000000eab00000)
 Metaspace       used 20942K, capacity 21202K, committed 21296K, reserved 1067008K
  class space    used 3586K, capacity 3693K, committed 3712K, reserved 1048576K
Event: 0.899 GC heap after
Heap after GC invocations=2 (full 1):
 PSYoungGen      total 305664K, used 0K [0x00000000eab00000, 0x0000000100000000, 0x0000000100000000)
  eden space 262144K, 0% used [0x00000000eab00000,0x00000000eab00000,0x00000000fab00000)
  from space 43520K, 0% used [0x00000000fab00000,0x00000000fab00000,0x00000000fd580000)
  to   space 43520K, 0% used [0x00000000fd580000,0x00000000fd580000,0x0000000100000000)
 ParOldGen       total 699392K, used 14877K [0x00000000c0000000, 0x00000000eab00000, 0x00000000eab00000)
  object space 699392K, 2% used [0x00000000c0000000,0x00000000c0e87500,0x00000000eab00000)
 Metaspace       used 20942K, capacity 21202K, committed 21296K, reserved 1067008K
  class space    used 3586K, capacity 3693K, committed 3712K, reserved 1048576K
}

Deoptimization events (7 events):
Event: 0.120 Thread 0x00007f1620009800 Uncommon trap: reason=unstable_if action=reinterpret pc=0x00007f1617d18fc4 method=java.lang.String.indexOf(II)I @ 49
Event: 0.348 Thread 0x00007f1620009800 Uncommon trap: reason=unstable_if action=reinterpret pc=0x00007f1617d1d9cc method=java.lang.String.startsWith(Ljava/lang/String;I)Z @ 25
Event: 0.396 Thread 0x00007f1620009800 Uncommon trap: reason=unstable_if action=reinterpret pc=0x00007f1617e0a4a0 method=java.util.HashMap.getNode(ILjava/lang/Object;)Ljava/util/HashMap$Node; @ 116
Event: 0.421 Thread 0x00007f1620009800 Uncommon trap: reason=unstable_if action=reinterpret pc=0x00007f1617d9874c method=java.lang.String.indexOf([CII[CIII)I @ 3
Event: 0.432 Thread 0x00007f1620009800 Uncommon trap: reason=unstable_if action=reinterpret pc=0x00007f1617e035d0 method=java.lang.CharacterDataLatin1.toUpperCase(I)I @ 12
Event: 0.848 Thread 0x00007f1620009800 Uncommon trap: reason=unstable_if action=reinterpret pc=0x00007f1617e65204 method=java.util.HashMap.getNode(ILjava/lang/Object;)Ljava/util/HashMap$Node; @ 62
Event: 1.029 Thread 0x00007f1620009800 Uncommon trap: reason=unstable_if action=reinterpret pc=0x00007f1617f12870 method=java.lang.SecurityManager.checkPackageAccess(Ljava/lang/String;)V @ 85

Internal exceptions (10 events):
Event: 0.978 Thread 0x00007f1620009800 Exception <a 'java/lang/ClassNotFoundException': scala/reflect/ScalaLongSignature> (0x00000000eae00b30) thrown at [/RE-WORK/workspace/8-2-build-linux-amd64/jdk8u45/3457/hotspot/src/share/vm/classfile/systemDictionary.cpp, line 210]
Event: 0.982 Thread 0x00007f1620009800 Exception <a 'java/lang/ArrayIndexOutOfBoundsException'> (0x00000000eae1bf30) thrown at [/RE-WORK/workspace/8-2-build-linux-amd64/jdk8u45/3457/hotspot/src/share/vm/runtime/sharedRuntime.cpp, line 605]
Event: 0.982 Thread 0x00007f1620009800 Exception <a 'java/lang/ArrayIndexOutOfBoundsException'> (0x00000000eae1d0c8) thrown at [/RE-WORK/workspace/8-2-build-linux-amd64/jdk8u45/3457/hotspot/src/share/vm/runtime/sharedRuntime.cpp, line 605]
Event: 0.983 Thread 0x00007f1620009800 Exception <a 'java/lang/ClassNotFoundException': scala/reflect/ScalaSignature> (0x00000000eae20d20) thrown at [/RE-WORK/workspace/8-2-build-linux-amd64/jdk8u45/3457/hotspot/src/share/vm/classfile/systemDictionary.cpp, line 210]
Event: 0.983 Thread 0x00007f1620009800 Exception <a 'java/lang/ClassNotFoundException': scala/reflect/ScalaLongSignature> (0x00000000eae215c8) thrown at [/RE-WORK/workspace/8-2-build-linux-amd64/jdk8u45/3457/hotspot/src/share/vm/classfile/systemDictionary.cpp, line 210]
Event: 0.985 Thread 0x00007f1620009800 Exception <a 'java/lang/ClassNotFoundException': scala/reflect/ScalaSignature> (0x00000000eae2fd58) thrown at [/RE-WORK/workspace/8-2-build-linux-amd64/jdk8u45/3457/hotspot/src/share/vm/classfile/systemDictionary.cpp, line 210]
Event: 0.985 Thread 0x00007f1620009800 Exception <a 'java/lang/ClassNotFoundException': scala/reflect/ScalaLongSignature> (0x00000000eae30600) thrown at [/RE-WORK/workspace/8-2-build-linux-amd64/jdk8u45/3457/hotspot/src/share/vm/classfile/systemDictionary.cpp, line 210]
Event: 0.987 Thread 0x00007f1620009800 Exception <a 'java/lang/ClassNotFoundException': scala/reflect/ScalaSignature> (0x00000000eae3eca8) thrown at [/RE-WORK/workspace/8-2-build-linux-amd64/jdk8u45/3457/hotspot/src/share/vm/classfile/systemDictionary.cpp, line 210]
Event: 0.987 Thread 0x00007f1620009800 Exception <a 'java/lang/ClassNotFoundException': scala/reflect/ScalaLongSignature> (0x00000000eae3f3c0) thrown at [/RE-WORK/workspace/8-2-build-linux-amd64/jdk8u45/3457/hotspot/src/share/vm/classfile/systemDictionary.cpp, line 210]
Event: 0.988 Thread 0x00007f1620009800 Exception <a 'java/lang/ArrayIndexOutOfBoundsException'> (0x00000000eae44248) thrown at [/RE-WORK/workspace/8-2-build-linux-amd64/jdk8u45/3457/hotspot/src/share/vm/runtime/sharedRuntime.cpp, line 605]

Events (10 events):
Event: 1.097 loading class sbt/Build$$anonfun$defaultProject$4
Event: 1.097 loading class sbt/Build$$anonfun$defaultProject$4 done
Event: 1.098 loading class sbt/Build$$anonfun$defaultProject$5
Event: 1.098 loading class sbt/Build$$anonfun$defaultProject$5 done
Event: 1.098 loading class sbt/Plugins$Empty$
Event: 1.098 loading class sbt/Plugins$Empty$ done
Event: 1.098 loading class sbt/Project$$anonfun$sbt$Project$$unresolved$1
Event: 1.098 loading class sbt/Project$$anonfun$sbt$Project$$unresolved$1 done
Event: 1.098 loading class sbt/Project$$anon$2
Event: 1.098 loading class sbt/Project$$anon$2 done


Dynamic libraries:
00400000-00401000 r-xp 00000000 08:01 23069817                           /shared/jdk1.8.0_45/bin/java
00600000-00601000 rw-p 00000000 08:01 23069817                           /shared/jdk1.8.0_45/bin/java
016f7000-01718000 rw-p 00000000 00:00 0                                  [heap]
c0000000-100400000 rw-p 00000000 00:00 0 
100400000-140000000 ---p 00000000 00:00 0 
7f15c4000000-7f15c4021000 rw-p 00000000 00:00 0 
7f15c4021000-7f15c8000000 ---p 00000000 00:00 0 
7f15c8000000-7f15c8021000 rw-p 00000000 00:00 0 
7f15c8021000-7f15cc000000 ---p 00000000 00:00 0 
7f15cc000000-7f15cc809000 rw-p 00000000 00:00 0 
7f15cc809000-7f15d0000000 ---p 00000000 00:00 0 
7f15d0000000-7f15d0021000 rw-p 00000000 00:00 0 
7f15d0021000-7f15d4000000 ---p 00000000 00:00 0 
7f15d4000000-7f15d462a000 rw-p 00000000 00:00 0 
7f15d462a000-7f15d8000000 ---p 00000000 00:00 0 
7f15d8000000-7f15d8220000 rw-p 00000000 00:00 0 
7f15d8220000-7f15dc000000 ---p 00000000 00:00 0 
7f15dc000000-7f15dc021000 rw-p 00000000 00:00 0 
7f15dc021000-7f15e0000000 ---p 00000000 00:00 0 
7f15e0000000-7f15e0b62000 rw-p 00000000 00:00 0 
7f15e0b62000-7f15e4000000 ---p 00000000 00:00 0 
7f15e4000000-7f15e4021000 rw-p 00000000 00:00 0 
7f15e4021000-7f15e8000000 ---p 00000000 00:00 0 
7f15e8000000-7f15e8021000 rw-p 00000000 00:00 0 
7f15e8021000-7f15ec000000 ---p 00000000 00:00 0 
7f15ec000000-7f15ec021000 rw-p 00000000 00:00 0 
7f15ec021000-7f15f0000000 ---p 00000000 00:00 0 
7f15f024c000-7f15f02cc000 rw-p 00000000 00:00 0 
7f15f02cc000-7f15f044c000 ---p 00000000 00:00 0 
7f15f062b000-7f15f082d000 rw-p 00000000 00:00 0 
7f15f082d000-7f15f0a2d000 rw-p 00000000 00:00 0 
7f15f0a2d000-7f15f0c2d000 rw-p 00000000 00:00 0 
7f15f0c2d000-7f15f0e2d000 rw-p 00000000 00:00 0 
7f15f0e2d000-7f15f0e32000 r--s 00094000 08:01 23069624                   /shared/jdk1.8.0_45/jre/lib/jsse.jar
7f15f0e32000-7f15f0e35000 ---p 00000000 00:00 0 
7f15f0e35000-7f15f0e6b000 rw-p 00000000 00:00 0                          [stack:28313]
7f15f0e6b000-7f15f0e6d000 r--s 0000b000 08:01 24511612                   /home/fan/.sbt/boot/scala-2.10.4/org.scala-sbt/sbt/0.13.7/xsbti/interface-0.13.7.jar
7f15f0e6d000-7f15f0e73000 r--s 0003d000 08:01 24382508                   /home/fan/.sbt/boot/scala-2.10.4/org.scala-sbt/sbt/0.13.7/io-0.13.7.jar
7f15f0e73000-7f15f0e75000 r--s 00006000 08:01 24382536                   /home/fan/.sbt/boot/scala-2.10.4/org.scala-sbt/sbt/0.13.7/relation-0.13.7.jar
7f15f0e75000-7f15f0e77000 r--s 0000e000 08:01 24382509                   /home/fan/.sbt/boot/scala-2.10.4/org.scala-sbt/sbt/0.13.7/logic-0.13.7.jar
7f15f0e77000-7f15f0e79000 r--s 00013000 08:01 24382516                   /home/fan/.sbt/boot/scala-2.10.4/org.scala-sbt/sbt/0.13.7/json4s-ast_2.10-3.2.10.jar
7f15f0e79000-7f15f1079000 rw-p 00000000 00:00 0 
7f15f1079000-7f15f107c000 r--s 00018000 08:01 24382538                   /home/fan/.sbt/boot/scala-2.10.4/org.scala-sbt/sbt/0.13.7/logging-0.13.7.jar
7f15f107c000-7f15f1086000 r--s 00085000 08:01 24382542                   /home/fan/.sbt/boot/scala-2.10.4/org.scala-sbt/sbt/0.13.7/json4s-core_2.10-3.2.10.jar
7f15f1086000-7f15f1087000 r--s 0000a000 08:01 24382514                   /home/fan/.sbt/boot/scala-2.10.4/org.scala-sbt/sbt/0.13.7/tracking-0.13.7.jar
7f15f1087000-7f15f1089000 r--s 00014000 08:01 24382520                   /home/fan/.sbt/boot/scala-2.10.4/org.scala-sbt/sbt/0.13.7/apply-macro-0.13.7.jar
7f15f1089000-7f15f108c000 r--s 0001d000 08:01 24382534                   /home/fan/.sbt/boot/scala-2.10.4/org.scala-sbt/sbt/0.13.7/tasks-0.13.7.jar
7f15f108c000-7f15f108f000 r--s 00013000 08:01 24382522                   /home/fan/.sbt/boot/scala-2.10.4/org.scala-sbt/sbt/0.13.7/classpath-0.13.7.jar
7f15f108f000-7f15f1091000 r--s 00012000 08:01 24382537                   /home/fan/.sbt/boot/scala-2.10.4/org.scala-sbt/sbt/0.13.7/jawn-parser_2.10-0.6.0.jar
7f15f1091000-7f15f1095000 r--s 0001b000 08:01 24382525                   /home/fan/.sbt/boot/scala-2.10.4/org.scala-sbt/sbt/0.13.7/process-0.13.7.jar
7f15f1095000-7f15f1097000 r--s 00007000 08:01 24382530                   /home/fan/.sbt/boot/scala-2.10.4/org.scala-sbt/sbt/0.13.7/paranamer-2.6.jar
7f15f1097000-7f15f1098000 r--s 00005000 08:01 24382543                   /home/fan/.sbt/boot/scala-2.10.4/org.scala-sbt/sbt/0.13.7/sbt-0.13.7.jar
7f15f1098000-7f15f109b000 r--s 0001e000 08:01 24382507                   /home/fan/.sbt/boot/scala-2.10.4/org.scala-sbt/sbt/0.13.7/run-0.13.7.jar
7f15f109b000-7f15f109d000 r--s 00002000 08:01 24382531                   /home/fan/.sbt/boot/scala-2.10.4/org.scala-sbt/sbt/0.13.7/test-interface-1.0.jar
7f15f109d000-7f15f10b0000 r--s 000be000 08:01 24382517                   /home/fan/.sbt/boot/scala-2.10.4/org.scala-sbt/sbt/0.13.7/scalap-2.10.0.jar
7f15f10b0000-7f15f10ba000 r--s 00092000 08:01 24382524                   /home/fan/.sbt/boot/scala-2.10.4/org.scala-sbt/sbt/0.13.7/main-settings-0.13.7.jar
7f15f10ba000-7f15f10bf000 r--s 00023000 08:01 24382503                   /home/fan/.sbt/boot/scala-2.10.4/org.scala-sbt/sbt/0.13.7/persist-0.13.7.jar
7f15f10bf000-7f15f10c3000 r--s 00022000 08:01 24382533                   /home/fan/.sbt/boot/scala-2.10.4/org.scala-sbt/sbt/0.13.7/sbinary_2.10-0.4.2.jar
7f15f10c3000-7f15f10c5000 r--s 00001000 08:01 24382529                   /home/fan/.sbt/boot/scala-2.10.4/org.scala-sbt/sbt/0.13.7/compiler-ivy-integration-0.13.7.jar
7f15f10c5000-7f15f10c8000 r--s 0000e000 08:01 24382502                   /home/fan/.sbt/boot/scala-2.10.4/org.scala-sbt/sbt/0.13.7/compiler-integration-0.13.7.jar
7f15f10c8000-7f15f10cb000 r--s 0001d000 08:01 24382513                   /home/fan/.sbt/boot/scala-2.10.4/org.scala-sbt/sbt/0.13.7/task-system-0.13.7.jar
7f15f10cb000-7f15f10d2000 r--s 00049000 08:01 24382511                   /home/fan/.sbt/boot/scala-2.10.4/org.scala-sbt/sbt/0.13.7/api-0.13.7.jar
7f15f10d2000-7f15f10e5000 r--s 000fc000 08:01 24382518                   /home/fan/.sbt/boot/scala-2.10.4/org.scala-sbt/sbt/0.13.7/ivy-0.13.7.jar
7f15f10e5000-7f15f111b000 r--s 002d9000 08:01 24382540                   /home/fan/.sbt/boot/scala-2.10.4/org.scala-sbt/sbt/0.13.7/scala-reflect-2.10.4.jar
7f15f111b000-7f15f1123000 r--s 00060000 08:01 24382527                   /home/fan/.sbt/boot/scala-2.10.4/org.scala-sbt/sbt/0.13.7/collections-0.13.7.jar
7f15f1123000-7f15f1125000 r--s 00001000 08:01 24382541                   /home/fan/.sbt/boot/scala-2.10.4/org.scala-sbt/sbt/0.13.7/launcher-interface-0.13.7.jar
7f15f1125000-7f15f114f000 r--s 0022d000 08:01 24382512                   /home/fan/.sbt/boot/scala-2.10.4/org.scala-sbt/sbt/0.13.7/main-0.13.7.jar
7f15f114f000-7f15f1151000 r--s 00002000 08:01 24382521                   /home/fan/.sbt/boot/scala-2.10.4/org.scala-sbt/sbt/0.13.7/control-0.13.7.jar
7f15f1151000-7f15f115a000 r--s 00061000 08:01 24382523                   /home/fan/.sbt/boot/scala-2.10.4/org.scala-sbt/sbt/0.13.7/incremental-compiler-0.13.7.jar
7f15f115a000-7f15f115d000 r--s 00030000 08:01 24382539                   /home/fan/.sbt/boot/scala-2.10.4/org.scala-sbt/sbt/0.13.7/jline-2.11.jar
7f15f115d000-7f15f1160000 r--s 0001a000 08:01 24382528                   /home/fan/.sbt/boot/scala-2.10.4/org.scala-sbt/sbt/0.13.7/cache-0.13.7.jar
7f15f1160000-7f15f1165000 r--s 00036000 08:01 24382532                   /home/fan/.sbt/boot/scala-2.10.4/org.scala-sbt/sbt/0.13.7/command-0.13.7.jar
7f15f1165000-7f15f11d7000 r--s 0065a000 08:01 24381628                   /home/fan/.sbt/boot/scala-2.10.4/lib/scala-library.jar
7f15f11d7000-7f15f12d4000 r--s 00cca000 08:01 24381627                   /home/fan/.sbt/boot/scala-2.10.4/lib/scala-compiler.jar
7f15f12d4000-7f15f12e5000 r-xp 00000000 08:01 23069647                   /shared/jdk1.8.0_45/jre/lib/amd64/libnio.so
7f15f12e5000-7f15f14e4000 ---p 00011000 08:01 23069647                   /shared/jdk1.8.0_45/jre/lib/amd64/libnio.so
7f15f14e4000-7f15f14e5000 rw-p 00010000 08:01 23069647                   /shared/jdk1.8.0_45/jre/lib/amd64/libnio.so
7f15f14e5000-7f15f14fb000 r-xp 00000000 08:01 23069673                   /shared/jdk1.8.0_45/jre/lib/amd64/libnet.so
7f15f14fb000-7f15f16fb000 ---p 00016000 08:01 23069673                   /shared/jdk1.8.0_45/jre/lib/amd64/libnet.so
7f15f16fb000-7f15f16fc000 rw-p 00016000 08:01 23069673                   /shared/jdk1.8.0_45/jre/lib/amd64/libnet.so
7f15f16fc000-7f15f16fd000 ---p 00000000 00:00 0 
7f15f16fd000-7f15f17fd000 rw-p 00000000 00:00 0                          [stack:28310]
7f15f17fd000-7f15f1800000 ---p 00000000 00:00 0 
7f15f1800000-7f15f18fe000 rw-p 00000000 00:00 0                          [stack:28309]
7f15f18fe000-7f15f1901000 ---p 00000000 00:00 0 
7f15f1901000-7f15f19ff000 rw-p 00000000 00:00 0                          [stack:28308]
7f15f19ff000-7f15f1a02000 ---p 00000000 00:00 0 
7f15f1a02000-7f15f1b00000 rw-p 00000000 00:00 0                          [stack:28307]
7f15f1b00000-7f15f1b03000 ---p 00000000 00:00 0 
7f15f1b03000-7f15f1c01000 rw-p 00000000 00:00 0                          [stack:28306]
7f15f1c01000-7f15f1c04000 ---p 00000000 00:00 0 
7f15f1c04000-7f15f1d02000 rw-p 00000000 00:00 0                          [stack:28305]
7f15f1d02000-7f15f1d05000 ---p 00000000 00:00 0 
7f15f1d05000-7f15f1e03000 rw-p 00000000 00:00 0                          [stack:28304]
7f15f1e03000-7f15f24e5000 r--p 00000000 08:01 25172526                   /usr/lib/locale/locale-archive
7f15f24e5000-7f15f24e8000 ---p 00000000 00:00 0 
7f15f24e8000-7f15f25e6000 rw-p 00000000 00:00 0                          [stack:28303]
7f15f25e6000-7f15f25e9000 ---p 00000000 00:00 0 
7f15f25e9000-7f15f26e7000 rw-p 00000000 00:00 0                          [stack:28302]
7f15f26e7000-7f15f26e8000 ---p 00000000 00:00 0 
7f15f26e8000-7f15f4000000 rw-p 00000000 00:00 0                          [stack:28301]
7f15f4000000-7f15f4021000 rw-p 00000000 00:00 0 
7f15f4021000-7f15f8000000 ---p 00000000 00:00 0 
7f15f8000000-7f15f8021000 rw-p 00000000 00:00 0 
7f15f8021000-7f15fc000000 ---p 00000000 00:00 0 
7f15fc000000-7f15fc021000 rw-p 00000000 00:00 0 
7f15fc021000-7f1600000000 ---p 00000000 00:00 0 
7f1600000000-7f1600021000 rw-p 00000000 00:00 0 
7f1600021000-7f1604000000 ---p 00000000 00:00 0 
7f1604000000-7f1604021000 rw-p 00000000 00:00 0 
7f1604021000-7f1608000000 ---p 00000000 00:00 0 
7f1608000000-7f1608021000 rw-p 00000000 00:00 0 
7f1608021000-7f160c000000 ---p 00000000 00:00 0 
7f160c000000-7f160c021000 rw-p 00000000 00:00 0 
7f160c021000-7f1610000000 ---p 00000000 00:00 0 
7f1610000000-7f1610021000 rw-p 00000000 00:00 0 
7f1610021000-7f1614000000 ---p 00000000 00:00 0 
7f1614000000-7f1614001000 r--s 00005000 08:01 24382544                   /home/fan/.sbt/boot/scala-2.10.4/org.scala-sbt/sbt/0.13.7/test-agent-0.13.7.jar
7f1614001000-7f1614009000 r--s 00057000 08:01 24382519                   /home/fan/.sbt/boot/scala-2.10.4/org.scala-sbt/sbt/0.13.7/completion-0.13.7.jar
7f1614009000-7f161400c000 r--s 00012000 08:01 24382501                   /home/fan/.sbt/boot/scala-2.10.4/org.scala-sbt/sbt/0.13.7/classfile-0.13.7.jar
7f161400c000-7f1614022000 r--s 00100000 08:01 24382506                   /home/fan/.sbt/boot/scala-2.10.4/org.scala-sbt/sbt/0.13.7/ivy-2.3.0-sbt-fccfbd44c9f64523b61398a0155784dcbaeae28f.jar
7f1614022000-7f1614026000 r--s 00034000 08:01 24382500                   /home/fan/.sbt/boot/scala-2.10.4/org.scala-sbt/sbt/0.13.7/jsch-0.1.46.jar
7f1614026000-7f1614029000 r--s 00019000 08:01 24382545                   /home/fan/.sbt/boot/scala-2.10.4/org.scala-sbt/sbt/0.13.7/compile-0.13.7.jar
7f1614029000-7f161432c000 rw-p 00000000 00:00 0 
7f161432c000-7f1614505000 r--s 03d09000 08:01 23069626                   /shared/jdk1.8.0_45/jre/lib/rt.jar
7f1614505000-7f1616f7b000 rw-p 00000000 00:00 0 
7f1616f7b000-7f1616f7c000 ---p 00000000 00:00 0 
7f1616f7c000-7f161707c000 rw-p 00000000 00:00 0                          [stack:28300]
7f161707c000-7f161707d000 ---p 00000000 00:00 0 
7f161707d000-7f161717d000 rw-p 00000000 00:00 0                          [stack:28299]
7f161717d000-7f161717e000 ---p 00000000 00:00 0 
7f161717e000-7f161727e000 rw-p 00000000 00:00 0                          [stack:28298]
7f161727e000-7f161727f000 ---p 00000000 00:00 0 
7f161727f000-7f161737f000 rw-p 00000000 00:00 0                          [stack:28297]
7f161737f000-7f1617380000 ---p 00000000 00:00 0 
7f1617380000-7f1617480000 rw-p 00000000 00:00 0                          [stack:28296]
7f1617480000-7f1617481000 ---p 00000000 00:00 0 
7f1617481000-7f1617581000 rw-p 00000000 00:00 0                          [stack:28295]
7f1617581000-7f1617582000 ---p 00000000 00:00 0 
7f1617582000-7f16179ed000 rw-p 00000000 00:00 0                          [stack:28294]
7f16179ed000-7f1617bd9000 ---p 00000000 00:00 0 
7f1617bd9000-7f16180b9000 rwxp 00000000 00:00 0 
7f16180b9000-7f161fbd9000 ---p 00000000 00:00 0 
7f161fbd9000-7f161fbf3000 r-xp 00000000 08:01 23069652                   /shared/jdk1.8.0_45/jre/lib/amd64/libzip.so
7f161fbf3000-7f161fdf3000 ---p 0001a000 08:01 23069652                   /shared/jdk1.8.0_45/jre/lib/amd64/libzip.so
7f161fdf3000-7f161fdf4000 rw-p 0001a000 08:01 23069652                   /shared/jdk1.8.0_45/jre/lib/amd64/libzip.so
7f161fdf4000-7f161fdff000 r-xp 00000000 08:01 4460533                    /lib/x86_64-linux-gnu/libnss_files-2.19.so
7f161fdff000-7f161fffe000 ---p 0000b000 08:01 4460533                    /lib/x86_64-linux-gnu/libnss_files-2.19.so
7f161fffe000-7f161ffff000 r--p 0000a000 08:01 4460533                    /lib/x86_64-linux-gnu/libnss_files-2.19.so
7f161ffff000-7f1620000000 rw-p 0000b000 08:01 4460533                    /lib/x86_64-linux-gnu/libnss_files-2.19.so
7f1620000000-7f1621030000 rw-p 00000000 00:00 0 
7f1621030000-7f1624000000 ---p 00000000 00:00 0 
7f1624000000-7f1624036000 r--s 002d9000 08:01 24381626                   /home/fan/.sbt/boot/scala-2.10.4/lib/scala-reflect.jar
7f1624036000-7f1624037000 ---p 00000000 00:00 0 
7f1624037000-7f1624137000 rw-p 00000000 00:00 0                          [stack:28293]
7f1624137000-7f1624142000 r-xp 00000000 08:01 4460543                    /lib/x86_64-linux-gnu/libnss_nis-2.19.so
7f1624142000-7f1624341000 ---p 0000b000 08:01 4460543                    /lib/x86_64-linux-gnu/libnss_nis-2.19.so
7f1624341000-7f1624342000 r--p 0000a000 08:01 4460543                    /lib/x86_64-linux-gnu/libnss_nis-2.19.so
7f1624342000-7f1624343000 rw-p 0000b000 08:01 4460543                    /lib/x86_64-linux-gnu/libnss_nis-2.19.so
7f1624343000-7f162435a000 r-xp 00000000 08:01 4460527                    /lib/x86_64-linux-gnu/libnsl-2.19.so
7f162435a000-7f1624559000 ---p 00017000 08:01 4460527                    /lib/x86_64-linux-gnu/libnsl-2.19.so
7f1624559000-7f162455a000 r--p 00016000 08:01 4460527                    /lib/x86_64-linux-gnu/libnsl-2.19.so
7f162455a000-7f162455b000 rw-p 00017000 08:01 4460527                    /lib/x86_64-linux-gnu/libnsl-2.19.so
7f162455b000-7f162455d000 rw-p 00000000 00:00 0 
7f162455d000-7f1624566000 r-xp 00000000 08:01 4460529                    /lib/x86_64-linux-gnu/libnss_compat-2.19.so
7f1624566000-7f1624765000 ---p 00009000 08:01 4460529                    /lib/x86_64-linux-gnu/libnss_compat-2.19.so
7f1624765000-7f1624766000 r--p 00008000 08:01 4460529                    /lib/x86_64-linux-gnu/libnss_compat-2.19.so
7f1624766000-7f1624767000 rw-p 00009000 08:01 4460529                    /lib/x86_64-linux-gnu/libnss_compat-2.19.so
7f1624767000-7f1624791000 r-xp 00000000 08:01 23069645                   /shared/jdk1.8.0_45/jre/lib/amd64/libjava.so
7f1624791000-7f1624991000 ---p 0002a000 08:01 23069645                   /shared/jdk1.8.0_45/jre/lib/amd64/libjava.so
7f1624991000-7f1624993000 rw-p 0002a000 08:01 23069645                   /shared/jdk1.8.0_45/jre/lib/amd64/libjava.so
7f1624993000-7f16249a0000 r-xp 00000000 08:01 23069687                   /shared/jdk1.8.0_45/jre/lib/amd64/libverify.so
7f16249a0000-7f1624ba0000 ---p 0000d000 08:01 23069687                   /shared/jdk1.8.0_45/jre/lib/amd64/libverify.so
7f1624ba0000-7f1624ba2000 rw-p 0000d000 08:01 23069687                   /shared/jdk1.8.0_45/jre/lib/amd64/libverify.so
7f1624ba2000-7f1624ba9000 r-xp 00000000 08:01 4460586                    /lib/x86_64-linux-gnu/librt-2.19.so
7f1624ba9000-7f1624da8000 ---p 00007000 08:01 4460586                    /lib/x86_64-linux-gnu/librt-2.19.so
7f1624da8000-7f1624da9000 r--p 00006000 08:01 4460586                    /lib/x86_64-linux-gnu/librt-2.19.so
7f1624da9000-7f1624daa000 rw-p 00007000 08:01 4460586                    /lib/x86_64-linux-gnu/librt-2.19.so
7f1624daa000-7f1624eaf000 r-xp 00000000 08:01 4460508                    /lib/x86_64-linux-gnu/libm-2.19.so
7f1624eaf000-7f16250ae000 ---p 00105000 08:01 4460508                    /lib/x86_64-linux-gnu/libm-2.19.so
7f16250ae000-7f16250af000 r--p 00104000 08:01 4460508                    /lib/x86_64-linux-gnu/libm-2.19.so
7f16250af000-7f16250b0000 rw-p 00105000 08:01 4460508                    /lib/x86_64-linux-gnu/libm-2.19.so
7f16250b0000-7f1625d5e000 r-xp 00000000 08:01 23069693                   /shared/jdk1.8.0_45/jre/lib/amd64/server/libjvm.so
7f1625d5e000-7f1625f5d000 ---p 00cae000 08:01 23069693                   /shared/jdk1.8.0_45/jre/lib/amd64/server/libjvm.so
7f1625f5d000-7f1626034000 rw-p 00cad000 08:01 23069693                   /shared/jdk1.8.0_45/jre/lib/amd64/server/libjvm.so
7f1626034000-7f1626078000 rw-p 00000000 00:00 0 
7f1626078000-7f1626233000 r-xp 00000000 08:01 4460458                    /lib/x86_64-linux-gnu/libc-2.19.so
7f1626233000-7f1626433000 ---p 001bb000 08:01 4460458                    /lib/x86_64-linux-gnu/libc-2.19.so
7f1626433000-7f1626437000 r--p 001bb000 08:01 4460458                    /lib/x86_64-linux-gnu/libc-2.19.so
7f1626437000-7f1626439000 rw-p 001bf000 08:01 4460458                    /lib/x86_64-linux-gnu/libc-2.19.so
7f1626439000-7f162643e000 rw-p 00000000 00:00 0 
7f162643e000-7f1626441000 r-xp 00000000 08:01 4460475                    /lib/x86_64-linux-gnu/libdl-2.19.so
7f1626441000-7f1626640000 ---p 00003000 08:01 4460475                    /lib/x86_64-linux-gnu/libdl-2.19.so
7f1626640000-7f1626641000 r--p 00002000 08:01 4460475                    /lib/x86_64-linux-gnu/libdl-2.19.so
7f1626641000-7f1626642000 rw-p 00003000 08:01 4460475                    /lib/x86_64-linux-gnu/libdl-2.19.so
7f1626642000-7f1626657000 r-xp 00000000 08:01 23069978                   /shared/jdk1.8.0_45/lib/amd64/jli/libjli.so
7f1626657000-7f1626857000 ---p 00015000 08:01 23069978                   /shared/jdk1.8.0_45/lib/amd64/jli/libjli.so
7f1626857000-7f1626858000 rw-p 00015000 08:01 23069978                   /shared/jdk1.8.0_45/lib/amd64/jli/libjli.so
7f1626858000-7f1626871000 r-xp 00000000 08:01 4460578                    /lib/x86_64-linux-gnu/libpthread-2.19.so
7f1626871000-7f1626a70000 ---p 00019000 08:01 4460578                    /lib/x86_64-linux-gnu/libpthread-2.19.so
7f1626a70000-7f1626a71000 r--p 00018000 08:01 4460578                    /lib/x86_64-linux-gnu/libpthread-2.19.so
7f1626a71000-7f1626a72000 rw-p 00019000 08:01 4460578                    /lib/x86_64-linux-gnu/libpthread-2.19.so
7f1626a72000-7f1626a76000 rw-p 00000000 00:00 0 
7f1626a76000-7f1626a99000 r-xp 00000000 08:01 4460434                    /lib/x86_64-linux-gnu/ld-2.19.so
7f1626a99000-7f1626a9a000 r--s 00001000 08:01 24382515                   /home/fan/.sbt/boot/scala-2.10.4/org.scala-sbt/sbt/0.13.7/cross-0.13.7.jar
7f1626a9a000-7f1626aa2000 r--s 00069000 08:01 24382535                   /home/fan/.sbt/boot/scala-2.10.4/org.scala-sbt/sbt/0.13.7/actions-0.13.7.jar
7f1626aa2000-7f1626aa4000 r--s 00017000 08:01 24382510                   /home/fan/.sbt/boot/scala-2.10.4/org.scala-sbt/sbt/0.13.7/testing-0.13.7.jar
7f1626aa4000-7f1626abf000 r--s 0010d000 08:01 23071236                   /shared/sbt/bin/sbt-launch.jar
7f1626abf000-7f1626b7d000 rw-p 00000000 00:00 0 
7f1626b7d000-7f1626b80000 ---p 00000000 00:00 0 
7f1626b80000-7f1626c82000 rw-p 00000000 00:00 0                          [stack:28292]
7f1626c82000-7f1626c83000 r--s 00001000 08:01 24382499                   /home/fan/.sbt/boot/scala-2.10.4/org.scala-sbt/sbt/0.13.7/json4s-support_2.10-0.6.0.jar
7f1626c83000-7f1626c85000 r--s 0000f000 08:01 24382526                   /home/fan/.sbt/boot/scala-2.10.4/org.scala-sbt/sbt/0.13.7/json4s-native_2.10-3.2.10.jar
7f1626c85000-7f1626c89000 r--s 00025000 08:01 24381624                   /home/fan/.sbt/boot/scala-2.10.4/lib/jline.jar
7f1626c89000-7f1626c8c000 r--s 00018000 08:01 24381625                   /home/fan/.sbt/boot/scala-2.10.4/lib/jansi.jar
7f1626c8c000-7f1626c94000 rw-s 00000000 08:01 29894675                   /tmp/hsperfdata_fan/28291
7f1626c94000-7f1626c95000 rw-p 00000000 00:00 0 
7f1626c95000-7f1626c96000 r--p 00000000 00:00 0 
7f1626c96000-7f1626c98000 rw-p 00000000 00:00 0 
7f1626c98000-7f1626c99000 r--p 00022000 08:01 4460434                    /lib/x86_64-linux-gnu/ld-2.19.so
7f1626c99000-7f1626c9a000 rw-p 00023000 08:01 4460434                    /lib/x86_64-linux-gnu/ld-2.19.so
7f1626c9a000-7f1626c9b000 rw-p 00000000 00:00 0 
7fff4499b000-7fff449bc000 rw-p 00000000 00:00 0                          [stack]
7fff449fc000-7fff449fe000 r-xp 00000000 00:00 0                          [vdso]
7fff449fe000-7fff44a00000 r--p 00000000 00:00 0                          [vvar]
ffffffffff600000-ffffffffff601000 r-xp 00000000 00:00 0                  [vsyscall]

VM Arguments:
jvm_args: -Xms1024m -Xmx1024m -XX:ReservedCodeCacheSize=128m -XX:MaxMetaspaceSize=256m -Dhadoop.version=2.5.2 
java_command: /shared/sbt/bin/sbt-launch.jar clean assembly -Pyarn -Phadoop-2.4
java_class_path (initial): /shared/sbt/bin/sbt-launch.jar
Launcher Type: SUN_STANDARD

Environment Variables:
JAVA_HOME=/shared/java
PATH=/shared/scala/bin:/shared/java/bin:/shared/sbt/bin:/usr/local/sbin:/usr/local/bin:/usr/sbin:/usr/bin:/sbin:/bin:/usr/games:/usr/local/games
SHELL=/bin/bash
DISPLAY=:0

Signal Handlers:
SIGSEGV: [libjvm.so+0xaad1e0], sa_mask[0]=11111111011111111101111111111110, sa_flags=SA_RESTART|SA_SIGINFO
SIGBUS: [libjvm.so+0xaad1e0], sa_mask[0]=11111111011111111101111111111110, sa_flags=SA_RESTART|SA_SIGINFO
SIGFPE: [libjvm.so+0x90b450], sa_mask[0]=11111111011111111101111111111110, sa_flags=SA_RESTART|SA_SIGINFO
SIGPIPE: [libjvm.so+0x90b450], sa_mask[0]=11111111011111111101111111111110, sa_flags=SA_RESTART|SA_SIGINFO
SIGXFSZ: [libjvm.so+0x90b450], sa_mask[0]=11111111011111111101111111111110, sa_flags=SA_RESTART|SA_SIGINFO
SIGILL: [libjvm.so+0x90b450], sa_mask[0]=11111111011111111101111111111110, sa_flags=SA_RESTART|SA_SIGINFO
SIGUSR1: SIG_DFL, sa_mask[0]=00000000000000000000000000000000, sa_flags=none
SIGUSR2: [libjvm.so+0x90ca90], sa_mask[0]=00000000000000000000000000000000, sa_flags=SA_RESTART|SA_SIGINFO
SIGHUP: [libjvm.so+0x90dde0], sa_mask[0]=11111111011111111101111111111110, sa_flags=SA_RESTART|SA_SIGINFO
SIGINT: [libjvm.so+0x90dde0], sa_mask[0]=11111111011111111101111111111110, sa_flags=SA_RESTART|SA_SIGINFO
SIGTERM: [libjvm.so+0x90dde0], sa_mask[0]=11111111011111111101111111111110, sa_flags=SA_RESTART|SA_SIGINFO
SIGQUIT: [libjvm.so+0x90dde0], sa_mask[0]=11111111011111111101111111111110, sa_flags=SA_RESTART|SA_SIGINFO


---------------  S Y S T E M  ---------------

OS:DISTRIB_ID=Ubuntu
DISTRIB_RELEASE=14.04
DISTRIB_CODENAME=trusty
DISTRIB_DESCRIPTION="Ubuntu 14.04.2 LTS"

uname:Linux 3.16.0-30-generic #40~14.04.1-Ubuntu SMP Thu Jan 15 17:43:14 UTC 2015 x86_64
libc:glibc 2.19 NPTL 2.19 
rlimit: STACK 8192k, CORE 0k, NPROC 47905, NOFILE 4096, AS infinity
load average:0.32 1.09 1.41

/proc/meminfo:
MemTotal:       12285276 kB
MemFree:         3353688 kB
MemAvailable:    7466580 kB
Buffers:          302976 kB
Cached:          3640296 kB
SwapCached:         3652 kB
Active:          5641128 kB
Inactive:        2496780 kB
Active(anon):    3123076 kB
Inactive(anon):  1101188 kB
Active(file):    2518052 kB
Inactive(file):  1395592 kB
Unevictable:          32 kB
Mlocked:              32 kB
SwapTotal:      12561404 kB
SwapFree:       12416464 kB
Dirty:                44 kB
Writeback:             0 kB
AnonPages:       4203344 kB
Mapped:           203036 kB
Shmem:             29628 kB
Slab:             518748 kB
SReclaimable:     452652 kB
SUnreclaim:        66096 kB
KernelStack:       10160 kB
PageTables:        38596 kB
NFS_Unstable:          0 kB
Bounce:                0 kB
WritebackTmp:          0 kB
CommitLimit:    18704040 kB
Committed_AS:    7836436 kB
VmallocTotal:   34359738367 kB
VmallocUsed:      320664 kB
VmallocChunk:   34359285828 kB
HardwareCorrupted:     0 kB
AnonHugePages:   3190784 kB
HugePages_Total:       0
HugePages_Free:        0
HugePages_Rsvd:        0
HugePages_Surp:        0
Hugepagesize:       2048 kB
DirectMap4k:       99196 kB
DirectMap2M:    12464128 kB


CPU:total 8 (4 cores per cpu, 2 threads per core) family 6 model 42 stepping 7, cmov, cx8, fxsr, mmx, sse, sse2, sse3, ssse3, sse4.1, sse4.2, popcnt, avx, aes, clmul, ht, tsc, tscinvbit

/proc/cpuinfo:
processor	: 0
vendor_id	: GenuineIntel
cpu family	: 6
model		: 42
model name	: Intel(R) Core(TM) i7-2600K CPU @ 3.40GHz
stepping	: 7
microcode	: 0x12
cpu MHz		: 3578.367
cache size	: 8192 KB
physical id	: 0
siblings	: 8
core id		: 0
cpu cores	: 4
apicid		: 0
initial apicid	: 0
fpu		: yes
fpu_exception	: yes
cpuid level	: 13
wp		: yes
flags		: fpu vme de pse tsc msr pae mce cx8 apic sep mtrr pge mca cmov pat pse36 clflush dts acpi mmx fxsr sse sse2 ss ht tm pbe syscall nx rdtscp lm constant_tsc arch_perfmon pebs bts rep_good nopl xtopology nonstop_tsc aperfmperf eagerfpu pni pclmulqdq dtes64 monitor ds_cpl vmx est tm2 ssse3 cx16 xtpr pdcm pcid sse4_1 sse4_2 popcnt tsc_deadline_timer aes xsave avx lahf_lm ida arat epb xsaveopt pln pts dtherm tpr_shadow vnmi flexpriority ept vpid
bogomips	: 6784.27
clflush size	: 64
cache_alignment	: 64
address sizes	: 36 bits physical, 48 bits virtual
power management:

processor	: 1
vendor_id	: GenuineIntel
cpu family	: 6
model		: 42
model name	: Intel(R) Core(TM) i7-2600K CPU @ 3.40GHz
stepping	: 7
microcode	: 0x12
cpu MHz		: 3499.875
cache size	: 8192 KB
physical id	: 0
siblings	: 8
core id		: 1
cpu cores	: 4
apicid		: 2
initial apicid	: 2
fpu		: yes
fpu_exception	: yes
cpuid level	: 13
wp		: yes
flags		: fpu vme de pse tsc msr pae mce cx8 apic sep mtrr pge mca cmov pat pse36 clflush dts acpi mmx fxsr sse sse2 ss ht tm pbe syscall nx rdtscp lm constant_tsc arch_perfmon pebs bts rep_good nopl xtopology nonstop_tsc aperfmperf eagerfpu pni pclmulqdq dtes64 monitor ds_cpl vmx est tm2 ssse3 cx16 xtpr pdcm pcid sse4_1 sse4_2 popcnt tsc_deadline_timer aes xsave avx lahf_lm ida arat epb xsaveopt pln pts dtherm tpr_shadow vnmi flexpriority ept vpid
bogomips	: 6784.27
clflush size	: 64
cache_alignment	: 64
address sizes	: 36 bits physical, 48 bits virtual
power management:

processor	: 2
vendor_id	: GenuineIntel
cpu family	: 6
model		: 42
model name	: Intel(R) Core(TM) i7-2600K CPU @ 3.40GHz
stepping	: 7
microcode	: 0x12
cpu MHz		: 3578.234
cache size	: 8192 KB
physical id	: 0
siblings	: 8
core id		: 2
cpu cores	: 4
apicid		: 4
initial apicid	: 4
fpu		: yes
fpu_exception	: yes
cpuid level	: 13
wp		: yes
flags		: fpu vme de pse tsc msr pae mce cx8 apic sep mtrr pge mca cmov pat pse36 clflush dts acpi mmx fxsr sse sse2 ss ht tm pbe syscall nx rdtscp lm constant_tsc arch_perfmon pebs bts rep_good nopl xtopology nonstop_tsc aperfmperf eagerfpu pni pclmulqdq dtes64 monitor ds_cpl vmx est tm2 ssse3 cx16 xtpr pdcm pcid sse4_1 sse4_2 popcnt tsc_deadline_timer aes xsave avx lahf_lm ida arat epb xsaveopt pln pts dtherm tpr_shadow vnmi flexpriority ept vpid
bogomips	: 6784.27
clflush size	: 64
cache_alignment	: 64
address sizes	: 36 bits physical, 48 bits virtual
power management:

processor	: 3
vendor_id	: GenuineIntel
cpu family	: 6
model		: 42
model name	: Intel(R) Core(TM) i7-2600K CPU @ 3.40GHz
stepping	: 7
microcode	: 0x12
cpu MHz		: 3578.500
cache size	: 8192 KB
physical id	: 0
siblings	: 8
core id		: 3
cpu cores	: 4
apicid		: 6
initial apicid	: 6
fpu		: yes
fpu_exception	: yes
cpuid level	: 13
wp		: yes
flags		: fpu vme de pse tsc msr pae mce cx8 apic sep mtrr pge mca cmov pat pse36 clflush dts acpi mmx fxsr sse sse2 ss ht tm pbe syscall nx rdtscp lm constant_tsc arch_perfmon pebs bts rep_good nopl xtopology nonstop_tsc aperfmperf eagerfpu pni pclmulqdq dtes64 monitor ds_cpl vmx est tm2 ssse3 cx16 xtpr pdcm pcid sse4_1 sse4_2 popcnt tsc_deadline_timer aes xsave avx lahf_lm ida arat epb xsaveopt pln pts dtherm tpr_shadow vnmi flexpriority ept vpid
bogomips	: 6784.27
clflush size	: 64
cache_alignment	: 64
address sizes	: 36 bits physical, 48 bits virtual
power management:

processor	: 4
vendor_id	: GenuineIntel
cpu family	: 6
model		: 42
model name	: Intel(R) Core(TM) i7-2600K CPU @ 3.40GHz
stepping	: 7
microcode	: 0x12
cpu MHz		: 3554.593
cache size	: 8192 KB
physical id	: 0
siblings	: 8
core id		: 0
cpu cores	: 4
apicid		: 1
initial apicid	: 1
fpu		: yes
fpu_exception	: yes
cpuid level	: 13
wp		: yes
flags		: fpu vme de pse tsc msr pae mce cx8 apic sep mtrr pge mca cmov pat pse36 clflush dts acpi mmx fxsr sse sse2 ss ht tm pbe syscall nx rdtscp lm constant_tsc arch_perfmon pebs bts rep_good nopl xtopology nonstop_tsc aperfmperf eagerfpu pni pclmulqdq dtes64 monitor ds_cpl vmx est tm2 ssse3 cx16 xtpr pdcm pcid sse4_1 sse4_2 popcnt tsc_deadline_timer aes xsave avx lahf_lm ida arat epb xsaveopt pln pts dtherm tpr_shadow vnmi flexpriority ept vpid
bogomips	: 6784.27
clflush size	: 64
cache_alignment	: 64
address sizes	: 36 bits physical, 48 bits virtual
power management:

processor	: 5
vendor_id	: GenuineIntel
cpu family	: 6
model		: 42
model name	: Intel(R) Core(TM) i7-2600K CPU @ 3.40GHz
stepping	: 7
microcode	: 0x12
cpu MHz		: 3519.000
cache size	: 8192 KB
physical id	: 0
siblings	: 8
core id		: 1
cpu cores	: 4
apicid		: 3
initial apicid	: 3
fpu		: yes
fpu_exception	: yes
cpuid level	: 13
wp		: yes
flags		: fpu vme de pse tsc msr pae mce cx8 apic sep mtrr pge mca cmov pat pse36 clflush dts acpi mmx fxsr sse sse2 ss ht tm pbe syscall nx rdtscp lm constant_tsc arch_perfmon pebs bts rep_good nopl xtopology nonstop_tsc aperfmperf eagerfpu pni pclmulqdq dtes64 monitor ds_cpl vmx est tm2 ssse3 cx16 xtpr pdcm pcid sse4_1 sse4_2 popcnt tsc_deadline_timer aes xsave avx lahf_lm ida arat epb xsaveopt pln pts dtherm tpr_shadow vnmi flexpriority ept vpid
bogomips	: 6784.27
clflush size	: 64
cache_alignment	: 64
address sizes	: 36 bits physical, 48 bits virtual
power management:

processor	: 6
vendor_id	: GenuineIntel
cpu family	: 6
model		: 42
model name	: Intel(R) Core(TM) i7-2600K CPU @ 3.40GHz
stepping	: 7
microcode	: 0x12
cpu MHz		: 3500.539
cache size	: 8192 KB
physical id	: 0
siblings	: 8
core id		: 2
cpu cores	: 4
apicid		: 5
initial apicid	: 5
fpu		: yes
fpu_exception	: yes
cpuid level	: 13
wp		: yes
flags		: fpu vme de pse tsc msr pae mce cx8 apic sep mtrr pge mca cmov pat pse36 clflush dts acpi mmx fxsr sse sse2 ss ht tm pbe syscall nx rdtscp lm constant_tsc arch_perfmon pebs bts rep_good nopl xtopology nonstop_tsc aperfmperf eagerfpu pni pclmulqdq dtes64 monitor ds_cpl vmx est tm2 ssse3 cx16 xtpr pdcm pcid sse4_1 sse4_2 popcnt tsc_deadline_timer aes xsave avx lahf_lm ida arat epb xsaveopt pln pts dtherm tpr_shadow vnmi flexpriority ept vpid
bogomips	: 6784.27
clflush size	: 64
cache_alignment	: 64
address sizes	: 36 bits physical, 48 bits virtual
power management:

processor	: 7
vendor_id	: GenuineIntel
cpu family	: 6
model		: 42
model name	: Intel(R) Core(TM) i7-2600K CPU @ 3.40GHz
stepping	: 7
microcode	: 0x12
cpu MHz		: 3501.070
cache size	: 8192 KB
physical id	: 0
siblings	: 8
core id		: 3
cpu cores	: 4
apicid		: 7
initial apicid	: 7
fpu		: yes
fpu_exception	: yes
cpuid level	: 13
wp		: yes
flags		: fpu vme de pse tsc msr pae mce cx8 apic sep mtrr pge mca cmov pat pse36 clflush dts acpi mmx fxsr sse sse2 ss ht tm pbe syscall nx rdtscp lm constant_tsc arch_perfmon pebs bts rep_good nopl xtopology nonstop_tsc aperfmperf eagerfpu pni pclmulqdq dtes64 monitor ds_cpl vmx est tm2 ssse3 cx16 xtpr pdcm pcid sse4_1 sse4_2 popcnt tsc_deadline_timer aes xsave avx lahf_lm ida arat epb xsaveopt pln pts dtherm tpr_shadow vnmi flexpriority ept vpid
bogomips	: 6784.27
clflush size	: 64
cache_alignment	: 64
address sizes	: 36 bits physical, 48 bits virtual
power management:



Memory: 4k page, physical 12285276k(3353688k free), swap 12561404k(12416464k free)

vm_info: Java HotSpot(TM) 64-Bit Server VM (25.45-b02) for linux-amd64 JRE (1.8.0_45-b14), built on Apr 10 2015 10:07:45 by "java_re" with gcc 4.3.0 20080428 (Red Hat 4.3.0-8)

time: Mon Jul 27 23:16:41 2015
elapsed time: 1 seconds (0d 0h 0m 1s)

