#
# A fatal error has been detected by the Java Runtime Environment:
#
#  SIGSEGV (0xb) at pc=0x00007f779a09d6eb, pid=28554, tid=140150862554880
#
# JRE version: Java(TM) SE Runtime Environment (8.0_45-b14) (build 1.8.0_45-b14)
# Java VM: Java HotSpot(TM) 64-Bit Server VM (25.45-b02 mixed mode linux-amd64 compressed oops)
# Problematic frame:
# V  [libjvm.so+0x3b86eb]  LinearScan::sort_intervals_before_allocation()+0xdb
#
# Failed to write core dump. Core dumps have been disabled. To enable core dumping, try "ulimit -c unlimited" before starting Java again
#
# If you would like to submit a bug report, please visit:
#   http://bugreport.java.com/bugreport/crash.jsp
#

---------------  T H R E A D  ---------------

Current thread (0x00007f779420e800):  JavaThread "C1 CompilerThread3" daemon [_thread_in_native, id=28571, stack(0x00007f776a50a000,0x00007f776a60b000)]

siginfo: si_signo: 11 (SIGSEGV), si_code: 128 (SI_KERNEL), si_addr: 0x0000000000000000

Registers:
RAX=0x00467f7794f181b0, RBX=0x0000000000004c30, RCX=0x00000000000008e0, RDX=0x00007f77483c6120
RSP=0x00007f776a609030, RBP=0x00007f776a609060, RSI=0x00007f7794f18a80, RDI=0x00000000000046c8
R8 =0x00000000000008d8, R9 =0x0000000000002270, R10=0x00000000000008e0, R11=0x00007f7794f17f10
R12=0x00007f77483c44b0, R13=0x00000000000054f8, R14=0x00007f77482e8990, R15=0x0000000000002270
RIP=0x00007f779a09d6eb, EFLAGS=0x0000000000010202, CSGSFS=0x0000000000000033, ERR=0x0000000000000000
  TRAPNO=0x000000000000000d

Top of Stack: (sp=0x00007f776a609030)
0x00007f776a609030:   00007f77482e8990 00007f77482e8990
0x00007f776a609040:   00007f776a6090a0 00007f77482e8990
0x00007f776a609050:   00007f776a6091d0 00007f7748260540
0x00007f776a609060:   00007f776a609080 00007f779a0aa322
0x00007f776a609070:   00007f776a6093f0 00007f776a6093f0
0x00007f776a609080:   00007f776a609240 00007f779a038782
0x00007f776a609090:   0000000000000001 00007f7748118770
0x00007f776a6090a0:   00007f779ac04350 00007f779ac04508
0x00007f776a6090b0:   00007f776a6093f0 00007f77942e08b0
0x00007f776a6090c0:   0000000000000001 00007f77482b2990
0x00007f776a6090d0:   00007f7700001000 ffffffff00000000
0x00007f776a6090e0:   00007f77482ba9b0 00007f7700001000
0x00007f776a6090f0:   00007f7700000919 00007f77482c29d0
0x00007f776a609100:   ffffffff00001000 0000000000000000
0x00007f776a609110:   ffffffff00000a9f 00007f7700000a9c
0x00007f776a609120:   00007f77482aa970 00007f7700001000
0x00007f776a609130:   0000000000000000 000000000030d000
0x00007f776a609140:   0000000000000000 00007f779a03a200
0x00007f776a609150:   00007f7794e97520 0000000000001792
0x00007f776a609160:   0000000000000003 00007f77482e8270
0x00007f776a609170:   00007f779401a6e0 0000000200000000
0x00007f776a609180:   0000000000000000 00007f770000000f
0x00007f776a609190:   00007f7748260630 00007f7700000000
0x00007f776a6091a0:   00007f7794e48910 0000000000000004
0x00007f776a6091b0:   00007f7700000000 00007f7794e48890
0x00007f776a6091c0:   0000000000000004 000000049a03b367
0x00007f776a6091d0:   00007f7748260000 0000000000000000
0x00007f776a6091e0:   0000000000000002 00007f77942e0800
0x00007f776a6091f0:   00007f776a609260 00007f7748260540
0x00007f776a609200:   0000000000000000 00007f7700000007
0x00007f776a609210:   0000001100000000 00007f776a6093f0
0x00007f776a609220:   0000000000000028 00007f7748260540 

Instructions: (pc=0x00007f779a09d6eb)
0x00007f779a09d6cb:   4c 39 eb 0f 84 9f 00 00 00 41 89 ca 49 8b 46 58
0x00007f779a09d6db:   44 89 d1 4c 8b 1c 18 4d 85 db 74 e0 49 8b 43 08
0x00007f779a09d6eb:   44 8b 08 45 39 cf 7e bd 45 8d 42 ff 41 83 f8 ff
0x00007f779a09d6fb:   0f 84 8f 00 00 00 49 8b 4c 24 08 49 63 c0 48 8b 

Register to memory mapping:

RAX=0x00467f7794f181b0 is an unknown value
RBX=0x0000000000004c30 is an unknown value
RCX=0x00000000000008e0 is an unknown value
RDX=0x00007f77483c6120 is an unknown value
RSP=0x00007f776a609030 is pointing into the stack for thread: 0x00007f779420e800
RBP=0x00007f776a609060 is pointing into the stack for thread: 0x00007f779420e800
RSI=0x00007f7794f18a80 is an unknown value
RDI=0x00000000000046c8 is an unknown value
R8 =0x00000000000008d8 is an unknown value
R9 =0x0000000000002270 is an unknown value
R10=0x00000000000008e0 is an unknown value
R11=0x00007f7794f17f10 is an unknown value
R12=0x00007f77483c44b0 is an unknown value
R13=0x00000000000054f8 is an unknown value
R14=0x00007f77482e8990 is an unknown value
R15=0x0000000000002270 is an unknown value


Stack: [0x00007f776a50a000,0x00007f776a60b000],  sp=0x00007f776a609030,  free space=1020k
Native frames: (J=compiled Java code, j=interpreted, Vv=VM code, C=native code)
V  [libjvm.so+0x3b86eb]  LinearScan::sort_intervals_before_allocation()+0xdb
V  [libjvm.so+0x3c5322]  LinearScan::do_linear_scan()+0x52
V  [libjvm.so+0x353782]  Compilation::emit_lir()+0x252
V  [libjvm.so+0x35468b]  Compilation::compile_java_method()+0xdb
V  [libjvm.so+0x35474e]  Compilation::compile_method()+0x4e
V  [libjvm.so+0x354abe]  Compilation::Compilation(AbstractCompiler*, ciEnv*, ciMethod*, int, BufferBlob*)+0x25e
V  [libjvm.so+0x355869]  Compiler::compile_method(ciEnv*, ciMethod*, int)+0xa9
V  [libjvm.so+0x4a843a]  CompileBroker::invoke_compiler_on_method(CompileTask*)+0xc9a
V  [libjvm.so+0x4a93e6]  CompileBroker::compiler_thread_loop()+0x5d6
V  [libjvm.so+0xa5c86f]  JavaThread::thread_main_inner()+0xdf
V  [libjvm.so+0xa5c99c]  JavaThread::run()+0x11c
V  [libjvm.so+0x910de8]  java_start(Thread*)+0x108
C  [libpthread.so.0+0x8182]  start_thread+0xc2


Current CompileTask:
C1:   1090 1731       3       scala.reflect.internal.pickling.UnPickler$Scan::readType (814 bytes)


---------------  P R O C E S S  ---------------

Java Threads: ( => current thread )
  0x00007f779487f000 JavaThread "process reaper" daemon [_thread_blocked, id=28576, stack(0x00007f7769a67000,0x00007f7769aa0000)]
  0x00007f779421b800 JavaThread "Service Thread" daemon [_thread_blocked, id=28572, stack(0x00007f776a409000,0x00007f776a50a000)]
=>0x00007f779420e800 JavaThread "C1 CompilerThread3" daemon [_thread_in_native, id=28571, stack(0x00007f776a50a000,0x00007f776a60b000)]
  0x00007f779420c800 JavaThread "C2 CompilerThread2" daemon [_thread_in_native, id=28570, stack(0x00007f776a60b000,0x00007f776a70c000)]
  0x00007f779420a800 JavaThread "C2 CompilerThread1" daemon [_thread_in_native, id=28569, stack(0x00007f776a70c000,0x00007f776a80d000)]
  0x00007f7794207800 JavaThread "C2 CompilerThread0" daemon [_thread_blocked, id=28568, stack(0x00007f776a80d000,0x00007f776a90e000)]
  0x00007f7794206000 JavaThread "Signal Dispatcher" daemon [_thread_blocked, id=28567, stack(0x00007f776a90e000,0x00007f776aa0f000)]
  0x00007f77941ce000 JavaThread "Finalizer" daemon [_thread_blocked, id=28566, stack(0x00007f776b0f1000,0x00007f776b1f2000)]
  0x00007f77941cc000 JavaThread "Reference Handler" daemon [_thread_blocked, id=28565, stack(0x00007f776b1f2000,0x00007f776b2f3000)]
  0x00007f7794009800 JavaThread "main" [_thread_in_native, id=28555, stack(0x00007f779b7b2000,0x00007f779b8b3000)]

Other Threads:
  0x00007f77941c7000 VMThread [stack: 0x00007f776b2f3000,0x00007f776b3f4000] [id=28564]
  0x00007f779421e000 WatcherThread [stack: 0x00007f776a308000,0x00007f776a409000] [id=28573]

VM state:not at safepoint (normal execution)

VM Mutex/Monitor currently owned by a thread: None

Heap:
 PSYoungGen      total 305664K, used 20971K [0x00000000eab00000, 0x0000000100000000, 0x0000000100000000)
  eden space 262144K, 8% used [0x00000000eab00000,0x00000000ebf7af30,0x00000000fab00000)
  from space 43520K, 0% used [0x00000000fab00000,0x00000000fab00000,0x00000000fd580000)
  to   space 43520K, 0% used [0x00000000fd580000,0x00000000fd580000,0x0000000100000000)
 ParOldGen       total 699392K, used 14920K [0x00000000c0000000, 0x00000000eab00000, 0x00000000eab00000)
  object space 699392K, 2% used [0x00000000c0000000,0x00000000c0e92018,0x00000000eab00000)
 Metaspace       used 22220K, capacity 22494K, committed 22656K, reserved 1069056K
  class space    used 3792K, capacity 3887K, committed 3968K, reserved 1048576K

Card table byte_map: [0x00007f7798544000,0x00007f7798745000] byte_map_base: 0x00007f7797f44000

Marking Bits: (ParMarkBitMap*) 0x00007f779ac82760
 Begin Bits: [0x00007f7789afb000, 0x00007f778aafb000)
 End Bits:   [0x00007f778aafb000, 0x00007f778bafb000)

Polling page: 0x00007f779b8ca000

CodeCache: size=131072Kb used=4971Kb max_used=4985Kb free=126100Kb
 bounds [0x00007f778c000000, 0x00007f778c4f0000, 0x00007f7794000000]
 total_blobs=2097 nmethods=1730 adapters=279
 compilation: enabled

Compilation events (10 events):
Event: 1.078 Thread 0x00007f779420e800 nmethod 1727 0x00007f778c4d8c10 code [0x00007f778c4d8e00, 0x00007f778c4d96c8]
Event: 1.078 Thread 0x00007f779420e800 1728       3       scala.reflect.internal.SymbolTable$$anonfun$openPackageModule$2::apply (35 bytes)
Event: 1.078 Thread 0x00007f779420e800 nmethod 1728 0x00007f778c4d99d0 code [0x00007f778c4d9ba0, 0x00007f778c4da2a8]
Event: 1.078 Thread 0x00007f779420e800 1729       3       scala.collection.IndexedSeqOptimized$class::slice (104 bytes)
Event: 1.079 Thread 0x00007f779420e800 nmethod 1729 0x00007f778c4da4d0 code [0x00007f778c4da700, 0x00007f778c4db3d8]
Event: 1.079 Thread 0x00007f779420e800 1730       3       scala.reflect.internal.Symbols$ClassSymbol::isModuleClass (8 bytes)
Event: 1.079 Thread 0x00007f779420e800 nmethod 1730 0x00007f778c4db850 code [0x00007f778c4db9c0, 0x00007f778c4dbbc8]
Event: 1.079 Thread 0x00007f779420e800 1731       3       scala.reflect.internal.pickling.UnPickler$Scan::readType (814 bytes)
Event: 1.080 Thread 0x00007f779420c800 1734       4       java.net.URLClassLoader$1::run (5 bytes)
Event: 1.080 Thread 0x00007f779420a800 1735   !   4       java.net.URLClassLoader$1::run (63 bytes)

GC Heap History (4 events):
Event: 0.883 GC heap before
{Heap before GC invocations=1 (full 0):
 PSYoungGen      total 305664K, used 94402K [0x00000000eab00000, 0x0000000100000000, 0x0000000100000000)
  eden space 262144K, 36% used [0x00000000eab00000,0x00000000f07309a0,0x00000000fab00000)
  from space 43520K, 0% used [0x00000000fd580000,0x00000000fd580000,0x0000000100000000)
  to   space 43520K, 0% used [0x00000000fab00000,0x00000000fab00000,0x00000000fd580000)
 ParOldGen       total 699392K, used 0K [0x00000000c0000000, 0x00000000eab00000, 0x00000000eab00000)
  object space 699392K, 0% used [0x00000000c0000000,0x00000000c0000000,0x00000000eab00000)
 Metaspace       used 20958K, capacity 21202K, committed 21296K, reserved 1067008K
  class space    used 3593K, capacity 3693K, committed 3712K, reserved 1048576K
Event: 0.894 GC heap after
Heap after GC invocations=1 (full 0):
 PSYoungGen      total 305664K, used 15813K [0x00000000eab00000, 0x0000000100000000, 0x0000000100000000)
  eden space 262144K, 0% used [0x00000000eab00000,0x00000000eab00000,0x00000000fab00000)
  from space 43520K, 36% used [0x00000000fab00000,0x00000000fba714f8,0x00000000fd580000)
  to   space 43520K, 0% used [0x00000000fd580000,0x00000000fd580000,0x0000000100000000)
 ParOldGen       total 699392K, used 16K [0x00000000c0000000, 0x00000000eab00000, 0x00000000eab00000)
  object space 699392K, 0% used [0x00000000c0000000,0x00000000c0004000,0x00000000eab00000)
 Metaspace       used 20958K, capacity 21202K, committed 21296K, reserved 1067008K
  class space    used 3593K, capacity 3693K, committed 3712K, reserved 1048576K
}
Event: 0.895 GC heap before
{Heap before GC invocations=2 (full 1):
 PSYoungGen      total 305664K, used 15813K [0x00000000eab00000, 0x0000000100000000, 0x0000000100000000)
  eden space 262144K, 0% used [0x00000000eab00000,0x00000000eab00000,0x00000000fab00000)
  from space 43520K, 36% used [0x00000000fab00000,0x00000000fba714f8,0x00000000fd580000)
  to   space 43520K, 0% used [0x00000000fd580000,0x00000000fd580000,0x0000000100000000)
 ParOldGen       total 699392K, used 16K [0x00000000c0000000, 0x00000000eab00000, 0x00000000eab00000)
  object space 699392K, 0% used [0x00000000c0000000,0x00000000c0004000,0x00000000eab00000)
 Metaspace       used 20958K, capacity 21202K, committed 21296K, reserved 1067008K
  class space    used 3593K, capacity 3693K, committed 3712K, reserved 1048576K
Event: 0.918 GC heap after
Heap after GC invocations=2 (full 1):
 PSYoungGen      total 305664K, used 0K [0x00000000eab00000, 0x0000000100000000, 0x0000000100000000)
  eden space 262144K, 0% used [0x00000000eab00000,0x00000000eab00000,0x00000000fab00000)
  from space 43520K, 0% used [0x00000000fab00000,0x00000000fab00000,0x00000000fd580000)
  to   space 43520K, 0% used [0x00000000fd580000,0x00000000fd580000,0x0000000100000000)
 ParOldGen       total 699392K, used 14920K [0x00000000c0000000, 0x00000000eab00000, 0x00000000eab00000)
  object space 699392K, 2% used [0x00000000c0000000,0x00000000c0e92018,0x00000000eab00000)
 Metaspace       used 20958K, capacity 21202K, committed 21296K, reserved 1067008K
  class space    used 3593K, capacity 3693K, committed 3712K, reserved 1048576K
}

Deoptimization events (8 events):
Event: 0.122 Thread 0x00007f7794009800 Uncommon trap: reason=unstable_if action=reinterpret pc=0x00007f778c141784 method=java.lang.String.indexOf(II)I @ 49
Event: 0.351 Thread 0x00007f7794009800 Uncommon trap: reason=unstable_if action=reinterpret pc=0x00007f778c143c4c method=java.lang.String.startsWith(Ljava/lang/String;I)Z @ 25
Event: 0.400 Thread 0x00007f7794009800 Uncommon trap: reason=unstable_if action=reinterpret pc=0x00007f778c22c760 method=java.util.HashMap.getNode(ILjava/lang/Object;)Ljava/util/HashMap$Node; @ 116
Event: 0.424 Thread 0x00007f7794009800 Uncommon trap: reason=unstable_if action=reinterpret pc=0x00007f778c1baa0c method=java.lang.String.indexOf([CII[CIII)I @ 3
Event: 0.436 Thread 0x00007f7794009800 Uncommon trap: reason=unstable_if action=reinterpret pc=0x00007f778c22a650 method=java.lang.CharacterDataLatin1.toUpperCase(I)I @ 12
Event: 0.621 Thread 0x00007f7794009800 Uncommon trap: reason=unstable_if action=reinterpret pc=0x00007f778c34034c method=java.util.regex.Pattern$BmpCharProperty.match(Ljava/util/regex/Matcher;ILjava/lang/CharSequence;)Z @ 5
Event: 0.856 Thread 0x00007f7794009800 Uncommon trap: reason=unstable_if action=reinterpret pc=0x00007f778c28bd04 method=java.util.HashMap.getNode(ILjava/lang/Object;)Ljava/util/HashMap$Node; @ 62
Event: 1.038 Thread 0x00007f7794009800 Uncommon trap: reason=unstable_if action=reinterpret pc=0x00007f778c33f9b0 method=java.lang.SecurityManager.checkPackageAccess(Ljava/lang/String;)V @ 85

Internal exceptions (10 events):
Event: 0.990 Thread 0x00007f7794009800 Exception <a 'java/lang/ClassNotFoundException': scala/reflect/ScalaLongSignature> (0x00000000eadd1c00) thrown at [/RE-WORK/workspace/8-2-build-linux-amd64/jdk8u45/3457/hotspot/src/share/vm/classfile/systemDictionary.cpp, line 210]
Event: 0.994 Thread 0x00007f7794009800 Exception <a 'java/lang/ArrayIndexOutOfBoundsException'> (0x00000000eaded000) thrown at [/RE-WORK/workspace/8-2-build-linux-amd64/jdk8u45/3457/hotspot/src/share/vm/runtime/sharedRuntime.cpp, line 605]
Event: 0.994 Thread 0x00007f7794009800 Exception <a 'java/lang/ArrayIndexOutOfBoundsException'> (0x00000000eadee198) thrown at [/RE-WORK/workspace/8-2-build-linux-amd64/jdk8u45/3457/hotspot/src/share/vm/runtime/sharedRuntime.cpp, line 605]
Event: 0.994 Thread 0x00007f7794009800 Exception <a 'java/lang/ClassNotFoundException': scala/reflect/ScalaSignature> (0x00000000eadf1df0) thrown at [/RE-WORK/workspace/8-2-build-linux-amd64/jdk8u45/3457/hotspot/src/share/vm/classfile/systemDictionary.cpp, line 210]
Event: 0.994 Thread 0x00007f7794009800 Exception <a 'java/lang/ClassNotFoundException': scala/reflect/ScalaLongSignature> (0x00000000eadf2698) thrown at [/RE-WORK/workspace/8-2-build-linux-amd64/jdk8u45/3457/hotspot/src/share/vm/classfile/systemDictionary.cpp, line 210]
Event: 0.997 Thread 0x00007f7794009800 Exception <a 'java/lang/ClassNotFoundException': scala/reflect/ScalaSignature> (0x00000000eae00e28) thrown at [/RE-WORK/workspace/8-2-build-linux-amd64/jdk8u45/3457/hotspot/src/share/vm/classfile/systemDictionary.cpp, line 210]
Event: 0.997 Thread 0x00007f7794009800 Exception <a 'java/lang/ClassNotFoundException': scala/reflect/ScalaLongSignature> (0x00000000eae016d0) thrown at [/RE-WORK/workspace/8-2-build-linux-amd64/jdk8u45/3457/hotspot/src/share/vm/classfile/systemDictionary.cpp, line 210]
Event: 0.998 Thread 0x00007f7794009800 Exception <a 'java/lang/ClassNotFoundException': scala/reflect/ScalaSignature> (0x00000000eae0fd78) thrown at [/RE-WORK/workspace/8-2-build-linux-amd64/jdk8u45/3457/hotspot/src/share/vm/classfile/systemDictionary.cpp, line 210]
Event: 0.998 Thread 0x00007f7794009800 Exception <a 'java/lang/ClassNotFoundException': scala/reflect/ScalaLongSignature> (0x00000000eae10490) thrown at [/RE-WORK/workspace/8-2-build-linux-amd64/jdk8u45/3457/hotspot/src/share/vm/classfile/systemDictionary.cpp, line 210]
Event: 0.999 Thread 0x00007f7794009800 Exception <a 'java/lang/ArrayIndexOutOfBoundsException'> (0x00000000eae15318) thrown at [/RE-WORK/workspace/8-2-build-linux-amd64/jdk8u45/3457/hotspot/src/share/vm/runtime/sharedRuntime.cpp, line 605]

Events (10 events):
Event: 1.085 loading class sbt/inDependencies$default$3
Event: 1.085 loading class sbt/inDependencies$default$3 done
Event: 1.085 loading class sbt/plugins
Event: 1.085 loading class sbt/plugins done
Event: 1.085 loading class sbt/plugins/package
Event: 1.085 loading class sbt/plugins/package done
Event: 1.085 loading class sbt/plugins/IvyPlugin
Event: 1.085 loading class sbt/plugins/IvyPlugin done
Event: 1.086 loading class sbt/Plugins$$anonfun$hasAutoImportGetter$1
Event: 1.086 loading class sbt/Plugins$$anonfun$hasAutoImportGetter$1 done


Dynamic libraries:
00400000-00401000 r-xp 00000000 08:01 23069817                           /shared/jdk1.8.0_45/bin/java
00600000-00601000 rw-p 00000000 08:01 23069817                           /shared/jdk1.8.0_45/bin/java
009df000-00a00000 rw-p 00000000 00:00 0                                  [heap]
c0000000-1003e0000 rw-p 00000000 00:00 0 
1003e0000-140000000 ---p 00000000 00:00 0 
7f7734000000-7f7734021000 rw-p 00000000 00:00 0 
7f7734021000-7f7738000000 ---p 00000000 00:00 0 
7f773c000000-7f773c021000 rw-p 00000000 00:00 0 
7f773c021000-7f7740000000 ---p 00000000 00:00 0 
7f7740000000-7f7740021000 rw-p 00000000 00:00 0 
7f7740021000-7f7744000000 ---p 00000000 00:00 0 
7f7744000000-7f774421b000 rw-p 00000000 00:00 0 
7f774421b000-7f7748000000 ---p 00000000 00:00 0 
7f7748000000-7f7748662000 rw-p 00000000 00:00 0 
7f7748662000-7f774c000000 ---p 00000000 00:00 0 
7f774c000000-7f774c1ac000 rw-p 00000000 00:00 0 
7f774c1ac000-7f7750000000 ---p 00000000 00:00 0 
7f7750000000-7f77501db000 rw-p 00000000 00:00 0 
7f77501db000-7f7754000000 ---p 00000000 00:00 0 
7f7754000000-7f7754021000 rw-p 00000000 00:00 0 
7f7754021000-7f7758000000 ---p 00000000 00:00 0 
7f7758000000-7f7758021000 rw-p 00000000 00:00 0 
7f7758021000-7f775c000000 ---p 00000000 00:00 0 
7f775c000000-7f775c021000 rw-p 00000000 00:00 0 
7f775c021000-7f7760000000 ---p 00000000 00:00 0 
7f7760000000-7f7760021000 rw-p 00000000 00:00 0 
7f7760021000-7f7764000000 ---p 00000000 00:00 0 
7f7764000000-7f7764021000 rw-p 00000000 00:00 0 
7f7764021000-7f7768000000 ---p 00000000 00:00 0 
7f7769060000-7f77690a2000 rw-p 00000000 00:00 0 
7f77690a2000-7f7769262000 ---p 00000000 00:00 0 
7f7769262000-7f7769462000 rw-p 00000000 00:00 0 
7f7769462000-7f7769662000 rw-p 00000000 00:00 0 
7f7769662000-7f7769862000 rw-p 00000000 00:00 0 
7f7769862000-7f7769a62000 rw-p 00000000 00:00 0 
7f7769a62000-7f7769a67000 r--s 00094000 08:01 23069624                   /shared/jdk1.8.0_45/jre/lib/jsse.jar
7f7769a67000-7f7769a6a000 ---p 00000000 00:00 0 
7f7769a6a000-7f7769aa0000 rw-p 00000000 00:00 0                          [stack:28576]
7f7769aa0000-7f7769aa2000 r--s 0000b000 08:01 24511612                   /home/fan/.sbt/boot/scala-2.10.4/org.scala-sbt/sbt/0.13.7/xsbti/interface-0.13.7.jar
7f7769aa2000-7f7769aa8000 r--s 0003d000 08:01 24382508                   /home/fan/.sbt/boot/scala-2.10.4/org.scala-sbt/sbt/0.13.7/io-0.13.7.jar
7f7769aa8000-7f7769aaa000 r--s 00006000 08:01 24382536                   /home/fan/.sbt/boot/scala-2.10.4/org.scala-sbt/sbt/0.13.7/relation-0.13.7.jar
7f7769aaa000-7f7769aac000 r--s 0000e000 08:01 24382509                   /home/fan/.sbt/boot/scala-2.10.4/org.scala-sbt/sbt/0.13.7/logic-0.13.7.jar
7f7769aac000-7f7769aae000 r--s 00013000 08:01 24382516                   /home/fan/.sbt/boot/scala-2.10.4/org.scala-sbt/sbt/0.13.7/json4s-ast_2.10-3.2.10.jar
7f7769aae000-7f7769cae000 rw-p 00000000 00:00 0 
7f7769cae000-7f7769cb1000 r--s 00018000 08:01 24382538                   /home/fan/.sbt/boot/scala-2.10.4/org.scala-sbt/sbt/0.13.7/logging-0.13.7.jar
7f7769cb1000-7f7769cbb000 r--s 00085000 08:01 24382542                   /home/fan/.sbt/boot/scala-2.10.4/org.scala-sbt/sbt/0.13.7/json4s-core_2.10-3.2.10.jar
7f7769cbb000-7f7769cbc000 r--s 0000a000 08:01 24382514                   /home/fan/.sbt/boot/scala-2.10.4/org.scala-sbt/sbt/0.13.7/tracking-0.13.7.jar
7f7769cbc000-7f7769cbe000 r--s 00014000 08:01 24382520                   /home/fan/.sbt/boot/scala-2.10.4/org.scala-sbt/sbt/0.13.7/apply-macro-0.13.7.jar
7f7769cbe000-7f7769cc1000 r--s 0001d000 08:01 24382534                   /home/fan/.sbt/boot/scala-2.10.4/org.scala-sbt/sbt/0.13.7/tasks-0.13.7.jar
7f7769cc1000-7f7769cc4000 r--s 00013000 08:01 24382522                   /home/fan/.sbt/boot/scala-2.10.4/org.scala-sbt/sbt/0.13.7/classpath-0.13.7.jar
7f7769cc4000-7f7769cc6000 r--s 00012000 08:01 24382537                   /home/fan/.sbt/boot/scala-2.10.4/org.scala-sbt/sbt/0.13.7/jawn-parser_2.10-0.6.0.jar
7f7769cc6000-7f7769cca000 r--s 0001b000 08:01 24382525                   /home/fan/.sbt/boot/scala-2.10.4/org.scala-sbt/sbt/0.13.7/process-0.13.7.jar
7f7769cca000-7f7769ccc000 r--s 00007000 08:01 24382530                   /home/fan/.sbt/boot/scala-2.10.4/org.scala-sbt/sbt/0.13.7/paranamer-2.6.jar
7f7769ccc000-7f7769ccd000 r--s 00005000 08:01 24382543                   /home/fan/.sbt/boot/scala-2.10.4/org.scala-sbt/sbt/0.13.7/sbt-0.13.7.jar
7f7769ccd000-7f7769cd0000 r--s 0001e000 08:01 24382507                   /home/fan/.sbt/boot/scala-2.10.4/org.scala-sbt/sbt/0.13.7/run-0.13.7.jar
7f7769cd0000-7f7769cd2000 r--s 00002000 08:01 24382531                   /home/fan/.sbt/boot/scala-2.10.4/org.scala-sbt/sbt/0.13.7/test-interface-1.0.jar
7f7769cd2000-7f7769ce5000 r--s 000be000 08:01 24382517                   /home/fan/.sbt/boot/scala-2.10.4/org.scala-sbt/sbt/0.13.7/scalap-2.10.0.jar
7f7769ce5000-7f7769cef000 r--s 00092000 08:01 24382524                   /home/fan/.sbt/boot/scala-2.10.4/org.scala-sbt/sbt/0.13.7/main-settings-0.13.7.jar
7f7769cef000-7f7769cf4000 r--s 00023000 08:01 24382503                   /home/fan/.sbt/boot/scala-2.10.4/org.scala-sbt/sbt/0.13.7/persist-0.13.7.jar
7f7769cf4000-7f7769cf8000 r--s 00022000 08:01 24382533                   /home/fan/.sbt/boot/scala-2.10.4/org.scala-sbt/sbt/0.13.7/sbinary_2.10-0.4.2.jar
7f7769cf8000-7f7769cfb000 r--s 0000e000 08:01 24382502                   /home/fan/.sbt/boot/scala-2.10.4/org.scala-sbt/sbt/0.13.7/compiler-integration-0.13.7.jar
7f7769cfb000-7f7769cfe000 r--s 0001d000 08:01 24382513                   /home/fan/.sbt/boot/scala-2.10.4/org.scala-sbt/sbt/0.13.7/task-system-0.13.7.jar
7f7769cfe000-7f7769d11000 r--s 000fc000 08:01 24382518                   /home/fan/.sbt/boot/scala-2.10.4/org.scala-sbt/sbt/0.13.7/ivy-0.13.7.jar
7f7769d11000-7f7769d47000 r--s 002d9000 08:01 24382540                   /home/fan/.sbt/boot/scala-2.10.4/org.scala-sbt/sbt/0.13.7/scala-reflect-2.10.4.jar
7f7769d47000-7f7769d71000 r--s 0022d000 08:01 24382512                   /home/fan/.sbt/boot/scala-2.10.4/org.scala-sbt/sbt/0.13.7/main-0.13.7.jar
7f7769d71000-7f7769de3000 r--s 0065a000 08:01 24381628                   /home/fan/.sbt/boot/scala-2.10.4/lib/scala-library.jar
7f7769de3000-7f7769ee0000 r--s 00cca000 08:01 24381627                   /home/fan/.sbt/boot/scala-2.10.4/lib/scala-compiler.jar
7f7769ee0000-7f7769ef1000 r-xp 00000000 08:01 23069647                   /shared/jdk1.8.0_45/jre/lib/amd64/libnio.so
7f7769ef1000-7f776a0f0000 ---p 00011000 08:01 23069647                   /shared/jdk1.8.0_45/jre/lib/amd64/libnio.so
7f776a0f0000-7f776a0f1000 rw-p 00010000 08:01 23069647                   /shared/jdk1.8.0_45/jre/lib/amd64/libnio.so
7f776a0f1000-7f776a107000 r-xp 00000000 08:01 23069673                   /shared/jdk1.8.0_45/jre/lib/amd64/libnet.so
7f776a107000-7f776a307000 ---p 00016000 08:01 23069673                   /shared/jdk1.8.0_45/jre/lib/amd64/libnet.so
7f776a307000-7f776a308000 rw-p 00016000 08:01 23069673                   /shared/jdk1.8.0_45/jre/lib/amd64/libnet.so
7f776a308000-7f776a309000 ---p 00000000 00:00 0 
7f776a309000-7f776a409000 rw-p 00000000 00:00 0                          [stack:28573]
7f776a409000-7f776a40c000 ---p 00000000 00:00 0 
7f776a40c000-7f776a50a000 rw-p 00000000 00:00 0                          [stack:28572]
7f776a50a000-7f776a50d000 ---p 00000000 00:00 0 
7f776a50d000-7f776a60b000 rw-p 00000000 00:00 0                          [stack:28571]
7f776a60b000-7f776a60e000 ---p 00000000 00:00 0 
7f776a60e000-7f776a70c000 rw-p 00000000 00:00 0                          [stack:28570]
7f776a70c000-7f776a70f000 ---p 00000000 00:00 0 
7f776a70f000-7f776a80d000 rw-p 00000000 00:00 0                          [stack:28569]
7f776a80d000-7f776a810000 ---p 00000000 00:00 0 
7f776a810000-7f776a90e000 rw-p 00000000 00:00 0                          [stack:28568]
7f776a90e000-7f776a911000 ---p 00000000 00:00 0 
7f776a911000-7f776aa0f000 rw-p 00000000 00:00 0                          [stack:28567]
7f776aa0f000-7f776b0f1000 r--p 00000000 08:01 25172526                   /usr/lib/locale/locale-archive
7f776b0f1000-7f776b0f4000 ---p 00000000 00:00 0 
7f776b0f4000-7f776b1f2000 rw-p 00000000 00:00 0                          [stack:28566]
7f776b1f2000-7f776b1f5000 ---p 00000000 00:00 0 
7f776b1f5000-7f776b2f3000 rw-p 00000000 00:00 0                          [stack:28565]
7f776b2f3000-7f776b2f4000 ---p 00000000 00:00 0 
7f776b2f4000-7f776c000000 rw-p 00000000 00:00 0                          [stack:28564]
7f776c000000-7f776c021000 rw-p 00000000 00:00 0 
7f776c021000-7f7770000000 ---p 00000000 00:00 0 
7f7770000000-7f7770021000 rw-p 00000000 00:00 0 
7f7770021000-7f7774000000 ---p 00000000 00:00 0 
7f7774000000-7f7774021000 rw-p 00000000 00:00 0 
7f7774021000-7f7778000000 ---p 00000000 00:00 0 
7f7778000000-7f7778021000 rw-p 00000000 00:00 0 
7f7778021000-7f777c000000 ---p 00000000 00:00 0 
7f777c000000-7f777c021000 rw-p 00000000 00:00 0 
7f777c021000-7f7780000000 ---p 00000000 00:00 0 
7f7780000000-7f7780021000 rw-p 00000000 00:00 0 
7f7780021000-7f7784000000 ---p 00000000 00:00 0 
7f7784000000-7f7784021000 rw-p 00000000 00:00 0 
7f7784021000-7f7788000000 ---p 00000000 00:00 0 
7f7788000000-7f7788002000 r--s 00001000 08:01 24382529                   /home/fan/.sbt/boot/scala-2.10.4/org.scala-sbt/sbt/0.13.7/compiler-ivy-integration-0.13.7.jar
7f7788002000-7f7788009000 r--s 00049000 08:01 24382511                   /home/fan/.sbt/boot/scala-2.10.4/org.scala-sbt/sbt/0.13.7/api-0.13.7.jar
7f7788009000-7f7788011000 r--s 00060000 08:01 24382527                   /home/fan/.sbt/boot/scala-2.10.4/org.scala-sbt/sbt/0.13.7/collections-0.13.7.jar
7f7788011000-7f7788013000 r--s 00001000 08:01 24382541                   /home/fan/.sbt/boot/scala-2.10.4/org.scala-sbt/sbt/0.13.7/launcher-interface-0.13.7.jar
7f7788013000-7f7788f22000 rw-p 00000000 00:00 0 
7f7788f22000-7f77890fb000 r--s 03d09000 08:01 23069626                   /shared/jdk1.8.0_45/jre/lib/rt.jar
7f77890fb000-7f778bafb000 rw-p 00000000 00:00 0 
7f778bafb000-7f778bafc000 ---p 00000000 00:00 0 
7f778bafc000-7f778bbfc000 rw-p 00000000 00:00 0                          [stack:28563]
7f778bbfc000-7f778bbfd000 ---p 00000000 00:00 0 
7f778bbfd000-7f778bcfd000 rw-p 00000000 00:00 0                          [stack:28562]
7f778bcfd000-7f778bcfe000 ---p 00000000 00:00 0 
7f778bcfe000-7f778bdfe000 rw-p 00000000 00:00 0                          [stack:28561]
7f778bdfe000-7f778bdff000 ---p 00000000 00:00 0 
7f778bdff000-7f778beff000 rw-p 00000000 00:00 0                          [stack:28560]
7f778beff000-7f778bf00000 ---p 00000000 00:00 0 
7f778bf00000-7f778c000000 rw-p 00000000 00:00 0                          [stack:28559]
7f778c000000-7f778c4f0000 rwxp 00000000 00:00 0 
7f778c4f0000-7f7794000000 ---p 00000000 00:00 0 
7f7794000000-7f7794f55000 rw-p 00000000 00:00 0 
7f7794f55000-7f7798000000 ---p 00000000 00:00 0 
7f7798000000-7f7798001000 r--s 00005000 08:01 24382544                   /home/fan/.sbt/boot/scala-2.10.4/org.scala-sbt/sbt/0.13.7/test-agent-0.13.7.jar
7f7798001000-7f7798003000 r--s 00002000 08:01 24382521                   /home/fan/.sbt/boot/scala-2.10.4/org.scala-sbt/sbt/0.13.7/control-0.13.7.jar
7f7798003000-7f779800c000 r--s 00061000 08:01 24382523                   /home/fan/.sbt/boot/scala-2.10.4/org.scala-sbt/sbt/0.13.7/incremental-compiler-0.13.7.jar
7f779800c000-7f779800f000 r--s 00030000 08:01 24382539                   /home/fan/.sbt/boot/scala-2.10.4/org.scala-sbt/sbt/0.13.7/jline-2.11.jar
7f779800f000-7f7798012000 r--s 0001a000 08:01 24382528                   /home/fan/.sbt/boot/scala-2.10.4/org.scala-sbt/sbt/0.13.7/cache-0.13.7.jar
7f7798012000-7f7798017000 r--s 00036000 08:01 24382532                   /home/fan/.sbt/boot/scala-2.10.4/org.scala-sbt/sbt/0.13.7/command-0.13.7.jar
7f7798017000-7f779801f000 r--s 00057000 08:01 24382519                   /home/fan/.sbt/boot/scala-2.10.4/org.scala-sbt/sbt/0.13.7/completion-0.13.7.jar
7f779801f000-7f7798022000 r--s 00012000 08:01 24382501                   /home/fan/.sbt/boot/scala-2.10.4/org.scala-sbt/sbt/0.13.7/classfile-0.13.7.jar
7f7798022000-7f7798038000 r--s 00100000 08:01 24382506                   /home/fan/.sbt/boot/scala-2.10.4/org.scala-sbt/sbt/0.13.7/ivy-2.3.0-sbt-fccfbd44c9f64523b61398a0155784dcbaeae28f.jar
7f7798038000-7f779803c000 r--s 00034000 08:01 24382500                   /home/fan/.sbt/boot/scala-2.10.4/org.scala-sbt/sbt/0.13.7/jsch-0.1.46.jar
7f779803c000-7f779803f000 r--s 00019000 08:01 24382545                   /home/fan/.sbt/boot/scala-2.10.4/org.scala-sbt/sbt/0.13.7/compile-0.13.7.jar
7f779803f000-7f7798075000 r--s 002d9000 08:01 24381626                   /home/fan/.sbt/boot/scala-2.10.4/lib/scala-reflect.jar
7f7798075000-7f77980eb000 rw-p 00000000 00:00 0 
7f77980eb000-7f77980ec000 ---p 00000000 00:00 0 
7f77980ec000-7f77981ec000 rw-p 00000000 00:00 0                          [stack:28558]
7f77981ec000-7f77981ed000 ---p 00000000 00:00 0 
7f77981ed000-7f77982ed000 rw-p 00000000 00:00 0                          [stack:28557]
7f77982ed000-7f77982ee000 ---p 00000000 00:00 0 
7f77982ee000-7f7798759000 rw-p 00000000 00:00 0                          [stack:28556]
7f7798759000-7f7798945000 ---p 00000000 00:00 0 
7f7798945000-7f779895f000 r-xp 00000000 08:01 23069652                   /shared/jdk1.8.0_45/jre/lib/amd64/libzip.so
7f779895f000-7f7798b5f000 ---p 0001a000 08:01 23069652                   /shared/jdk1.8.0_45/jre/lib/amd64/libzip.so
7f7798b5f000-7f7798b60000 rw-p 0001a000 08:01 23069652                   /shared/jdk1.8.0_45/jre/lib/amd64/libzip.so
7f7798b60000-7f7798b6b000 r-xp 00000000 08:01 4460533                    /lib/x86_64-linux-gnu/libnss_files-2.19.so
7f7798b6b000-7f7798d6a000 ---p 0000b000 08:01 4460533                    /lib/x86_64-linux-gnu/libnss_files-2.19.so
7f7798d6a000-7f7798d6b000 r--p 0000a000 08:01 4460533                    /lib/x86_64-linux-gnu/libnss_files-2.19.so
7f7798d6b000-7f7798d6c000 rw-p 0000b000 08:01 4460533                    /lib/x86_64-linux-gnu/libnss_files-2.19.so
7f7798d6c000-7f7798d77000 r-xp 00000000 08:01 4460543                    /lib/x86_64-linux-gnu/libnss_nis-2.19.so
7f7798d77000-7f7798f76000 ---p 0000b000 08:01 4460543                    /lib/x86_64-linux-gnu/libnss_nis-2.19.so
7f7798f76000-7f7798f77000 r--p 0000a000 08:01 4460543                    /lib/x86_64-linux-gnu/libnss_nis-2.19.so
7f7798f77000-7f7798f78000 rw-p 0000b000 08:01 4460543                    /lib/x86_64-linux-gnu/libnss_nis-2.19.so
7f7798f78000-7f7798f8f000 r-xp 00000000 08:01 4460527                    /lib/x86_64-linux-gnu/libnsl-2.19.so
7f7798f8f000-7f779918e000 ---p 00017000 08:01 4460527                    /lib/x86_64-linux-gnu/libnsl-2.19.so
7f779918e000-7f779918f000 r--p 00016000 08:01 4460527                    /lib/x86_64-linux-gnu/libnsl-2.19.so
7f779918f000-7f7799190000 rw-p 00017000 08:01 4460527                    /lib/x86_64-linux-gnu/libnsl-2.19.so
7f7799190000-7f7799192000 rw-p 00000000 00:00 0 
7f7799192000-7f779919b000 r-xp 00000000 08:01 4460529                    /lib/x86_64-linux-gnu/libnss_compat-2.19.so
7f779919b000-7f779939a000 ---p 00009000 08:01 4460529                    /lib/x86_64-linux-gnu/libnss_compat-2.19.so
7f779939a000-7f779939b000 r--p 00008000 08:01 4460529                    /lib/x86_64-linux-gnu/libnss_compat-2.19.so
7f779939b000-7f779939c000 rw-p 00009000 08:01 4460529                    /lib/x86_64-linux-gnu/libnss_compat-2.19.so
7f779939c000-7f77993c6000 r-xp 00000000 08:01 23069645                   /shared/jdk1.8.0_45/jre/lib/amd64/libjava.so
7f77993c6000-7f77995c6000 ---p 0002a000 08:01 23069645                   /shared/jdk1.8.0_45/jre/lib/amd64/libjava.so
7f77995c6000-7f77995c8000 rw-p 0002a000 08:01 23069645                   /shared/jdk1.8.0_45/jre/lib/amd64/libjava.so
7f77995c8000-7f77995d5000 r-xp 00000000 08:01 23069687                   /shared/jdk1.8.0_45/jre/lib/amd64/libverify.so
7f77995d5000-7f77997d5000 ---p 0000d000 08:01 23069687                   /shared/jdk1.8.0_45/jre/lib/amd64/libverify.so
7f77997d5000-7f77997d7000 rw-p 0000d000 08:01 23069687                   /shared/jdk1.8.0_45/jre/lib/amd64/libverify.so
7f77997d7000-7f77997de000 r-xp 00000000 08:01 4460586                    /lib/x86_64-linux-gnu/librt-2.19.so
7f77997de000-7f77999dd000 ---p 00007000 08:01 4460586                    /lib/x86_64-linux-gnu/librt-2.19.so
7f77999dd000-7f77999de000 r--p 00006000 08:01 4460586                    /lib/x86_64-linux-gnu/librt-2.19.so
7f77999de000-7f77999df000 rw-p 00007000 08:01 4460586                    /lib/x86_64-linux-gnu/librt-2.19.so
7f77999df000-7f7799ae4000 r-xp 00000000 08:01 4460508                    /lib/x86_64-linux-gnu/libm-2.19.so
7f7799ae4000-7f7799ce3000 ---p 00105000 08:01 4460508                    /lib/x86_64-linux-gnu/libm-2.19.so
7f7799ce3000-7f7799ce4000 r--p 00104000 08:01 4460508                    /lib/x86_64-linux-gnu/libm-2.19.so
7f7799ce4000-7f7799ce5000 rw-p 00105000 08:01 4460508                    /lib/x86_64-linux-gnu/libm-2.19.so
7f7799ce5000-7f779a993000 r-xp 00000000 08:01 23069693                   /shared/jdk1.8.0_45/jre/lib/amd64/server/libjvm.so
7f779a993000-7f779ab92000 ---p 00cae000 08:01 23069693                   /shared/jdk1.8.0_45/jre/lib/amd64/server/libjvm.so
7f779ab92000-7f779ac69000 rw-p 00cad000 08:01 23069693                   /shared/jdk1.8.0_45/jre/lib/amd64/server/libjvm.so
7f779ac69000-7f779acad000 rw-p 00000000 00:00 0 
7f779acad000-7f779ae68000 r-xp 00000000 08:01 4460458                    /lib/x86_64-linux-gnu/libc-2.19.so
7f779ae68000-7f779b068000 ---p 001bb000 08:01 4460458                    /lib/x86_64-linux-gnu/libc-2.19.so
7f779b068000-7f779b06c000 r--p 001bb000 08:01 4460458                    /lib/x86_64-linux-gnu/libc-2.19.so
7f779b06c000-7f779b06e000 rw-p 001bf000 08:01 4460458                    /lib/x86_64-linux-gnu/libc-2.19.so
7f779b06e000-7f779b073000 rw-p 00000000 00:00 0 
7f779b073000-7f779b076000 r-xp 00000000 08:01 4460475                    /lib/x86_64-linux-gnu/libdl-2.19.so
7f779b076000-7f779b275000 ---p 00003000 08:01 4460475                    /lib/x86_64-linux-gnu/libdl-2.19.so
7f779b275000-7f779b276000 r--p 00002000 08:01 4460475                    /lib/x86_64-linux-gnu/libdl-2.19.so
7f779b276000-7f779b277000 rw-p 00003000 08:01 4460475                    /lib/x86_64-linux-gnu/libdl-2.19.so
7f779b277000-7f779b28c000 r-xp 00000000 08:01 23069978                   /shared/jdk1.8.0_45/lib/amd64/jli/libjli.so
7f779b28c000-7f779b48c000 ---p 00015000 08:01 23069978                   /shared/jdk1.8.0_45/lib/amd64/jli/libjli.so
7f779b48c000-7f779b48d000 rw-p 00015000 08:01 23069978                   /shared/jdk1.8.0_45/lib/amd64/jli/libjli.so
7f779b48d000-7f779b4a6000 r-xp 00000000 08:01 4460578                    /lib/x86_64-linux-gnu/libpthread-2.19.so
7f779b4a6000-7f779b6a5000 ---p 00019000 08:01 4460578                    /lib/x86_64-linux-gnu/libpthread-2.19.so
7f779b6a5000-7f779b6a6000 r--p 00018000 08:01 4460578                    /lib/x86_64-linux-gnu/libpthread-2.19.so
7f779b6a6000-7f779b6a7000 rw-p 00019000 08:01 4460578                    /lib/x86_64-linux-gnu/libpthread-2.19.so
7f779b6a7000-7f779b6ab000 rw-p 00000000 00:00 0 
7f779b6ab000-7f779b6ce000 r-xp 00000000 08:01 4460434                    /lib/x86_64-linux-gnu/ld-2.19.so
7f779b6ce000-7f779b6cf000 r--s 00001000 08:01 24382515                   /home/fan/.sbt/boot/scala-2.10.4/org.scala-sbt/sbt/0.13.7/cross-0.13.7.jar
7f779b6cf000-7f779b6d7000 r--s 00069000 08:01 24382535                   /home/fan/.sbt/boot/scala-2.10.4/org.scala-sbt/sbt/0.13.7/actions-0.13.7.jar
7f779b6d7000-7f779b6d9000 r--s 00017000 08:01 24382510                   /home/fan/.sbt/boot/scala-2.10.4/org.scala-sbt/sbt/0.13.7/testing-0.13.7.jar
7f779b6d9000-7f779b6f4000 r--s 0010d000 08:01 23071236                   /shared/sbt/bin/sbt-launch.jar
7f779b6f4000-7f779b7b2000 rw-p 00000000 00:00 0 
7f779b7b2000-7f779b7b5000 ---p 00000000 00:00 0 
7f779b7b5000-7f779b8b7000 rw-p 00000000 00:00 0                          [stack:28555]
7f779b8b7000-7f779b8b8000 r--s 00001000 08:01 24382499                   /home/fan/.sbt/boot/scala-2.10.4/org.scala-sbt/sbt/0.13.7/json4s-support_2.10-0.6.0.jar
7f779b8b8000-7f779b8ba000 r--s 0000f000 08:01 24382526                   /home/fan/.sbt/boot/scala-2.10.4/org.scala-sbt/sbt/0.13.7/json4s-native_2.10-3.2.10.jar
7f779b8ba000-7f779b8be000 r--s 00025000 08:01 24381624                   /home/fan/.sbt/boot/scala-2.10.4/lib/jline.jar
7f779b8be000-7f779b8c1000 r--s 00018000 08:01 24381625                   /home/fan/.sbt/boot/scala-2.10.4/lib/jansi.jar
7f779b8c1000-7f779b8c9000 rw-s 00000000 08:01 29894675                   /tmp/hsperfdata_fan/28554
7f779b8c9000-7f779b8ca000 rw-p 00000000 00:00 0 
7f779b8ca000-7f779b8cb000 r--p 00000000 00:00 0 
7f779b8cb000-7f779b8cd000 rw-p 00000000 00:00 0 
7f779b8cd000-7f779b8ce000 r--p 00022000 08:01 4460434                    /lib/x86_64-linux-gnu/ld-2.19.so
7f779b8ce000-7f779b8cf000 rw-p 00023000 08:01 4460434                    /lib/x86_64-linux-gnu/ld-2.19.so
7f779b8cf000-7f779b8d0000 rw-p 00000000 00:00 0 
7fff66154000-7fff66175000 rw-p 00000000 00:00 0                          [stack]
7fff661fc000-7fff661fe000 r-xp 00000000 00:00 0                          [vdso]
7fff661fe000-7fff66200000 r--p 00000000 00:00 0                          [vvar]
ffffffffff600000-ffffffffff601000 r-xp 00000000 00:00 0                  [vsyscall]

VM Arguments:
jvm_args: -Xms1024m -Xmx1024m -XX:ReservedCodeCacheSize=128m -XX:MaxMetaspaceSize=256m -Dhadoop.version=2.5.2 
java_command: /shared/sbt/bin/sbt-launch.jar publish-local -Pyarn -Phadoop-2.4
java_class_path (initial): /shared/sbt/bin/sbt-launch.jar
Launcher Type: SUN_STANDARD

Environment Variables:
JAVA_HOME=/shared/java
PATH=/shared/scala/bin:/shared/java/bin:/shared/sbt/bin:/usr/local/sbin:/usr/local/bin:/usr/sbin:/usr/bin:/sbin:/bin:/usr/games:/usr/local/games
SHELL=/bin/bash
DISPLAY=:0

Signal Handlers:
SIGSEGV: [libjvm.so+0xaad1e0], sa_mask[0]=11111111011111111101111111111110, sa_flags=SA_RESTART|SA_SIGINFO
SIGBUS: [libjvm.so+0xaad1e0], sa_mask[0]=11111111011111111101111111111110, sa_flags=SA_RESTART|SA_SIGINFO
SIGFPE: [libjvm.so+0x90b450], sa_mask[0]=11111111011111111101111111111110, sa_flags=SA_RESTART|SA_SIGINFO
SIGPIPE: [libjvm.so+0x90b450], sa_mask[0]=11111111011111111101111111111110, sa_flags=SA_RESTART|SA_SIGINFO
SIGXFSZ: [libjvm.so+0x90b450], sa_mask[0]=11111111011111111101111111111110, sa_flags=SA_RESTART|SA_SIGINFO
SIGILL: [libjvm.so+0x90b450], sa_mask[0]=11111111011111111101111111111110, sa_flags=SA_RESTART|SA_SIGINFO
SIGUSR1: SIG_DFL, sa_mask[0]=00000000000000000000000000000000, sa_flags=none
SIGUSR2: [libjvm.so+0x90ca90], sa_mask[0]=00000000000000000000000000000000, sa_flags=SA_RESTART|SA_SIGINFO
SIGHUP: [libjvm.so+0x90dde0], sa_mask[0]=11111111011111111101111111111110, sa_flags=SA_RESTART|SA_SIGINFO
SIGINT: [libjvm.so+0x90dde0], sa_mask[0]=11111111011111111101111111111110, sa_flags=SA_RESTART|SA_SIGINFO
SIGTERM: [libjvm.so+0x90dde0], sa_mask[0]=11111111011111111101111111111110, sa_flags=SA_RESTART|SA_SIGINFO
SIGQUIT: [libjvm.so+0x90dde0], sa_mask[0]=11111111011111111101111111111110, sa_flags=SA_RESTART|SA_SIGINFO


---------------  S Y S T E M  ---------------

OS:DISTRIB_ID=Ubuntu
DISTRIB_RELEASE=14.04
DISTRIB_CODENAME=trusty
DISTRIB_DESCRIPTION="Ubuntu 14.04.2 LTS"

uname:Linux 3.16.0-30-generic #40~14.04.1-Ubuntu SMP Thu Jan 15 17:43:14 UTC 2015 x86_64
libc:glibc 2.19 NPTL 2.19 
rlimit: STACK 8192k, CORE 0k, NPROC 47905, NOFILE 4096, AS infinity
load average:0.07 0.73 1.24

/proc/meminfo:
MemTotal:       12285276 kB
MemFree:         3360244 kB
MemAvailable:    7474344 kB
Buffers:          303080 kB
Cached:          3641420 kB
SwapCached:         3652 kB
Active:          5640852 kB
Inactive:        2497508 kB
Active(anon):    3122308 kB
Inactive(anon):  1101180 kB
Active(file):    2518544 kB
Inactive(file):  1396328 kB
Unevictable:          32 kB
Mlocked:              32 kB
SwapTotal:      12561404 kB
SwapFree:       12416464 kB
Dirty:               364 kB
Writeback:             0 kB
AnonPages:       4198168 kB
Mapped:           203396 kB
Shmem:             29628 kB
Slab:             518736 kB
SReclaimable:     452632 kB
SUnreclaim:        66104 kB
KernelStack:       10096 kB
PageTables:        38488 kB
NFS_Unstable:          0 kB
Bounce:                0 kB
WritebackTmp:          0 kB
CommitLimit:    18704040 kB
Committed_AS:    7835372 kB
VmallocTotal:   34359738367 kB
VmallocUsed:      320664 kB
VmallocChunk:   34359285828 kB
HardwareCorrupted:     0 kB
AnonHugePages:   3192832 kB
HugePages_Total:       0
HugePages_Free:        0
HugePages_Rsvd:        0
HugePages_Surp:        0
Hugepagesize:       2048 kB
DirectMap4k:       99196 kB
DirectMap2M:    12464128 kB


CPU:total 8 (4 cores per cpu, 2 threads per core) family 6 model 42 stepping 7, cmov, cx8, fxsr, mmx, sse, sse2, sse3, ssse3, sse4.1, sse4.2, popcnt, avx, aes, clmul, ht, tsc, tscinvbit

/proc/cpuinfo:
processor	: 0
vendor_id	: GenuineIntel
cpu family	: 6
model		: 42
model name	: Intel(R) Core(TM) i7-2600K CPU @ 3.40GHz
stepping	: 7
microcode	: 0x12
cpu MHz		: 3540.117
cache size	: 8192 KB
physical id	: 0
siblings	: 8
core id		: 0
cpu cores	: 4
apicid		: 0
initial apicid	: 0
fpu		: yes
fpu_exception	: yes
cpuid level	: 13
wp		: yes
flags		: fpu vme de pse tsc msr pae mce cx8 apic sep mtrr pge mca cmov pat pse36 clflush dts acpi mmx fxsr sse sse2 ss ht tm pbe syscall nx rdtscp lm constant_tsc arch_perfmon pebs bts rep_good nopl xtopology nonstop_tsc aperfmperf eagerfpu pni pclmulqdq dtes64 monitor ds_cpl vmx est tm2 ssse3 cx16 xtpr pdcm pcid sse4_1 sse4_2 popcnt tsc_deadline_timer aes xsave avx lahf_lm ida arat epb xsaveopt pln pts dtherm tpr_shadow vnmi flexpriority ept vpid
bogomips	: 6784.27
clflush size	: 64
cache_alignment	: 64
address sizes	: 36 bits physical, 48 bits virtual
power management:

processor	: 1
vendor_id	: GenuineIntel
cpu family	: 6
model		: 42
model name	: Intel(R) Core(TM) i7-2600K CPU @ 3.40GHz
stepping	: 7
microcode	: 0x12
cpu MHz		: 3582.882
cache size	: 8192 KB
physical id	: 0
siblings	: 8
core id		: 1
cpu cores	: 4
apicid		: 2
initial apicid	: 2
fpu		: yes
fpu_exception	: yes
cpuid level	: 13
wp		: yes
flags		: fpu vme de pse tsc msr pae mce cx8 apic sep mtrr pge mca cmov pat pse36 clflush dts acpi mmx fxsr sse sse2 ss ht tm pbe syscall nx rdtscp lm constant_tsc arch_perfmon pebs bts rep_good nopl xtopology nonstop_tsc aperfmperf eagerfpu pni pclmulqdq dtes64 monitor ds_cpl vmx est tm2 ssse3 cx16 xtpr pdcm pcid sse4_1 sse4_2 popcnt tsc_deadline_timer aes xsave avx lahf_lm ida arat epb xsaveopt pln pts dtherm tpr_shadow vnmi flexpriority ept vpid
bogomips	: 6784.27
clflush size	: 64
cache_alignment	: 64
address sizes	: 36 bits physical, 48 bits virtual
power management:

processor	: 2
vendor_id	: GenuineIntel
cpu family	: 6
model		: 42
model name	: Intel(R) Core(TM) i7-2600K CPU @ 3.40GHz
stepping	: 7
microcode	: 0x12
cpu MHz		: 3525.507
cache size	: 8192 KB
physical id	: 0
siblings	: 8
core id		: 2
cpu cores	: 4
apicid		: 4
initial apicid	: 4
fpu		: yes
fpu_exception	: yes
cpuid level	: 13
wp		: yes
flags		: fpu vme de pse tsc msr pae mce cx8 apic sep mtrr pge mca cmov pat pse36 clflush dts acpi mmx fxsr sse sse2 ss ht tm pbe syscall nx rdtscp lm constant_tsc arch_perfmon pebs bts rep_good nopl xtopology nonstop_tsc aperfmperf eagerfpu pni pclmulqdq dtes64 monitor ds_cpl vmx est tm2 ssse3 cx16 xtpr pdcm pcid sse4_1 sse4_2 popcnt tsc_deadline_timer aes xsave avx lahf_lm ida arat epb xsaveopt pln pts dtherm tpr_shadow vnmi flexpriority ept vpid
bogomips	: 6784.27
clflush size	: 64
cache_alignment	: 64
address sizes	: 36 bits physical, 48 bits virtual
power management:

processor	: 3
vendor_id	: GenuineIntel
cpu family	: 6
model		: 42
model name	: Intel(R) Core(TM) i7-2600K CPU @ 3.40GHz
stepping	: 7
microcode	: 0x12
cpu MHz		: 3515.546
cache size	: 8192 KB
physical id	: 0
siblings	: 8
core id		: 3
cpu cores	: 4
apicid		: 6
initial apicid	: 6
fpu		: yes
fpu_exception	: yes
cpuid level	: 13
wp		: yes
flags		: fpu vme de pse tsc msr pae mce cx8 apic sep mtrr pge mca cmov pat pse36 clflush dts acpi mmx fxsr sse sse2 ss ht tm pbe syscall nx rdtscp lm constant_tsc arch_perfmon pebs bts rep_good nopl xtopology nonstop_tsc aperfmperf eagerfpu pni pclmulqdq dtes64 monitor ds_cpl vmx est tm2 ssse3 cx16 xtpr pdcm pcid sse4_1 sse4_2 popcnt tsc_deadline_timer aes xsave avx lahf_lm ida arat epb xsaveopt pln pts dtherm tpr_shadow vnmi flexpriority ept vpid
bogomips	: 6784.27
clflush size	: 64
cache_alignment	: 64
address sizes	: 36 bits physical, 48 bits virtual
power management:

processor	: 4
vendor_id	: GenuineIntel
cpu family	: 6
model		: 42
model name	: Intel(R) Core(TM) i7-2600K CPU @ 3.40GHz
stepping	: 7
microcode	: 0x12
cpu MHz		: 3501.335
cache size	: 8192 KB
physical id	: 0
siblings	: 8
core id		: 0
cpu cores	: 4
apicid		: 1
initial apicid	: 1
fpu		: yes
fpu_exception	: yes
cpuid level	: 13
wp		: yes
flags		: fpu vme de pse tsc msr pae mce cx8 apic sep mtrr pge mca cmov pat pse36 clflush dts acpi mmx fxsr sse sse2 ss ht tm pbe syscall nx rdtscp lm constant_tsc arch_perfmon pebs bts rep_good nopl xtopology nonstop_tsc aperfmperf eagerfpu pni pclmulqdq dtes64 monitor ds_cpl vmx est tm2 ssse3 cx16 xtpr pdcm pcid sse4_1 sse4_2 popcnt tsc_deadline_timer aes xsave avx lahf_lm ida arat epb xsaveopt pln pts dtherm tpr_shadow vnmi flexpriority ept vpid
bogomips	: 6784.27
clflush size	: 64
cache_alignment	: 64
address sizes	: 36 bits physical, 48 bits virtual
power management:

processor	: 5
vendor_id	: GenuineIntel
cpu family	: 6
model		: 42
model name	: Intel(R) Core(TM) i7-2600K CPU @ 3.40GHz
stepping	: 7
microcode	: 0x12
cpu MHz		: 3533.343
cache size	: 8192 KB
physical id	: 0
siblings	: 8
core id		: 1
cpu cores	: 4
apicid		: 3
initial apicid	: 3
fpu		: yes
fpu_exception	: yes
cpuid level	: 13
wp		: yes
flags		: fpu vme de pse tsc msr pae mce cx8 apic sep mtrr pge mca cmov pat pse36 clflush dts acpi mmx fxsr sse sse2 ss ht tm pbe syscall nx rdtscp lm constant_tsc arch_perfmon pebs bts rep_good nopl xtopology nonstop_tsc aperfmperf eagerfpu pni pclmulqdq dtes64 monitor ds_cpl vmx est tm2 ssse3 cx16 xtpr pdcm pcid sse4_1 sse4_2 popcnt tsc_deadline_timer aes xsave avx lahf_lm ida arat epb xsaveopt pln pts dtherm tpr_shadow vnmi flexpriority ept vpid
bogomips	: 6784.27
clflush size	: 64
cache_alignment	: 64
address sizes	: 36 bits physical, 48 bits virtual
power management:

processor	: 6
vendor_id	: GenuineIntel
cpu family	: 6
model		: 42
model name	: Intel(R) Core(TM) i7-2600K CPU @ 3.40GHz
stepping	: 7
microcode	: 0x12
cpu MHz		: 3506.914
cache size	: 8192 KB
physical id	: 0
siblings	: 8
core id		: 2
cpu cores	: 4
apicid		: 5
initial apicid	: 5
fpu		: yes
fpu_exception	: yes
cpuid level	: 13
wp		: yes
flags		: fpu vme de pse tsc msr pae mce cx8 apic sep mtrr pge mca cmov pat pse36 clflush dts acpi mmx fxsr sse sse2 ss ht tm pbe syscall nx rdtscp lm constant_tsc arch_perfmon pebs bts rep_good nopl xtopology nonstop_tsc aperfmperf eagerfpu pni pclmulqdq dtes64 monitor ds_cpl vmx est tm2 ssse3 cx16 xtpr pdcm pcid sse4_1 sse4_2 popcnt tsc_deadline_timer aes xsave avx lahf_lm ida arat epb xsaveopt pln pts dtherm tpr_shadow vnmi flexpriority ept vpid
bogomips	: 6784.27
clflush size	: 64
cache_alignment	: 64
address sizes	: 36 bits physical, 48 bits virtual
power management:

processor	: 7
vendor_id	: GenuineIntel
cpu family	: 6
model		: 42
model name	: Intel(R) Core(TM) i7-2600K CPU @ 3.40GHz
stepping	: 7
microcode	: 0x12
cpu MHz		: 3551.007
cache size	: 8192 KB
physical id	: 0
siblings	: 8
core id		: 3
cpu cores	: 4
apicid		: 7
initial apicid	: 7
fpu		: yes
fpu_exception	: yes
cpuid level	: 13
wp		: yes
flags		: fpu vme de pse tsc msr pae mce cx8 apic sep mtrr pge mca cmov pat pse36 clflush dts acpi mmx fxsr sse sse2 ss ht tm pbe syscall nx rdtscp lm constant_tsc arch_perfmon pebs bts rep_good nopl xtopology nonstop_tsc aperfmperf eagerfpu pni pclmulqdq dtes64 monitor ds_cpl vmx est tm2 ssse3 cx16 xtpr pdcm pcid sse4_1 sse4_2 popcnt tsc_deadline_timer aes xsave avx lahf_lm ida arat epb xsaveopt pln pts dtherm tpr_shadow vnmi flexpriority ept vpid
bogomips	: 6784.27
clflush size	: 64
cache_alignment	: 64
address sizes	: 36 bits physical, 48 bits virtual
power management:



Memory: 4k page, physical 12285276k(3359500k free), swap 12561404k(12416464k free)

vm_info: Java HotSpot(TM) 64-Bit Server VM (25.45-b02) for linux-amd64 JRE (1.8.0_45-b14), built on Apr 10 2015 10:07:45 by "java_re" with gcc 4.3.0 20080428 (Red Hat 4.3.0-8)

time: Mon Jul 27 23:18:45 2015
elapsed time: 1 seconds (0d 0h 0m 1s)

