#
# A fatal error has been detected by the Java Runtime Environment:
#
#  SIGSEGV (0xb) at pc=0x000000010b943658, pid=62661, tid=0x0000000000003b03
#
# JRE version: Java(TM) SE Runtime Environment (8.0_271-b09) (build 1.8.0_271-b09)
# Java VM: Java HotSpot(TM) 64-Bit Server VM (25.271-b09 mixed mode bsd-amd64 compressed oops)
# Problematic frame:
# V  [libjvm.dylib+0x143658]
#
# Failed to write core dump. Core dumps have been disabled. To enable core dumping, try "ulimit -c unlimited" before starting Java again
#
# If you would like to submit a bug report, please visit:
#   http://bugreport.java.com/bugreport/crash.jsp
#

---------------  T H R E A D  ---------------

Current thread (0x00007f97c3031000):  JavaThread "C2 CompilerThread1" daemon [_thread_in_native, id=15107, stack(0x00007000032c3000,0x00007000033c3000)]

siginfo: si_signo: 11 (SIGSEGV), si_code: 1 (SEGV_MAPERR), si_addr: 0x00007f9e18604210

Registers:
RAX=0x00000000cc361a40, RBX=0x00007000033c2130, RCX=0x00007f97bdd5ce90, RDX=0x0000000000000001
RSP=0x00007000033bf430, RBP=0x00007000033bf4f0, RSI=0x00007f97b6af7010, RDI=0x00007f97cc361a48
R8 =0x000000000000013e, R9 =0x0000000000000001, R10=0x00007000033c0a28, R11=0x00007f97c2c90330
R12=0x00007000033c0a28, R13=0x00007f97bdd5ce40, R14=0x00007000033c0a28, R15=0x00007000033c13b0
RIP=0x000000010b943658, EFLAGS=0x0000000000010206, ERR=0x0000000000000004
  TRAPNO=0x000000000000000e

Top of Stack: (sp=0x00007000033bf430)
0x00007000033bf430:   0000000000000352 00000000000066ee
0x00007000033bf440:   00007000033c0a28 00007f97bdd5ce40
0x00007000033bf450:   00007f97c4a99850 00007f97bdd5ce40
0x00007000033bf460:   00007000033bf480 000000010bd746d2
0x00007000033bf470:   00007f97bdd5ce40 0000000012d11fc3
0x00007000033bf480:   00007000033bf4a0 000000010bc7a174
0x00007000033bf490:   0000000000000000 00007000033c13b0
0x00007000033bf4a0:   00007000033bf4c0 000000010b9427de
0x00007000033bf4b0:   00007000033c2130 00007000033c13b0
0x00007000033bf4c0:   00007000033bf4f0 00007000033c2130
0x00007000033bf4d0:   00007000033c0a28 00007f97bdd5ce40
0x00007000033bf4e0:   00007000033c0a28 00007000033c13b0
0x00007000033bf4f0:   00007000033bf530 000000010bcbd30c
0x00007000033bf500:   00007f97bdd5ce40 00007000033c2130
0x00007000033bf510:   00007000033c0a28 000000000000005e
0x00007000033bf520:   00007000033c1428 000000010be0eb1c
0x00007000033bf530:   00007000033bf570 000000010bcbd153
0x00007000033bf540:   00007000033c0a28 00007f97c8dbc1b8
0x00007000033bf550:   000000010bf3f450 000000010bc01518
0x00007000033bf560:   00007000033c0a01 00007000033c0010
0x00007000033bf570:   00007000033bf5b0 000000010bc014e7
0x00007000033bf580:   00007000033c2130 00007000033c0010
0x00007000033bf590:   00007000033c2130 0000000000000025
0x00007000033bf5a0:   00007000033c0a28 00007000033c14b8
0x00007000033bf5b0:   00007000033c1550 000000010b99d6fb
0x00007000033bf5c0:   00007000033bf5f0 000000010bee7c08
0x00007000033bf5d0:   0000700000000005 00007000033c2130
0x00007000033bf5e0:   00007000033c22c8 00007000033c22c8
0x00007000033bf5f0:   0000000000004000 00007f97b6793010
0x00007000033bf600:   0000000000000000 00007000033c2220
0x00007000033bf610:   00007f9700004000 00007f97b6af7010
0x00007000033bf620:   0000000000000000 0000000000000000 

Instructions: (pc=0x000000010b943658)
0x000000010b943638:   41 55 41 54 53 48 81 ec 98 00 00 00 49 89 f6 49
0x000000010b943648:   89 fd 49 8b 4d 08 48 8b 39 8b 47 28 49 8b 76 50
0x000000010b943658:   48 8b 04 c6 48 8d 35 ed bd 5f 00 48 3b 06 74 1a
0x000000010b943668:   49 8b 46 10 4c 8b a0 00 02 00 00 89 d0 34 01 41 

Register to memory mapping:

RAX=0x00000000cc361a40 is an unknown value
RBX=0x00007000033c2130 is pointing into the stack for thread: 0x00007f97c3031000
RCX=0x00007f97bdd5ce90 is an unknown value
RDX=0x0000000000000001 is an unknown value
RSP=0x00007000033bf430 is pointing into the stack for thread: 0x00007f97c3031000
RBP=0x00007000033bf4f0 is pointing into the stack for thread: 0x00007f97c3031000
RSI=0x00007f97b6af7010 is an unknown value
RDI=0x00007f97cc361a48 is an unknown value
R8 =0x000000000000013e is an unknown value
R9 =0x0000000000000001 is an unknown value
R10=0x00007000033c0a28 is pointing into the stack for thread: 0x00007f97c3031000
R11=0x00007f97c2c90330 is an unknown value
R12=0x00007000033c0a28 is pointing into the stack for thread: 0x00007f97c3031000
R13=0x00007f97bdd5ce40 is an unknown value
R14=0x00007000033c0a28 is pointing into the stack for thread: 0x00007f97c3031000
R15=0x00007000033c13b0 is pointing into the stack for thread: 0x00007f97c3031000


Stack: [0x00007000032c3000,0x00007000033c3000],  sp=0x00007000033bf430,  free space=1009k
Native frames: (J=compiled Java code, j=interpreted, Vv=VM code, C=native code)
V  [libjvm.dylib+0x143658]
V  [libjvm.dylib+0x4bd30c]
V  [libjvm.dylib+0x4bd153]
V  [libjvm.dylib+0x4014e7]
V  [libjvm.dylib+0x19d6fb]
V  [libjvm.dylib+0x19c282]
V  [libjvm.dylib+0x137cae]
V  [libjvm.dylib+0x1a867a]
V  [libjvm.dylib+0x1a7b51]
V  [libjvm.dylib+0x564226]
V  [libjvm.dylib+0x5640eb]
V  [libjvm.dylib+0x48f359]
C  [libsystem_pthread.dylib+0x6950]  _pthread_start+0xe0
C  [libsystem_pthread.dylib+0x247b]  thread_start+0xf
C  0x0000000000000000


Current CompileTask:
C2: 223339 49649   !   4       scala.reflect.internal.tpe.TypeMaps$TypeMap::mapOver (2329 bytes)


---------------  P R O C E S S  ---------------

Java Threads: ( => current thread )
  0x00007f97cacb4800 JavaThread "Thread-43" [_thread_in_native, id=131607, stack(0x000070002f15c000,0x000070002f55c000)]
  0x00007f97caa34800 JavaThread "Thread-42" [_thread_in_native, id=104463, stack(0x000070002e0cd000,0x000070002e4cd000)]
  0x00007f97c92fd000 JavaThread "scala-execution-context-global-520" daemon [_thread_blocked, id=173587, stack(0x000070002c0b5000,0x000070002c4b5000)]
  0x00007f97bd046800 JavaThread "scala-execution-context-global-519" daemon [_thread_blocked, id=104027, stack(0x000070002b4ac000,0x000070002b8ac000)]
  0x00007f97ca38b800 JavaThread "scala-execution-context-global-468" daemon [_thread_blocked, id=103703, stack(0x000070002c8bb000,0x000070002ccbb000)]
  0x00007f97ce5b1000 JavaThread "process reaper" daemon [_thread_blocked, id=99087, stack(0x000070003197a000,0x00007000319a2000)]
  0x00007f97ce713000 JavaThread "process reaper" daemon [_thread_blocked, id=110607, stack(0x000070002e929000,0x000070002e951000)]
  0x00007f97c9bbb800 JavaThread "process reaper" daemon [_thread_blocked, id=104719, stack(0x000070002e8fe000,0x000070002e926000)]
  0x00007f97cc178000 JavaThread "process reaper" daemon [_thread_blocked, id=107543, stack(0x000070002e8d3000,0x000070002e8fb000)]
  0x00007f97c7e30800 JavaThread "process reaper" daemon [_thread_in_native, id=29723, stack(0x0000700002d0d000,0x0000700002d35000)]
  0x00007f97c2dc4000 JavaThread "scala-execution-context-global-425" daemon [_thread_blocked, id=99955, stack(0x000070002ed59000,0x000070002f159000)]
  0x00007f97c8560000 JavaThread "Timer-1" daemon [_thread_blocked, id=173487, stack(0x000070002b8af000,0x000070002bcaf000)]
  0x00007f97c9e37000 JavaThread "process reaper" daemon [_thread_blocked, id=133783, stack(0x0000700002ce2000,0x0000700002d0a000)]
  0x00007f97cd0ce000 JavaThread "scala-execution-context-global-385" daemon [_thread_blocked, id=113671, stack(0x0000700009314000,0x0000700009714000)]
  0x00007f97c9722800 JavaThread "com.swoval.files.apple.FileEventsMonitor.callback-1" [_thread_in_vm, id=111111, stack(0x000070002e956000,0x000070002ed56000)]
  0x00007f97c2ca1800 JavaThread "coursier-pool-1-thread-12" daemon [_thread_blocked, id=111363, stack(0x000070002e4d0000,0x000070002e8d0000)]
  0x00007f97cc198800 JavaThread "coursier-pool-1-thread-11" daemon [_thread_blocked, id=102179, stack(0x000070002dcca000,0x000070002e0ca000)]
  0x00007f97c3db1800 JavaThread "coursier-pool-1-thread-10" daemon [_thread_blocked, id=101891, stack(0x000070002d8c7000,0x000070002dcc7000)]
  0x00007f97cc19b800 JavaThread "coursier-pool-1-thread-9" daemon [_thread_blocked, id=111875, stack(0x000070002d4c4000,0x000070002d8c4000)]
  0x00007f97cc19a800 JavaThread "coursier-pool-1-thread-8" daemon [_thread_blocked, id=101123, stack(0x000070002d0c1000,0x000070002d4c1000)]
  0x00007f97cc193800 JavaThread "coursier-pool-1-thread-7" daemon [_thread_blocked, id=112211, stack(0x000070002ccbe000,0x000070002d0be000)]
  0x00007f97cc18b000 JavaThread "scala-execution-context-global-265" daemon [_thread_blocked, id=99587, stack(0x000070002bcb2000,0x000070002c0b2000)]
  0x00007f97c968f800 JavaThread "pool-21-thread-126" [_thread_blocked, id=95747, stack(0x000070002b0a9000,0x000070002b4a9000)]
  0x00007f97c3d2b800 JavaThread "pool-21-thread-125" [_thread_blocked, id=95491, stack(0x000070002aca6000,0x000070002b0a6000)]
  0x00007f97c3d2a800 JavaThread "pool-21-thread-124" [_thread_blocked, id=118787, stack(0x000070002a8a3000,0x000070002aca3000)]
  0x00007f97c3d2a000 JavaThread "pool-21-thread-123" [_thread_blocked, id=94723, stack(0x000070002a4a0000,0x000070002a8a0000)]
  0x00007f97c3d29000 JavaThread "pool-21-thread-122" [_thread_blocked, id=94467, stack(0x000070002a09d000,0x000070002a49d000)]
  0x00007f97c3d28800 JavaThread "pool-21-thread-121" [_thread_blocked, id=93955, stack(0x0000700029c9a000,0x000070002a09a000)]
  0x00007f97c7d85800 JavaThread "pool-21-thread-120" [_thread_blocked, id=119555, stack(0x0000700029897000,0x0000700029c97000)]
  0x00007f97c8e95000 JavaThread "pool-21-thread-119" [_thread_blocked, id=93443, stack(0x0000700029494000,0x0000700029894000)]
  0x00007f97c968f000 JavaThread "pool-21-thread-118" [_thread_blocked, id=92931, stack(0x0000700029091000,0x0000700029491000)]
  0x00007f97c4c42800 JavaThread "pool-21-thread-117" [_thread_blocked, id=120067, stack(0x0000700028c8e000,0x000070002908e000)]
  0x00007f97c8e94000 JavaThread "pool-21-thread-116" [_thread_blocked, id=92675, stack(0x000070002888b000,0x0000700028c8b000)]
  0x00007f97c87eb800 JavaThread "pool-21-thread-115" [_thread_blocked, id=120579, stack(0x0000700028488000,0x0000700028888000)]
  0x00007f97c87eb000 JavaThread "pool-21-thread-114" [_thread_blocked, id=121091, stack(0x0000700028085000,0x0000700028485000)]
  0x00007f97c7ffd800 JavaThread "pool-21-thread-113" [_thread_blocked, id=121603, stack(0x0000700027c82000,0x0000700028082000)]
  0x00007f97c87ea000 JavaThread "pool-21-thread-112" [_thread_blocked, id=122115, stack(0x000070002787f000,0x0000700027c7f000)]
  0x00007f97caae9000 JavaThread "pool-21-thread-111" [_thread_blocked, id=122627, stack(0x000070002747c000,0x000070002787c000)]
  0x00007f97c968e000 JavaThread "pool-21-thread-110" [_thread_blocked, id=122883, stack(0x0000700027079000,0x0000700027479000)]
  0x00007f97c7ff3000 JavaThread "pool-21-thread-109" [_thread_blocked, id=123395, stack(0x0000700026c76000,0x0000700027076000)]
  0x00007f97c8e93800 JavaThread "pool-21-thread-108" [_thread_blocked, id=123907, stack(0x0000700026873000,0x0000700026c73000)]
  0x00007f97c7f0b800 JavaThread "pool-21-thread-107" [_thread_blocked, id=91651, stack(0x0000700026470000,0x0000700026870000)]
  0x00007f97cd459800 JavaThread "pool-21-thread-106" [_thread_blocked, id=124419, stack(0x000070002606d000,0x000070002646d000)]
  0x00007f97c2d3f800 JavaThread "pool-21-thread-105" [_thread_blocked, id=91395, stack(0x0000700025c6a000,0x000070002606a000)]
  0x00007f97c7ff1000 JavaThread "pool-21-thread-104" [_thread_blocked, id=125187, stack(0x0000700025867000,0x0000700025c67000)]
  0x00007f97cc5a9000 JavaThread "pool-21-thread-103" [_thread_blocked, id=125699, stack(0x0000700025464000,0x0000700025864000)]
  0x00007f97c8e7a800 JavaThread "pool-21-thread-102" [_thread_blocked, id=126211, stack(0x0000700025061000,0x0000700025461000)]
  0x00007f97c968d800 JavaThread "pool-21-thread-101" [_thread_blocked, id=90883, stack(0x0000700024c5e000,0x000070002505e000)]
  0x00007f97c3288800 JavaThread "pool-21-thread-100" [_thread_blocked, id=90375, stack(0x000070002485b000,0x0000700024c5b000)]
  0x00007f97c7ff0800 JavaThread "pool-21-thread-99" [_thread_blocked, id=126723, stack(0x0000700024458000,0x0000700024858000)]
  0x00007f97c2bc5000 JavaThread "pool-21-thread-98" [_thread_blocked, id=127235, stack(0x0000700024055000,0x0000700024455000)]
  0x00007f97cc5a8800 JavaThread "pool-21-thread-97" [_thread_blocked, id=127491, stack(0x0000700023c52000,0x0000700024052000)]
  0x00007f97c8e7a000 JavaThread "pool-21-thread-96" [_thread_blocked, id=127747, stack(0x000070002384f000,0x0000700023c4f000)]
  0x00007f97c2bc4800 JavaThread "pool-21-thread-95" [_thread_blocked, id=89347, stack(0x000070002344c000,0x000070002384c000)]
  0x00007f97c968c800 JavaThread "pool-21-thread-94" [_thread_blocked, id=128003, stack(0x0000700023049000,0x0000700023449000)]
  0x00007f97c8e79000 JavaThread "pool-21-thread-93" [_thread_blocked, id=88839, stack(0x0000700022c46000,0x0000700023046000)]
  0x00007f97c7c37800 JavaThread "pool-21-thread-92" [_thread_blocked, id=128771, stack(0x0000700022843000,0x0000700022c43000)]
  0x00007f97c8e78800 JavaThread "pool-21-thread-91" [_thread_blocked, id=88579, stack(0x0000700022440000,0x0000700022840000)]
  0x00007f97cc01b000 JavaThread "pool-21-thread-90" [_thread_blocked, id=129539, stack(0x000070002203d000,0x000070002243d000)]
  0x00007f97cc16e800 JavaThread "pool-21-thread-89" [_thread_blocked, id=130083, stack(0x0000700021c3a000,0x000070002203a000)]
  0x00007f97c9714000 JavaThread "pool-21-thread-88" [_thread_blocked, id=130563, stack(0x0000700021837000,0x0000700021c37000)]
  0x00007f97c93a2000 JavaThread "pool-21-thread-87" [_thread_blocked, id=88067, stack(0x0000700021434000,0x0000700021834000)]
  0x00007f97ce659800 JavaThread "pool-21-thread-86" [_thread_blocked, id=87555, stack(0x0000700021031000,0x0000700021431000)]
  0x00007f97cd7d6800 JavaThread "pool-21-thread-85" [_thread_blocked, id=87299, stack(0x0000700020c2e000,0x000070002102e000)]
  0x00007f97c8e6b800 JavaThread "pool-21-thread-84" [_thread_blocked, id=64771, stack(0x000070002082b000,0x0000700020c2b000)]
  0x00007f97c8e6a800 JavaThread "pool-21-thread-83" [_thread_blocked, id=64515, stack(0x0000700020428000,0x0000700020828000)]
  0x00007f97c8e6a000 JavaThread "pool-21-thread-82" [_thread_in_Java, id=65539, stack(0x0000700020025000,0x0000700020425000)]
  0x00007f97c8e69000 JavaThread "pool-21-thread-81" [_thread_blocked, id=65799, stack(0x000070001fc22000,0x0000700020022000)]
  0x00007f97cd7d5000 JavaThread "pool-21-thread-80" [_thread_blocked, id=63491, stack(0x000070001f81f000,0x000070001fc1f000)]
  0x00007f97c7fea800 JavaThread "pool-21-thread-79" [_thread_blocked, id=66051, stack(0x000070001f41c000,0x000070001f81c000)]
  0x00007f97c2c9b800 JavaThread "pool-21-thread-78" [_thread_blocked, id=62723, stack(0x000070001f019000,0x000070001f419000)]
  0x00007f97c2c9a800 JavaThread "pool-21-thread-77" [_thread_blocked, id=62467, stack(0x000070001ec16000,0x000070001f016000)]
  0x00007f97ce656800 JavaThread "pool-21-thread-76" [_thread_blocked, id=66819, stack(0x000070001e813000,0x000070001ec13000)]
  0x00007f97c8e56000 JavaThread "pool-21-thread-75" [_thread_in_vm, id=67331, stack(0x000070001e410000,0x000070001e810000)]
  0x00007f97c9712800 JavaThread "pool-21-thread-74" [_thread_blocked, id=67587, stack(0x000070001e00d000,0x000070001e40d000)]
  0x00007f97c9711800 JavaThread "pool-21-thread-73" [_thread_blocked, id=68099, stack(0x000070001dc0a000,0x000070001e00a000)]
  0x00007f97c9711000 JavaThread "pool-21-thread-72" [_thread_blocked, id=68611, stack(0x000070001d807000,0x000070001dc07000)]
  0x00007f97c3a40800 JavaThread "pool-21-thread-71" [_thread_blocked, id=68875, stack(0x000070001d404000,0x000070001d804000)]
  0x00007f97c9710000 JavaThread "pool-21-thread-70" [_thread_blocked, id=61699, stack(0x000070001d001000,0x000070001d401000)]
  0x00007f97c970f800 JavaThread "pool-21-thread-69" [_thread_in_Java, id=61443, stack(0x000070001cbfe000,0x000070001cffe000)]
  0x00007f97c96fe800 JavaThread "pool-21-thread-68" [_thread_in_vm, id=69891, stack(0x000070001c7fb000,0x000070001cbfb000)]
  0x00007f97ce655000 JavaThread "pool-21-thread-67" [_thread_blocked, id=70147, stack(0x000070001c3f8000,0x000070001c7f8000)]
  0x00007f97c9f52800 JavaThread "pool-21-thread-66" [_thread_blocked, id=60675, stack(0x000070001bff5000,0x000070001c3f5000)]
  0x00007f97ce654800 JavaThread "pool-21-thread-65" [_thread_blocked, id=70659, stack(0x000070001bbf2000,0x000070001bff2000)]
  0x00007f97c96fe000 JavaThread "pool-21-thread-64" [_thread_blocked, id=70915, stack(0x000070001b7ef000,0x000070001bbef000)]
  0x00007f97c3ead800 JavaThread "pool-21-thread-63" [_thread_blocked, id=60163, stack(0x000070001b3ec000,0x000070001b7ec000)]
  0x00007f97ce653000 JavaThread "pool-21-thread-62" [_thread_blocked, id=59651, stack(0x000070001afe9000,0x000070001b3e9000)]
  0x00007f97ce652000 JavaThread "pool-21-thread-61" [_thread_in_Java, id=71683, stack(0x000070001abe6000,0x000070001afe6000)]
  0x00007f97cd7d4000 JavaThread "pool-21-thread-60" [_thread_blocked, id=59395, stack(0x000070001a7e3000,0x000070001abe3000)]
  0x00007f97cd7d3000 JavaThread "pool-21-thread-59" [_thread_blocked, id=59139, stack(0x000070001a3e0000,0x000070001a7e0000)]
  0x00007f97ce650800 JavaThread "pool-21-thread-58" [_thread_blocked, id=58627, stack(0x0000700019fdd000,0x000070001a3dd000)]
  0x00007f97c9f51800 JavaThread "pool-21-thread-57" [_thread_blocked, id=58115, stack(0x0000700019bda000,0x0000700019fda000)]
  0x00007f97c96fd000 JavaThread "pool-21-thread-56" [_thread_blocked, id=57867, stack(0x00007000197d7000,0x0000700019bd7000)]
  0x00007f97c5216000 JavaThread "pool-21-thread-55" [_thread_in_native, id=72963, stack(0x00007000193d4000,0x00007000197d4000)]
  0x00007f97c2cfc800 JavaThread "pool-21-thread-54" [_thread_blocked, id=57603, stack(0x0000700018fd1000,0x00007000193d1000)]
  0x00007f97c96db000 JavaThread "pool-21-thread-53" [_thread_blocked, id=57347, stack(0x0000700018bce000,0x0000700018fce000)]
  0x00007f97c9f51000 JavaThread "pool-21-thread-52" [_thread_in_Java, id=56839, stack(0x00007000187cb000,0x0000700018bcb000)]
  0x00007f97cd39b000 JavaThread "pool-21-thread-51" [_thread_blocked, id=56579, stack(0x00007000183c8000,0x00007000187c8000)]
  0x00007f97ce64f000 JavaThread "pool-21-thread-50" [_thread_blocked, id=73987, stack(0x0000700017fc5000,0x00007000183c5000)]
  0x00007f97c2cfb000 JavaThread "pool-21-thread-49" [_thread_blocked, id=55811, stack(0x0000700017bc2000,0x0000700017fc2000)]
  0x00007f97c9f4b800 JavaThread "pool-21-thread-48" [_thread_blocked, id=74499, stack(0x00007000177bf000,0x0000700017bbf000)]
  0x00007f97c96da000 JavaThread "pool-21-thread-47" [_thread_blocked, id=55555, stack(0x00007000173bc000,0x00007000177bc000)]
  0x00007f97c3c32000 JavaThread "pool-21-thread-46" [_thread_blocked, id=55299, stack(0x0000700016fb9000,0x00007000173b9000)]
  0x00007f97c96d9800 JavaThread "pool-21-thread-45" [_thread_blocked, id=75523, stack(0x0000700016bb6000,0x0000700016fb6000)]
  0x00007f97c84ce800 JavaThread "pool-21-thread-44" [_thread_blocked, id=54787, stack(0x00007000167b3000,0x0000700016bb3000)]
  0x00007f97cd39a000 JavaThread "pool-21-thread-43" [_thread_blocked, id=75779, stack(0x00007000163b0000,0x00007000167b0000)]
  0x00007f97cd2d3800 JavaThread "pool-21-thread-42" [_thread_blocked, id=76035, stack(0x0000700015fad000,0x00007000163ad000)]
  0x00007f97c7fe9800 JavaThread "pool-21-thread-41" [_thread_blocked, id=76547, stack(0x0000700015baa000,0x0000700015faa000)]
  0x00007f97ce64e000 JavaThread "pool-21-thread-40" [_thread_blocked, id=54019, stack(0x00007000157a7000,0x0000700015ba7000)]
  0x00007f97ce64d800 JavaThread "pool-21-thread-39" [_thread_blocked, id=53515, stack(0x00007000153a4000,0x00007000157a4000)]
  0x00007f97c5703000 JavaThread "pool-21-thread-38" [_thread_in_Java, id=53763, stack(0x0000700014fa1000,0x00007000153a1000)]
  0x00007f97c9f4b000 JavaThread "pool-21-thread-37" [_thread_blocked, id=53251, stack(0x0000700014b9e000,0x0000700014f9e000)]
  0x00007f97c2cf9000 JavaThread "pool-21-thread-36" [_thread_blocked, id=78083, stack(0x000070001479b000,0x0000700014b9b000)]
  0x00007f97c7fe9000 JavaThread "pool-21-thread-35" [_thread_blocked, id=78339, stack(0x0000700014398000,0x0000700014798000)]
  0x00007f97ce64c000 JavaThread "pool-21-thread-34" [_thread_blocked, id=78851, stack(0x0000700013f95000,0x0000700014395000)]
  0x00007f97c83bf000 JavaThread "pool-21-thread-33" [_thread_blocked, id=52483, stack(0x0000700013b92000,0x0000700013f92000)]
  0x00007f97ce5fa000 JavaThread "pool-21-thread-32" [_thread_blocked, id=51971, stack(0x000070001378f000,0x0000700013b8f000)]
  0x00007f97ce5f9000 JavaThread "pool-21-thread-31" [_thread_blocked, id=79363, stack(0x000070001338c000,0x000070001378c000)]
  0x00007f97c2cf8000 JavaThread "pool-21-thread-30" [_thread_blocked, id=51715, stack(0x0000700012f89000,0x0000700013389000)]
  0x00007f97c8271800 JavaThread "pool-21-thread-29" [_thread_blocked, id=51463, stack(0x0000700012b86000,0x0000700012f86000)]
  0x00007f97c939f800 JavaThread "pool-21-thread-28" [_thread_blocked, id=50947, stack(0x0000700012783000,0x0000700012b83000)]
  0x00007f97c939d800 JavaThread "pool-21-thread-27" [_thread_blocked, id=50435, stack(0x0000700012380000,0x0000700012780000)]
  0x00007f97c7f1f800 JavaThread "pool-21-thread-26" [_thread_blocked, id=80387, stack(0x0000700011f7d000,0x000070001237d000)]
  0x00007f97c39cf000 JavaThread "pool-21-thread-25" [_thread_blocked, id=80643, stack(0x0000700011b7a000,0x0000700011f7a000)]
  0x00007f97c4b25800 JavaThread "pool-21-thread-24" [_thread_blocked, id=80911, stack(0x0000700011777000,0x0000700011b77000)]
  0x00007f97c939f000 JavaThread "pool-21-thread-23" [_thread_blocked, id=81171, stack(0x0000700010f71000,0x0000700011371000)]
  0x00007f97c33a6800 JavaThread "pool-21-thread-22" [_thread_blocked, id=48899, stack(0x0000700010b6e000,0x0000700010f6e000)]
  0x00007f97ca863000 JavaThread "pool-21-thread-21" [_thread_blocked, id=48643, stack(0x000070001076b000,0x0000700010b6b000)]
  0x00007f97c813b000 JavaThread "pool-21-thread-20" [_thread_blocked, id=81923, stack(0x0000700010368000,0x0000700010768000)]
  0x00007f97c7cfa000 JavaThread "pool-21-thread-19" [_thread_blocked, id=82435, stack(0x000070000ff65000,0x0000700010365000)]
  0x00007f97c97a7000 JavaThread "pool-21-thread-18" [_thread_in_vm, id=82691, stack(0x000070000fb62000,0x000070000ff62000)]
  0x00007f97c57b8800 JavaThread "pool-21-thread-17" [_thread_blocked, id=82947, stack(0x000070000f75f000,0x000070000fb5f000)]
  0x00007f97c2a72000 JavaThread "pool-21-thread-16" [_thread_blocked, id=83203, stack(0x000070000f35c000,0x000070000f75c000)]
  0x00007f97c29df800 JavaThread "pool-21-thread-15" [_thread_blocked, id=47107, stack(0x000070000ef59000,0x000070000f359000)]
  0x00007f97c2857000 JavaThread "pool-21-thread-14" [_thread_blocked, id=83715, stack(0x000070000eb56000,0x000070000ef56000)]
  0x00007f97c94f7800 JavaThread "pool-21-thread-13" [_thread_in_Java, id=46595, stack(0x000070000e753000,0x000070000eb53000)]
  0x00007f97c9864000 JavaThread "pool-21-thread-12" [_thread_blocked, id=46083, stack(0x000070000e350000,0x000070000e750000)]
  0x00007f97c91ac000 JavaThread "pool-21-thread-11" [_thread_blocked, id=12851, stack(0x000070000df4d000,0x000070000e34d000)]
  0x00007f97cd594000 JavaThread "pool-21-thread-10" [_thread_blocked, id=28683, stack(0x000070000db4a000,0x000070000df4a000)]
  0x00007f97c7f1e800 JavaThread "pool-21-thread-9" [_thread_blocked, id=31247, stack(0x000070000d747000,0x000070000db47000)]
  0x00007f97ca8e6000 JavaThread "pool-21-thread-8" [_thread_blocked, id=36111, stack(0x000070000d344000,0x000070000d744000)]
  0x00007f97c4e80800 JavaThread "pool-21-thread-7" [_thread_blocked, id=28935, stack(0x000070000cf41000,0x000070000d341000)]
  0x00007f97c9bd3800 JavaThread "pool-21-thread-6" [_thread_blocked, id=43783, stack(0x000070000cb3e000,0x000070000cf3e000)]
  0x00007f97c91a5800 JavaThread "pool-21-thread-5" [_thread_blocked, id=34055, stack(0x000070000a723000,0x000070000ab23000)]
  0x00007f97c331c000 JavaThread "pool-21-thread-4" [_thread_blocked, id=34567, stack(0x000070000a320000,0x000070000a720000)]
  0x00007f97c3535800 JavaThread "pool-21-thread-3" [_thread_blocked, id=33799, stack(0x0000700009b1a000,0x0000700009f1a000)]
  0x00007f97c56d4800 JavaThread "pool-21-thread-2" [_thread_in_Java, id=87047, stack(0x0000700009717000,0x0000700009b17000)]
  0x00007f97ca926000 JavaThread "sbt-progress-report-scheduler" [_thread_blocked, id=33287, stack(0x0000700008f11000,0x0000700009311000)]
  0x00007f97c864a000 JavaThread "pool-21-thread-1" [_thread_blocked, id=35111, stack(0x0000700008b0e000,0x0000700008f0e000)]
  0x00007f97c810b800 JavaThread "sbt-task-progress-report-thread" [_thread_blocked, id=26403, stack(0x0000700003ad2000,0x0000700003ed2000)]
  0x00007f97cd39c000 JavaThread "com.swoval.files.apple.FileEventsMonitor.callback-1" [_thread_blocked, id=26631, stack(0x00007000076ff000,0x0000700007aff000)]
  0x00007f97c2a6c800 JavaThread "sbt-socket-server" [_thread_in_native, id=30731, stack(0x0000700009f1d000,0x000070000a31d000)]
  0x00007f97c31c5800 JavaThread "com.swoval.files.apple.FileEventsMonitor.runloop" [_thread_in_native, id=85251, stack(0x000070000c73b000,0x000070000cb3b000)]
  0x00007f97c4c13800 JavaThread "FileTreeRepository-callback-executor-1" [_thread_blocked, id=45059, stack(0x000070000c338000,0x000070000c738000)]
  0x00007f97c7ad3800 JavaThread "com.swoval.files.SymlinkWather.callback-executor-1" [_thread_blocked, id=86019, stack(0x000070000bf35000,0x000070000c335000)]
  0x00007f97c4c12800 JavaThread "com.swoval.files.apple.FileEventsMonitor.runloop" [_thread_in_native, id=29959, stack(0x000070000bb32000,0x000070000bf32000)]
  0x00007f97c9973000 JavaThread "com.swoval.files.apple.FileEventsMonitor.runloop" [_thread_in_native, id=34827, stack(0x000070000b72f000,0x000070000bb2f000)]
  0x00007f97c4e30000 JavaThread "FileTreeRepository-callback-executor-1" [_thread_blocked, id=35855, stack(0x000070000b32c000,0x000070000b72c000)]
  0x00007f97c4b28800 JavaThread "com.swoval.files.SymlinkWather.callback-executor-1" [_thread_blocked, id=33035, stack(0x000070000af29000,0x000070000b329000)]
  0x00007f97c4b28000 JavaThread "com.swoval.files.apple.FileEventsMonitor.runloop" [_thread_in_native, id=36879, stack(0x000070000ab26000,0x000070000af26000)]
  0x00007f97c2876000 JavaThread "Timer-0" daemon [_thread_blocked, id=40719, stack(0x00007000062f0000,0x00007000066f0000)]
  0x00007f97c8f53800 JavaThread "scala-execution-context-global-60" daemon [_thread_blocked, id=28163, stack(0x000070000870b000,0x0000700008b0b000)]
  0x00007f97c7cd2800 JavaThread "sbt-command-exchange-fastTrack" daemon [_thread_blocked, id=27907, stack(0x0000700008308000,0x0000700008708000)]
  0x00007f97ca9bd000 JavaThread "classloader-cache-cleanup-0" daemon [_thread_blocked, id=27395, stack(0x0000700007f05000,0x0000700008305000)]
  0x00007f97c7b9a000 JavaThread "sbt-console-input-reader" [_thread_blocked, id=27139, stack(0x0000700007b02000,0x0000700007f02000)]
  0x00007f97c4e4b800 JavaThread "process reaper" daemon [_thread_blocked, id=26883, stack(0x0000700002cb7000,0x0000700002cdf000)]
  0x00007f97c342d000 JavaThread "pool-2-thread-5" [_thread_blocked, id=39939, stack(0x00007000072fc000,0x00007000076fc000)]
  0x00007f97c342c800 JavaThread "pool-2-thread-4" [_thread_blocked, id=25859, stack(0x0000700006ef9000,0x00007000072f9000)]
  0x00007f97c397c800 JavaThread "pool-2-thread-3" [_thread_blocked, id=40451, stack(0x0000700006af6000,0x0000700006ef6000)]
  0x00007f97c3943000 JavaThread "pool-2-thread-2" [_thread_blocked, id=24583, stack(0x00007000066f3000,0x0000700006af3000)]
  0x00007f97c9c90000 JavaThread "pool-2-thread-1" [_thread_blocked, id=25367, stack(0x0000700005eed000,0x00007000062ed000)]
  0x00007f97c8116800 JavaThread "pool-1-thread-8" [_thread_blocked, id=24323, stack(0x0000700005aea000,0x0000700005eea000)]
  0x00007f97c2d47800 JavaThread "pool-1-thread-7" [_thread_blocked, id=23811, stack(0x00007000056e7000,0x0000700005ae7000)]
  0x00007f97c7857000 JavaThread "pool-1-thread-6" [_thread_blocked, id=23555, stack(0x00007000052e4000,0x00007000056e4000)]
  0x00007f97c89ca800 JavaThread "pool-1-thread-5" [_thread_blocked, id=41731, stack(0x0000700004ee1000,0x00007000052e1000)]
  0x00007f97c811e800 JavaThread "pool-1-thread-4" [_thread_blocked, id=23043, stack(0x0000700004ade000,0x0000700004ede000)]
  0x00007f97c50c0800 JavaThread "pool-1-thread-3" [_thread_blocked, id=41987, stack(0x00007000046db000,0x0000700004adb000)]
  0x00007f97c89c9800 JavaThread "pool-1-thread-2" [_thread_blocked, id=42499, stack(0x00007000042d8000,0x00007000046d8000)]
  0x00007f97c9b2e800 JavaThread "pool-1-thread-1" [_thread_blocked, id=42795, stack(0x0000700003ed5000,0x00007000042d5000)]
  0x00007f97c3844800 JavaThread "Service Thread" daemon [_thread_blocked, id=21763, stack(0x00007000035cc000,0x00007000039cc000)]
  0x00007f97c3847800 JavaThread "C1 CompilerThread3" daemon [_thread_blocked, id=15875, stack(0x00007000034c9000,0x00007000035c9000)]
  0x00007f97c3846800 JavaThread "C2 CompilerThread2" daemon [_thread_in_native, id=15363, stack(0x00007000033c6000,0x00007000034c6000)]
=>0x00007f97c3031000 JavaThread "C2 CompilerThread1" daemon [_thread_in_native, id=15107, stack(0x00007000032c3000,0x00007000033c3000)]
  0x00007f97c2811800 JavaThread "C2 CompilerThread0" daemon [_thread_blocked, id=14851, stack(0x00007000031c0000,0x00007000032c0000)]
  0x00007f97c2810800 JavaThread "Signal Dispatcher" daemon [_thread_blocked, id=17155, stack(0x0000700002dbd000,0x00007000031bd000)]
  0x00007f97c3842000 JavaThread "Finalizer" daemon [_thread_blocked, id=12035, stack(0x00007000028b4000,0x0000700002cb4000)]
  0x00007f97c3008800 JavaThread "Reference Handler" daemon [_thread_blocked, id=11779, stack(0x00007000024b1000,0x00007000028b1000)]
  0x00007f97c300d800 JavaThread "main" [_thread_blocked, id=6403, stack(0x0000700001793000,0x0000700001b93000)]

Other Threads:
  0x00007f97c3838000 VMThread [stack: 0x00007000023ae000,0x00007000024ae000] [id=19715]
  0x00007f97c304a000 WatcherThread [stack: 0x00007000039cf000,0x0000700003acf000] [id=22275]

VM state:synchronizing (normal execution)

VM Mutex/Monitor currently owned by a thread:  ([mutex/lock_event])
[0x00007f97c40058a0] Safepoint_lock - owner thread: 0x00007f97c3838000
[0x00007f97c4005920] Threads_lock - owner thread: 0x00007f97c3838000

heap address: 0x00000006c0000000, size: 4096 MB, Compressed Oops mode: Zero based, Oop shift amount: 3
Narrow klass base: 0x0000000000000000, Narrow klass shift: 3
Compressed class space size: 1073741824 Address: 0x00000007c0000000

Heap:
 PSYoungGen      total 1157632K, used 905768K [0x000000076ab00000, 0x00000007c0000000, 0x00000007c0000000)
  eden space 915456K, 94% used [0x000000076ab00000,0x000000079f5965b0,0x00000007a2900000)
  from space 242176K, 17% used [0x00000007b1380000,0x00000007b3d73e08,0x00000007c0000000)
  to   space 240128K, 0% used [0x00000007a2900000,0x00000007a2900000,0x00000007b1380000)
 ParOldGen       total 2796544K, used 399420K [0x00000006c0000000, 0x000000076ab00000, 0x000000076ab00000)
  object space 2796544K, 14% used [0x00000006c0000000,0x00000006d860f030,0x000000076ab00000)
 Metaspace       used 242185K, capacity 275445K, committed 278824K, reserved 1292288K
  class space    used 32648K, capacity 34474K, committed 35112K, reserved 1048576K

Card table byte_map: [0x000000010c60e000,0x000000010ce0f000] byte_map_base: 0x000000010900e000

Marking Bits: (ParMarkBitMap*) 0x000000010bf29768
 Begin Bits: [0x0000000121e65000, 0x0000000125e65000)
 End Bits:   [0x0000000125e65000, 0x0000000129e65000)

Polling page: 0x000000010713a000

CodeCache: size=262144Kb used=115544Kb max_used=116207Kb free=146599Kb
 bounds [0x0000000111e65000, 0x0000000119075000, 0x0000000121e65000]
 total_blobs=38583 nmethods=37640 adapters=849
 compilation: enabled

Compilation events (10 events):
Event: 223.291 Thread 0x00007f97c3847800 nmethod 49997 0x00000001188afd10 code [0x00000001188afe80, 0x00000001188b0068]
Event: 223.291 Thread 0x00007f97c3847800 49998       3       scala.collection.GenSetLike::equals (63 bytes)
Event: 223.291 Thread 0x00007f97c3847800 nmethod 49998 0x00000001188ac0d0 code [0x00000001188ac2a0, 0x00000001188acaf8]
Event: 223.291 Thread 0x00007f97c3847800 49999       3       lmcoursier.internal.shaded.concurrentrefhashmap.ConcurrentReferenceHashMap::get (23 bytes)
Event: 223.292 Thread 0x00007f97c3847800 nmethod 49999 0x00000001188ab750 code [0x00000001188ab900, 0x00000001188abe58]
Event: 223.292 Thread 0x00007f97c3847800 49993       3       scala.reflect.internal.Types$NoArgsTypeRef::isHigherKinded (14 bytes)
Event: 223.293 Thread 0x00007f97c3847800 nmethod 49993 0x00000001168cae90 code [0x00000001168cb080, 0x00000001168cbd88]
Event: 223.293 Thread 0x00007f97c3847800 50001       3       scala.reflect.internal.Definitions$DefinitionsClass::isVolatile (202 bytes)
Event: 223.302 Thread 0x00007f97c2811800 nmethod 46114 0x00000001188af8d0 code [0x00000001188afa20, 0x00000001188afb58]
Event: 223.302 Thread 0x00007f97c2811800 50010       4       scala.reflect.internal.Symbols$TermSymbol::setModuleClass (36 bytes)

GC Heap History (10 events):
Event: 212.761 GC heap before
{Heap before GC invocations=32 (full 5):
 PSYoungGen      total 1198592K, used 1187679K [0x000000076ab00000, 0x00000007c0000000, 0x00000007c0000000)
  eden space 1037312K, 100% used [0x000000076ab00000,0x00000007aa000000,0x00000007aa000000)
  from space 161280K, 93% used [0x00000007b6280000,0x00000007bf557f00,0x00000007c0000000)
  to   space 180224K, 0% used [0x00000007aa000000,0x00000007aa000000,0x00000007b5000000)
 ParOldGen       total 2796544K, used 373496K [0x00000006c0000000, 0x000000076ab00000, 0x000000076ab00000)
  object space 2796544K, 13% used [0x00000006c0000000,0x00000006d6cbe2f8,0x000000076ab00000)
 Metaspace       used 233299K, capacity 267611K, committed 267944K, reserved 1284096K
  class space    used 31950K, capacity 33868K, committed 33960K, reserved 1048576K
Event: 212.926 GC heap after
Heap after GC invocations=32 (full 5):
 PSYoungGen      total 1210880K, used 173152K [0x000000076ab00000, 0x00000007c0000000, 0x00000007c0000000)
  eden space 1037312K, 0% used [0x000000076ab00000,0x000000076ab00000,0x00000007aa000000)
  from space 173568K, 99% used [0x00000007aa000000,0x00000007b4918308,0x00000007b4980000)
  to   space 186880K, 0% used [0x00000007b4980000,0x00000007b4980000,0x00000007c0000000)
 ParOldGen       total 2796544K, used 373496K [0x00000006c0000000, 0x000000076ab00000, 0x000000076ab00000)
  object space 2796544K, 13% used [0x00000006c0000000,0x00000006d6cbe2f8,0x000000076ab00000)
 Metaspace       used 233299K, capacity 267611K, committed 267944K, reserved 1284096K
  class space    used 31950K, capacity 33868K, committed 33960K, reserved 1048576K
}
Event: 216.176 GC heap before
{Heap before GC invocations=33 (full 5):
 PSYoungGen      total 1210880K, used 1210464K [0x000000076ab00000, 0x00000007c0000000, 0x00000007c0000000)
  eden space 1037312K, 100% used [0x000000076ab00000,0x00000007aa000000,0x00000007aa000000)
  from space 173568K, 99% used [0x00000007aa000000,0x00000007b4918308,0x00000007b4980000)
  to   space 186880K, 0% used [0x00000007b4980000,0x00000007b4980000,0x00000007c0000000)
 ParOldGen       total 2796544K, used 373496K [0x00000006c0000000, 0x000000076ab00000, 0x000000076ab00000)
  object space 2796544K, 13% used [0x00000006c0000000,0x00000006d6cbe2f8,0x000000076ab00000)
 Metaspace       used 238326K, capacity 273103K, committed 273320K, reserved 1288192K
  class space    used 32540K, capacity 34452K, committed 34472K, reserved 1048576K
Event: 216.262 GC heap after
Heap after GC invocations=33 (full 5):
 PSYoungGen      total 1133056K, used 182264K [0x000000076ab00000, 0x00000007c0000000, 0x00000007c0000000)
  eden space 946176K, 0% used [0x000000076ab00000,0x000000076ab00000,0x00000007a4700000)
  from space 186880K, 97% used [0x00000007b4980000,0x00000007bfb7e010,0x00000007c0000000)
  to   space 225792K, 0% used [0x00000007a4700000,0x00000007a4700000,0x00000007b2380000)
 ParOldGen       total 2796544K, used 373504K [0x00000006c0000000, 0x000000076ab00000, 0x000000076ab00000)
  object space 2796544K, 13% used [0x00000006c0000000,0x00000006d6cc02f8,0x000000076ab00000)
 Metaspace       used 238326K, capacity 273103K, committed 273320K, reserved 1288192K
  class space    used 32540K, capacity 34452K, committed 34472K, reserved 1048576K
}
Event: 216.380 GC heap before
{Heap before GC invocations=34 (full 5):
 PSYoungGen      total 1133056K, used 248549K [0x000000076ab00000, 0x00000007c0000000, 0x00000007c0000000)
  eden space 946176K, 7% used [0x000000076ab00000,0x000000076ebbb668,0x00000007a4700000)
  from space 186880K, 97% used [0x00000007b4980000,0x00000007bfb7e010,0x00000007c0000000)
  to   space 225792K, 0% used [0x00000007a4700000,0x00000007a4700000,0x00000007b2380000)
 ParOldGen       total 2796544K, used 373504K [0x00000006c0000000, 0x000000076ab00000, 0x000000076ab00000)
  object space 2796544K, 13% used [0x00000006c0000000,0x00000006d6cc02f8,0x000000076ab00000)
 Metaspace       used 238846K, capacity 273795K, committed 273896K, reserved 1288192K
  class space    used 32651K, capacity 34557K, committed 34600K, reserved 1048576K
Event: 216.469 GC heap after
Heap after GC invocations=34 (full 5):
 PSYoungGen      total 1125888K, used 179214K [0x000000076ab00000, 0x00000007c0000000, 0x00000007c0000000)
  eden space 946176K, 0% used [0x000000076ab00000,0x000000076ab00000,0x00000007a4700000)
  from space 179712K, 99% used [0x00000007a4700000,0x00000007af603868,0x00000007af680000)
  to   space 242176K, 0% used [0x00000007b1380000,0x00000007b1380000,0x00000007c0000000)
 ParOldGen       total 2796544K, used 373512K [0x00000006c0000000, 0x000000076ab00000, 0x000000076ab00000)
  object space 2796544K, 13% used [0x00000006c0000000,0x00000006d6cc22f8,0x000000076ab00000)
 Metaspace       used 238846K, capacity 273795K, committed 273896K, reserved 1288192K
  class space    used 32651K, capacity 34557K, committed 34600K, reserved 1048576K
}
Event: 216.469 GC heap before
{Heap before GC invocations=35 (full 6):
 PSYoungGen      total 1125888K, used 179214K [0x000000076ab00000, 0x00000007c0000000, 0x00000007c0000000)
  eden space 946176K, 0% used [0x000000076ab00000,0x000000076ab00000,0x00000007a4700000)
  from space 179712K, 99% used [0x00000007a4700000,0x00000007af603868,0x00000007af680000)
  to   space 242176K, 0% used [0x00000007b1380000,0x00000007b1380000,0x00000007c0000000)
 ParOldGen       total 2796544K, used 373512K [0x00000006c0000000, 0x000000076ab00000, 0x000000076ab00000)
  object space 2796544K, 13% used [0x00000006c0000000,0x00000006d6cc22f8,0x000000076ab00000)
 Metaspace       used 238846K, capacity 273795K, committed 273896K, reserved 1288192K
  class space    used 32651K, capacity 34557K, committed 34600K, reserved 1048576K
Event: 217.940 GC heap after
Heap after GC invocations=35 (full 6):
 PSYoungGen      total 1125888K, used 0K [0x000000076ab00000, 0x00000007c0000000, 0x00000007c0000000)
  eden space 946176K, 0% used [0x000000076ab00000,0x000000076ab00000,0x00000007a4700000)
  from space 179712K, 0% used [0x00000007a4700000,0x00000007a4700000,0x00000007af680000)
  to   space 242176K, 0% used [0x00000007b1380000,0x00000007b1380000,0x00000007c0000000)
 ParOldGen       total 2796544K, used 399412K [0x00000006c0000000, 0x000000076ab00000, 0x000000076ab00000)
  object space 2796544K, 14% used [0x00000006c0000000,0x00000006d860d030,0x000000076ab00000)
 Metaspace       used 233455K, capacity 265519K, committed 273896K, reserved 1288192K
  class space    used 31451K, capacity 33208K, committed 34600K, reserved 1048576K
}
Event: 221.203 GC heap before
{Heap before GC invocations=36 (full 6):
 PSYoungGen      total 1125888K, used 946176K [0x000000076ab00000, 0x00000007c0000000, 0x00000007c0000000)
  eden space 946176K, 100% used [0x000000076ab00000,0x00000007a4700000,0x00000007a4700000)
  from space 179712K, 0% used [0x00000007a4700000,0x00000007a4700000,0x00000007af680000)
  to   space 242176K, 0% used [0x00000007b1380000,0x00000007b1380000,0x00000007c0000000)
 ParOldGen       total 2796544K, used 399412K [0x00000006c0000000, 0x000000076ab00000, 0x000000076ab00000)
  object space 2796544K, 14% used [0x00000006c0000000,0x00000006d860d030,0x000000076ab00000)
 Metaspace       used 238074K, capacity 270537K, committed 275368K, reserved 1290240K
  class space    used 32123K, capacity 33961K, committed 34984K, reserved 1048576K
Event: 221.234 GC heap after
Heap after GC invocations=36 (full 6):
 PSYoungGen      total 1157632K, used 42959K [0x000000076ab00000, 0x00000007c0000000, 0x00000007c0000000)
  eden space 915456K, 0% used [0x000000076ab00000,0x000000076ab00000,0x00000007a2900000)
  from space 242176K, 17% used [0x00000007b1380000,0x00000007b3d73e08,0x00000007c0000000)
  to   space 240128K, 0% used [0x00000007a2900000,0x00000007a2900000,0x00000007b1380000)
 ParOldGen       total 2796544K, used 399420K [0x00000006c0000000, 0x000000076ab00000, 0x000000076ab00000)
  object space 2796544K, 14% used [0x00000006c0000000,0x00000006d860f030,0x000000076ab00000)
 Metaspace       used 238074K, capacity 270537K, committed 275368K, reserved 1290240K
  class space    used 32123K, capacity 33961K, committed 34984K, reserved 1048576K
}

Deoptimization events (10 events):
Event: 222.510 Thread 0x00007f97c96fe800 Uncommon trap: reason=unstable_if action=reinterpret pc=0x000000011612af7c method=scala.tools.nsc.transform.SpecializeTypes.specializedTypeVarsBuffer(Lscala/reflect/internal/Types$Type;Lscala/collection/mutable/Buffer;)V @ 102
Event: 222.551 Thread 0x00007f97c96fe800 Uncommon trap: reason=class_check action=maybe_recompile pc=0x0000000112ed52d8 method=scala.reflect.internal.Types$Type.findDecl(Lscala/reflect/internal/Names$Name;I)Lscala/reflect/internal/Symbols$Symbol; @ 138
Event: 222.551 Thread 0x00007f97c96fe800 Uncommon trap: reason=class_check action=maybe_recompile pc=0x0000000112ed52d8 method=scala.reflect.internal.Types$Type.findDecl(Lscala/reflect/internal/Names$Name;I)Lscala/reflect/internal/Symbols$Symbol; @ 138
Event: 222.551 Thread 0x00007f97c96fe800 Uncommon trap: reason=class_check action=maybe_recompile pc=0x0000000112ed52d8 method=scala.reflect.internal.Types$Type.findDecl(Lscala/reflect/internal/Names$Name;I)Lscala/reflect/internal/Symbols$Symbol; @ 138
Event: 222.561 Thread 0x00007f97c96fe800 Uncommon trap: reason=class_check action=maybe_recompile pc=0x0000000112ed52d8 method=scala.reflect.internal.Types$Type.findDecl(Lscala/reflect/internal/Names$Name;I)Lscala/reflect/internal/Symbols$Symbol; @ 138
Event: 222.611 Thread 0x00007f97c97a7000 Uncommon trap: reason=unstable_if action=reinterpret pc=0x000000011901ff7c method=scala.reflect.internal.tpe.TypeMaps$TypeMap.mapOver(Lscala/reflect/internal/Types$Type;)Lscala/reflect/internal/Types$Type; @ 689
Event: 222.626 Thread 0x00007f97c8e56000 Uncommon trap: reason=class_check action=maybe_recompile pc=0x0000000118e62940 method=scala.collection.generic.GenTraversableFactory$$anon$1.apply()Lscala/collection/mutable/Builder; @ 4
Event: 222.649 Thread 0x00007f97c97a7000 Uncommon trap: reason=null_check action=make_not_entrant pc=0x0000000118267d84 method=scala.runtime.BoxesRunTime.equals2(Ljava/lang/Object;Ljava/lang/Object;)Z @ 1
Event: 223.149 Thread 0x00007f97c9f51000 Uncommon trap: reason=unstable_if action=reinterpret pc=0x0000000118208744 method=scala.tools.nsc.ast.parser.Parsers$Parser.isStatSeqEnd()Z @ 20
Event: 223.289 Thread 0x00007f97c9f51000 Uncommon trap: reason=unstable_if action=reinterpret pc=0x0000000118251d58 method=scala.LowPriorityImplicits.wrapRefArray([Ljava/lang/Object;)Lscala/collection/mutable/WrappedArray; @ 9

Classes redefined (0 events):
No events

Internal exceptions (10 events):
Event: 222.718 Thread 0x00007f97c8e56000 Exception <a 'sun/nio/fs/UnixException'> (0x000000078dff4798) thrown at [/jenkins/workspace/8-2-build-macosx-x86_64/jdk8u271/605/hotspot/src/share/vm/prims/jni.cpp, line 710]
Event: 222.749 Thread 0x00007f97c8e56000 Exception <a 'java/security/PrivilegedActionException'> (0x000000078ec7c170) thrown at [/jenkins/workspace/8-2-build-macosx-x86_64/jdk8u271/605/hotspot/src/share/vm/prims/jvm.cpp, line 1512]
Event: 222.749 Thread 0x00007f97c8e56000 Exception <a 'java/security/PrivilegedActionException'> (0x000000078ec7c568) thrown at [/jenkins/workspace/8-2-build-macosx-x86_64/jdk8u271/605/hotspot/src/share/vm/prims/jvm.cpp, line 1512]
Event: 222.749 Thread 0x00007f97c8e56000 Exception <a 'java/security/PrivilegedActionException'> (0x000000078ec7d858) thrown at [/jenkins/workspace/8-2-build-macosx-x86_64/jdk8u271/605/hotspot/src/share/vm/prims/jvm.cpp, line 1512]
Event: 222.749 Thread 0x00007f97c8e56000 Exception <a 'java/security/PrivilegedActionException'> (0x000000078ec7dc50) thrown at [/jenkins/workspace/8-2-build-macosx-x86_64/jdk8u271/605/hotspot/src/share/vm/prims/jvm.cpp, line 1512]
Event: 222.749 Thread 0x00007f97c8e56000 Exception <a 'java/security/PrivilegedActionException'> (0x000000078ec7ef68) thrown at [/jenkins/workspace/8-2-build-macosx-x86_64/jdk8u271/605/hotspot/src/share/vm/prims/jvm.cpp, line 1512]
Event: 222.749 Thread 0x00007f97c8e56000 Exception <a 'java/security/PrivilegedActionException'> (0x000000078ec7f360) thrown at [/jenkins/workspace/8-2-build-macosx-x86_64/jdk8u271/605/hotspot/src/share/vm/prims/jvm.cpp, line 1512]
Event: 222.751 Thread 0x00007f97c8e56000 Exception <a 'java/security/PrivilegedActionException'> (0x000000078efedf68) thrown at [/jenkins/workspace/8-2-build-macosx-x86_64/jdk8u271/605/hotspot/src/share/vm/prims/jvm.cpp, line 1512]
Event: 222.751 Thread 0x00007f97c8e56000 Exception <a 'java/security/PrivilegedActionException'> (0x000000078efee360) thrown at [/jenkins/workspace/8-2-build-macosx-x86_64/jdk8u271/605/hotspot/src/share/vm/prims/jvm.cpp, line 1512]
Event: 222.839 Thread 0x00007f97c97a7000 Exception <a 'java/lang/NoSuchMethodError': java.lang.Object.$anonfun$findTseitinModel0$4$adapted(ILscala/collection/immutable/Set;)Ljava/lang/Object;> (0x00000007901ee458) thrown at [/jenkins/workspace/8-2-build-macosx-x86_64/jdk8u271/605/hotspot/src/sha

Events (10 events):
Event: 223.180 Executing VM operation: ForceSafepoint done
Event: 223.194 loading class org/scalatest/time/Units
Event: 223.194 loading class org/scalatest/time/Units done
Event: 223.194 loading class org/scalatest/time/Seconds$
Event: 223.194 loading class org/scalatest/time/Seconds$ done
Event: 223.195 loading class org/scalatest/tools/SuiteResultHolder
Event: 223.195 loading class org/scalatest/tools/SuiteResultHolder done
Event: 223.289 Thread 0x00007f97c9f51000 Uncommon trap: trap_request=0xffffff65 fr.pc=0x0000000118251d58
Event: 223.289 Thread 0x00007f97c9f51000 DEOPT PACKING pc=0x0000000118251d58 sp=0x0000700018bc32c0
Event: 223.289 Thread 0x00007f97c9f51000 DEOPT UNPACKING pc=0x0000000111eaa73a sp=0x0000700018bc3280 mode 2


Dynamic libraries:
0x00007fff34fc2000 	/System/Library/Frameworks/Cocoa.framework/Versions/A/Cocoa
0x00007fff221e7000 	/System/Library/Frameworks/Security.framework/Versions/A/Security
0x00007fff331bf000 	/System/Library/Frameworks/ApplicationServices.framework/Versions/A/ApplicationServices
0x00007fff2a470000 	/usr/lib/libz.1.dylib
0x00007fff2a538000 	/usr/lib/libSystem.B.dylib
0x00007fff203ad000 	/System/Library/Frameworks/CoreFoundation.framework/Versions/A/CoreFoundation
0x00007fff2115a000 	/System/Library/Frameworks/Foundation.framework/Versions/C/Foundation
0x00007fff201cd000 	/usr/lib/libobjc.A.dylib
0x00007fff22c0e000 	/System/Library/Frameworks/AppKit.framework/Versions/C/AppKit
0x00007fff25aa6000 	/System/Library/Frameworks/CoreData.framework/Versions/A/CoreData
0x00007fff23971000 	/System/Library/PrivateFrameworks/UIFoundation.framework/Versions/A/UIFoundation
0x00007fff2fb9e000 	/System/Library/PrivateFrameworks/RemoteViewServices.framework/Versions/A/RemoteViewServices
0x00007fff28997000 	/System/Library/PrivateFrameworks/XCTTargetBootstrap.framework/Versions/A/XCTTargetBootstrap
0x00007fff2b678000 	/usr/lib/libspindump.dylib
0x00007fff23bc6000 	/System/Library/Frameworks/UniformTypeIdentifiers.framework/Versions/A/UniformTypeIdentifiers
0x00007fff2716d000 	/usr/lib/libapp_launch_measurement.dylib
0x00007fff27170000 	/System/Library/PrivateFrameworks/CoreAutoLayout.framework/Versions/A/CoreAutoLayout
0x00007fff282f9000 	/System/Library/Frameworks/Metal.framework/Versions/A/Metal
0x00007fff28fe9000 	/usr/lib/liblangid.dylib
0x00007fff2899b000 	/System/Library/PrivateFrameworks/CoreSVG.framework/Versions/A/CoreSVG
0x00007fff24bad000 	/System/Library/PrivateFrameworks/SkyLight.framework/Versions/A/SkyLight
0x00007fff24f14000 	/System/Library/Frameworks/CoreGraphics.framework/Versions/A/CoreGraphics
0x00007fff301f5000 	/System/Library/Frameworks/Accelerate.framework/Versions/A/Accelerate
0x00007fff2b0b3000 	/System/Library/PrivateFrameworks/IconServices.framework/Versions/A/IconServices
0x00007fff282de000 	/System/Library/Frameworks/IOSurface.framework/Versions/A/IOSurface
0x00007fff2642f000 	/usr/lib/libDiagnosticMessagesClient.dylib
0x00007fff28983000 	/System/Library/PrivateFrameworks/DFRFoundation.framework/Versions/A/DFRFoundation
0x00007fff22539000 	/usr/lib/libicucore.A.dylib
0x00007fff2cbbf000 	/System/Library/Frameworks/AudioToolbox.framework/Versions/A/AudioToolbox
0x00007fff2be64000 	/System/Library/PrivateFrameworks/DataDetectorsCore.framework/Versions/A/DataDetectorsCore
0x00007fff28683000 	/System/Library/Frameworks/Carbon.framework/Versions/A/Frameworks/HIToolbox.framework/Versions/A/HIToolbox
0x00007fff26bc8000 	/System/Library/Frameworks/QuartzCore.framework/Versions/A/QuartzCore
0x00007fff2fbda000 	/System/Library/Frameworks/Carbon.framework/Versions/A/Frameworks/SpeechRecognition.framework/Versions/A/SpeechRecognition
0x00007fff26ed5000 	/System/Library/PrivateFrameworks/CoreUI.framework/Versions/A/CoreUI
0x00007fff21b42000 	/System/Library/Frameworks/CoreAudio.framework/Versions/A/CoreAudio
0x00007fff2651a000 	/System/Library/Frameworks/DiskArbitration.framework/Versions/A/DiskArbitration
0x00007fff2ba73000 	/System/Library/PrivateFrameworks/MultitouchSupport.framework/Versions/A/MultitouchSupport
0x00007fff2be5b000 	/System/Library/PrivateFrameworks/InternationalSupport.framework/Versions/A/InternationalSupport
0x00007fff24b21000 	/usr/lib/libenergytrace.dylib
0x00007fff22b07000 	/System/Library/Frameworks/IOKit.framework/Versions/A/IOKit
0x00007fff2ff27000 	/System/Library/Frameworks/CoreServices.framework/Versions/A/CoreServices
0x00007fff27103000 	/System/Library/PrivateFrameworks/PerformanceAnalysis.framework/Versions/A/PerformanceAnalysis
0x00007fff6c890000 	/System/Library/Frameworks/OpenGL.framework/Versions/A/OpenGL
0x00007fff2bee0000 	/System/Library/PrivateFrameworks/UserActivity.framework/Versions/A/UserActivity
0x00007fff255a8000 	/System/Library/Frameworks/ColorSync.framework/Versions/A/ColorSync
0x00007fff28c00000 	/System/Library/Frameworks/CoreImage.framework/Versions/A/CoreImage
0x00007fff21959000 	/System/Library/Frameworks/CoreText.framework/Versions/A/CoreText
0x00007fff289c5000 	/System/Library/Frameworks/ImageIO.framework/Versions/A/ImageIO
0x00007fff2a53e000 	/System/Library/PrivateFrameworks/SoftLinking.framework/Versions/A/SoftLinking
0x00007fff271b9000 	/usr/lib/libxml2.2.dylib
0x00007fff20292000 	/usr/lib/libc++.1.dylib
0x00007fff2a7b0000 	/usr/lib/libcompression.dylib
0x00007fff24b22000 	/usr/lib/libMobileGestalt.dylib
0x00007fff2bd8e000 	/System/Library/PrivateFrameworks/TextureIO.framework/Versions/A/TextureIO
0x00007fff2add6000 	/usr/lib/libate.dylib
0x00007fff2a532000 	/usr/lib/system/libcache.dylib
0x00007fff2a4ee000 	/usr/lib/system/libcommonCrypto.dylib
0x00007fff2a518000 	/usr/lib/system/libcompiler_rt.dylib
0x00007fff2a50d000 	/usr/lib/system/libcopyfile.dylib
0x00007fff200bb000 	/usr/lib/system/libcorecrypto.dylib
0x00007fff20188000 	/usr/lib/system/libdispatch.dylib
0x00007fff2033c000 	/usr/lib/system/libdyld.dylib
0x00007fff2a529000 	/usr/lib/system/libkeymgr.dylib
0x00007fff2d971000 	/usr/lib/system/liblaunch.dylib
0x00007fff2a4cc000 	/usr/lib/system/libmacho.dylib
0x00007fff29ce6000 	/usr/lib/system/libquarantine.dylib
0x00007fff2a526000 	/usr/lib/system/libremovefile.dylib
0x00007fff24b7e000 	/usr/lib/system/libsystem_asl.dylib
0x00007fff2006b000 	/usr/lib/system/libsystem_blocks.dylib
0x00007fff20209000 	/usr/lib/system/libsystem_c.dylib
0x00007fff2a520000 	/usr/lib/system/libsystem_collections.dylib
0x00007fff28fda000 	/usr/lib/system/libsystem_configuration.dylib
0x00007fff282cd000 	/usr/lib/system/libsystem_containermanager.dylib
0x00007fff2a268000 	/usr/lib/system/libsystem_coreservices.dylib
0x00007fff2279b000 	/usr/lib/system/libsystem_darwin.dylib
0x00007fff2a52a000 	/usr/lib/system/libsystem_dnssd.dylib
0x00007fff20206000 	/usr/lib/system/libsystem_featureflags.dylib
0x00007fff20381000 	/usr/lib/system/libsystem_info.dylib
0x00007fff2a483000 	/usr/lib/system/libsystem_m.dylib
0x00007fff2015b000 	/usr/lib/system/libsystem_malloc.dylib
0x00007fff24b12000 	/usr/lib/system/libsystem_networkextension.dylib
0x00007fff22bb6000 	/usr/lib/system/libsystem_notify.dylib
0x00007fff2fe25000 	/usr/lib/system/libsystem_product_info_filter.dylib
0x00007fff28fde000 	/usr/lib/system/libsystem_sandbox.dylib
0x00007fff2a523000 	/usr/lib/system/libsystem_secinit.dylib
0x00007fff20301000 	/usr/lib/system/libsystem_kernel.dylib
0x00007fff20377000 	/usr/lib/system/libsystem_platform.dylib
0x00007fff20330000 	/usr/lib/system/libsystem_pthread.dylib
0x00007fff2627d000 	/usr/lib/system/libsystem_symptoms.dylib
0x00007fff200a3000 	/usr/lib/system/libsystem_trace.dylib
0x00007fff2a4fa000 	/usr/lib/system/libunwind.dylib
0x00007fff2006d000 	/usr/lib/system/libxpc.dylib
0x00007fff202e8000 	/usr/lib/libc++abi.dylib
0x00007fff2a505000 	/usr/lib/liboah.dylib
0x00007fff2abbb000 	/usr/lib/liblzma.5.dylib
0x00007fff20e6e000 	/System/Library/Frameworks/SystemConfiguration.framework/Versions/A/SystemConfiguration
0x00007fff2a53a000 	/usr/lib/libfakelink.dylib
0x00007fff24674000 	/System/Library/Frameworks/CFNetwork.framework/Versions/A/CFNetwork
0x00007fff2a67a000 	/usr/lib/libarchive.2.dylib
0x00007fff20eec000 	/usr/lib/libCRFSuite.dylib
0x00007fff29d0d000 	/usr/lib/libbsm.0.dylib
0x00007fff24030000 	/usr/lib/libnetwork.dylib
0x00007fff2a53f000 	/usr/lib/libpcap.A.dylib
0x00007fff26276000 	/usr/lib/libdns_services.dylib
0x00007fff2abd4000 	/usr/lib/libcoretls_cfhelpers.dylib
0x00007fff2a77e000 	/usr/lib/libapple_nghttp2.dylib
0x00007fff2a4d2000 	/usr/lib/system/libkxld.dylib
0x00007fff25edc000 	/usr/lib/libsqlite3.dylib
0x00007fff2a24a000 	/System/Library/PrivateFrameworks/AppleFSCompression.framework/Versions/A/AppleFSCompression
0x00007fff29cf5000 	/usr/lib/libcoretls.dylib
0x00007fff2a7ab000 	/usr/lib/libpam.2.dylib
0x00007fff2acd1000 	/usr/lib/libxar.1.dylib
0x00007fff28fe5000 	/System/Library/PrivateFrameworks/AppleSystemInfo.framework/Versions/A/AppleSystemInfo
0x00007fff29938000 	/System/Library/PrivateFrameworks/IOMobileFramebuffer.framework/Versions/A/IOMobileFramebuffer
0x00007fff2a25a000 	/usr/lib/libbz2.1.0.dylib
0x00007fff2a577000 	/usr/lib/libiconv.2.dylib
0x00007fff2a4cb000 	/usr/lib/libcharset.1.dylib
0x00007fff2713f000 	/System/Library/Frameworks/CoreServices.framework/Versions/A/Frameworks/FSEvents.framework/Versions/A/FSEvents
0x00007fff227a5000 	/System/Library/Frameworks/CoreServices.framework/Versions/A/Frameworks/CarbonCore.framework/Versions/A/CarbonCore
0x00007fff2647f000 	/System/Library/Frameworks/CoreServices.framework/Versions/A/Frameworks/Metadata.framework/Versions/A/Metadata
0x00007fff2a26d000 	/System/Library/Frameworks/CoreServices.framework/Versions/A/Frameworks/OSServices.framework/Versions/A/OSServices
0x00007fff2a6ec000 	/System/Library/Frameworks/CoreServices.framework/Versions/A/Frameworks/SearchKit.framework/Versions/A/SearchKit
0x00007fff26200000 	/System/Library/Frameworks/CoreServices.framework/Versions/A/Frameworks/AE.framework/Versions/A/AE
0x00007fff20849000 	/System/Library/Frameworks/CoreServices.framework/Versions/A/Frameworks/LaunchServices.framework/Versions/A/LaunchServices
0x00007fff2ab6c000 	/System/Library/Frameworks/CoreServices.framework/Versions/A/Frameworks/DictionaryServices.framework/Versions/A/DictionaryServices
0x00007fff27148000 	/System/Library/Frameworks/CoreServices.framework/Versions/A/Frameworks/SharedFileList.framework/Versions/A/SharedFileList
0x00007fff29ce9000 	/usr/lib/libCheckFix.dylib
0x00007fff24b95000 	/System/Library/PrivateFrameworks/TCC.framework/Versions/A/TCC
0x00007fff28feb000 	/System/Library/PrivateFrameworks/CoreNLP.framework/Versions/A/CoreNLP
0x00007fff26432000 	/System/Library/PrivateFrameworks/MetadataUtilities.framework/Versions/A/MetadataUtilities
0x00007fff20f22000 	/usr/lib/libmecabra.dylib
0x00007fff29ffc000 	/System/Library/Frameworks/MLCompute.framework/Versions/A/MLCompute
0x00007fff29d1e000 	/usr/lib/libmecab.dylib
0x00007fff29d68000 	/usr/lib/libgermantok.dylib
0x00007fff2a754000 	/usr/lib/libThaiTokenizer.dylib
0x00007fff2ad0c000 	/usr/lib/libChineseTokenizer.dylib
0x00007fff2a7a9000 	/System/Library/Frameworks/MetalPerformanceShaders.framework/Versions/A/MetalPerformanceShaders
0x00007fff26521000 	/System/Library/Frameworks/Accelerate.framework/Versions/A/Frameworks/vImage.framework/Versions/A/vImage
0x00007fff2ff00000 	/System/Library/Frameworks/Accelerate.framework/Versions/A/Frameworks/vecLib.framework/Versions/A/vecLib
0x00007fff2ad17000 	/System/Library/Frameworks/Accelerate.framework/Versions/A/Frameworks/vecLib.framework/Versions/A/libvMisc.dylib
0x00007fff29751000 	/System/Library/Frameworks/Accelerate.framework/Versions/A/Frameworks/vecLib.framework/Versions/A/libvDSP.dylib
0x00007fff20b4d000 	/System/Library/Frameworks/Accelerate.framework/Versions/A/Frameworks/vecLib.framework/Versions/A/libBLAS.dylib
0x00007fff2a7cf000 	/System/Library/Frameworks/Accelerate.framework/Versions/A/Frameworks/vecLib.framework/Versions/A/libLAPACK.dylib
0x00007fff29d6e000 	/System/Library/Frameworks/Accelerate.framework/Versions/A/Frameworks/vecLib.framework/Versions/A/libLinearAlgebra.dylib
0x00007fff2a796000 	/System/Library/Frameworks/Accelerate.framework/Versions/A/Frameworks/vecLib.framework/Versions/A/libSparseBLAS.dylib
0x00007fff2a7c9000 	/System/Library/Frameworks/Accelerate.framework/Versions/A/Frameworks/vecLib.framework/Versions/A/libQuadrature.dylib
0x00007fff29093000 	/System/Library/Frameworks/Accelerate.framework/Versions/A/Frameworks/vecLib.framework/Versions/A/libBNNS.dylib
0x00007fff20dff000 	/System/Library/Frameworks/Accelerate.framework/Versions/A/Frameworks/vecLib.framework/Versions/A/libSparse.dylib
0x00007fff28f7e000 	/System/Library/Frameworks/MetalPerformanceShaders.framework/Versions/A/Frameworks/MPSCore.framework/Versions/A/MPSCore
0x00007fff2a1b9000 	/System/Library/Frameworks/MetalPerformanceShaders.framework/Versions/A/Frameworks/MPSImage.framework/Versions/A/MPSImage
0x00007fff29d84000 	/System/Library/Frameworks/MetalPerformanceShaders.framework/Versions/A/Frameworks/MPSNeuralNetwork.framework/Versions/A/MPSNeuralNetwork
0x00007fff2a144000 	/System/Library/Frameworks/MetalPerformanceShaders.framework/Versions/A/Frameworks/MPSMatrix.framework/Versions/A/MPSMatrix
0x00007fff29fac000 	/System/Library/Frameworks/MetalPerformanceShaders.framework/Versions/A/Frameworks/MPSRayIntersector.framework/Versions/A/MPSRayIntersector
0x00007fff2a17b000 	/System/Library/Frameworks/MetalPerformanceShaders.framework/Versions/A/Frameworks/MPSNDArray.framework/Versions/A/MPSNDArray
0x00007fff20a79000 	/System/Library/PrivateFrameworks/MetalTools.framework/Versions/A/MetalTools
0x00007fff28fe3000 	/System/Library/PrivateFrameworks/AggregateDictionary.framework/Versions/A/AggregateDictionary
0x00007fff2640a000 	/System/Library/PrivateFrameworks/CoreAnalytics.framework/Versions/A/CoreAnalytics
0x00007fff2a756000 	/System/Library/PrivateFrameworks/AppleSauce.framework/Versions/A/AppleSauce
0x00007fff282f0000 	/System/Library/PrivateFrameworks/IOAccelerator.framework/Versions/A/IOAccelerator
0x00007fff6c884000 	/System/Library/Frameworks/OpenGL.framework/Versions/A/Libraries/libCoreFSCache.dylib
0x00007fff214be000 	/System/Library/PrivateFrameworks/LanguageModeling.framework/Versions/A/LanguageModeling
0x00007fff29925000 	/System/Library/PrivateFrameworks/CoreEmoji.framework/Versions/A/CoreEmoji
0x00007fff2908c000 	/System/Library/PrivateFrameworks/LinguisticData.framework/Versions/A/LinguisticData
0x00007fff20db1000 	/System/Library/PrivateFrameworks/Lexicon.framework/Versions/A/Lexicon
0x00007fff2a668000 	/usr/lib/libcmph.dylib
0x00007fff2711f000 	/System/Library/Frameworks/OpenDirectory.framework/Versions/A/Frameworks/CFOpenDirectory.framework/Versions/A/CFOpenDirectory
0x00007fff2710f000 	/System/Library/Frameworks/OpenDirectory.framework/Versions/A/OpenDirectory
0x00007fff2abd6000 	/System/Library/PrivateFrameworks/APFS.framework/Versions/A/APFS
0x00007fff29c4a000 	/System/Library/Frameworks/SecurityFoundation.framework/Versions/A/SecurityFoundation
0x00007fff2acdf000 	/usr/lib/libutil.dylib
0x00007fff22acc000 	/System/Library/PrivateFrameworks/CoreServicesStore.framework/Versions/A/CoreServicesStore
0x00007fff29ce1000 	/System/Library/Frameworks/ServiceManagement.framework/Versions/A/ServiceManagement
0x00007fff2ace3000 	/usr/lib/libxslt.1.dylib
0x00007fff29cd7000 	/System/Library/PrivateFrameworks/BackgroundTaskManagement.framework/Versions/A/BackgroundTaskManagement
0x00007fff2bcd8000 	/System/Library/Frameworks/ImageIO.framework/Versions/A/Resources/libRadiance.dylib
0x00007fff2bce2000 	/System/Library/Frameworks/ImageIO.framework/Versions/A/Resources/libJPEG.dylib
0x00007fff2bc2d000 	/System/Library/Frameworks/ImageIO.framework/Versions/A/Resources/libPng.dylib
0x00007fff2bc54000 	/System/Library/Frameworks/ImageIO.framework/Versions/A/Resources/libTIFF.dylib
0x00007fff2bd37000 	/System/Library/Frameworks/ImageIO.framework/Versions/A/Resources/libGIF.dylib
0x00007fff2b990000 	/System/Library/Frameworks/ImageIO.framework/Versions/A/Resources/libJP2.dylib
0x00007fff2b07a000 	/usr/lib/libexpat.1.dylib
0x00007fff2b945000 	/System/Library/PrivateFrameworks/AppleJPEG.framework/Versions/A/AppleJPEG
0x00007fff28526000 	/System/Library/PrivateFrameworks/FontServices.framework/libFontParser.dylib
0x00007fff261b4000 	/System/Library/PrivateFrameworks/RunningBoardServices.framework/Versions/A/RunningBoardServices
0x00007fff2ba6f000 	/System/Library/PrivateFrameworks/WatchdogClient.framework/Versions/A/WatchdogClient
0x00007fff215ab000 	/System/Library/Frameworks/CoreDisplay.framework/Versions/A/CoreDisplay
0x00007fff2843c000 	/System/Library/Frameworks/CoreMedia.framework/Versions/A/CoreMedia
0x00007fff2729c000 	/System/Library/Frameworks/CoreVideo.framework/Versions/A/CoreVideo
0x00007fff2baa7000 	/System/Library/Frameworks/VideoToolbox.framework/Versions/A/VideoToolbox
0x00007fff26132000 	/System/Library/PrivateFrameworks/BaseBoard.framework/Versions/A/BaseBoard
0x00007fff2b1bf000 	/System/Library/PrivateFrameworks/PersistentConnection.framework/Versions/A/PersistentConnection
0x00007fff25ec5000 	/System/Library/PrivateFrameworks/ProtocolBuffer.framework/Versions/A/ProtocolBuffer
0x00007fff26119000 	/System/Library/PrivateFrameworks/CommonUtilities.framework/Versions/A/CommonUtilities
0x00007fff2b8da000 	/System/Library/PrivateFrameworks/Bom.framework/Versions/A/Bom
0x00007fff2bcd1000 	/System/Library/PrivateFrameworks/GPUWrangler.framework/Versions/A/GPUWrangler
0x00007fff2bcb4000 	/System/Library/PrivateFrameworks/IOPresentment.framework/Versions/A/IOPresentment
0x00007fff2bcdc000 	/System/Library/PrivateFrameworks/DSExternalDisplay.framework/Versions/A/DSExternalDisplay
0x00007fff2bd3c000 	/System/Library/PrivateFrameworks/CMCaptureCore.framework/Versions/A/CMCaptureCore
0x00007fff2b65f000 	/System/Library/PrivateFrameworks/AppServerSupport.framework/Versions/A/AppServerSupport
0x00007fff2d710000 	/System/Library/PrivateFrameworks/perfdata.framework/Versions/A/perfdata
0x00007fff29c39000 	/System/Library/PrivateFrameworks/AssertionServices.framework/Versions/A/AssertionServices
0x00007fff216e2000 	/System/Library/PrivateFrameworks/AudioToolboxCore.framework/Versions/A/AudioToolboxCore
0x00007fff2841f000 	/System/Library/PrivateFrameworks/caulk.framework/Versions/A/caulk
0x00007fff3d3bb000 	/System/Library/PrivateFrameworks/SystemPolicy.framework/Versions/A/SystemPolicy
0x00007fff2ae6f000 	/usr/lib/libIOReport.dylib
0x00007fff2cf32000 	/usr/lib/libSMC.dylib
0x00007fff2bbfa000 	/usr/lib/libAudioToolboxUtility.dylib
0x00007fff3dd25000 	/usr/lib/libmis.dylib
0x00007fff6c8e0000 	/System/Library/Frameworks/OpenGL.framework/Versions/A/Libraries/libGLU.dylib
0x00007fff6c8a3000 	/System/Library/Frameworks/OpenGL.framework/Versions/A/Libraries/libGFXShared.dylib
0x00007fff6cab2000 	/System/Library/Frameworks/OpenGL.framework/Versions/A/Libraries/libGL.dylib
0x00007fff6c8ac000 	/System/Library/Frameworks/OpenGL.framework/Versions/A/Libraries/libGLImage.dylib
0x00007fff6c8a0000 	/System/Library/Frameworks/OpenGL.framework/Versions/A/Libraries/libCVMSPluginSupport.dylib
0x00007fff6c88b000 	/System/Library/Frameworks/OpenGL.framework/Versions/A/Libraries/libCoreVMClient.dylib
0x00007fff6def3000 	/System/Library/Frameworks/OpenCL.framework/Versions/A/OpenCL
0x00007fff2b1e9000 	/System/Library/PrivateFrameworks/GraphVisualizer.framework/Versions/A/GraphVisualizer
0x00007fff2b1f8000 	/System/Library/PrivateFrameworks/FaceCore.framework/Versions/A/FaceCore
0x00007fff2b614000 	/System/Library/PrivateFrameworks/OTSVG.framework/Versions/A/OTSVG
0x00007fff26e93000 	/System/Library/Frameworks/ApplicationServices.framework/Versions/A/Frameworks/ATS.framework/Versions/A/Resources/libFontRegistry.dylib
0x00007fff2b666000 	/System/Library/PrivateFrameworks/FontServices.framework/libhvf.dylib
0x00007fff2b026000 	/System/Library/PrivateFrameworks/AppleVA.framework/Versions/A/AppleVA
0x00007fff2cd7b000 	/System/Library/Frameworks/ApplicationServices.framework/Versions/A/Frameworks/ATS.framework/Versions/A/ATS
0x00007fff2d08d000 	/System/Library/Frameworks/ApplicationServices.framework/Versions/A/Frameworks/ColorSyncLegacy.framework/Versions/A/ColorSyncLegacy
0x00007fff2569f000 	/System/Library/Frameworks/ApplicationServices.framework/Versions/A/Frameworks/HIServices.framework/Versions/A/HIServices
0x00007fff2d072000 	/System/Library/Frameworks/ApplicationServices.framework/Versions/A/Frameworks/LangAnalysis.framework/Versions/A/LangAnalysis
0x00007fff2bd46000 	/System/Library/Frameworks/ApplicationServices.framework/Versions/A/Frameworks/PrintCore.framework/Versions/A/PrintCore
0x00007fff2d095000 	/System/Library/Frameworks/ApplicationServices.framework/Versions/A/Frameworks/QD.framework/Versions/A/QD
0x00007fff2cd6b000 	/System/Library/Frameworks/ApplicationServices.framework/Versions/A/Frameworks/SpeechSynthesis.framework/Versions/A/SpeechSynthesis
0x00007fff2bd07000 	/System/Library/Frameworks/ApplicationServices.framework/Versions/A/Frameworks/ATSUI.framework/Versions/A/ATSUI
0x00007fff2d012000 	/usr/lib/libcups.2.dylib
0x00007fff2d082000 	/System/Library/PrivateFrameworks/NetAuth.framework/Versions/A/NetAuth
0x00007fff2d72c000 	/System/Library/Frameworks/Kerberos.framework/Versions/A/Kerberos
0x00007fff2d73c000 	/System/Library/Frameworks/GSS.framework/Versions/A/GSS
0x00007fff2cde7000 	/usr/lib/libresolv.9.dylib
0x00007fff2b67b000 	/System/Library/PrivateFrameworks/Heimdal.framework/Versions/A/Heimdal
0x00007fff334c0000 	/System/Library/Frameworks/Kerberos.framework/Versions/A/Libraries/libHeimdalProxy.dylib
0x00007fff26285000 	/System/Library/Frameworks/Network.framework/Versions/A/Network
0x00007fff2b094000 	/usr/lib/libheimdal-asn1.dylib
0x00007fff2d78c000 	/System/Library/PrivateFrameworks/CommonAuth.framework/Versions/A/CommonAuth
0x00007fff272e9000 	/System/Library/PrivateFrameworks/login.framework/Versions/A/Frameworks/loginsupport.framework/Versions/A/loginsupport
0x00007fff2ccf0000 	/System/Library/PrivateFrameworks/AudioSession.framework/Versions/A/AudioSession
0x00007fff2cd58000 	/usr/lib/libAudioStatistics.dylib
0x00007fff2b121000 	/System/Library/PrivateFrameworks/MediaExperience.framework/Versions/A/MediaExperience
0x00007fff2cb8d000 	/System/Library/PrivateFrameworks/AudioSession.framework/libSessionUtility.dylib
0x00007fff2d71d000 	/usr/lib/libperfcheck.dylib
0x00007fff2d0a1000 	/System/Library/PrivateFrameworks/AudioResourceArbitration.framework/Versions/A/AudioResourceArbitration
0x00007fff2b09e000 	/System/Library/PrivateFrameworks/IconFoundation.framework/Versions/A/IconFoundation
0x00007fff2fbca000 	/System/Library/PrivateFrameworks/SpeechRecognitionCore.framework/Versions/A/SpeechRecognitionCore
0x00007fff5dcde000 	/System/Library/CoreServices/Encodings/libSimplifiedChineseConverter.dylib
0x000000010b800000 	/Library/Java/JavaVirtualMachines/jdk1.8.0_271.jdk/Contents/Home/jre/lib/server/libjvm.dylib
0x00000001070f6000 	/Library/Java/JavaVirtualMachines/jdk1.8.0_271.jdk/Contents/Home/jre/lib/libverify.dylib
0x0000000107107000 	/Library/Java/JavaVirtualMachines/jdk1.8.0_271.jdk/Contents/Home/jre/lib/libjava.dylib
0x0000000107143000 	/Library/Java/JavaVirtualMachines/jdk1.8.0_271.jdk/Contents/Home/jre/lib/libzip.dylib
0x00000001077ca000 	/Library/Java/JavaVirtualMachines/jdk1.8.0_271.jdk/Contents/Home/jre/lib/libnet.dylib
0x00000001077e4000 	/Library/Java/JavaVirtualMachines/jdk1.8.0_271.jdk/Contents/Home/jre/lib/libnio.dylib
0x000000010ff73000 	/Library/Java/JavaVirtualMachines/jdk1.8.0_271.jdk/Contents/Home/jre/lib/libsunec.dylib
0x0000000111a92000 	/Users/cathy/Library/Caches/JNA/temp/jna1441976927720685891.tmp
0x00007fff6f734000 	/System/Library/Frameworks/JavaVM.framework/Versions/A/JavaVM
0x0000000111caa000 	/Library/Java/JavaVirtualMachines/jdk1.8.0_271.jdk/Contents/Home/jre/lib/libmanagement.dylib
0x0000000111ce8000 	/Users/cathy/.sbt/1.0/swoval-jni/1237443628047243423-libswoval-files0.dylib
0x00007fff3d133000 	/System/Library/Frameworks/Carbon.framework/Versions/A/Carbon
0x00007fff3642d000 	/System/Library/Frameworks/Carbon.framework/Versions/A/Frameworks/CommonPanels.framework/Versions/A/CommonPanels
0x00007fff32f7a000 	/System/Library/Frameworks/Carbon.framework/Versions/A/Frameworks/Help.framework/Versions/A/Help
0x00007fff36431000 	/System/Library/Frameworks/Carbon.framework/Versions/A/Frameworks/ImageCapture.framework/Versions/A/ImageCapture
0x00007fff36409000 	/System/Library/Frameworks/Carbon.framework/Versions/A/Frameworks/OpenScripting.framework/Versions/A/OpenScripting
0x00007fff36429000 	/System/Library/Frameworks/Carbon.framework/Versions/A/Frameworks/Ink.framework/Versions/A/Ink
0x00007fff3d12f000 	/System/Library/Frameworks/Carbon.framework/Versions/A/Frameworks/Print.framework/Versions/A/Print
0x00007fff36425000 	/System/Library/Frameworks/Carbon.framework/Versions/A/Frameworks/SecurityHI.framework/Versions/A/SecurityHI

VM Arguments:
jvm_args: -Xms2048m -Xmx2048m -XX:ReservedCodeCacheSize=256m -Xmx4G -Xss4m 
java_command: build/sbt-launch-1.4.7.jar
java_class_path (initial): build/sbt-launch-1.4.7.jar
Launcher Type: SUN_STANDARD

Environment Variables:
JAVA_HOME=/Library/Java/JavaVirtualMachines/jdk1.8.0_271.jdk/Contents/Home
PATH=/Library/Frameworks/Python.framework/Versions/3.9/bin:/usr/local/bin:/usr/bin:/bin:/usr/sbin:/sbin
SHELL=/bin/zsh

Signal Handlers:
SIGSEGV: [libjvm.dylib+0x5a0dcb], sa_mask[0]=11111111011111110111111111111111, sa_flags=SA_ONSTACK|SA_RESTART|SA_SIGINFO
SIGBUS: [libjvm.dylib+0x5a0dcb], sa_mask[0]=11111111011111110111111111111111, sa_flags=SA_RESTART|SA_SIGINFO
SIGFPE: [libjvm.dylib+0x491731], sa_mask[0]=11111111011111110111111111111111, sa_flags=SA_RESTART|SA_SIGINFO
SIGPIPE: [libjvm.dylib+0x491731], sa_mask[0]=11111111011111110111111111111111, sa_flags=SA_RESTART|SA_SIGINFO
SIGXFSZ: [libjvm.dylib+0x491731], sa_mask[0]=11111111011111110111111111111111, sa_flags=SA_RESTART|SA_SIGINFO
SIGILL: [libjvm.dylib+0x491731], sa_mask[0]=11111111011111110111111111111111, sa_flags=SA_RESTART|SA_SIGINFO
SIGUSR1: SIG_DFL, sa_mask[0]=00000000000000000000000000000000, sa_flags=SA_RESTART
SIGUSR2: [libjvm.dylib+0x49202a], sa_mask[0]=00000000000000000000000000000000, sa_flags=SA_RESTART|SA_SIGINFO
SIGHUP: [libjvm.dylib+0x490239], sa_mask[0]=11111111011111110111111111111111, sa_flags=SA_RESTART|SA_SIGINFO
SIGINT: [libjvm.dylib+0x490239], sa_mask[0]=11111111011111110111111111111111, sa_flags=SA_RESTART|SA_SIGINFO
SIGTERM: [libjvm.dylib+0x490239], sa_mask[0]=11111111011111110111111111111111, sa_flags=SA_RESTART|SA_SIGINFO
SIGQUIT: [libjvm.dylib+0x490239], sa_mask[0]=11111111011111110111111111111111, sa_flags=SA_RESTART|SA_SIGINFO


---------------  S Y S T E M  ---------------

OS:Bsduname:Darwin 20.3.0 Darwin Kernel Version 20.3.0: Thu Jan 21 00:07:06 PST 2021; root:xnu-7195.81.3~1/RELEASE_X86_64 x86_64
rlimit: STACK 8192k, CORE 0k, NPROC 2784, NOFILE 10240, AS infinity
load average:90.43 28.76 13.32

CPU:total 8 (initial active 8) (4 cores per cpu, 2 threads per core) family 6 model 70 stepping 1, cmov, cx8, fxsr, mmx, sse, sse2, sse3, ssse3, sse4.1, sse4.2, popcnt, avx, avx2, aes, clmul, erms, lzcnt, ht, tsc, tscinvbit, bmi1, bmi2

Memory: 4k page, physical 16777216k(30092k free)

/proc/meminfo:


vm_info: Java HotSpot(TM) 64-Bit Server VM (25.271-b09) for bsd-amd64 JRE (1.8.0_271-b09), built on Sep 16 2020 16:54:38 by "java_re" with gcc 4.2.1 Compatible Apple LLVM 10.0.0 (clang-1000.11.45.5)

time: Wed Feb 24 12:13:21 2021
timezone: CST
elapsed time: 223.365363 seconds (0d 0h 3m 43s)

