#
# A fatal error has been detected by the Java Runtime Environment:
#
#  SIGSEGV (0xb) at pc=0x00007f1ed1000b3b, pid=28000, tid=139769933727488
#
# JRE version: Java(TM) SE Runtime Environment (8.0_45-b14) (build 1.8.0_45-b14)
# Java VM: Java HotSpot(TM) 64-Bit Server VM (25.45-b02 mixed mode linux-amd64 compressed oops)
# Problematic frame:
# V  [libjvm.so+0x628b3b]  PhaseChaitin::interfere_with_live(unsigned int, IndexSet*)+0x1ab
#
# Failed to write core dump. Core dumps have been disabled. To enable core dumping, try "ulimit -c unlimited" before starting Java again
#
# If you would like to submit a bug report, please visit:
#   http://bugreport.java.com/bugreport/crash.jsp
#

---------------  T H R E A D  ---------------

Current thread (0x00007f1ecc20c800):  JavaThread "C2 CompilerThread2" daemon [_thread_in_native, id=28016, stack(0x00007f1eb9300000,0x00007f1eb9401000)]

siginfo: si_signo: 11 (SIGSEGV), si_code: 128 (SI_KERNEL), si_addr: 0x0000000000000000

Registers:
RAX=0x0000000000000010, RBX=0x000000000000102e, RCX=0x00007f1e749fb930, RDX=0x00027f1ecd3c8800
RSP=0x00007f1eb93fc190, RBP=0x00007f1eb93fc220, RSI=0x00007f1eb93fc630, RDI=0x0000000000000010
R8 =0x0000000000004000, R9 =0x0000000000000000, R10=0x0000000000000000, R11=0x0000000000000000
R12=0x00007f1e74aed890, R13=0x000000000000102e, R14=0x00007f1e75acd0f0, R15=0x00007f1eb93fdd50
RIP=0x00007f1ed1000b3b, EFLAGS=0x0000000000010202, CSGSFS=0x0000000000000033, ERR=0x0000000000000000
  TRAPNO=0x000000000000000d

Top of Stack: (sp=0x00007f1eb93fc190)
0x00007f1eb93fc190:   0000000000003567 00007f1eb93fc1b0
0x00007f1eb93fc1a0:   0000000000216060 0000356774a42840
0x00007f1eb93fc1b0:   0000102f00000000 00007f1e00000002
0x00007f1eb93fc1c0:   00007f1e80f06ac0 00007f1e00000011
0x00007f1eb93fc1d0:   00007f1e80f07488 00007f1e00000045
0x00007f1eb93fc1e0:   00007f1eb93fc2e0 00007f1eb93febd0
0x00007f1eb93fc1f0:   0000000000000000 00007f1eb93fdd50
0x00007f1eb93fc200:   00007f1e74aed858 00007f1e74aed890
0x00007f1eb93fc210:   000000000015b1d8 00007f1e80773948
0x00007f1eb93fc220:   00007f1eb93fc4c0 00007f1ed1001452
0x00007f1eb93fc230:   00007f1eb93fc5d0 0000000000000006
0x00007f1eb93fc240:   00007f1eb93fc400 00007f1eb93fc460
0x00007f1eb93fc250:   00007f1eb93fc380 000000000000000c
0x00007f1eb93fc260:   00007f1eb93fc3c0 00007f1eb93fc2e0
0x00007f1eb93fc270:   00007f1eb93fdd50 0000000000000000
0x00007f1eb93fc280:   3fbe1581f0000000 0000035900000000
0x00007f1eb93fc290:   00007f1e7c72a6c8 0000000f00000011
0x00007f1eb93fc2a0:   3fe29fbc46000000 0000356700000012
0x00007f1eb93fc2b0:   000f423f00000001 00007f1e7c72a6d8
0x00007f1eb93fc2c0:   ffbfffff00400000 0000000000000000
0x00007f1eb93fc2d0:   0000001000000012 0000000000000000
0x00007f1eb93fc2e0:   00007f1e0000001c 00007f1e80f07488
0x00007f1eb93fc2f0:   0000000000000002 00007f1e74ebbbe8
0x00007f1eb93fc300:   00007f1eb93fc5d0 00007f1e74ebb6f8
0x00007f1eb93fc310:   00007f1ecd7f9b40 00007f1ecd3258c0
0x00007f1eb93fc320:   00007f1eb93fc5d0 00007f1e753e2f20
0x00007f1eb93fc330:   0000000100000000 0000000000020000
0x00007f1eb93fc340:   0000000000001000 00007f1eb93fc380
0x00007f1eb93fc350:   00007f1eb93fc470 00007f1ecd7f9b40
0x00007f1eb93fc360:   00007f1eb93fc5d0 00007f1e74c9e900
0x00007f1eb93fc370:   0000000000000045 0000000000000045
0x00007f1eb93fc380:   0000446500000000 0303030300000008 

Instructions: (pc=0x00007f1ed1000b3b)
0x00007f1ed1000b1b:   68 5b 41 5c 41 5d 41 5e 41 5f c9 c3 4c 8b 75 80
0x00007f1ed1000b2b:   4c 03 76 10 44 89 e8 49 8b 56 08 c1 e8 08 89 c0
0x00007f1ed1000b3b:   48 8b 3c c2 48 3b 3d 72 5a 92 00 74 33 41 c1 ed
0x00007f1ed1000b4b:   05 89 d9 b8 01 00 00 00 4c 89 ea 83 e1 1f 83 e2 

Register to memory mapping:

RAX=0x0000000000000010 is an unknown value
RBX=0x000000000000102e is an unknown value
RCX=0x00007f1e749fb930 is an unknown value
RDX=0x00027f1ecd3c8800 is an unknown value
RSP=0x00007f1eb93fc190 is pointing into the stack for thread: 0x00007f1ecc20c800
RBP=0x00007f1eb93fc220 is pointing into the stack for thread: 0x00007f1ecc20c800
RSI=0x00007f1eb93fc630 is pointing into the stack for thread: 0x00007f1ecc20c800
RDI=0x0000000000000010 is an unknown value
R8 =0x0000000000004000 is an unknown value
R9 =0x0000000000000000 is an unknown value
R10=0x0000000000000000 is an unknown value
R11=0x0000000000000000 is an unknown value
R12=0x00007f1e74aed890 is an unknown value
R13=0x000000000000102e is an unknown value
R14=0x00007f1e75acd0f0 is an unknown value
R15=0x00007f1eb93fdd50 is pointing into the stack for thread: 0x00007f1ecc20c800


Stack: [0x00007f1eb9300000,0x00007f1eb9401000],  sp=0x00007f1eb93fc190,  free space=1008k
Native frames: (J=compiled Java code, j=interpreted, Vv=VM code, C=native code)
V  [libjvm.so+0x628b3b]  PhaseChaitin::interfere_with_live(unsigned int, IndexSet*)+0x1ab
V  [libjvm.so+0x629452]  PhaseChaitin::build_ifg_physical(ResourceArea*)+0x8c2
V  [libjvm.so+0x4087ad]  PhaseChaitin::Register_Allocate()+0xe6d
V  [libjvm.so+0x49abe0]  Compile::Code_Gen()+0x260
V  [libjvm.so+0x49e032]  Compile::Compile(ciEnv*, C2Compiler*, ciMethod*, int, bool, bool, bool)+0x14b2
V  [libjvm.so+0x3ebeb8]  C2Compiler::compile_method(ciEnv*, ciMethod*, int)+0x198
V  [libjvm.so+0x4a843a]  CompileBroker::invoke_compiler_on_method(CompileTask*)+0xc9a
V  [libjvm.so+0x4a93e6]  CompileBroker::compiler_thread_loop()+0x5d6
V  [libjvm.so+0xa5c86f]  JavaThread::thread_main_inner()+0xdf
V  [libjvm.so+0xa5c99c]  JavaThread::run()+0x11c
V  [libjvm.so+0x910de8]  java_start(Thread*)+0x108
C  [libpthread.so.0+0x8182]  start_thread+0xc2


Current CompileTask:
C2:   3475 4336   !   4       java.net.URLClassLoader$1::run (63 bytes)


---------------  P R O C E S S  ---------------

Java Threads: ( => current thread )
  0x00007f1ecc837000 JavaThread "process reaper" daemon [_thread_blocked, id=28022, stack(0x00007f1eb875a000,0x00007f1eb8793000)]
  0x00007f1ecc21b800 JavaThread "Service Thread" daemon [_thread_blocked, id=28018, stack(0x00007f1eb90fe000,0x00007f1eb91ff000)]
  0x00007f1ecc20e800 JavaThread "C1 CompilerThread3" daemon [_thread_blocked, id=28017, stack(0x00007f1eb91ff000,0x00007f1eb9300000)]
=>0x00007f1ecc20c800 JavaThread "C2 CompilerThread2" daemon [_thread_in_native, id=28016, stack(0x00007f1eb9300000,0x00007f1eb9401000)]
  0x00007f1ecc20a800 JavaThread "C2 CompilerThread1" daemon [_thread_in_native, id=28015, stack(0x00007f1eb9401000,0x00007f1eb9502000)]
  0x00007f1ecc207800 JavaThread "C2 CompilerThread0" daemon [_thread_in_native, id=28014, stack(0x00007f1eb9502000,0x00007f1eb9603000)]
  0x00007f1ecc206000 JavaThread "Signal Dispatcher" daemon [_thread_blocked, id=28013, stack(0x00007f1eb9603000,0x00007f1eb9704000)]
  0x00007f1ecc1ce000 JavaThread "Finalizer" daemon [_thread_blocked, id=28012, stack(0x00007f1eb9de6000,0x00007f1eb9ee7000)]
  0x00007f1ecc1cc000 JavaThread "Reference Handler" daemon [_thread_blocked, id=28011, stack(0x00007f1eb9ee7000,0x00007f1eb9fe8000)]
  0x00007f1ecc009800 JavaThread "main" [_thread_in_vm, id=28001, stack(0x00007f1ed24a5000,0x00007f1ed25a6000)]

Other Threads:
  0x00007f1ecc1c7000 VMThread [stack: 0x00007f1eb9fe8000,0x00007f1eba0e9000] [id=28010]
  0x00007f1ecc21e000 WatcherThread [stack: 0x00007f1eb8ffd000,0x00007f1eb90fe000] [id=28019]

VM state:not at safepoint (normal execution)

VM Mutex/Monitor currently owned by a thread: None

Heap:
 PSYoungGen      total 305664K, used 143032K [0x00000000eab00000, 0x0000000100000000, 0x0000000100000000)
  eden space 262144K, 54% used [0x00000000eab00000,0x00000000f36ae038,0x00000000fab00000)
  from space 43520K, 0% used [0x00000000fd580000,0x00000000fd580000,0x0000000100000000)
  to   space 43520K, 0% used [0x00000000fab00000,0x00000000fab00000,0x00000000fd580000)
 ParOldGen       total 699392K, used 27362K [0x00000000c0000000, 0x00000000eab00000, 0x00000000eab00000)
  object space 699392K, 3% used [0x00000000c0000000,0x00000000c1ab8958,0x00000000eab00000)
 Metaspace       used 41292K, capacity 41646K, committed 41768K, reserved 1083392K
  class space    used 7812K, capacity 7941K, committed 7976K, reserved 1048576K

Card table byte_map: [0x00007f1ec31a8000,0x00007f1ec33a9000] byte_map_base: 0x00007f1ec2ba8000

Marking Bits: (ParMarkBitMap*) 0x00007f1ed1975760
 Begin Bits: [0x00007f1ec084a000, 0x00007f1ec184a000)
 End Bits:   [0x00007f1ec184a000, 0x00007f1ec284a000)

Polling page: 0x00007f1ed25bd000

CodeCache: size=131072Kb used=10993Kb max_used=11230Kb free=120078Kb
 bounds [0x00007f1ec35a9000, 0x00007f1ec40b9000, 0x00007f1ecb5a9000]
 total_blobs=4947 nmethods=4511 adapters=346
 compilation: enabled

Compilation events (10 events):
Event: 3.466 Thread 0x00007f1ecc20e800 5089       3       scala.Function1$mcII$sp$class::$init$ (1 bytes)
Event: 3.466 Thread 0x00007f1ecc20e800 nmethod 5089 0x00007f1ec3a29790 code [0x00007f1ec3a298e0, 0x00007f1ec3a29a10]
Event: 3.466 Thread 0x00007f1ecc20e800 5090       3       scala.util.matching.Regex$Match$$anonfun$ends$1::apply (12 bytes)
Event: 3.466 Thread 0x00007f1ecc20e800 nmethod 5090 0x00007f1ec3a28e10 code [0x00007f1ec3a28fc0, 0x00007f1ec3a29578]
Event: 3.466 Thread 0x00007f1ecc20e800 5092       3       scala.util.matching.Regex$Match::start (7 bytes)
Event: 3.467 Thread 0x00007f1ecc20e800 nmethod 5092 0x00007f1ec3a28910 code [0x00007f1ec3a28a80, 0x00007f1ec3a28ce8]
Event: 3.467 Thread 0x00007f1ecc20e800 5093       3       scala.util.matching.Regex$Match::ends (23 bytes)
Event: 3.467 Thread 0x00007f1ecc20e800 nmethod 5093 0x00007f1ec3d35bd0 code [0x00007f1ec3d35d40, 0x00007f1ec3d35f28]
Event: 3.469 Thread 0x00007f1ecc20e800 5095       3       sbt.Scoped$ScopingSetting$class::in (20 bytes)
Event: 3.469 Thread 0x00007f1ecc20e800 nmethod 5095 0x00007f1ec3d35490 code [0x00007f1ec3d35620, 0x00007f1ec3d359e8]

GC Heap History (8 events):
Event: 0.897 GC heap before
{Heap before GC invocations=1 (full 0):
 PSYoungGen      total 305664K, used 94402K [0x00000000eab00000, 0x0000000100000000, 0x0000000100000000)
  eden space 262144K, 36% used [0x00000000eab00000,0x00000000f0730bd0,0x00000000fab00000)
  from space 43520K, 0% used [0x00000000fd580000,0x00000000fd580000,0x0000000100000000)
  to   space 43520K, 0% used [0x00000000fab00000,0x00000000fab00000,0x00000000fd580000)
 ParOldGen       total 699392K, used 0K [0x00000000c0000000, 0x00000000eab00000, 0x00000000eab00000)
  object space 699392K, 0% used [0x00000000c0000000,0x00000000c0000000,0x00000000eab00000)
 Metaspace       used 20932K, capacity 21202K, committed 21296K, reserved 1067008K
  class space    used 3584K, capacity 3693K, committed 3712K, reserved 1048576K
Event: 0.908 GC heap after
Heap after GC invocations=1 (full 0):
 PSYoungGen      total 305664K, used 15731K [0x00000000eab00000, 0x0000000100000000, 0x0000000100000000)
  eden space 262144K, 0% used [0x00000000eab00000,0x00000000eab00000,0x00000000fab00000)
  from space 43520K, 36% used [0x00000000fab00000,0x00000000fba5cec0,0x00000000fd580000)
  to   space 43520K, 0% used [0x00000000fd580000,0x00000000fd580000,0x0000000100000000)
 ParOldGen       total 699392K, used 16K [0x00000000c0000000, 0x00000000eab00000, 0x00000000eab00000)
  object space 699392K, 0% used [0x00000000c0000000,0x00000000c0004000,0x00000000eab00000)
 Metaspace       used 20932K, capacity 21202K, committed 21296K, reserved 1067008K
  class space    used 3584K, capacity 3693K, committed 3712K, reserved 1048576K
}
Event: 0.908 GC heap before
{Heap before GC invocations=2 (full 1):
 PSYoungGen      total 305664K, used 15731K [0x00000000eab00000, 0x0000000100000000, 0x0000000100000000)
  eden space 262144K, 0% used [0x00000000eab00000,0x00000000eab00000,0x00000000fab00000)
  from space 43520K, 36% used [0x00000000fab00000,0x00000000fba5cec0,0x00000000fd580000)
  to   space 43520K, 0% used [0x00000000fd580000,0x00000000fd580000,0x0000000100000000)
 ParOldGen       total 699392K, used 16K [0x00000000c0000000, 0x00000000eab00000, 0x00000000eab00000)
  object space 699392K, 0% used [0x00000000c0000000,0x00000000c0004000,0x00000000eab00000)
 Metaspace       used 20932K, capacity 21202K, committed 21296K, reserved 1067008K
  class space    used 3584K, capacity 3693K, committed 3712K, reserved 1048576K
Event: 0.927 GC heap after
Heap after GC invocations=2 (full 1):
 PSYoungGen      total 305664K, used 0K [0x00000000eab00000, 0x0000000100000000, 0x0000000100000000)
  eden space 262144K, 0% used [0x00000000eab00000,0x00000000eab00000,0x00000000fab00000)
  from space 43520K, 0% used [0x00000000fab00000,0x00000000fab00000,0x00000000fd580000)
  to   space 43520K, 0% used [0x00000000fd580000,0x00000000fd580000,0x0000000100000000)
 ParOldGen       total 699392K, used 14876K [0x00000000c0000000, 0x00000000eab00000, 0x00000000eab00000)
  object space 699392K, 2% used [0x00000000c0000000,0x00000000c0e87188,0x00000000eab00000)
 Metaspace       used 20932K, capacity 21202K, committed 21296K, reserved 1067008K
  class space    used 3584K, capacity 3693K, committed 3712K, reserved 1048576K
}
Event: 2.446 GC heap before
{Heap before GC invocations=3 (full 1):
 PSYoungGen      total 305664K, used 241207K [0x00000000eab00000, 0x0000000100000000, 0x0000000100000000)
  eden space 262144K, 92% used [0x00000000eab00000,0x00000000f968df00,0x00000000fab00000)
  from space 43520K, 0% used [0x00000000fab00000,0x00000000fab00000,0x00000000fd580000)
  to   space 43520K, 0% used [0x00000000fd580000,0x00000000fd580000,0x0000000100000000)
 ParOldGen       total 699392K, used 14876K [0x00000000c0000000, 0x00000000eab00000, 0x00000000eab00000)
  object space 699392K, 2% used [0x00000000c0000000,0x00000000c0e87188,0x00000000eab00000)
 Metaspace       used 35132K, capacity 35408K, committed 35496K, reserved 1077248K
  class space    used 6948K, capacity 7055K, committed 7080K, reserved 1048576K
Event: 2.473 GC heap after
Heap after GC invocations=3 (full 1):
 PSYoungGen      total 305664K, used 24531K [0x00000000eab00000, 0x0000000100000000, 0x0000000100000000)
  eden space 262144K, 0% used [0x00000000eab00000,0x00000000eab00000,0x00000000fab00000)
  from space 43520K, 56% used [0x00000000fd580000,0x00000000fed74ca0,0x0000000100000000)
  to   space 43520K, 0% used [0x00000000fab00000,0x00000000fab00000,0x00000000fd580000)
 ParOldGen       total 699392K, used 14884K [0x00000000c0000000, 0x00000000eab00000, 0x00000000eab00000)
  object space 699392K, 2% used [0x00000000c0000000,0x00000000c0e89188,0x00000000eab00000)
 Metaspace       used 35132K, capacity 35408K, committed 35496K, reserved 1077248K
  class space    used 6948K, capacity 7055K, committed 7080K, reserved 1048576K
}
Event: 2.473 GC heap before
{Heap before GC invocations=4 (full 2):
 PSYoungGen      total 305664K, used 24531K [0x00000000eab00000, 0x0000000100000000, 0x0000000100000000)
  eden space 262144K, 0% used [0x00000000eab00000,0x00000000eab00000,0x00000000fab00000)
  from space 43520K, 56% used [0x00000000fd580000,0x00000000fed74ca0,0x0000000100000000)
  to   space 43520K, 0% used [0x00000000fab00000,0x00000000fab00000,0x00000000fd580000)
 ParOldGen       total 699392K, used 14884K [0x00000000c0000000, 0x00000000eab00000, 0x00000000eab00000)
  object space 699392K, 2% used [0x00000000c0000000,0x00000000c0e89188,0x00000000eab00000)
 Metaspace       used 35132K, capacity 35408K, committed 35496K, reserved 1077248K
  class space    used 6948K, capacity 7055K, committed 7080K, reserved 1048576K
Event: 2.509 GC heap after
Heap after GC invocations=4 (full 2):
 PSYoungGen      total 305664K, used 0K [0x00000000eab00000, 0x0000000100000000, 0x0000000100000000)
  eden space 262144K, 0% used [0x00000000eab00000,0x00000000eab00000,0x00000000fab00000)
  from space 43520K, 0% used [0x00000000fd580000,0x00000000fd580000,0x0000000100000000)
  to   space 43520K, 0% used [0x00000000fab00000,0x00000000fab00000,0x00000000fd580000)
 ParOldGen       total 699392K, used 27362K [0x00000000c0000000, 0x00000000eab00000, 0x00000000eab00000)
  object space 699392K, 3% used [0x00000000c0000000,0x00000000c1ab8958,0x00000000eab00000)
 Metaspace       used 35132K, capacity 35408K, committed 35496K, reserved 1077248K
  class space    used 6948K, capacity 7055K, committed 7080K, reserved 1048576K
}

Deoptimization events (10 events):
Event: 3.184 Thread 0x00007f1ecc009800 Uncommon trap: reason=unstable_if action=reinterpret pc=0x00007f1ec3ef6dfc method=sbt.Execute.sbt$Execute$$State()Lsbt/Execute$State$; @ 4
Event: 3.437 Thread 0x00007f1ecdb39000 Uncommon trap: reason=class_check action=maybe_recompile pc=0x00007f1ec3912804 method=java.util.zip.InflaterInputStream.read([BII)I @ 100
Event: 3.443 Thread 0x00007f1ecc009800 Uncommon trap: reason=array_check action=maybe_recompile pc=0x00007f1ec3f8dfd4 method=scala.runtime.ScalaRunTime$.array_update(Ljava/lang/Object;ILjava/lang/Object;)V @ 17
Event: 3.456 Thread 0x00007f1ecc009800 Uncommon trap: reason=class_check action=maybe_recompile pc=0x00007f1ec3ed489c method=scala.collection.convert.Wrappers$JEnumerationWrapper.next()Ljava/lang/Object; @ 4
Event: 3.458 Thread 0x00007f1ecc009800 Uncommon trap: reason=class_check action=maybe_recompile pc=0x00007f1ec3b1086c method=java.security.SecureClassLoader.getProtectionDomain(Ljava/security/CodeSource;)Ljava/security/ProtectionDomain; @ 33
Event: 3.461 Thread 0x00007f1ecc009800 Uncommon trap: reason=class_check action=maybe_recompile pc=0x00007f1ec3ed489c method=scala.collection.convert.Wrappers$JEnumerationWrapper.next()Ljava/lang/Object; @ 4
Event: 3.461 Thread 0x00007f1ecc009800 Uncommon trap: reason=class_check action=maybe_recompile pc=0x00007f1ec3b1086c method=java.security.SecureClassLoader.getProtectionDomain(Ljava/security/CodeSource;)Ljava/security/ProtectionDomain; @ 33
Event: 3.467 Thread 0x00007f1ecc009800 Uncommon trap: reason=class_check action=maybe_recompile pc=0x00007f1ec3ed489c method=scala.collection.convert.Wrappers$JEnumerationWrapper.next()Ljava/lang/Object; @ 4
Event: 3.467 Thread 0x00007f1ecc009800 Uncommon trap: reason=class_check action=maybe_recompile pc=0x00007f1ec3b1086c method=java.security.SecureClassLoader.getProtectionDomain(Ljava/security/CodeSource;)Ljava/security/ProtectionDomain; @ 33
Event: 3.470 Thread 0x00007f1ecc009800 Uncommon trap: reason=class_check action=maybe_recompile pc=0x00007f1ec3b1086c method=java.security.SecureClassLoader.getProtectionDomain(Ljava/security/CodeSource;)Ljava/security/ProtectionDomain; @ 33

Internal exceptions (10 events):
Event: 2.115 Thread 0x00007f1ecd853000 Exception <a 'java/lang/NoSuchMethodError': <clinit>> (0x00000000f3c6e328) thrown at [/RE-WORK/workspace/8-2-build-linux-amd64/jdk8u45/3457/hotspot/src/share/vm/prims/jni.cpp, line 1598]
Event: 2.116 Thread 0x00007f1ecd853000 Exception <a 'java/lang/NoSuchMethodError': <clinit>> (0x00000000f3c7ea40) thrown at [/RE-WORK/workspace/8-2-build-linux-amd64/jdk8u45/3457/hotspot/src/share/vm/prims/jni.cpp, line 1598]
Event: 2.117 Thread 0x00007f1ecd853000 Exception <a 'java/lang/NoSuchMethodError': <clinit>> (0x00000000f3c8fbc8) thrown at [/RE-WORK/workspace/8-2-build-linux-amd64/jdk8u45/3457/hotspot/src/share/vm/prims/jni.cpp, line 1598]
Event: 2.117 Thread 0x00007f1ecd853000 Exception <a 'java/lang/NoSuchMethodError': <clinit>> (0x00000000f3c9a720) thrown at [/RE-WORK/workspace/8-2-build-linux-amd64/jdk8u45/3457/hotspot/src/share/vm/prims/jni.cpp, line 1598]
Event: 2.560 Thread 0x00007f1ecc009800 Exception <a 'java/lang/ArrayIndexOutOfBoundsException'> (0x00000000eb17b530) thrown at [/RE-WORK/workspace/8-2-build-linux-amd64/jdk8u45/3457/hotspot/src/share/vm/runtime/sharedRuntime.cpp, line 605]
Event: 2.581 Thread 0x00007f1ecc009800 Exception <a 'java/lang/ArrayIndexOutOfBoundsException'> (0x00000000eb26dfd0) thrown at [/RE-WORK/workspace/8-2-build-linux-amd64/jdk8u45/3457/hotspot/src/share/vm/runtime/sharedRuntime.cpp, line 605]
Event: 2.584 Thread 0x00007f1ecc009800 Exception <a 'java/lang/ArrayIndexOutOfBoundsException'> (0x00000000eb28c260) thrown at [/RE-WORK/workspace/8-2-build-linux-amd64/jdk8u45/3457/hotspot/src/share/vm/runtime/sharedRuntime.cpp, line 605]
Event: 2.992 Thread 0x00007f1ecc009800 Exception <a 'java/lang/ArrayIndexOutOfBoundsException'> (0x00000000ed753738) thrown at [/RE-WORK/workspace/8-2-build-linux-amd64/jdk8u45/3457/hotspot/src/share/vm/runtime/sharedRuntime.cpp, line 605]
Event: 3.009 Thread 0x00007f1ecc009800 Exception <a 'java/lang/ArrayIndexOutOfBoundsException'> (0x00000000ed846eb0) thrown at [/RE-WORK/workspace/8-2-build-linux-amd64/jdk8u45/3457/hotspot/src/share/vm/runtime/sharedRuntime.cpp, line 605]
Event: 3.013 Thread 0x00007f1ecc009800 Exception <a 'java/lang/ArrayIndexOutOfBoundsException'> (0x00000000ed8652b0) thrown at [/RE-WORK/workspace/8-2-build-linux-amd64/jdk8u45/3457/hotspot/src/share/vm/runtime/sharedRuntime.cpp, line 605]

Events (10 events):
Event: 3.469 loading class com/typesafe/sbt/SbtSite$$anonfun$7 done
Event: 3.469 loading class sbt/ScriptedPlugin$
Event: 3.469 loading class sbt/ScriptedPlugin$ done
Event: 3.470 Thread 0x00007f1ecc009800 Uncommon trap: trap_request=0xffffffde fr.pc=0x00007f1ec3b1086c
Event: 3.470 Thread 0x00007f1ecc009800 DEOPT PACKING pc=0x00007f1ec3b1086c sp=0x00007f1ed259f8e0
Event: 3.470 Thread 0x00007f1ecc009800 DEOPT UNPACKING pc=0x00007f1ec35ae229 sp=0x00007f1ed259f8c0 mode 2
Event: 3.471 loading class sbt/ScriptedPlugin$$anonfun$7
Event: 3.471 loading class sbt/ScriptedPlugin$$anonfun$7 done
Event: 3.472 loading class sbt/ScriptedPlugin$$anonfun$8
Event: 3.472 loading class sbt/ScriptedPlugin$$anonfun$8 done


Dynamic libraries:
00400000-00401000 r-xp 00000000 08:01 23069817                           /shared/jdk1.8.0_45/bin/java
00600000-00601000 rw-p 00000000 08:01 23069817                           /shared/jdk1.8.0_45/bin/java
010b1000-010d2000 rw-p 00000000 00:00 0                                  [heap]
c0000000-1007ca000 rw-p 00000000 00:00 0 
1007ca000-140000000 ---p 00000000 00:00 0 
7f1e44000000-7f1e440dd000 rw-p 00000000 00:00 0 
7f1e440dd000-7f1e48000000 ---p 00000000 00:00 0 
7f1e48000000-7f1e480d4000 rw-p 00000000 00:00 0 
7f1e480d4000-7f1e4c000000 ---p 00000000 00:00 0 
7f1e4c000000-7f1e4c069000 rw-p 00000000 00:00 0 
7f1e4c069000-7f1e50000000 ---p 00000000 00:00 0 
7f1e50000000-7f1e50059000 rw-p 00000000 00:00 0 
7f1e50059000-7f1e54000000 ---p 00000000 00:00 0 
7f1e54000000-7f1e54072000 rw-p 00000000 00:00 0 
7f1e54072000-7f1e58000000 ---p 00000000 00:00 0 
7f1e58000000-7f1e58038000 rw-p 00000000 00:00 0 
7f1e58038000-7f1e5c000000 ---p 00000000 00:00 0 
7f1e5c000000-7f1e5c031000 rw-p 00000000 00:00 0 
7f1e5c031000-7f1e60000000 ---p 00000000 00:00 0 
7f1e60000000-7f1e60102000 rw-p 00000000 00:00 0 
7f1e60102000-7f1e64000000 ---p 00000000 00:00 0 
7f1e64000000-7f1e64021000 rw-p 00000000 00:00 0 
7f1e64021000-7f1e68000000 ---p 00000000 00:00 0 
7f1e68000000-7f1e68029000 rw-p 00000000 00:00 0 
7f1e68029000-7f1e6c000000 ---p 00000000 00:00 0 
7f1e6c000000-7f1e6c021000 rw-p 00000000 00:00 0 
7f1e6c021000-7f1e70000000 ---p 00000000 00:00 0 
7f1e70000000-7f1e70021000 rw-p 00000000 00:00 0 
7f1e70021000-7f1e74000000 ---p 00000000 00:00 0 
7f1e74000000-7f1e75de6000 rw-p 00000000 00:00 0 
7f1e75de6000-7f1e78000000 ---p 00000000 00:00 0 
7f1e78000000-7f1e78af2000 rw-p 00000000 00:00 0 
7f1e78af2000-7f1e7c000000 ---p 00000000 00:00 0 
7f1e7c000000-7f1e7d2c8000 rw-p 00000000 00:00 0 
7f1e7d2c8000-7f1e80000000 ---p 00000000 00:00 0 
7f1e80000000-7f1e81cee000 rw-p 00000000 00:00 0 
7f1e81cee000-7f1e84000000 ---p 00000000 00:00 0 
7f1e84000000-7f1e84021000 rw-p 00000000 00:00 0 
7f1e84021000-7f1e88000000 ---p 00000000 00:00 0 
7f1e88000000-7f1e88021000 rw-p 00000000 00:00 0 
7f1e88021000-7f1e8c000000 ---p 00000000 00:00 0 
7f1e8c000000-7f1e8c021000 rw-p 00000000 00:00 0 
7f1e8c021000-7f1e90000000 ---p 00000000 00:00 0 
7f1e90000000-7f1e90021000 rw-p 00000000 00:00 0 
7f1e90021000-7f1e94000000 ---p 00000000 00:00 0 
7f1e94000000-7f1e94021000 rw-p 00000000 00:00 0 
7f1e94021000-7f1e98000000 ---p 00000000 00:00 0 
7f1e98000000-7f1e98021000 rw-p 00000000 00:00 0 
7f1e98021000-7f1e9c000000 ---p 00000000 00:00 0 
7f1e9c000000-7f1e9c021000 rw-p 00000000 00:00 0 
7f1e9c021000-7f1ea0000000 ---p 00000000 00:00 0 
7f1ea0000000-7f1ea0021000 rw-p 00000000 00:00 0 
7f1ea0021000-7f1ea4000000 ---p 00000000 00:00 0 
7f1ea4000000-7f1ea4021000 rw-p 00000000 00:00 0 
7f1ea4021000-7f1ea8000000 ---p 00000000 00:00 0 
7f1eac000000-7f1eac021000 rw-p 00000000 00:00 0 
7f1eac021000-7f1eb0000000 ---p 00000000 00:00 0 
7f1eb24b0000-7f1eb24b2000 rw-p 00000000 00:00 0 
7f1eb24b2000-7f1eb24b8000 r--s 00035000 08:01 24382462                   /home/fan/.ivy2/cache/org.scala-sbt/precompiled-2_9_3/jars/compiler-interface-bin-0.13.7.jar
7f1eb24b8000-7f1eb24be000 r--s 00035000 08:01 24382461                   /home/fan/.ivy2/cache/org.scala-sbt/precompiled-2_9_2/jars/compiler-interface-bin-0.13.7.jar
7f1eb24be000-7f1eb24c3000 r--s 00033000 08:01 24382460                   /home/fan/.ivy2/cache/org.scala-sbt/precompiled-2_8_2/jars/compiler-interface-bin-0.13.7.jar
7f1eb24c3000-7f1eb24c4000 r--s 00007000 08:01 24382459                   /home/fan/.ivy2/cache/org.scala-sbt/compiler-interface/jars/compiler-interface-src-0.13.7.jar
7f1eb24c4000-7f1eb24c9000 r--s 00036000 08:01 24382458                   /home/fan/.ivy2/cache/org.scala-sbt/compiler-interface/jars/compiler-interface-bin-0.13.7.jar
7f1eb24c9000-7f1eb24cb000 r--s 0000e000 08:01 24382470                   /home/fan/.ivy2/cache/org.scala-sbt/logic/jars/logic-0.13.7.jar
7f1eb24cb000-7f1eb24d0000 r--s 00036000 08:01 24382473                   /home/fan/.ivy2/cache/org.scala-sbt/command/jars/command-0.13.7.jar
7f1eb24d0000-7f1eb24d2000 r--s 00014000 08:01 24382494                   /home/fan/.ivy2/cache/org.scala-sbt/apply-macro/jars/apply-macro-0.13.7.jar
7f1eb24d2000-7f1eb24dc000 r--s 00092000 08:01 24382464                   /home/fan/.ivy2/cache/org.scala-sbt/main-settings/jars/main-settings-0.13.7.jar
7f1eb24dc000-7f1eb24de000 r--s 00002000 08:01 24381550                   /home/fan/.ivy2/cache/org.scala-sbt/test-interface/jars/test-interface-1.0.jar
7f1eb24de000-7f1eb24df000 r--s 00005000 08:01 24382493                   /home/fan/.ivy2/cache/org.scala-sbt/test-agent/jars/test-agent-0.13.7.jar
7f1eb24df000-7f1eb24e1000 r--s 00017000 08:01 24382483                   /home/fan/.ivy2/cache/org.scala-sbt/testing/jars/testing-0.13.7.jar
7f1eb24e1000-7f1eb24e4000 r--s 0001a000 08:01 24382492                   /home/fan/.ivy2/cache/org.scala-sbt/cache/jars/cache-0.13.7.jar
7f1eb24e4000-7f1eb24e5000 r--s 0000a000 08:01 24382482                   /home/fan/.ivy2/cache/org.scala-sbt/tracking/jars/tracking-0.13.7.jar
7f1eb24e5000-7f1eb24e8000 r--s 0001d000 08:01 24382481                   /home/fan/.ivy2/cache/org.scala-sbt/tasks/jars/tasks-0.13.7.jar
7f1eb24e8000-7f1eb24eb000 r--s 0001d000 08:01 24382480                   /home/fan/.ivy2/cache/org.scala-sbt/task-system/jars/task-system-0.13.7.jar
7f1eb24eb000-7f1eb24ee000 r--s 0001e000 08:01 24382472                   /home/fan/.ivy2/cache/org.scala-sbt/run/jars/run-0.13.7.jar
7f1eb24ee000-7f1eb24ef000 r--s 00001000 08:01 24511610                   /home/fan/.ivy2/cache/org.spire-math/json4s-support_2.10/jars/json4s-support_2.10-0.6.0.jar
7f1eb24ef000-7f1eb24f1000 r--s 00012000 08:01 24511608                   /home/fan/.ivy2/cache/org.spire-math/jawn-parser_2.10/jars/jawn-parser_2.10-0.6.0.jar
7f1eb24f1000-7f1eb2504000 r--s 000be000 08:01 24510730                   /home/fan/.ivy2/cache/org.scala-lang/scalap/jars/scalap-2.10.0.jar
7f1eb2504000-7f1eb2506000 r--s 00007000 08:01 24510728                   /home/fan/.ivy2/cache/com.thoughtworks.paranamer/paranamer/jars/paranamer-2.6.jar
7f1eb2506000-7f1eb2508000 r--s 00013000 08:01 24510939                   /home/fan/.ivy2/cache/org.json4s/json4s-ast_2.10/jars/json4s-ast_2.10-3.2.10.jar
7f1eb2508000-7f1eb2512000 r--s 00085000 08:01 24510938                   /home/fan/.ivy2/cache/org.json4s/json4s-core_2.10/jars/json4s-core_2.10-3.2.10.jar
7f1eb2512000-7f1eb2514000 r--s 0000f000 08:01 24511606                   /home/fan/.ivy2/cache/org.json4s/json4s-native_2.10/jars/json4s-native_2.10-3.2.10.jar
7f1eb2514000-7f1eb2518000 r--s 00034000 08:01 24381544                   /home/fan/.ivy2/cache/com.jcraft/jsch/jars/jsch-0.1.46.jar
7f1eb2518000-7f1eb252e000 r--s 00100000 08:01 24382491                   /home/fan/.ivy2/cache/org.scala-sbt.ivy/ivy/jars/ivy-2.3.0-sbt-fccfbd44c9f64523b61398a0155784dcbaeae28f.jar
7f1eb252e000-7f1eb252f000 r--s 00001000 08:01 24382490                   /home/fan/.ivy2/cache/org.scala-sbt/cross/jars/cross-0.13.7.jar
7f1eb252f000-7f1eb2542000 r--s 000fc000 08:01 24382467                   /home/fan/.ivy2/cache/org.scala-sbt/ivy/jars/ivy-0.13.7.jar
7f1eb2542000-7f1eb2544000 r--s 00001000 08:01 24382478                   /home/fan/.ivy2/cache/org.scala-sbt/compiler-ivy-integration/jars/compiler-ivy-integration-0.13.7.jar
7f1eb2544000-7f1eb2547000 r--s 00012000 08:01 24382489                   /home/fan/.ivy2/cache/org.scala-sbt/classfile/jars/classfile-0.13.7.jar
7f1eb2547000-7f1eb254b000 r--s 00022000 08:01 24381538                   /home/fan/.ivy2/cache/org.scala-tools.sbinary/sbinary_2.10/jars/sbinary_2.10-0.4.2.jar
7f1eb254b000-7f1eb2550000 r--s 00023000 08:01 24382488                   /home/fan/.ivy2/cache/org.scala-sbt/persist/jars/persist-0.13.7.jar
7f1eb2550000-7f1eb2553000 r--s 00019000 08:01 24382487                   /home/fan/.ivy2/cache/org.scala-sbt/compile/jars/compile-0.13.7.jar
7f1eb2553000-7f1eb2555000 r--s 00006000 08:01 24382479                   /home/fan/.ivy2/cache/org.scala-sbt/relation/jars/relation-0.13.7.jar
7f1eb2555000-7f1eb2559000 r--s 0001b000 08:01 24382471                   /home/fan/.ivy2/cache/org.scala-sbt/process/jars/process-0.13.7.jar
7f1eb2559000-7f1eb2659000 rw-p 00000000 00:00 0 
7f1eb2659000-7f1eb2759000 ---p 00000000 00:00 0 
7f1eb2759000-7f1eb2959000 rw-p 00000000 00:00 0 
7f1eb2959000-7f1eb2b59000 rw-p 00000000 00:00 0 
7f1eb2b59000-7f1eb2d59000 rw-p 00000000 00:00 0 
7f1eb2d59000-7f1eb2d5c000 ---p 00000000 00:00 0 
7f1eb2d5c000-7f1eb2e5a000 rw-p 00000000 00:00 0 
7f1eb2e5a000-7f1eb2e5d000 r--s 00018000 08:01 24382469                   /home/fan/.ivy2/cache/org.scala-sbt/logging/jars/logging-0.13.7.jar
7f1eb2e5d000-7f1eb2e66000 r--s 00061000 08:01 24382486                   /home/fan/.ivy2/cache/org.scala-sbt/incremental-compiler/jars/incremental-compiler-0.13.7.jar
7f1eb2e66000-7f1eb2e69000 r--s 0000e000 08:01 24382477                   /home/fan/.ivy2/cache/org.scala-sbt/compiler-integration/jars/compiler-integration-0.13.7.jar
7f1eb2e69000-7f1eb2e70000 r--s 00049000 08:01 24382476                   /home/fan/.ivy2/cache/org.scala-sbt/api/jars/api-0.13.7.jar
7f1eb2e70000-7f1eb2e73000 r--s 00030000 08:01 24381528                   /home/fan/.ivy2/cache/jline/jline/jars/jline-2.11.jar
7f1eb2e73000-7f1eb2e7b000 r--s 00060000 08:01 24382485                   /home/fan/.ivy2/cache/org.scala-sbt/collections/jars/collections-0.13.7.jar
7f1eb2e7b000-7f1eb2e83000 r--s 00057000 08:01 24382475                   /home/fan/.ivy2/cache/org.scala-sbt/completion/jars/completion-0.13.7.jar
7f1eb2e83000-7f1eb2e85000 r--s 00002000 08:01 24382484                   /home/fan/.ivy2/cache/org.scala-sbt/control/jars/control-0.13.7.jar
7f1eb2e85000-7f1eb2e8b000 r--s 0003d000 08:01 24382466                   /home/fan/.ivy2/cache/org.scala-sbt/io/jars/io-0.13.7.jar
7f1eb2e8b000-7f1eb2e8d000 r--s 0000b000 08:01 24382465                   /home/fan/.ivy2/cache/org.scala-sbt/interface/jars/interface-0.13.7.jar
7f1eb2e8d000-7f1eb2e8f000 r--s 00001000 08:01 24382468                   /home/fan/.ivy2/cache/org.scala-sbt/launcher-interface/jars/launcher-interface-0.13.7.jar
7f1eb2e8f000-7f1eb2e92000 r--s 00013000 08:01 24382474                   /home/fan/.ivy2/cache/org.scala-sbt/classpath/jars/classpath-0.13.7.jar
7f1eb2e92000-7f1eb2e9a000 r--s 00069000 08:01 24382463                   /home/fan/.ivy2/cache/org.scala-sbt/actions/jars/actions-0.13.7.jar
7f1eb2e9a000-7f1eb2ec4000 r--s 0022d000 08:01 24382457                   /home/fan/.ivy2/cache/org.scala-sbt/main/jars/main-0.13.7.jar
7f1eb2ec4000-7f1eb2ec5000 r--s 00005000 08:01 24382456                   /home/fan/.ivy2/cache/org.scala-sbt/sbt/jars/sbt-0.13.7.jar
7f1eb2ec5000-7f1eb2ec6000 r--s 00007000 08:01 24641790                   /home/fan/.ivy2/cache/org.scala-sbt/scripted-plugin/jars/scripted-plugin-0.13.7.jar
7f1eb2ec6000-7f1eb2ec8000 r--s 00016000 08:01 24641812                   /home/fan/.ivy2/cache/org.eclipse.jetty/jetty-io/jars/jetty-io-7.6.9.v20130131.jar
7f1eb2ec8000-7f1eb2eca000 r--s 00015000 08:01 24641810                   /home/fan/.ivy2/cache/org.eclipse.jetty/jetty-http/jars/jetty-http-7.6.9.v20130131.jar
7f1eb2eca000-7f1eb2ecb000 r--s 00004000 08:01 24641808                   /home/fan/.ivy2/cache/org.eclipse.jetty/jetty-continuation/jars/jetty-continuation-7.6.9.v20130131.jar
7f1eb2ecb000-7f1eb2ece000 r--s 0001b000 08:01 24511662                   /home/fan/.ivy2/cache/org.eclipse.jetty.orbit/javax.servlet/orbits/javax.servlet-2.5.0.v201103041518.jar
7f1eb2ece000-7f1eb2ed4000 r--s 0004a000 08:01 24641806                   /home/fan/.ivy2/cache/org.eclipse.jetty/jetty-server/jars/jetty-server-7.6.9.v20130131.jar
7f1eb2ed4000-7f1eb2ed7000 r--s 00012000 08:01 24641804                   /home/fan/.ivy2/cache/org.eclipse.jetty/jetty-security/jars/jetty-security-7.6.9.v20130131.jar
7f1eb2ed7000-7f1eb2ed9000 r--s 00014000 08:01 24641800                   /home/fan/.ivy2/cache/org.eclipse.jetty/jetty-servlet/jars/jetty-servlet-7.6.9.v20130131.jar
7f1eb2ed9000-7f1eb2edd000 r--s 0003c000 08:01 24641802                   /home/fan/.ivy2/cache/org.eclipse.jetty/jetty-util/jars/jetty-util-7.6.9.v20130131.jar
7f1eb2edd000-7f1eb2edf000 r--s 00008000 08:01 24641798                   /home/fan/.ivy2/cache/org.eclipse.jetty/jetty-xml/jars/jetty-xml-7.6.9.v20130131.jar
7f1eb2edf000-7f1eb2ef9000 r--s 00175000 08:01 24641818                   /home/fan/.ivy2/cache/org.eclipse.jgit/org.eclipse.jgit/jars/org.eclipse.jgit-2.2.0.201212191850-r.jar
7f1eb2ef9000-7f1eb30f9000 rw-p 00000000 00:00 0 
7f1eb30f9000-7f1eb32f9000 rw-p 00000000 00:00 0 
7f1eb32f9000-7f1eb32fc000 ---p 00000000 00:00 0 
7f1eb32fc000-7f1eb33fa000 rw-p 00000000 00:00 0 
7f1eb33fa000-7f1eb33fd000 ---p 00000000 00:00 0 
7f1eb33fd000-7f1eb34fb000 rw-p 00000000 00:00 0 
7f1eb34fb000-7f1eb34fe000 ---p 00000000 00:00 0 
7f1eb34fe000-7f1eb35fc000 rw-p 00000000 00:00 0 
7f1eb35fc000-7f1eb35ff000 ---p 00000000 00:00 0 
7f1eb35ff000-7f1eb36fd000 rw-p 00000000 00:00 0 
7f1eb36fd000-7f1eb3700000 ---p 00000000 00:00 0 
7f1eb3700000-7f1eb37fe000 rw-p 00000000 00:00 0 
7f1eb37fe000-7f1eb3801000 ---p 00000000 00:00 0 
7f1eb3801000-7f1eb38ff000 rw-p 00000000 00:00 0 
7f1eb38ff000-7f1eb3902000 ---p 00000000 00:00 0 
7f1eb3902000-7f1eb3c00000 rw-p 00000000 00:00 0 
7f1eb3c00000-7f1eb3e00000 rw-p 00000000 00:00 0 
7f1eb3e00000-7f1eb4000000 rw-p 00000000 00:00 0 
7f1eb4000000-7f1eb4021000 rw-p 00000000 00:00 0 
7f1eb4021000-7f1eb8000000 ---p 00000000 00:00 0 
7f1eb8000000-7f1eb8003000 r--s 00016000 08:01 24641796                   /home/fan/.ivy2/cache/org.eclipse.jetty/jetty-webapp/jars/jetty-webapp-7.6.9.v20130131.jar
7f1eb8003000-7f1eb8005000 r--s 00006000 08:01 24641794                   /home/fan/.ivy2/cache/net.databinder/unfiltered-util_2.10/jars/unfiltered-util_2.10-0.6.8.jar
7f1eb8005000-7f1eb8006000 r--s 00005000 08:01 24641792                   /home/fan/.ivy2/cache/net.databinder/unfiltered-jetty_2.10/jars/unfiltered-jetty_2.10-0.6.8.jar
7f1eb8006000-7f1eb800a000 r--s 00021000 08:01 24641786                   /home/fan/.ivy2/cache/scala_2.10/sbt_0.13/com.typesafe.sbt/sbt-site/jars/sbt-site-0.7.1.jar
7f1eb800a000-7f1eb800c000 r--s 00004000 08:01 24641822                   /home/fan/.ivy2/cache/org.eclipse.jgit/org.eclipse.jgit.ui/jars/org.eclipse.jgit.ui-2.2.0.201212191850-r.jar
7f1eb800c000-7f1eb800d000 r--s 00009000 08:01 24641820                   /home/fan/.ivy2/cache/org.eclipse.jgit/org.eclipse.jgit.iplog/jars/org.eclipse.jgit.iplog-2.2.0.201212191850-r.jar
7f1eb800d000-7f1eb8012000 r--s 00032000 08:01 24511723                   /home/fan/.ivy2/cache/org.apache.commons/commons-compress/jars/commons-compress-1.3.jar
7f1eb8012000-7f1eb8014000 r--s 0000a000 08:01 24641816                   /home/fan/.ivy2/cache/args4j/args4j/jars/args4j-2.0.12.jar
7f1eb8014000-7f1eb8017000 r--s 0002a000 08:01 24641814                   /home/fan/.ivy2/cache/org.eclipse.jgit/org.eclipse.jgit.pgm/jars/org.eclipse.jgit.pgm-2.2.0.201212191850-r.jar
7f1eb8017000-7f1eb8019000 r--s 00011000 08:01 24641788                   /home/fan/.ivy2/cache/scala_2.10/sbt_0.13/com.typesafe.sbt/sbt-git/jars/sbt-git-0.6.2.jar
7f1eb8019000-7f1eb801a000 r--s 00004000 08:01 24641784                   /home/fan/.ivy2/cache/scala_2.10/sbt_0.13/com.typesafe.sbt/sbt-ghpages/jars/sbt-ghpages-0.5.2.jar
7f1eb801a000-7f1eb802d000 r--s 00344000 08:01 23069620                   /shared/jdk1.8.0_45/jre/lib/resources.jar
7f1eb802d000-7f1eb8030000 ---p 00000000 00:00 0 
7f1eb8030000-7f1eb812e000 rw-p 00000000 00:00 0 
7f1eb812e000-7f1eb814a000 r--s 00393000 08:01 23069732                   /shared/jdk1.8.0_45/jre/lib/ext/cldrdata.jar
7f1eb814a000-7f1eb8155000 r--s 00116000 08:01 23069730                   /shared/jdk1.8.0_45/jre/lib/ext/localedata.jar
7f1eb8155000-7f1eb8355000 rw-p 00000000 00:00 0 
7f1eb8355000-7f1eb8555000 rw-p 00000000 00:00 0 
7f1eb8555000-7f1eb8755000 rw-p 00000000 00:00 0 
7f1eb8755000-7f1eb875a000 r--s 00094000 08:01 23069624                   /shared/jdk1.8.0_45/jre/lib/jsse.jar
7f1eb875a000-7f1eb875d000 ---p 00000000 00:00 0 
7f1eb875d000-7f1eb8793000 rw-p 00000000 00:00 0                          [stack:28022]
7f1eb8793000-7f1eb8795000 r--s 0000b000 08:01 24511612                   /home/fan/.sbt/boot/scala-2.10.4/org.scala-sbt/sbt/0.13.7/xsbti/interface-0.13.7.jar
7f1eb8795000-7f1eb879b000 r--s 0003d000 08:01 24382508                   /home/fan/.sbt/boot/scala-2.10.4/org.scala-sbt/sbt/0.13.7/io-0.13.7.jar
7f1eb879b000-7f1eb879d000 r--s 00006000 08:01 24382536                   /home/fan/.sbt/boot/scala-2.10.4/org.scala-sbt/sbt/0.13.7/relation-0.13.7.jar
7f1eb879d000-7f1eb879f000 r--s 0000e000 08:01 24382509                   /home/fan/.sbt/boot/scala-2.10.4/org.scala-sbt/sbt/0.13.7/logic-0.13.7.jar
7f1eb879f000-7f1eb87a1000 r--s 00013000 08:01 24382516                   /home/fan/.sbt/boot/scala-2.10.4/org.scala-sbt/sbt/0.13.7/json4s-ast_2.10-3.2.10.jar
7f1eb87a1000-7f1eb89a1000 rw-p 00000000 00:00 0 
7f1eb89a1000-7f1eb89a4000 r--s 00018000 08:01 24382538                   /home/fan/.sbt/boot/scala-2.10.4/org.scala-sbt/sbt/0.13.7/logging-0.13.7.jar
7f1eb89a4000-7f1eb89ae000 r--s 00085000 08:01 24382542                   /home/fan/.sbt/boot/scala-2.10.4/org.scala-sbt/sbt/0.13.7/json4s-core_2.10-3.2.10.jar
7f1eb89ae000-7f1eb89af000 r--s 0000a000 08:01 24382514                   /home/fan/.sbt/boot/scala-2.10.4/org.scala-sbt/sbt/0.13.7/tracking-0.13.7.jar
7f1eb89af000-7f1eb89b1000 r--s 00014000 08:01 24382520                   /home/fan/.sbt/boot/scala-2.10.4/org.scala-sbt/sbt/0.13.7/apply-macro-0.13.7.jar
7f1eb89b1000-7f1eb89b4000 r--s 0001d000 08:01 24382534                   /home/fan/.sbt/boot/scala-2.10.4/org.scala-sbt/sbt/0.13.7/tasks-0.13.7.jar
7f1eb89b4000-7f1eb89b7000 r--s 00013000 08:01 24382522                   /home/fan/.sbt/boot/scala-2.10.4/org.scala-sbt/sbt/0.13.7/classpath-0.13.7.jar
7f1eb89b7000-7f1eb89b9000 r--s 00012000 08:01 24382537                   /home/fan/.sbt/boot/scala-2.10.4/org.scala-sbt/sbt/0.13.7/jawn-parser_2.10-0.6.0.jar
7f1eb89b9000-7f1eb89bd000 r--s 0001b000 08:01 24382525                   /home/fan/.sbt/boot/scala-2.10.4/org.scala-sbt/sbt/0.13.7/process-0.13.7.jar
7f1eb89bd000-7f1eb89bf000 r--s 00007000 08:01 24382530                   /home/fan/.sbt/boot/scala-2.10.4/org.scala-sbt/sbt/0.13.7/paranamer-2.6.jar
7f1eb89bf000-7f1eb89c0000 r--s 00005000 08:01 24382543                   /home/fan/.sbt/boot/scala-2.10.4/org.scala-sbt/sbt/0.13.7/sbt-0.13.7.jar
7f1eb89c0000-7f1eb89c3000 r--s 0001e000 08:01 24382507                   /home/fan/.sbt/boot/scala-2.10.4/org.scala-sbt/sbt/0.13.7/run-0.13.7.jar
7f1eb89c3000-7f1eb89c5000 r--s 00002000 08:01 24382531                   /home/fan/.sbt/boot/scala-2.10.4/org.scala-sbt/sbt/0.13.7/test-interface-1.0.jar
7f1eb89c5000-7f1eb89d8000 r--s 000be000 08:01 24382517                   /home/fan/.sbt/boot/scala-2.10.4/org.scala-sbt/sbt/0.13.7/scalap-2.10.0.jar
7f1eb89d8000-7f1eb89e2000 r--s 00092000 08:01 24382524                   /home/fan/.sbt/boot/scala-2.10.4/org.scala-sbt/sbt/0.13.7/main-settings-0.13.7.jar
7f1eb89e2000-7f1eb89e7000 r--s 00023000 08:01 24382503                   /home/fan/.sbt/boot/scala-2.10.4/org.scala-sbt/sbt/0.13.7/persist-0.13.7.jar
7f1eb89e7000-7f1eb89eb000 r--s 00022000 08:01 24382533                   /home/fan/.sbt/boot/scala-2.10.4/org.scala-sbt/sbt/0.13.7/sbinary_2.10-0.4.2.jar
7f1eb89eb000-7f1eb89ed000 r--s 00001000 08:01 24382529                   /home/fan/.sbt/boot/scala-2.10.4/org.scala-sbt/sbt/0.13.7/compiler-ivy-integration-0.13.7.jar
7f1eb89ed000-7f1eb89f0000 r--s 0000e000 08:01 24382502                   /home/fan/.sbt/boot/scala-2.10.4/org.scala-sbt/sbt/0.13.7/compiler-integration-0.13.7.jar
7f1eb89f0000-7f1eb89f3000 r--s 0001d000 08:01 24382513                   /home/fan/.sbt/boot/scala-2.10.4/org.scala-sbt/sbt/0.13.7/task-system-0.13.7.jar
7f1eb89f3000-7f1eb8a06000 r--s 000fc000 08:01 24382518                   /home/fan/.sbt/boot/scala-2.10.4/org.scala-sbt/sbt/0.13.7/ivy-0.13.7.jar
7f1eb8a06000-7f1eb8a3c000 r--s 002d9000 08:01 24382540                   /home/fan/.sbt/boot/scala-2.10.4/org.scala-sbt/sbt/0.13.7/scala-reflect-2.10.4.jar
7f1eb8a3c000-7f1eb8a66000 r--s 0022d000 08:01 24382512                   /home/fan/.sbt/boot/scala-2.10.4/org.scala-sbt/sbt/0.13.7/main-0.13.7.jar
7f1eb8a66000-7f1eb8ad8000 r--s 0065a000 08:01 24381628                   /home/fan/.sbt/boot/scala-2.10.4/lib/scala-library.jar
7f1eb8ad8000-7f1eb8bd5000 r--s 00cca000 08:01 24381627                   /home/fan/.sbt/boot/scala-2.10.4/lib/scala-compiler.jar
7f1eb8bd5000-7f1eb8be6000 r-xp 00000000 08:01 23069647                   /shared/jdk1.8.0_45/jre/lib/amd64/libnio.so
7f1eb8be6000-7f1eb8de5000 ---p 00011000 08:01 23069647                   /shared/jdk1.8.0_45/jre/lib/amd64/libnio.so
7f1eb8de5000-7f1eb8de6000 rw-p 00010000 08:01 23069647                   /shared/jdk1.8.0_45/jre/lib/amd64/libnio.so
7f1eb8de6000-7f1eb8dfc000 r-xp 00000000 08:01 23069673                   /shared/jdk1.8.0_45/jre/lib/amd64/libnet.so
7f1eb8dfc000-7f1eb8ffc000 ---p 00016000 08:01 23069673                   /shared/jdk1.8.0_45/jre/lib/amd64/libnet.so
7f1eb8ffc000-7f1eb8ffd000 rw-p 00016000 08:01 23069673                   /shared/jdk1.8.0_45/jre/lib/amd64/libnet.so
7f1eb8ffd000-7f1eb8ffe000 ---p 00000000 00:00 0 
7f1eb8ffe000-7f1eb90fe000 rw-p 00000000 00:00 0                          [stack:28019]
7f1eb90fe000-7f1eb9101000 ---p 00000000 00:00 0 
7f1eb9101000-7f1eb91ff000 rw-p 00000000 00:00 0                          [stack:28018]
7f1eb91ff000-7f1eb9202000 ---p 00000000 00:00 0 
7f1eb9202000-7f1eb9300000 rw-p 00000000 00:00 0                          [stack:28017]
7f1eb9300000-7f1eb9303000 ---p 00000000 00:00 0 
7f1eb9303000-7f1eb9401000 rw-p 00000000 00:00 0                          [stack:28016]
7f1eb9401000-7f1eb9404000 ---p 00000000 00:00 0 
7f1eb9404000-7f1eb9502000 rw-p 00000000 00:00 0                          [stack:28015]
7f1eb9502000-7f1eb9505000 ---p 00000000 00:00 0 
7f1eb9505000-7f1eb9603000 rw-p 00000000 00:00 0                          [stack:28014]
7f1eb9603000-7f1eb9606000 ---p 00000000 00:00 0 
7f1eb9606000-7f1eb9704000 rw-p 00000000 00:00 0                          [stack:28013]
7f1eb9704000-7f1eb9de6000 r--p 00000000 08:01 25172526                   /usr/lib/locale/locale-archive
7f1eb9de6000-7f1eb9de9000 ---p 00000000 00:00 0 
7f1eb9de9000-7f1eb9ee7000 rw-p 00000000 00:00 0                          [stack:28012]
7f1eb9ee7000-7f1eb9eea000 ---p 00000000 00:00 0 
7f1eb9eea000-7f1eb9fe8000 rw-p 00000000 00:00 0                          [stack:28011]
7f1eb9fe8000-7f1eb9fe9000 ---p 00000000 00:00 0 
7f1eb9fe9000-7f1ebc000000 rw-p 00000000 00:00 0                          [stack:28010]
7f1ebc000000-7f1ebc021000 rw-p 00000000 00:00 0 
7f1ebc021000-7f1ec0000000 ---p 00000000 00:00 0 
7f1ec0000000-7f1ec0007000 r--s 00049000 08:01 24382511                   /home/fan/.sbt/boot/scala-2.10.4/org.scala-sbt/sbt/0.13.7/api-0.13.7.jar
7f1ec0007000-7f1ec000f000 r--s 00060000 08:01 24382527                   /home/fan/.sbt/boot/scala-2.10.4/org.scala-sbt/sbt/0.13.7/collections-0.13.7.jar
7f1ec000f000-7f1ec0011000 r--s 00001000 08:01 24382541                   /home/fan/.sbt/boot/scala-2.10.4/org.scala-sbt/sbt/0.13.7/launcher-interface-0.13.7.jar
7f1ec0011000-7f1ec0012000 r--s 00005000 08:01 24382544                   /home/fan/.sbt/boot/scala-2.10.4/org.scala-sbt/sbt/0.13.7/test-agent-0.13.7.jar
7f1ec0012000-7f1ec001b000 r--s 00061000 08:01 24382523                   /home/fan/.sbt/boot/scala-2.10.4/org.scala-sbt/sbt/0.13.7/incremental-compiler-0.13.7.jar
7f1ec001b000-7f1ec001e000 r--s 00030000 08:01 24382539                   /home/fan/.sbt/boot/scala-2.10.4/org.scala-sbt/sbt/0.13.7/jline-2.11.jar
7f1ec001e000-7f1ec0021000 r--s 0001a000 08:01 24382528                   /home/fan/.sbt/boot/scala-2.10.4/org.scala-sbt/sbt/0.13.7/cache-0.13.7.jar
7f1ec0021000-7f1ec0037000 r--s 00100000 08:01 24382506                   /home/fan/.sbt/boot/scala-2.10.4/org.scala-sbt/sbt/0.13.7/ivy-2.3.0-sbt-fccfbd44c9f64523b61398a0155784dcbaeae28f.jar
7f1ec0037000-7f1ec006d000 r--s 002d9000 08:01 24381626                   /home/fan/.sbt/boot/scala-2.10.4/lib/scala-reflect.jar
7f1ec006d000-7f1ec0471000 rw-p 00000000 00:00 0 
7f1ec0471000-7f1ec064a000 r--s 03d09000 08:01 23069626                   /shared/jdk1.8.0_45/jre/lib/rt.jar
7f1ec064a000-7f1ec284a000 rw-p 00000000 00:00 0 
7f1ec284a000-7f1ec284b000 ---p 00000000 00:00 0 
7f1ec284b000-7f1ec294b000 rw-p 00000000 00:00 0                          [stack:28009]
7f1ec294b000-7f1ec294c000 ---p 00000000 00:00 0 
7f1ec294c000-7f1ec2a4c000 rw-p 00000000 00:00 0                          [stack:28008]
7f1ec2a4c000-7f1ec2a4d000 ---p 00000000 00:00 0 
7f1ec2a4d000-7f1ec2b4d000 rw-p 00000000 00:00 0                          [stack:28007]
7f1ec2b4d000-7f1ec2b4e000 ---p 00000000 00:00 0 
7f1ec2b4e000-7f1ec2c4e000 rw-p 00000000 00:00 0                          [stack:28006]
7f1ec2c4e000-7f1ec2c4f000 ---p 00000000 00:00 0 
7f1ec2c4f000-7f1ec2d4f000 rw-p 00000000 00:00 0                          [stack:28005]
7f1ec2d4f000-7f1ec2d50000 ---p 00000000 00:00 0 
7f1ec2d50000-7f1ec2e50000 rw-p 00000000 00:00 0                          [stack:28004]
7f1ec2e50000-7f1ec2e51000 ---p 00000000 00:00 0 
7f1ec2e51000-7f1ec2f51000 rw-p 00000000 00:00 0                          [stack:28003]
7f1ec2f51000-7f1ec2f52000 ---p 00000000 00:00 0 
7f1ec2f52000-7f1ec33d6000 rw-p 00000000 00:00 0                          [stack:28002]
7f1ec33d6000-7f1ec35a9000 ---p 00000000 00:00 0 
7f1ec35a9000-7f1ec40b9000 rwxp 00000000 00:00 0 
7f1ec40b9000-7f1ecb5a9000 ---p 00000000 00:00 0 
7f1ecb5a9000-7f1ecb5c3000 r-xp 00000000 08:01 23069652                   /shared/jdk1.8.0_45/jre/lib/amd64/libzip.so
7f1ecb5c3000-7f1ecb7c3000 ---p 0001a000 08:01 23069652                   /shared/jdk1.8.0_45/jre/lib/amd64/libzip.so
7f1ecb7c3000-7f1ecb7c4000 rw-p 0001a000 08:01 23069652                   /shared/jdk1.8.0_45/jre/lib/amd64/libzip.so
7f1ecb7c4000-7f1ecb7cf000 r-xp 00000000 08:01 4460533                    /lib/x86_64-linux-gnu/libnss_files-2.19.so
7f1ecb7cf000-7f1ecb9ce000 ---p 0000b000 08:01 4460533                    /lib/x86_64-linux-gnu/libnss_files-2.19.so
7f1ecb9ce000-7f1ecb9cf000 r--p 0000a000 08:01 4460533                    /lib/x86_64-linux-gnu/libnss_files-2.19.so
7f1ecb9cf000-7f1ecb9d0000 rw-p 0000b000 08:01 4460533                    /lib/x86_64-linux-gnu/libnss_files-2.19.so
7f1ecb9d0000-7f1ecb9db000 r-xp 00000000 08:01 4460543                    /lib/x86_64-linux-gnu/libnss_nis-2.19.so
7f1ecb9db000-7f1ecbbda000 ---p 0000b000 08:01 4460543                    /lib/x86_64-linux-gnu/libnss_nis-2.19.so
7f1ecbbda000-7f1ecbbdb000 r--p 0000a000 08:01 4460543                    /lib/x86_64-linux-gnu/libnss_nis-2.19.so
7f1ecbbdb000-7f1ecbbdc000 rw-p 0000b000 08:01 4460543                    /lib/x86_64-linux-gnu/libnss_nis-2.19.so
7f1ecbbdc000-7f1ecbbf3000 r-xp 00000000 08:01 4460527                    /lib/x86_64-linux-gnu/libnsl-2.19.so
7f1ecbbf3000-7f1ecbdf2000 ---p 00017000 08:01 4460527                    /lib/x86_64-linux-gnu/libnsl-2.19.so
7f1ecbdf2000-7f1ecbdf3000 r--p 00016000 08:01 4460527                    /lib/x86_64-linux-gnu/libnsl-2.19.so
7f1ecbdf3000-7f1ecbdf4000 rw-p 00017000 08:01 4460527                    /lib/x86_64-linux-gnu/libnsl-2.19.so
7f1ecbdf4000-7f1ecbdf6000 rw-p 00000000 00:00 0 
7f1ecbdf6000-7f1ecbdff000 r-xp 00000000 08:01 4460529                    /lib/x86_64-linux-gnu/libnss_compat-2.19.so
7f1ecbdff000-7f1ecbffe000 ---p 00009000 08:01 4460529                    /lib/x86_64-linux-gnu/libnss_compat-2.19.so
7f1ecbffe000-7f1ecbfff000 r--p 00008000 08:01 4460529                    /lib/x86_64-linux-gnu/libnss_compat-2.19.so
7f1ecbfff000-7f1ecc000000 rw-p 00009000 08:01 4460529                    /lib/x86_64-linux-gnu/libnss_compat-2.19.so
7f1ecc000000-7f1ecde97000 rw-p 00000000 00:00 0 
7f1ecde97000-7f1ed0000000 ---p 00000000 00:00 0 
7f1ed0000000-7f1ed0002000 r--s 00002000 08:01 24382521                   /home/fan/.sbt/boot/scala-2.10.4/org.scala-sbt/sbt/0.13.7/control-0.13.7.jar
7f1ed0002000-7f1ed0007000 r--s 00036000 08:01 24382532                   /home/fan/.sbt/boot/scala-2.10.4/org.scala-sbt/sbt/0.13.7/command-0.13.7.jar
7f1ed0007000-7f1ed000f000 r--s 00057000 08:01 24382519                   /home/fan/.sbt/boot/scala-2.10.4/org.scala-sbt/sbt/0.13.7/completion-0.13.7.jar
7f1ed000f000-7f1ed0012000 r--s 00012000 08:01 24382501                   /home/fan/.sbt/boot/scala-2.10.4/org.scala-sbt/sbt/0.13.7/classfile-0.13.7.jar
7f1ed0012000-7f1ed0016000 r--s 00034000 08:01 24382500                   /home/fan/.sbt/boot/scala-2.10.4/org.scala-sbt/sbt/0.13.7/jsch-0.1.46.jar
7f1ed0016000-7f1ed0019000 r--s 00019000 08:01 24382545                   /home/fan/.sbt/boot/scala-2.10.4/org.scala-sbt/sbt/0.13.7/compile-0.13.7.jar
7f1ed0019000-7f1ed008f000 rw-p 00000000 00:00 0 
7f1ed008f000-7f1ed00b9000 r-xp 00000000 08:01 23069645                   /shared/jdk1.8.0_45/jre/lib/amd64/libjava.so
7f1ed00b9000-7f1ed02b9000 ---p 0002a000 08:01 23069645                   /shared/jdk1.8.0_45/jre/lib/amd64/libjava.so
7f1ed02b9000-7f1ed02bb000 rw-p 0002a000 08:01 23069645                   /shared/jdk1.8.0_45/jre/lib/amd64/libjava.so
7f1ed02bb000-7f1ed02c8000 r-xp 00000000 08:01 23069687                   /shared/jdk1.8.0_45/jre/lib/amd64/libverify.so
7f1ed02c8000-7f1ed04c8000 ---p 0000d000 08:01 23069687                   /shared/jdk1.8.0_45/jre/lib/amd64/libverify.so
7f1ed04c8000-7f1ed04ca000 rw-p 0000d000 08:01 23069687                   /shared/jdk1.8.0_45/jre/lib/amd64/libverify.so
7f1ed04ca000-7f1ed04d1000 r-xp 00000000 08:01 4460586                    /lib/x86_64-linux-gnu/librt-2.19.so
7f1ed04d1000-7f1ed06d0000 ---p 00007000 08:01 4460586                    /lib/x86_64-linux-gnu/librt-2.19.so
7f1ed06d0000-7f1ed06d1000 r--p 00006000 08:01 4460586                    /lib/x86_64-linux-gnu/librt-2.19.so
7f1ed06d1000-7f1ed06d2000 rw-p 00007000 08:01 4460586                    /lib/x86_64-linux-gnu/librt-2.19.so
7f1ed06d2000-7f1ed07d7000 r-xp 00000000 08:01 4460508                    /lib/x86_64-linux-gnu/libm-2.19.so
7f1ed07d7000-7f1ed09d6000 ---p 00105000 08:01 4460508                    /lib/x86_64-linux-gnu/libm-2.19.so
7f1ed09d6000-7f1ed09d7000 r--p 00104000 08:01 4460508                    /lib/x86_64-linux-gnu/libm-2.19.so
7f1ed09d7000-7f1ed09d8000 rw-p 00105000 08:01 4460508                    /lib/x86_64-linux-gnu/libm-2.19.so
7f1ed09d8000-7f1ed1686000 r-xp 00000000 08:01 23069693                   /shared/jdk1.8.0_45/jre/lib/amd64/server/libjvm.so
7f1ed1686000-7f1ed1885000 ---p 00cae000 08:01 23069693                   /shared/jdk1.8.0_45/jre/lib/amd64/server/libjvm.so
7f1ed1885000-7f1ed195c000 rw-p 00cad000 08:01 23069693                   /shared/jdk1.8.0_45/jre/lib/amd64/server/libjvm.so
7f1ed195c000-7f1ed19a0000 rw-p 00000000 00:00 0 
7f1ed19a0000-7f1ed1b5b000 r-xp 00000000 08:01 4460458                    /lib/x86_64-linux-gnu/libc-2.19.so
7f1ed1b5b000-7f1ed1d5b000 ---p 001bb000 08:01 4460458                    /lib/x86_64-linux-gnu/libc-2.19.so
7f1ed1d5b000-7f1ed1d5f000 r--p 001bb000 08:01 4460458                    /lib/x86_64-linux-gnu/libc-2.19.so
7f1ed1d5f000-7f1ed1d61000 rw-p 001bf000 08:01 4460458                    /lib/x86_64-linux-gnu/libc-2.19.so
7f1ed1d61000-7f1ed1d66000 rw-p 00000000 00:00 0 
7f1ed1d66000-7f1ed1d69000 r-xp 00000000 08:01 4460475                    /lib/x86_64-linux-gnu/libdl-2.19.so
7f1ed1d69000-7f1ed1f68000 ---p 00003000 08:01 4460475                    /lib/x86_64-linux-gnu/libdl-2.19.so
7f1ed1f68000-7f1ed1f69000 r--p 00002000 08:01 4460475                    /lib/x86_64-linux-gnu/libdl-2.19.so
7f1ed1f69000-7f1ed1f6a000 rw-p 00003000 08:01 4460475                    /lib/x86_64-linux-gnu/libdl-2.19.so
7f1ed1f6a000-7f1ed1f7f000 r-xp 00000000 08:01 23069978                   /shared/jdk1.8.0_45/lib/amd64/jli/libjli.so
7f1ed1f7f000-7f1ed217f000 ---p 00015000 08:01 23069978                   /shared/jdk1.8.0_45/lib/amd64/jli/libjli.so
7f1ed217f000-7f1ed2180000 rw-p 00015000 08:01 23069978                   /shared/jdk1.8.0_45/lib/amd64/jli/libjli.so
7f1ed2180000-7f1ed2199000 r-xp 00000000 08:01 4460578                    /lib/x86_64-linux-gnu/libpthread-2.19.so
7f1ed2199000-7f1ed2398000 ---p 00019000 08:01 4460578                    /lib/x86_64-linux-gnu/libpthread-2.19.so
7f1ed2398000-7f1ed2399000 r--p 00018000 08:01 4460578                    /lib/x86_64-linux-gnu/libpthread-2.19.so
7f1ed2399000-7f1ed239a000 rw-p 00019000 08:01 4460578                    /lib/x86_64-linux-gnu/libpthread-2.19.so
7f1ed239a000-7f1ed239e000 rw-p 00000000 00:00 0 
7f1ed239e000-7f1ed23c1000 r-xp 00000000 08:01 4460434                    /lib/x86_64-linux-gnu/ld-2.19.so
7f1ed23c1000-7f1ed23c2000 r--s 00001000 08:01 24382515                   /home/fan/.sbt/boot/scala-2.10.4/org.scala-sbt/sbt/0.13.7/cross-0.13.7.jar
7f1ed23c2000-7f1ed23ca000 r--s 00069000 08:01 24382535                   /home/fan/.sbt/boot/scala-2.10.4/org.scala-sbt/sbt/0.13.7/actions-0.13.7.jar
7f1ed23ca000-7f1ed23cc000 r--s 00017000 08:01 24382510                   /home/fan/.sbt/boot/scala-2.10.4/org.scala-sbt/sbt/0.13.7/testing-0.13.7.jar
7f1ed23cc000-7f1ed23e7000 r--s 0010d000 08:01 23071236                   /shared/sbt/bin/sbt-launch.jar
7f1ed23e7000-7f1ed24a5000 rw-p 00000000 00:00 0 
7f1ed24a5000-7f1ed24a8000 ---p 00000000 00:00 0 
7f1ed24a8000-7f1ed25aa000 rw-p 00000000 00:00 0                          [stack:28001]
7f1ed25aa000-7f1ed25ab000 r--s 00001000 08:01 24382499                   /home/fan/.sbt/boot/scala-2.10.4/org.scala-sbt/sbt/0.13.7/json4s-support_2.10-0.6.0.jar
7f1ed25ab000-7f1ed25ad000 r--s 0000f000 08:01 24382526                   /home/fan/.sbt/boot/scala-2.10.4/org.scala-sbt/sbt/0.13.7/json4s-native_2.10-3.2.10.jar
7f1ed25ad000-7f1ed25b1000 r--s 00025000 08:01 24381624                   /home/fan/.sbt/boot/scala-2.10.4/lib/jline.jar
7f1ed25b1000-7f1ed25b4000 r--s 00018000 08:01 24381625                   /home/fan/.sbt/boot/scala-2.10.4/lib/jansi.jar
7f1ed25b4000-7f1ed25bc000 rw-s 00000000 08:01 29894675                   /tmp/hsperfdata_fan/28000
7f1ed25bc000-7f1ed25bd000 rw-p 00000000 00:00 0 
7f1ed25bd000-7f1ed25be000 r--p 00000000 00:00 0 
7f1ed25be000-7f1ed25c0000 rw-p 00000000 00:00 0 
7f1ed25c0000-7f1ed25c1000 r--p 00022000 08:01 4460434                    /lib/x86_64-linux-gnu/ld-2.19.so
7f1ed25c1000-7f1ed25c2000 rw-p 00023000 08:01 4460434                    /lib/x86_64-linux-gnu/ld-2.19.so
7f1ed25c2000-7f1ed25c3000 rw-p 00000000 00:00 0 
7fffc77d5000-7fffc77f6000 rw-p 00000000 00:00 0                          [stack]
7fffc77fc000-7fffc77fe000 r-xp 00000000 00:00 0                          [vdso]
7fffc77fe000-7fffc7800000 r--p 00000000 00:00 0                          [vvar]
ffffffffff600000-ffffffffff601000 r-xp 00000000 00:00 0                  [vsyscall]

VM Arguments:
jvm_args: -Xms1024m -Xmx1024m -XX:ReservedCodeCacheSize=128m -XX:MaxMetaspaceSize=256m -Dhadoop.version=2.5.2 
java_command: /shared/sbt/bin/sbt-launch.jar clean assembly -Pyarn -Phadoop-2.4
java_class_path (initial): /shared/sbt/bin/sbt-launch.jar
Launcher Type: SUN_STANDARD

Environment Variables:
JAVA_HOME=/shared/java
PATH=/shared/scala/bin:/shared/java/bin:/shared/sbt/bin:/usr/local/sbin:/usr/local/bin:/usr/sbin:/usr/bin:/sbin:/bin:/usr/games:/usr/local/games
SHELL=/bin/bash
DISPLAY=:0

Signal Handlers:
SIGSEGV: [libjvm.so+0xaad1e0], sa_mask[0]=11111111011111111101111111111110, sa_flags=SA_RESTART|SA_SIGINFO
SIGBUS: [libjvm.so+0xaad1e0], sa_mask[0]=11111111011111111101111111111110, sa_flags=SA_RESTART|SA_SIGINFO
SIGFPE: [libjvm.so+0x90b450], sa_mask[0]=11111111011111111101111111111110, sa_flags=SA_RESTART|SA_SIGINFO
SIGPIPE: [libjvm.so+0x90b450], sa_mask[0]=11111111011111111101111111111110, sa_flags=SA_RESTART|SA_SIGINFO
SIGXFSZ: [libjvm.so+0x90b450], sa_mask[0]=11111111011111111101111111111110, sa_flags=SA_RESTART|SA_SIGINFO
SIGILL: [libjvm.so+0x90b450], sa_mask[0]=11111111011111111101111111111110, sa_flags=SA_RESTART|SA_SIGINFO
SIGUSR1: SIG_DFL, sa_mask[0]=00000000000000000000000000000000, sa_flags=none
SIGUSR2: [libjvm.so+0x90ca90], sa_mask[0]=00000000000000000000000000000000, sa_flags=SA_RESTART|SA_SIGINFO
SIGHUP: [libjvm.so+0x90dde0], sa_mask[0]=11111111011111111101111111111110, sa_flags=SA_RESTART|SA_SIGINFO
SIGINT: [libjvm.so+0x90dde0], sa_mask[0]=11111111011111111101111111111110, sa_flags=SA_RESTART|SA_SIGINFO
SIGTERM: [libjvm.so+0x90dde0], sa_mask[0]=11111111011111111101111111111110, sa_flags=SA_RESTART|SA_SIGINFO
SIGQUIT: [libjvm.so+0x90dde0], sa_mask[0]=11111111011111111101111111111110, sa_flags=SA_RESTART|SA_SIGINFO


---------------  S Y S T E M  ---------------

OS:DISTRIB_ID=Ubuntu
DISTRIB_RELEASE=14.04
DISTRIB_CODENAME=trusty
DISTRIB_DESCRIPTION="Ubuntu 14.04.2 LTS"

uname:Linux 3.16.0-30-generic #40~14.04.1-Ubuntu SMP Thu Jan 15 17:43:14 UTC 2015 x86_64
libc:glibc 2.19 NPTL 2.19 
rlimit: STACK 8192k, CORE 0k, NPROC 47905, NOFILE 4096, AS infinity
load average:0.50 1.25 1.48

/proc/meminfo:
MemTotal:       12285276 kB
MemFree:         3067948 kB
MemAvailable:    7179732 kB
Buffers:          302932 kB
Cached:          3639208 kB
SwapCached:         3652 kB
Active:          5935660 kB
Inactive:        2495924 kB
Active(anon):    3417884 kB
Inactive(anon):  1101188 kB
Active(file):    2517776 kB
Inactive(file):  1394736 kB
Unevictable:          32 kB
Mlocked:              32 kB
SwapTotal:      12561404 kB
SwapFree:       12416464 kB
Dirty:             23816 kB
Writeback:             0 kB
AnonPages:       4487412 kB
Mapped:           204976 kB
Shmem:             29628 kB
Slab:             518772 kB
SReclaimable:     452676 kB
SUnreclaim:        66096 kB
KernelStack:       10720 kB
PageTables:        39368 kB
NFS_Unstable:          0 kB
Bounce:                0 kB
WritebackTmp:          0 kB
CommitLimit:    18704040 kB
Committed_AS:    7878720 kB
VmallocTotal:   34359738367 kB
VmallocUsed:      320664 kB
VmallocChunk:   34359285828 kB
HardwareCorrupted:     0 kB
AnonHugePages:   3471360 kB
HugePages_Total:       0
HugePages_Free:        0
HugePages_Rsvd:        0
HugePages_Surp:        0
Hugepagesize:       2048 kB
DirectMap4k:       99196 kB
DirectMap2M:    12464128 kB


CPU:total 8 (4 cores per cpu, 2 threads per core) family 6 model 42 stepping 7, cmov, cx8, fxsr, mmx, sse, sse2, sse3, ssse3, sse4.1, sse4.2, popcnt, avx, aes, clmul, ht, tsc, tscinvbit

/proc/cpuinfo:
processor	: 0
vendor_id	: GenuineIntel
cpu family	: 6
model		: 42
model name	: Intel(R) Core(TM) i7-2600K CPU @ 3.40GHz
stepping	: 7
microcode	: 0x12
cpu MHz		: 3499.875
cache size	: 8192 KB
physical id	: 0
siblings	: 8
core id		: 0
cpu cores	: 4
apicid		: 0
initial apicid	: 0
fpu		: yes
fpu_exception	: yes
cpuid level	: 13
wp		: yes
flags		: fpu vme de pse tsc msr pae mce cx8 apic sep mtrr pge mca cmov pat pse36 clflush dts acpi mmx fxsr sse sse2 ss ht tm pbe syscall nx rdtscp lm constant_tsc arch_perfmon pebs bts rep_good nopl xtopology nonstop_tsc aperfmperf eagerfpu pni pclmulqdq dtes64 monitor ds_cpl vmx est tm2 ssse3 cx16 xtpr pdcm pcid sse4_1 sse4_2 popcnt tsc_deadline_timer aes xsave avx lahf_lm ida arat epb xsaveopt pln pts dtherm tpr_shadow vnmi flexpriority ept vpid
bogomips	: 6784.27
clflush size	: 64
cache_alignment	: 64
address sizes	: 36 bits physical, 48 bits virtual
power management:

processor	: 1
vendor_id	: GenuineIntel
cpu family	: 6
model		: 42
model name	: Intel(R) Core(TM) i7-2600K CPU @ 3.40GHz
stepping	: 7
microcode	: 0x12
cpu MHz		: 3500.007
cache size	: 8192 KB
physical id	: 0
siblings	: 8
core id		: 1
cpu cores	: 4
apicid		: 2
initial apicid	: 2
fpu		: yes
fpu_exception	: yes
cpuid level	: 13
wp		: yes
flags		: fpu vme de pse tsc msr pae mce cx8 apic sep mtrr pge mca cmov pat pse36 clflush dts acpi mmx fxsr sse sse2 ss ht tm pbe syscall nx rdtscp lm constant_tsc arch_perfmon pebs bts rep_good nopl xtopology nonstop_tsc aperfmperf eagerfpu pni pclmulqdq dtes64 monitor ds_cpl vmx est tm2 ssse3 cx16 xtpr pdcm pcid sse4_1 sse4_2 popcnt tsc_deadline_timer aes xsave avx lahf_lm ida arat epb xsaveopt pln pts dtherm tpr_shadow vnmi flexpriority ept vpid
bogomips	: 6784.27
clflush size	: 64
cache_alignment	: 64
address sizes	: 36 bits physical, 48 bits virtual
power management:

processor	: 2
vendor_id	: GenuineIntel
cpu family	: 6
model		: 42
model name	: Intel(R) Core(TM) i7-2600K CPU @ 3.40GHz
stepping	: 7
microcode	: 0x12
cpu MHz		: 3500.007
cache size	: 8192 KB
physical id	: 0
siblings	: 8
core id		: 2
cpu cores	: 4
apicid		: 4
initial apicid	: 4
fpu		: yes
fpu_exception	: yes
cpuid level	: 13
wp		: yes
flags		: fpu vme de pse tsc msr pae mce cx8 apic sep mtrr pge mca cmov pat pse36 clflush dts acpi mmx fxsr sse sse2 ss ht tm pbe syscall nx rdtscp lm constant_tsc arch_perfmon pebs bts rep_good nopl xtopology nonstop_tsc aperfmperf eagerfpu pni pclmulqdq dtes64 monitor ds_cpl vmx est tm2 ssse3 cx16 xtpr pdcm pcid sse4_1 sse4_2 popcnt tsc_deadline_timer aes xsave avx lahf_lm ida arat epb xsaveopt pln pts dtherm tpr_shadow vnmi flexpriority ept vpid
bogomips	: 6784.27
clflush size	: 64
cache_alignment	: 64
address sizes	: 36 bits physical, 48 bits virtual
power management:

processor	: 3
vendor_id	: GenuineIntel
cpu family	: 6
model		: 42
model name	: Intel(R) Core(TM) i7-2600K CPU @ 3.40GHz
stepping	: 7
microcode	: 0x12
cpu MHz		: 3500.007
cache size	: 8192 KB
physical id	: 0
siblings	: 8
core id		: 3
cpu cores	: 4
apicid		: 6
initial apicid	: 6
fpu		: yes
fpu_exception	: yes
cpuid level	: 13
wp		: yes
flags		: fpu vme de pse tsc msr pae mce cx8 apic sep mtrr pge mca cmov pat pse36 clflush dts acpi mmx fxsr sse sse2 ss ht tm pbe syscall nx rdtscp lm constant_tsc arch_perfmon pebs bts rep_good nopl xtopology nonstop_tsc aperfmperf eagerfpu pni pclmulqdq dtes64 monitor ds_cpl vmx est tm2 ssse3 cx16 xtpr pdcm pcid sse4_1 sse4_2 popcnt tsc_deadline_timer aes xsave avx lahf_lm ida arat epb xsaveopt pln pts dtherm tpr_shadow vnmi flexpriority ept vpid
bogomips	: 6784.27
clflush size	: 64
cache_alignment	: 64
address sizes	: 36 bits physical, 48 bits virtual
power management:

processor	: 4
vendor_id	: GenuineIntel
cpu family	: 6
model		: 42
model name	: Intel(R) Core(TM) i7-2600K CPU @ 3.40GHz
stepping	: 7
microcode	: 0x12
cpu MHz		: 3500.007
cache size	: 8192 KB
physical id	: 0
siblings	: 8
core id		: 0
cpu cores	: 4
apicid		: 1
initial apicid	: 1
fpu		: yes
fpu_exception	: yes
cpuid level	: 13
wp		: yes
flags		: fpu vme de pse tsc msr pae mce cx8 apic sep mtrr pge mca cmov pat pse36 clflush dts acpi mmx fxsr sse sse2 ss ht tm pbe syscall nx rdtscp lm constant_tsc arch_perfmon pebs bts rep_good nopl xtopology nonstop_tsc aperfmperf eagerfpu pni pclmulqdq dtes64 monitor ds_cpl vmx est tm2 ssse3 cx16 xtpr pdcm pcid sse4_1 sse4_2 popcnt tsc_deadline_timer aes xsave avx lahf_lm ida arat epb xsaveopt pln pts dtherm tpr_shadow vnmi flexpriority ept vpid
bogomips	: 6784.27
clflush size	: 64
cache_alignment	: 64
address sizes	: 36 bits physical, 48 bits virtual
power management:

processor	: 5
vendor_id	: GenuineIntel
cpu family	: 6
model		: 42
model name	: Intel(R) Core(TM) i7-2600K CPU @ 3.40GHz
stepping	: 7
microcode	: 0x12
cpu MHz		: 3501.203
cache size	: 8192 KB
physical id	: 0
siblings	: 8
core id		: 1
cpu cores	: 4
apicid		: 3
initial apicid	: 3
fpu		: yes
fpu_exception	: yes
cpuid level	: 13
wp		: yes
flags		: fpu vme de pse tsc msr pae mce cx8 apic sep mtrr pge mca cmov pat pse36 clflush dts acpi mmx fxsr sse sse2 ss ht tm pbe syscall nx rdtscp lm constant_tsc arch_perfmon pebs bts rep_good nopl xtopology nonstop_tsc aperfmperf eagerfpu pni pclmulqdq dtes64 monitor ds_cpl vmx est tm2 ssse3 cx16 xtpr pdcm pcid sse4_1 sse4_2 popcnt tsc_deadline_timer aes xsave avx lahf_lm ida arat epb xsaveopt pln pts dtherm tpr_shadow vnmi flexpriority ept vpid
bogomips	: 6784.27
clflush size	: 64
cache_alignment	: 64
address sizes	: 36 bits physical, 48 bits virtual
power management:

processor	: 6
vendor_id	: GenuineIntel
cpu family	: 6
model		: 42
model name	: Intel(R) Core(TM) i7-2600K CPU @ 3.40GHz
stepping	: 7
microcode	: 0x12
cpu MHz		: 3500.007
cache size	: 8192 KB
physical id	: 0
siblings	: 8
core id		: 2
cpu cores	: 4
apicid		: 5
initial apicid	: 5
fpu		: yes
fpu_exception	: yes
cpuid level	: 13
wp		: yes
flags		: fpu vme de pse tsc msr pae mce cx8 apic sep mtrr pge mca cmov pat pse36 clflush dts acpi mmx fxsr sse sse2 ss ht tm pbe syscall nx rdtscp lm constant_tsc arch_perfmon pebs bts rep_good nopl xtopology nonstop_tsc aperfmperf eagerfpu pni pclmulqdq dtes64 monitor ds_cpl vmx est tm2 ssse3 cx16 xtpr pdcm pcid sse4_1 sse4_2 popcnt tsc_deadline_timer aes xsave avx lahf_lm ida arat epb xsaveopt pln pts dtherm tpr_shadow vnmi flexpriority ept vpid
bogomips	: 6784.27
clflush size	: 64
cache_alignment	: 64
address sizes	: 36 bits physical, 48 bits virtual
power management:

processor	: 7
vendor_id	: GenuineIntel
cpu family	: 6
model		: 42
model name	: Intel(R) Core(TM) i7-2600K CPU @ 3.40GHz
stepping	: 7
microcode	: 0x12
cpu MHz		: 3500.007
cache size	: 8192 KB
physical id	: 0
siblings	: 8
core id		: 3
cpu cores	: 4
apicid		: 7
initial apicid	: 7
fpu		: yes
fpu_exception	: yes
cpuid level	: 13
wp		: yes
flags		: fpu vme de pse tsc msr pae mce cx8 apic sep mtrr pge mca cmov pat pse36 clflush dts acpi mmx fxsr sse sse2 ss ht tm pbe syscall nx rdtscp lm constant_tsc arch_perfmon pebs bts rep_good nopl xtopology nonstop_tsc aperfmperf eagerfpu pni pclmulqdq dtes64 monitor ds_cpl vmx est tm2 ssse3 cx16 xtpr pdcm pcid sse4_1 sse4_2 popcnt tsc_deadline_timer aes xsave avx lahf_lm ida arat epb xsaveopt pln pts dtherm tpr_shadow vnmi flexpriority ept vpid
bogomips	: 6784.27
clflush size	: 64
cache_alignment	: 64
address sizes	: 36 bits physical, 48 bits virtual
power management:



Memory: 4k page, physical 12285276k(3067948k free), swap 12561404k(12416464k free)

vm_info: Java HotSpot(TM) 64-Bit Server VM (25.45-b02) for linux-amd64 JRE (1.8.0_45-b14), built on Apr 10 2015 10:07:45 by "java_re" with gcc 4.3.0 20080428 (Red Hat 4.3.0-8)

time: Mon Jul 27 23:15:57 2015
elapsed time: 3 seconds (0d 0h 0m 3s)

