#
# A fatal error has been detected by the Java Runtime Environment:
#
#  SIGSEGV (0xb) at pc=0x00007f4642f03331, pid=28381, tid=139939211724544
#
# JRE version: Java(TM) SE Runtime Environment (8.0_45-b14) (build 1.8.0_45-b14)
# Java VM: Java HotSpot(TM) 64-Bit Server VM (25.45-b02 mixed mode linux-amd64 compressed oops)
# Problematic frame:
# V  [libjvm.so+0x8de331]  Node::clone() const+0x141
#
# Failed to write core dump. Core dumps have been disabled. To enable core dumping, try "ulimit -c unlimited" before starting Java again
#
# If you would like to submit a bug report, please visit:
#   http://bugreport.java.com/bugreport/crash.jsp
#

---------------  T H R E A D  ---------------

Current thread (0x00007f463c20a800):  JavaThread "C2 CompilerThread1" daemon [_thread_in_native, id=28396, stack(0x00007f4622f14000,0x00007f4623015000)]

siginfo: si_signo: 11 (SIGSEGV), si_code: 128 (SI_KERNEL), si_addr: 0x0000000000000000

Registers:
RAX=0x0000000000000020, RBX=0x0000000000000357, RCX=0x0000000000000000, RDX=0x00007f45f0479338
RSP=0x00007f46230111e0, RBP=0x00007f4623011220, RSI=0x0000000000000050, RDI=0x00007f45f044f6b0
R8 =0x00007f45f04792d8, R9 =0x00007f45f04792e8, R10=0x000000000000002e, R11=0x00007f464308f050
R12=0x00c4000000000000, R13=0x0000000000000050, R14=0x0000000000000020, R15=0x00007f45f044f6b0
RIP=0x00007f4642f03331, EFLAGS=0x0000000000010206, CSGSFS=0x0000000000000033, ERR=0x0000000000000000
  TRAPNO=0x000000000000000d

Top of Stack: (sp=0x00007f46230111e0)
0x00007f46230111e0:   00007f46230112a0 00007f4623011460
0x00007f46230111f0:   00007f4623012ed0 00000000000047fa
0x00007f4623011200:   00007f46230122d0 00007f45ec009b10
0x00007f4623011210:   00007f46230112a0 00007f45f0479298
0x00007f4623011220:   00007f4623011260 00007f4642c1e026
0x00007f4623011230:   00007f4600000001 00007f46230112a0
0x00007f4623011240:   00007f4623011460 0000000000000000
0x00007f4623011250:   00007f45f0479140 00007f4623011460
0x00007f4623011260:   00007f4623011280 00007f4642c1e165
0x00007f4623011270:   00007f4623011370 00007f45f0479140
0x00007f4623011280:   00007f4623011320 00007f4642f58941
0x00007f4623011290:   00007f45e80b0880 00007f46230112a0
0x00007f46230112a0:   00007f46435629f0 00007f4600000001
0x00007f46230112b0:   00007f4623012ed0 00007f4623013ad0
0x00007f46230112c0:   00007f46230122d0 00007f45f044f6b0
0x00007f46230112d0:   0000000000000000 00007f45ec094108
0x00007f46230112e0:   00007f45f04506f0 00007f45f0450b88
0x00007f46230112f0:   00007f4623012ed0 00007f45f0479140
0x00007f4623011300:   00007f4623011460 00007f4623011330
0x00007f4623011310:   0000000000000000 00007f4623011558
0x00007f4623011320:   00007f4623011370 00007f4642f58b3b
0x00007f4623011330:   00007f4623011460 00007f45f0454088
0x00007f4623011340:   0000000000000001 00007f4623011460
0x00007f4623011350:   0000000000000000 00007f4623011460
0x00007f4623011360:   0000000000000000 0000000000000004
0x00007f4623011370:   00007f46230113b0 00007f4642f5b7e0
0x00007f4623011380:   00007f4623011400 0000000000000000
0x00007f4623011390:   00007f463cfcd720 00007f4623011460
0x00007f46230113a0:   0000000000000000 00007f4623011460
0x00007f46230113b0:   00007f4623011400 00007f4642f5ba57
0x00007f46230113c0:   00007f45f0450af8 0000000000000000
0x00007f46230113d0:   00007f4600011460 00007f463cfcd720 

Instructions: (pc=0x00007f4642f03331)
0x00007f4642f03311:   77 1c 0f 83 b7 00 00 00 49 8b 57 08 44 89 f0 4c
0x00007f4642f03321:   8b 24 c2 49 8b 51 08 4d 85 e4 4c 89 24 c2 74 da
0x00007f4642f03331:   49 83 7c 24 10 00 74 d2 41 8b 5c 24 20 41 3b 5c
0x00007f4642f03341:   24 24 75 b3 48 8b 05 c4 62 67 00 8b 38 4c 89 4d 

Register to memory mapping:

RAX=0x0000000000000020 is an unknown value
RBX=0x0000000000000357 is an unknown value
RCX=0x0000000000000000 is an unknown value
RDX=0x00007f45f0479338 is an unknown value
RSP=0x00007f46230111e0 is pointing into the stack for thread: 0x00007f463c20a800
RBP=0x00007f4623011220 is pointing into the stack for thread: 0x00007f463c20a800
RSI=0x0000000000000050 is an unknown value
RDI=0x00007f45f044f6b0 is an unknown value
R8 =0x00007f45f04792d8 is an unknown value
R9 =0x00007f45f04792e8 is an unknown value
R10=0x000000000000002e is an unknown value
R11=0x00007f464308f050: <offset 0xa6a050> in /shared/jdk1.8.0_45/jre/lib/amd64/server/libjvm.so at 0x00007f4642625000
R12=0x00c4000000000000 is an unknown value
R13=0x0000000000000050 is an unknown value
R14=0x0000000000000020 is an unknown value
R15=0x00007f45f044f6b0 is an unknown value


Stack: [0x00007f4622f14000,0x00007f4623015000],  sp=0x00007f46230111e0,  free space=1012k
Native frames: (J=compiled Java code, j=interpreted, Vv=VM code, C=native code)
V  [libjvm.so+0x8de331]  Node::clone() const+0x141
V  [libjvm.so+0x5f9026]  GraphKit::clone_map()+0x76
V  [libjvm.so+0x5f9165]  GraphKit::set_map_clone(SafePointNode*)+0x15
V  [libjvm.so+0x933941]  Parse::throw_to_exit(SafePointNode*)+0x41
V  [libjvm.so+0x933b3b]  Parse::do_exceptions()+0xeb
V  [libjvm.so+0x9367e0]  Parse::do_one_block()+0x180
V  [libjvm.so+0x936a57]  Parse::do_all_blocks()+0x127
V  [libjvm.so+0x93afe9]  Parse::Parse(JVMState*, ciMethod*, float)+0x7f9
V  [libjvm.so+0x3ed4e8]  ParseGenerator::generate(JVMState*)+0x88
V  [libjvm.so+0x563a36]  Parse::do_call()+0x1e6
V  [libjvm.so+0x9445aa]  Parse::do_one_bytecode()+0x32fa
V  [libjvm.so+0x9367d8]  Parse::do_one_block()+0x178
V  [libjvm.so+0x936a57]  Parse::do_all_blocks()+0x127
V  [libjvm.so+0x93afe9]  Parse::Parse(JVMState*, ciMethod*, float)+0x7f9
V  [libjvm.so+0x3ed4e8]  ParseGenerator::generate(JVMState*)+0x88
V  [libjvm.so+0x563a36]  Parse::do_call()+0x1e6
V  [libjvm.so+0x9445aa]  Parse::do_one_bytecode()+0x32fa
V  [libjvm.so+0x9367d8]  Parse::do_one_block()+0x178
V  [libjvm.so+0x936a57]  Parse::do_all_blocks()+0x127
V  [libjvm.so+0x93afe9]  Parse::Parse(JVMState*, ciMethod*, float)+0x7f9
V  [libjvm.so+0x3ed4e8]  ParseGenerator::generate(JVMState*)+0x88
V  [libjvm.so+0x563a36]  Parse::do_call()+0x1e6
V  [libjvm.so+0x9445aa]  Parse::do_one_bytecode()+0x32fa
V  [libjvm.so+0x9367d8]  Parse::do_one_block()+0x178
V  [libjvm.so+0x936a57]  Parse::do_all_blocks()+0x127
V  [libjvm.so+0x93afe9]  Parse::Parse(JVMState*, ciMethod*, float)+0x7f9
V  [libjvm.so+0x3ed4e8]  ParseGenerator::generate(JVMState*)+0x88
V  [libjvm.so+0x49ddfa]  Compile::Compile(ciEnv*, C2Compiler*, ciMethod*, int, bool, bool, bool)+0x127a
V  [libjvm.so+0x3ebeb8]  C2Compiler::compile_method(ciEnv*, ciMethod*, int)+0x198
V  [libjvm.so+0x4a843a]  CompileBroker::invoke_compiler_on_method(CompileTask*)+0xc9a
V  [libjvm.so+0x4a93e6]  CompileBroker::compiler_thread_loop()+0x5d6
V  [libjvm.so+0xa5c86f]  JavaThread::thread_main_inner()+0xdf
V  [libjvm.so+0xa5c99c]  JavaThread::run()+0x11c
V  [libjvm.so+0x910de8]  java_start(Thread*)+0x108
C  [libpthread.so.0+0x8182]  start_thread+0xc2


Current CompileTask:
C2:   1112 1744   !   4       java.net.URLClassLoader$1::run (63 bytes)


---------------  P R O C E S S  ---------------

Java Threads: ( => current thread )
  0x00007f463c87f000 JavaThread "process reaper" daemon [_thread_blocked, id=28403, stack(0x00007f46223a6000,0x00007f46223df000)]
  0x00007f463c21b800 JavaThread "Service Thread" daemon [_thread_blocked, id=28399, stack(0x00007f4622c11000,0x00007f4622d12000)]
  0x00007f463c20e800 JavaThread "C1 CompilerThread3" daemon [_thread_blocked, id=28398, stack(0x00007f4622d12000,0x00007f4622e13000)]
  0x00007f463c20c800 JavaThread "C2 CompilerThread2" daemon [_thread_blocked, id=28397, stack(0x00007f4622e13000,0x00007f4622f14000)]
=>0x00007f463c20a800 JavaThread "C2 CompilerThread1" daemon [_thread_in_native, id=28396, stack(0x00007f4622f14000,0x00007f4623015000)]
  0x00007f463c207800 JavaThread "C2 CompilerThread0" daemon [_thread_in_native, id=28395, stack(0x00007f4623015000,0x00007f4623116000)]
  0x00007f463c206000 JavaThread "Signal Dispatcher" daemon [_thread_blocked, id=28394, stack(0x00007f4623116000,0x00007f4623217000)]
  0x00007f463c1ce000 JavaThread "Finalizer" daemon [_thread_blocked, id=28393, stack(0x00007f46238f9000,0x00007f46239fa000)]
  0x00007f463c1cc000 JavaThread "Reference Handler" daemon [_thread_blocked, id=28392, stack(0x00007f46239fa000,0x00007f4623afb000)]
  0x00007f463c009800 JavaThread "main" [_thread_in_vm, id=28382, stack(0x00007f46440f2000,0x00007f46441f3000)]

Other Threads:
  0x00007f463c1c7000 VMThread [stack: 0x00007f4623afb000,0x00007f4623bfc000] [id=28391]
  0x00007f463c21e000 WatcherThread [stack: 0x00007f4622b10000,0x00007f4622c11000] [id=28400]

VM state:not at safepoint (normal execution)

VM Mutex/Monitor currently owned by a thread: None

Heap:
 PSYoungGen      total 305664K, used 26214K [0x00000000eab00000, 0x0000000100000000, 0x0000000100000000)
  eden space 262144K, 10% used [0x00000000eab00000,0x00000000ec499ae8,0x00000000fab00000)
  from space 43520K, 0% used [0x00000000fab00000,0x00000000fab00000,0x00000000fd580000)
  to   space 43520K, 0% used [0x00000000fd580000,0x00000000fd580000,0x0000000100000000)
 ParOldGen       total 699392K, used 14876K [0x00000000c0000000, 0x00000000eab00000, 0x00000000eab00000)
  object space 699392K, 2% used [0x00000000c0000000,0x00000000c0e872e8,0x00000000eab00000)
 Metaspace       used 22668K, capacity 22942K, committed 23040K, reserved 1069056K
  class space    used 3925K, capacity 4015K, committed 4096K, reserved 1048576K

Card table byte_map: [0x00007f4640e84000,0x00007f4641085000] byte_map_base: 0x00007f4640884000

Marking Bits: (ParMarkBitMap*) 0x00007f46435c2760
 Begin Bits: [0x00007f462a000000, 0x00007f462b000000)
 End Bits:   [0x00007f462b000000, 0x00007f462c000000)

Polling page: 0x00007f464420a000

CodeCache: size=131072Kb used=4928Kb max_used=4928Kb free=126143Kb
 bounds [0x00007f4634000000, 0x00007f46344e0000, 0x00007f463c000000]
 total_blobs=2139 nmethods=1771 adapters=280
 compilation: enabled

Compilation events (10 events):
Event: 1.104 Thread 0x00007f463c20e800 1767       3       sbt.complete.Infinite$::decrement (5 bytes)
Event: 1.104 Thread 0x00007f463c20e800 nmethod 1767 0x00007f46344d1690 code [0x00007f46344d1800, 0x00007f46344d1a30]
Event: 1.104 Thread 0x00007f463c20e800 1768       3       sbt.complete.Infinite$::decrement (2 bytes)
Event: 1.104 Thread 0x00007f463c20e800 nmethod 1768 0x00007f46344c62d0 code [0x00007f46344c6420, 0x00007f46344c6570]
Event: 1.104 Thread 0x00007f463c20e800 1769       3       sbt.complete.MapParser::ifValid (6 bytes)
Event: 1.104 Thread 0x00007f463c20e800 nmethod 1769 0x00007f46344d1ad0 code [0x00007f46344d1c60, 0x00007f46344d1fe8]
Event: 1.104 Thread 0x00007f463c20e800 1771       3       sbt.complete.ParserMain$$anon$1::ifValid (6 bytes)
Event: 1.104 Thread 0x00007f463c20e800 nmethod 1771 0x00007f46344d2110 code [0x00007f46344d22a0, 0x00007f46344d2628]
Event: 1.104 Thread 0x00007f463c20e800 1770       1       scala.util.Right::b (5 bytes)
Event: 1.105 Thread 0x00007f463c20e800 nmethod 1770 0x00007f46344d2750 code [0x00007f46344d28a0, 0x00007f46344d29b0]

GC Heap History (4 events):
Event: 0.876 GC heap before
{Heap before GC invocations=1 (full 0):
 PSYoungGen      total 305664K, used 94402K [0x00000000eab00000, 0x0000000100000000, 0x0000000100000000)
  eden space 262144K, 36% used [0x00000000eab00000,0x00000000f0730af8,0x00000000fab00000)
  from space 43520K, 0% used [0x00000000fd580000,0x00000000fd580000,0x0000000100000000)
  to   space 43520K, 0% used [0x00000000fab00000,0x00000000fab00000,0x00000000fd580000)
 ParOldGen       total 699392K, used 0K [0x00000000c0000000, 0x00000000eab00000, 0x00000000eab00000)
  object space 699392K, 0% used [0x00000000c0000000,0x00000000c0000000,0x00000000eab00000)
 Metaspace       used 20944K, capacity 21202K, committed 21296K, reserved 1067008K
  class space    used 3586K, capacity 3693K, committed 3712K, reserved 1048576K
Event: 0.890 GC heap after
Heap after GC invocations=1 (full 0):
 PSYoungGen      total 305664K, used 15762K [0x00000000eab00000, 0x0000000100000000, 0x0000000100000000)
  eden space 262144K, 0% used [0x00000000eab00000,0x00000000eab00000,0x00000000fab00000)
  from space 43520K, 36% used [0x00000000fab00000,0x00000000fba64998,0x00000000fd580000)
  to   space 43520K, 0% used [0x00000000fd580000,0x00000000fd580000,0x0000000100000000)
 ParOldGen       total 699392K, used 16K [0x00000000c0000000, 0x00000000eab00000, 0x00000000eab00000)
  object space 699392K, 0% used [0x00000000c0000000,0x00000000c0004000,0x00000000eab00000)
 Metaspace       used 20944K, capacity 21202K, committed 21296K, reserved 1067008K
  class space    used 3586K, capacity 3693K, committed 3712K, reserved 1048576K
}
Event: 0.890 GC heap before
{Heap before GC invocations=2 (full 1):
 PSYoungGen      total 305664K, used 15762K [0x00000000eab00000, 0x0000000100000000, 0x0000000100000000)
  eden space 262144K, 0% used [0x00000000eab00000,0x00000000eab00000,0x00000000fab00000)
  from space 43520K, 36% used [0x00000000fab00000,0x00000000fba64998,0x00000000fd580000)
  to   space 43520K, 0% used [0x00000000fd580000,0x00000000fd580000,0x0000000100000000)
 ParOldGen       total 699392K, used 16K [0x00000000c0000000, 0x00000000eab00000, 0x00000000eab00000)
  object space 699392K, 0% used [0x00000000c0000000,0x00000000c0004000,0x00000000eab00000)
 Metaspace       used 20944K, capacity 21202K, committed 21296K, reserved 1067008K
  class space    used 3586K, capacity 3693K, committed 3712K, reserved 1048576K
Event: 0.908 GC heap after
Heap after GC invocations=2 (full 1):
 PSYoungGen      total 305664K, used 0K [0x00000000eab00000, 0x0000000100000000, 0x0000000100000000)
  eden space 262144K, 0% used [0x00000000eab00000,0x00000000eab00000,0x00000000fab00000)
  from space 43520K, 0% used [0x00000000fab00000,0x00000000fab00000,0x00000000fd580000)
  to   space 43520K, 0% used [0x00000000fd580000,0x00000000fd580000,0x0000000100000000)
 ParOldGen       total 699392K, used 14876K [0x00000000c0000000, 0x00000000eab00000, 0x00000000eab00000)
  object space 699392K, 2% used [0x00000000c0000000,0x00000000c0e872e8,0x00000000eab00000)
 Metaspace       used 20944K, capacity 21202K, committed 21296K, reserved 1067008K
  class space    used 3586K, capacity 3693K, committed 3712K, reserved 1048576K
}

Deoptimization events (8 events):
Event: 0.120 Thread 0x00007f463c009800 Uncommon trap: reason=unstable_if action=reinterpret pc=0x00007f4634140484 method=java.lang.String.indexOf(II)I @ 49
Event: 0.349 Thread 0x00007f463c009800 Uncommon trap: reason=unstable_if action=reinterpret pc=0x00007f4634141d8c method=java.lang.String.startsWith(Ljava/lang/String;I)Z @ 25
Event: 0.396 Thread 0x00007f463c009800 Uncommon trap: reason=unstable_if action=reinterpret pc=0x00007f46342262e0 method=java.util.HashMap.getNode(ILjava/lang/Object;)Ljava/util/HashMap$Node; @ 116
Event: 0.420 Thread 0x00007f463c009800 Uncommon trap: reason=unstable_if action=reinterpret pc=0x00007f46341b434c method=java.lang.String.indexOf([CII[CIII)I @ 3
Event: 0.432 Thread 0x00007f463c009800 Uncommon trap: reason=unstable_if action=reinterpret pc=0x00007f4634228b90 method=java.lang.CharacterDataLatin1.toUpperCase(I)I @ 12
Event: 0.617 Thread 0x00007f463c009800 Uncommon trap: reason=unstable_if action=reinterpret pc=0x00007f463433f10c method=java.util.regex.Pattern$BmpCharProperty.match(Ljava/util/regex/Matcher;ILjava/lang/CharSequence;)Z @ 5
Event: 0.852 Thread 0x00007f463c009800 Uncommon trap: reason=unstable_if action=reinterpret pc=0x00007f4634289484 method=java.util.HashMap.getNode(ILjava/lang/Object;)Ljava/util/HashMap$Node; @ 62
Event: 1.033 Thread 0x00007f463c009800 Uncommon trap: reason=unstable_if action=reinterpret pc=0x00007f4634340e30 method=java.lang.SecurityManager.checkPackageAccess(Ljava/lang/String;)V @ 85

Internal exceptions (10 events):
Event: 0.986 Thread 0x00007f463c009800 Exception <a 'java/lang/ClassNotFoundException': scala/reflect/ScalaLongSignature> (0x00000000eae00c78) thrown at [/RE-WORK/workspace/8-2-build-linux-amd64/jdk8u45/3457/hotspot/src/share/vm/classfile/systemDictionary.cpp, line 210]
Event: 0.990 Thread 0x00007f463c009800 Exception <a 'java/lang/ArrayIndexOutOfBoundsException'> (0x00000000eae1c078) thrown at [/RE-WORK/workspace/8-2-build-linux-amd64/jdk8u45/3457/hotspot/src/share/vm/runtime/sharedRuntime.cpp, line 605]
Event: 0.990 Thread 0x00007f463c009800 Exception <a 'java/lang/ArrayIndexOutOfBoundsException'> (0x00000000eae1d210) thrown at [/RE-WORK/workspace/8-2-build-linux-amd64/jdk8u45/3457/hotspot/src/share/vm/runtime/sharedRuntime.cpp, line 605]
Event: 0.991 Thread 0x00007f463c009800 Exception <a 'java/lang/ClassNotFoundException': scala/reflect/ScalaSignature> (0x00000000eae20e68) thrown at [/RE-WORK/workspace/8-2-build-linux-amd64/jdk8u45/3457/hotspot/src/share/vm/classfile/systemDictionary.cpp, line 210]
Event: 0.991 Thread 0x00007f463c009800 Exception <a 'java/lang/ClassNotFoundException': scala/reflect/ScalaLongSignature> (0x00000000eae21710) thrown at [/RE-WORK/workspace/8-2-build-linux-amd64/jdk8u45/3457/hotspot/src/share/vm/classfile/systemDictionary.cpp, line 210]
Event: 0.993 Thread 0x00007f463c009800 Exception <a 'java/lang/ClassNotFoundException': scala/reflect/ScalaSignature> (0x00000000eae2fea0) thrown at [/RE-WORK/workspace/8-2-build-linux-amd64/jdk8u45/3457/hotspot/src/share/vm/classfile/systemDictionary.cpp, line 210]
Event: 0.993 Thread 0x00007f463c009800 Exception <a 'java/lang/ClassNotFoundException': scala/reflect/ScalaLongSignature> (0x00000000eae30748) thrown at [/RE-WORK/workspace/8-2-build-linux-amd64/jdk8u45/3457/hotspot/src/share/vm/classfile/systemDictionary.cpp, line 210]
Event: 0.995 Thread 0x00007f463c009800 Exception <a 'java/lang/ClassNotFoundException': scala/reflect/ScalaSignature> (0x00000000eae3edf0) thrown at [/RE-WORK/workspace/8-2-build-linux-amd64/jdk8u45/3457/hotspot/src/share/vm/classfile/systemDictionary.cpp, line 210]
Event: 0.995 Thread 0x00007f463c009800 Exception <a 'java/lang/ClassNotFoundException': scala/reflect/ScalaLongSignature> (0x00000000eae3f508) thrown at [/RE-WORK/workspace/8-2-build-linux-amd64/jdk8u45/3457/hotspot/src/share/vm/classfile/systemDictionary.cpp, line 210]
Event: 0.995 Thread 0x00007f463c009800 Exception <a 'java/lang/ArrayIndexOutOfBoundsException'> (0x00000000eae44390) thrown at [/RE-WORK/workspace/8-2-build-linux-amd64/jdk8u45/3457/hotspot/src/share/vm/runtime/sharedRuntime.cpp, line 605]

Events (10 events):
Event: 1.104 loading class sbt/Plugins$$anonfun$3
Event: 1.104 loading class sbt/Plugins$$anonfun$3 done
Event: 1.104 loading class sbt/Plugins$And
Event: 1.104 loading class sbt/Plugins$And done
Event: 1.105 loading class sbt/Plugins$$anonfun$asRequirements$1
Event: 1.105 loading class sbt/Plugins$$anonfun$asRequirements$1 done
Event: 1.105 loading class sbt/Plugins$$anonfun$4
Event: 1.105 loading class sbt/Plugins$$anonfun$4 done
Event: 1.106 loading class sbt/logic/Formula$And
Event: 1.106 loading class sbt/logic/Formula$And done


Dynamic libraries:
00400000-00401000 r-xp 00000000 08:01 23069817                           /shared/jdk1.8.0_45/bin/java
00600000-00601000 rw-p 00000000 08:01 23069817                           /shared/jdk1.8.0_45/bin/java
0103d000-0105e000 rw-p 00000000 00:00 0                                  [heap]
c0000000-100400000 rw-p 00000000 00:00 0 
100400000-140000000 ---p 00000000 00:00 0 
7f45d4000000-7f45d4021000 rw-p 00000000 00:00 0 
7f45d4021000-7f45d8000000 ---p 00000000 00:00 0 
7f45dc000000-7f45dc021000 rw-p 00000000 00:00 0 
7f45dc021000-7f45e0000000 ---p 00000000 00:00 0 
7f45e0000000-7f45e0021000 rw-p 00000000 00:00 0 
7f45e0021000-7f45e4000000 ---p 00000000 00:00 0 
7f45e4000000-7f45e41c1000 rw-p 00000000 00:00 0 
7f45e41c1000-7f45e8000000 ---p 00000000 00:00 0 
7f45e8000000-7f45e8370000 rw-p 00000000 00:00 0 
7f45e8370000-7f45ec000000 ---p 00000000 00:00 0 
7f45ec000000-7f45ec517000 rw-p 00000000 00:00 0 
7f45ec517000-7f45f0000000 ---p 00000000 00:00 0 
7f45f0000000-7f45f0701000 rw-p 00000000 00:00 0 
7f45f0701000-7f45f4000000 ---p 00000000 00:00 0 
7f45f4000000-7f45f4021000 rw-p 00000000 00:00 0 
7f45f4021000-7f45f8000000 ---p 00000000 00:00 0 
7f45f8000000-7f45f8021000 rw-p 00000000 00:00 0 
7f45f8021000-7f45fc000000 ---p 00000000 00:00 0 
7f45fc000000-7f45fc021000 rw-p 00000000 00:00 0 
7f45fc021000-7f4600000000 ---p 00000000 00:00 0 
7f4600000000-7f4600021000 rw-p 00000000 00:00 0 
7f4600021000-7f4604000000 ---p 00000000 00:00 0 
7f4604000000-7f4604021000 rw-p 00000000 00:00 0 
7f4604021000-7f4608000000 ---p 00000000 00:00 0 
7f460c000000-7f460c021000 rw-p 00000000 00:00 0 
7f460c021000-7f4610000000 ---p 00000000 00:00 0 
7f4610000000-7f4610021000 rw-p 00000000 00:00 0 
7f4610021000-7f4614000000 ---p 00000000 00:00 0 
7f4614000000-7f4614021000 rw-p 00000000 00:00 0 
7f4614021000-7f4618000000 ---p 00000000 00:00 0 
7f461c000000-7f461c021000 rw-p 00000000 00:00 0 
7f461c021000-7f4620000000 ---p 00000000 00:00 0 
7f46219a0000-7f4621a21000 rw-p 00000000 00:00 0 
7f4621a21000-7f4621ba1000 ---p 00000000 00:00 0 
7f4621ba1000-7f4621da1000 rw-p 00000000 00:00 0 
7f4621da1000-7f4621fa1000 rw-p 00000000 00:00 0 
7f4621fa1000-7f46221a1000 rw-p 00000000 00:00 0 
7f46221a1000-7f46223a1000 rw-p 00000000 00:00 0 
7f46223a1000-7f46223a6000 r--s 00094000 08:01 23069624                   /shared/jdk1.8.0_45/jre/lib/jsse.jar
7f46223a6000-7f46223a9000 ---p 00000000 00:00 0 
7f46223a9000-7f46223df000 rw-p 00000000 00:00 0                          [stack:28403]
7f46223df000-7f46223e1000 r--s 0000b000 08:01 24511612                   /home/fan/.sbt/boot/scala-2.10.4/org.scala-sbt/sbt/0.13.7/xsbti/interface-0.13.7.jar
7f46223e1000-7f46223e7000 r--s 0003d000 08:01 24382508                   /home/fan/.sbt/boot/scala-2.10.4/org.scala-sbt/sbt/0.13.7/io-0.13.7.jar
7f46223e7000-7f46223e9000 r--s 00006000 08:01 24382536                   /home/fan/.sbt/boot/scala-2.10.4/org.scala-sbt/sbt/0.13.7/relation-0.13.7.jar
7f46223e9000-7f46223eb000 r--s 0000e000 08:01 24382509                   /home/fan/.sbt/boot/scala-2.10.4/org.scala-sbt/sbt/0.13.7/logic-0.13.7.jar
7f46223eb000-7f46225eb000 rw-p 00000000 00:00 0 
7f46225eb000-7f46226e8000 r--s 00cca000 08:01 24381627                   /home/fan/.sbt/boot/scala-2.10.4/lib/scala-compiler.jar
7f46226e8000-7f46226f9000 r-xp 00000000 08:01 23069647                   /shared/jdk1.8.0_45/jre/lib/amd64/libnio.so
7f46226f9000-7f46228f8000 ---p 00011000 08:01 23069647                   /shared/jdk1.8.0_45/jre/lib/amd64/libnio.so
7f46228f8000-7f46228f9000 rw-p 00010000 08:01 23069647                   /shared/jdk1.8.0_45/jre/lib/amd64/libnio.so
7f46228f9000-7f462290f000 r-xp 00000000 08:01 23069673                   /shared/jdk1.8.0_45/jre/lib/amd64/libnet.so
7f462290f000-7f4622b0f000 ---p 00016000 08:01 23069673                   /shared/jdk1.8.0_45/jre/lib/amd64/libnet.so
7f4622b0f000-7f4622b10000 rw-p 00016000 08:01 23069673                   /shared/jdk1.8.0_45/jre/lib/amd64/libnet.so
7f4622b10000-7f4622b11000 ---p 00000000 00:00 0 
7f4622b11000-7f4622c11000 rw-p 00000000 00:00 0                          [stack:28400]
7f4622c11000-7f4622c14000 ---p 00000000 00:00 0 
7f4622c14000-7f4622d12000 rw-p 00000000 00:00 0                          [stack:28399]
7f4622d12000-7f4622d15000 ---p 00000000 00:00 0 
7f4622d15000-7f4622e13000 rw-p 00000000 00:00 0                          [stack:28398]
7f4622e13000-7f4622e16000 ---p 00000000 00:00 0 
7f4622e16000-7f4622f14000 rw-p 00000000 00:00 0                          [stack:28397]
7f4622f14000-7f4622f17000 ---p 00000000 00:00 0 
7f4622f17000-7f4623015000 rw-p 00000000 00:00 0                          [stack:28396]
7f4623015000-7f4623018000 ---p 00000000 00:00 0 
7f4623018000-7f4623116000 rw-p 00000000 00:00 0                          [stack:28395]
7f4623116000-7f4623119000 ---p 00000000 00:00 0 
7f4623119000-7f4623217000 rw-p 00000000 00:00 0                          [stack:28394]
7f4623217000-7f46238f9000 r--p 00000000 08:01 25172526                   /usr/lib/locale/locale-archive
7f46238f9000-7f46238fc000 ---p 00000000 00:00 0 
7f46238fc000-7f46239fa000 rw-p 00000000 00:00 0                          [stack:28393]
7f46239fa000-7f46239fd000 ---p 00000000 00:00 0 
7f46239fd000-7f4623afb000 rw-p 00000000 00:00 0                          [stack:28392]
7f4623afb000-7f4623afc000 ---p 00000000 00:00 0 
7f4623afc000-7f4624000000 rw-p 00000000 00:00 0                          [stack:28391]
7f4624000000-7f4624021000 rw-p 00000000 00:00 0 
7f4624021000-7f4628000000 ---p 00000000 00:00 0 
7f4628000000-7f4628001000 rw-p 00000000 00:00 0 
7f4628001000-7f4628003000 r--s 00013000 08:01 24382516                   /home/fan/.sbt/boot/scala-2.10.4/org.scala-sbt/sbt/0.13.7/json4s-ast_2.10-3.2.10.jar
7f4628003000-7f4628006000 r--s 00018000 08:01 24382538                   /home/fan/.sbt/boot/scala-2.10.4/org.scala-sbt/sbt/0.13.7/logging-0.13.7.jar
7f4628006000-7f4628010000 r--s 00085000 08:01 24382542                   /home/fan/.sbt/boot/scala-2.10.4/org.scala-sbt/sbt/0.13.7/json4s-core_2.10-3.2.10.jar
7f4628010000-7f4628011000 r--s 0000a000 08:01 24382514                   /home/fan/.sbt/boot/scala-2.10.4/org.scala-sbt/sbt/0.13.7/tracking-0.13.7.jar
7f4628011000-7f4628013000 r--s 00014000 08:01 24382520                   /home/fan/.sbt/boot/scala-2.10.4/org.scala-sbt/sbt/0.13.7/apply-macro-0.13.7.jar
7f4628013000-7f4628016000 r--s 0001d000 08:01 24382534                   /home/fan/.sbt/boot/scala-2.10.4/org.scala-sbt/sbt/0.13.7/tasks-0.13.7.jar
7f4628016000-7f4628019000 r--s 00013000 08:01 24382522                   /home/fan/.sbt/boot/scala-2.10.4/org.scala-sbt/sbt/0.13.7/classpath-0.13.7.jar
7f4628019000-7f462801b000 r--s 00012000 08:01 24382537                   /home/fan/.sbt/boot/scala-2.10.4/org.scala-sbt/sbt/0.13.7/jawn-parser_2.10-0.6.0.jar
7f462801b000-7f462801f000 r--s 0001b000 08:01 24382525                   /home/fan/.sbt/boot/scala-2.10.4/org.scala-sbt/sbt/0.13.7/process-0.13.7.jar
7f462801f000-7f4628021000 r--s 00007000 08:01 24382530                   /home/fan/.sbt/boot/scala-2.10.4/org.scala-sbt/sbt/0.13.7/paranamer-2.6.jar
7f4628021000-7f4628022000 r--s 00005000 08:01 24382543                   /home/fan/.sbt/boot/scala-2.10.4/org.scala-sbt/sbt/0.13.7/sbt-0.13.7.jar
7f4628022000-7f4628025000 r--s 0001e000 08:01 24382507                   /home/fan/.sbt/boot/scala-2.10.4/org.scala-sbt/sbt/0.13.7/run-0.13.7.jar
7f4628025000-7f4628027000 r--s 00002000 08:01 24382531                   /home/fan/.sbt/boot/scala-2.10.4/org.scala-sbt/sbt/0.13.7/test-interface-1.0.jar
7f4628027000-7f462803a000 r--s 000be000 08:01 24382517                   /home/fan/.sbt/boot/scala-2.10.4/org.scala-sbt/sbt/0.13.7/scalap-2.10.0.jar
7f462803a000-7f4628044000 r--s 00092000 08:01 24382524                   /home/fan/.sbt/boot/scala-2.10.4/org.scala-sbt/sbt/0.13.7/main-settings-0.13.7.jar
7f4628044000-7f4628049000 r--s 00023000 08:01 24382503                   /home/fan/.sbt/boot/scala-2.10.4/org.scala-sbt/sbt/0.13.7/persist-0.13.7.jar
7f4628049000-7f462804d000 r--s 00022000 08:01 24382533                   /home/fan/.sbt/boot/scala-2.10.4/org.scala-sbt/sbt/0.13.7/sbinary_2.10-0.4.2.jar
7f462804d000-7f462804f000 r--s 00001000 08:01 24382529                   /home/fan/.sbt/boot/scala-2.10.4/org.scala-sbt/sbt/0.13.7/compiler-ivy-integration-0.13.7.jar
7f462804f000-7f4628052000 r--s 0000e000 08:01 24382502                   /home/fan/.sbt/boot/scala-2.10.4/org.scala-sbt/sbt/0.13.7/compiler-integration-0.13.7.jar
7f4628052000-7f4628055000 r--s 0001d000 08:01 24382513                   /home/fan/.sbt/boot/scala-2.10.4/org.scala-sbt/sbt/0.13.7/task-system-0.13.7.jar
7f4628055000-7f462805c000 r--s 00049000 08:01 24382511                   /home/fan/.sbt/boot/scala-2.10.4/org.scala-sbt/sbt/0.13.7/api-0.13.7.jar
7f462805c000-7f462806f000 r--s 000fc000 08:01 24382518                   /home/fan/.sbt/boot/scala-2.10.4/org.scala-sbt/sbt/0.13.7/ivy-0.13.7.jar
7f462806f000-7f46280a5000 r--s 002d9000 08:01 24382540                   /home/fan/.sbt/boot/scala-2.10.4/org.scala-sbt/sbt/0.13.7/scala-reflect-2.10.4.jar
7f46280a5000-7f46280ad000 r--s 00060000 08:01 24382527                   /home/fan/.sbt/boot/scala-2.10.4/org.scala-sbt/sbt/0.13.7/collections-0.13.7.jar
7f46280ad000-7f46280af000 r--s 00001000 08:01 24382541                   /home/fan/.sbt/boot/scala-2.10.4/org.scala-sbt/sbt/0.13.7/launcher-interface-0.13.7.jar
7f46280af000-7f46280d9000 r--s 0022d000 08:01 24382512                   /home/fan/.sbt/boot/scala-2.10.4/org.scala-sbt/sbt/0.13.7/main-0.13.7.jar
7f46280d9000-7f46280da000 r--s 00005000 08:01 24382544                   /home/fan/.sbt/boot/scala-2.10.4/org.scala-sbt/sbt/0.13.7/test-agent-0.13.7.jar
7f46280da000-7f46280e3000 r--s 00061000 08:01 24382523                   /home/fan/.sbt/boot/scala-2.10.4/org.scala-sbt/sbt/0.13.7/incremental-compiler-0.13.7.jar
7f46280e3000-7f46280e6000 r--s 00030000 08:01 24382539                   /home/fan/.sbt/boot/scala-2.10.4/org.scala-sbt/sbt/0.13.7/jline-2.11.jar
7f46280e6000-7f46280e9000 r--s 0001a000 08:01 24382528                   /home/fan/.sbt/boot/scala-2.10.4/org.scala-sbt/sbt/0.13.7/cache-0.13.7.jar
7f46280e9000-7f462c000000 rw-p 00000000 00:00 0 
7f462c000000-7f462c021000 rw-p 00000000 00:00 0 
7f462c021000-7f4630000000 ---p 00000000 00:00 0 
7f4630000000-7f4630021000 rw-p 00000000 00:00 0 
7f4630021000-7f4634000000 ---p 00000000 00:00 0 
7f4634000000-7f46344e0000 rwxp 00000000 00:00 0 
7f46344e0000-7f463c000000 ---p 00000000 00:00 0 
7f463c000000-7f463d0d8000 rw-p 00000000 00:00 0 
7f463d0d8000-7f4640000000 ---p 00000000 00:00 0 
7f4640000000-7f4640002000 r--s 00002000 08:01 24382521                   /home/fan/.sbt/boot/scala-2.10.4/org.scala-sbt/sbt/0.13.7/control-0.13.7.jar
7f4640002000-7f4640007000 r--s 00036000 08:01 24382532                   /home/fan/.sbt/boot/scala-2.10.4/org.scala-sbt/sbt/0.13.7/command-0.13.7.jar
7f4640007000-7f464000f000 r--s 00057000 08:01 24382519                   /home/fan/.sbt/boot/scala-2.10.4/org.scala-sbt/sbt/0.13.7/completion-0.13.7.jar
7f464000f000-7f4640012000 r--s 00012000 08:01 24382501                   /home/fan/.sbt/boot/scala-2.10.4/org.scala-sbt/sbt/0.13.7/classfile-0.13.7.jar
7f4640012000-7f4640028000 r--s 00100000 08:01 24382506                   /home/fan/.sbt/boot/scala-2.10.4/org.scala-sbt/sbt/0.13.7/ivy-2.3.0-sbt-fccfbd44c9f64523b61398a0155784dcbaeae28f.jar
7f4640028000-7f464002c000 r--s 00034000 08:01 24382500                   /home/fan/.sbt/boot/scala-2.10.4/org.scala-sbt/sbt/0.13.7/jsch-0.1.46.jar
7f464002c000-7f464002f000 r--s 00019000 08:01 24382545                   /home/fan/.sbt/boot/scala-2.10.4/org.scala-sbt/sbt/0.13.7/compile-0.13.7.jar
7f464002f000-7f46400a1000 r--s 0065a000 08:01 24381628                   /home/fan/.sbt/boot/scala-2.10.4/lib/scala-library.jar
7f46400a1000-7f46400d7000 r--s 002d9000 08:01 24381626                   /home/fan/.sbt/boot/scala-2.10.4/lib/scala-reflect.jar
7f46400d7000-7f46402b0000 r--s 03d09000 08:01 23069626                   /shared/jdk1.8.0_45/jre/lib/rt.jar
7f46402b0000-7f4640526000 rw-p 00000000 00:00 0 
7f4640526000-7f4640527000 ---p 00000000 00:00 0 
7f4640527000-7f4640627000 rw-p 00000000 00:00 0                          [stack:28390]
7f4640627000-7f4640628000 ---p 00000000 00:00 0 
7f4640628000-7f4640728000 rw-p 00000000 00:00 0                          [stack:28389]
7f4640728000-7f4640729000 ---p 00000000 00:00 0 
7f4640729000-7f4640829000 rw-p 00000000 00:00 0                          [stack:28388]
7f4640829000-7f464082a000 ---p 00000000 00:00 0 
7f464082a000-7f464092a000 rw-p 00000000 00:00 0                          [stack:28387]
7f464092a000-7f464092b000 ---p 00000000 00:00 0 
7f464092b000-7f4640a2b000 rw-p 00000000 00:00 0                          [stack:28386]
7f4640a2b000-7f4640a2c000 ---p 00000000 00:00 0 
7f4640a2c000-7f4640b2c000 rw-p 00000000 00:00 0                          [stack:28385]
7f4640b2c000-7f4640b2d000 ---p 00000000 00:00 0 
7f4640b2d000-7f4640c2d000 rw-p 00000000 00:00 0                          [stack:28384]
7f4640c2d000-7f4640c2e000 ---p 00000000 00:00 0 
7f4640c2e000-7f4641099000 rw-p 00000000 00:00 0                          [stack:28383]
7f4641099000-7f4641285000 ---p 00000000 00:00 0 
7f4641285000-7f464129f000 r-xp 00000000 08:01 23069652                   /shared/jdk1.8.0_45/jre/lib/amd64/libzip.so
7f464129f000-7f464149f000 ---p 0001a000 08:01 23069652                   /shared/jdk1.8.0_45/jre/lib/amd64/libzip.so
7f464149f000-7f46414a0000 rw-p 0001a000 08:01 23069652                   /shared/jdk1.8.0_45/jre/lib/amd64/libzip.so
7f46414a0000-7f46414ab000 r-xp 00000000 08:01 4460533                    /lib/x86_64-linux-gnu/libnss_files-2.19.so
7f46414ab000-7f46416aa000 ---p 0000b000 08:01 4460533                    /lib/x86_64-linux-gnu/libnss_files-2.19.so
7f46416aa000-7f46416ab000 r--p 0000a000 08:01 4460533                    /lib/x86_64-linux-gnu/libnss_files-2.19.so
7f46416ab000-7f46416ac000 rw-p 0000b000 08:01 4460533                    /lib/x86_64-linux-gnu/libnss_files-2.19.so
7f46416ac000-7f46416b7000 r-xp 00000000 08:01 4460543                    /lib/x86_64-linux-gnu/libnss_nis-2.19.so
7f46416b7000-7f46418b6000 ---p 0000b000 08:01 4460543                    /lib/x86_64-linux-gnu/libnss_nis-2.19.so
7f46418b6000-7f46418b7000 r--p 0000a000 08:01 4460543                    /lib/x86_64-linux-gnu/libnss_nis-2.19.so
7f46418b7000-7f46418b8000 rw-p 0000b000 08:01 4460543                    /lib/x86_64-linux-gnu/libnss_nis-2.19.so
7f46418b8000-7f46418cf000 r-xp 00000000 08:01 4460527                    /lib/x86_64-linux-gnu/libnsl-2.19.so
7f46418cf000-7f4641ace000 ---p 00017000 08:01 4460527                    /lib/x86_64-linux-gnu/libnsl-2.19.so
7f4641ace000-7f4641acf000 r--p 00016000 08:01 4460527                    /lib/x86_64-linux-gnu/libnsl-2.19.so
7f4641acf000-7f4641ad0000 rw-p 00017000 08:01 4460527                    /lib/x86_64-linux-gnu/libnsl-2.19.so
7f4641ad0000-7f4641ad2000 rw-p 00000000 00:00 0 
7f4641ad2000-7f4641adb000 r-xp 00000000 08:01 4460529                    /lib/x86_64-linux-gnu/libnss_compat-2.19.so
7f4641adb000-7f4641cda000 ---p 00009000 08:01 4460529                    /lib/x86_64-linux-gnu/libnss_compat-2.19.so
7f4641cda000-7f4641cdb000 r--p 00008000 08:01 4460529                    /lib/x86_64-linux-gnu/libnss_compat-2.19.so
7f4641cdb000-7f4641cdc000 rw-p 00009000 08:01 4460529                    /lib/x86_64-linux-gnu/libnss_compat-2.19.so
7f4641cdc000-7f4641d06000 r-xp 00000000 08:01 23069645                   /shared/jdk1.8.0_45/jre/lib/amd64/libjava.so
7f4641d06000-7f4641f06000 ---p 0002a000 08:01 23069645                   /shared/jdk1.8.0_45/jre/lib/amd64/libjava.so
7f4641f06000-7f4641f08000 rw-p 0002a000 08:01 23069645                   /shared/jdk1.8.0_45/jre/lib/amd64/libjava.so
7f4641f08000-7f4641f15000 r-xp 00000000 08:01 23069687                   /shared/jdk1.8.0_45/jre/lib/amd64/libverify.so
7f4641f15000-7f4642115000 ---p 0000d000 08:01 23069687                   /shared/jdk1.8.0_45/jre/lib/amd64/libverify.so
7f4642115000-7f4642117000 rw-p 0000d000 08:01 23069687                   /shared/jdk1.8.0_45/jre/lib/amd64/libverify.so
7f4642117000-7f464211e000 r-xp 00000000 08:01 4460586                    /lib/x86_64-linux-gnu/librt-2.19.so
7f464211e000-7f464231d000 ---p 00007000 08:01 4460586                    /lib/x86_64-linux-gnu/librt-2.19.so
7f464231d000-7f464231e000 r--p 00006000 08:01 4460586                    /lib/x86_64-linux-gnu/librt-2.19.so
7f464231e000-7f464231f000 rw-p 00007000 08:01 4460586                    /lib/x86_64-linux-gnu/librt-2.19.so
7f464231f000-7f4642424000 r-xp 00000000 08:01 4460508                    /lib/x86_64-linux-gnu/libm-2.19.so
7f4642424000-7f4642623000 ---p 00105000 08:01 4460508                    /lib/x86_64-linux-gnu/libm-2.19.so
7f4642623000-7f4642624000 r--p 00104000 08:01 4460508                    /lib/x86_64-linux-gnu/libm-2.19.so
7f4642624000-7f4642625000 rw-p 00105000 08:01 4460508                    /lib/x86_64-linux-gnu/libm-2.19.so
7f4642625000-7f46432d3000 r-xp 00000000 08:01 23069693                   /shared/jdk1.8.0_45/jre/lib/amd64/server/libjvm.so
7f46432d3000-7f46434d2000 ---p 00cae000 08:01 23069693                   /shared/jdk1.8.0_45/jre/lib/amd64/server/libjvm.so
7f46434d2000-7f46435a9000 rw-p 00cad000 08:01 23069693                   /shared/jdk1.8.0_45/jre/lib/amd64/server/libjvm.so
7f46435a9000-7f46435ed000 rw-p 00000000 00:00 0 
7f46435ed000-7f46437a8000 r-xp 00000000 08:01 4460458                    /lib/x86_64-linux-gnu/libc-2.19.so
7f46437a8000-7f46439a8000 ---p 001bb000 08:01 4460458                    /lib/x86_64-linux-gnu/libc-2.19.so
7f46439a8000-7f46439ac000 r--p 001bb000 08:01 4460458                    /lib/x86_64-linux-gnu/libc-2.19.so
7f46439ac000-7f46439ae000 rw-p 001bf000 08:01 4460458                    /lib/x86_64-linux-gnu/libc-2.19.so
7f46439ae000-7f46439b3000 rw-p 00000000 00:00 0 
7f46439b3000-7f46439b6000 r-xp 00000000 08:01 4460475                    /lib/x86_64-linux-gnu/libdl-2.19.so
7f46439b6000-7f4643bb5000 ---p 00003000 08:01 4460475                    /lib/x86_64-linux-gnu/libdl-2.19.so
7f4643bb5000-7f4643bb6000 r--p 00002000 08:01 4460475                    /lib/x86_64-linux-gnu/libdl-2.19.so
7f4643bb6000-7f4643bb7000 rw-p 00003000 08:01 4460475                    /lib/x86_64-linux-gnu/libdl-2.19.so
7f4643bb7000-7f4643bcc000 r-xp 00000000 08:01 23069978                   /shared/jdk1.8.0_45/lib/amd64/jli/libjli.so
7f4643bcc000-7f4643dcc000 ---p 00015000 08:01 23069978                   /shared/jdk1.8.0_45/lib/amd64/jli/libjli.so
7f4643dcc000-7f4643dcd000 rw-p 00015000 08:01 23069978                   /shared/jdk1.8.0_45/lib/amd64/jli/libjli.so
7f4643dcd000-7f4643de6000 r-xp 00000000 08:01 4460578                    /lib/x86_64-linux-gnu/libpthread-2.19.so
7f4643de6000-7f4643fe5000 ---p 00019000 08:01 4460578                    /lib/x86_64-linux-gnu/libpthread-2.19.so
7f4643fe5000-7f4643fe6000 r--p 00018000 08:01 4460578                    /lib/x86_64-linux-gnu/libpthread-2.19.so
7f4643fe6000-7f4643fe7000 rw-p 00019000 08:01 4460578                    /lib/x86_64-linux-gnu/libpthread-2.19.so
7f4643fe7000-7f4643feb000 rw-p 00000000 00:00 0 
7f4643feb000-7f464400e000 r-xp 00000000 08:01 4460434                    /lib/x86_64-linux-gnu/ld-2.19.so
7f464400e000-7f464400f000 r--s 00001000 08:01 24382515                   /home/fan/.sbt/boot/scala-2.10.4/org.scala-sbt/sbt/0.13.7/cross-0.13.7.jar
7f464400f000-7f4644017000 r--s 00069000 08:01 24382535                   /home/fan/.sbt/boot/scala-2.10.4/org.scala-sbt/sbt/0.13.7/actions-0.13.7.jar
7f4644017000-7f4644019000 r--s 00017000 08:01 24382510                   /home/fan/.sbt/boot/scala-2.10.4/org.scala-sbt/sbt/0.13.7/testing-0.13.7.jar
7f4644019000-7f4644034000 r--s 0010d000 08:01 23071236                   /shared/sbt/bin/sbt-launch.jar
7f4644034000-7f46440f2000 rw-p 00000000 00:00 0 
7f46440f2000-7f46440f5000 ---p 00000000 00:00 0 
7f46440f5000-7f46441f7000 rw-p 00000000 00:00 0                          [stack:28382]
7f46441f7000-7f46441f8000 r--s 00001000 08:01 24382499                   /home/fan/.sbt/boot/scala-2.10.4/org.scala-sbt/sbt/0.13.7/json4s-support_2.10-0.6.0.jar
7f46441f8000-7f46441fa000 r--s 0000f000 08:01 24382526                   /home/fan/.sbt/boot/scala-2.10.4/org.scala-sbt/sbt/0.13.7/json4s-native_2.10-3.2.10.jar
7f46441fa000-7f46441fe000 r--s 00025000 08:01 24381624                   /home/fan/.sbt/boot/scala-2.10.4/lib/jline.jar
7f46441fe000-7f4644201000 r--s 00018000 08:01 24381625                   /home/fan/.sbt/boot/scala-2.10.4/lib/jansi.jar
7f4644201000-7f4644209000 rw-s 00000000 08:01 29894675                   /tmp/hsperfdata_fan/28381
7f4644209000-7f464420a000 rw-p 00000000 00:00 0 
7f464420a000-7f464420b000 r--p 00000000 00:00 0 
7f464420b000-7f464420d000 rw-p 00000000 00:00 0 
7f464420d000-7f464420e000 r--p 00022000 08:01 4460434                    /lib/x86_64-linux-gnu/ld-2.19.so
7f464420e000-7f464420f000 rw-p 00023000 08:01 4460434                    /lib/x86_64-linux-gnu/ld-2.19.so
7f464420f000-7f4644210000 rw-p 00000000 00:00 0 
7fff49a7c000-7fff49a9d000 rw-p 00000000 00:00 0                          [stack]
7fff49bfc000-7fff49bfe000 r-xp 00000000 00:00 0                          [vdso]
7fff49bfe000-7fff49c00000 r--p 00000000 00:00 0                          [vvar]
ffffffffff600000-ffffffffff601000 r-xp 00000000 00:00 0                  [vsyscall]

VM Arguments:
jvm_args: -Xms1024m -Xmx1024m -XX:ReservedCodeCacheSize=128m -XX:MaxMetaspaceSize=256m -Dhadoop.version=2.5.2 
java_command: /shared/sbt/bin/sbt-launch.jar clean assembly -Pyarn -Phadoop-2.4
java_class_path (initial): /shared/sbt/bin/sbt-launch.jar
Launcher Type: SUN_STANDARD

Environment Variables:
JAVA_HOME=/shared/java
PATH=/shared/scala/bin:/shared/java/bin:/shared/sbt/bin:/usr/local/sbin:/usr/local/bin:/usr/sbin:/usr/bin:/sbin:/bin:/usr/games:/usr/local/games
SHELL=/bin/bash
DISPLAY=:0

Signal Handlers:
SIGSEGV: [libjvm.so+0xaad1e0], sa_mask[0]=11111111011111111101111111111110, sa_flags=SA_RESTART|SA_SIGINFO
SIGBUS: [libjvm.so+0xaad1e0], sa_mask[0]=11111111011111111101111111111110, sa_flags=SA_RESTART|SA_SIGINFO
SIGFPE: [libjvm.so+0x90b450], sa_mask[0]=11111111011111111101111111111110, sa_flags=SA_RESTART|SA_SIGINFO
SIGPIPE: [libjvm.so+0x90b450], sa_mask[0]=11111111011111111101111111111110, sa_flags=SA_RESTART|SA_SIGINFO
SIGXFSZ: [libjvm.so+0x90b450], sa_mask[0]=11111111011111111101111111111110, sa_flags=SA_RESTART|SA_SIGINFO
SIGILL: [libjvm.so+0x90b450], sa_mask[0]=11111111011111111101111111111110, sa_flags=SA_RESTART|SA_SIGINFO
SIGUSR1: SIG_DFL, sa_mask[0]=00000000000000000000000000000000, sa_flags=none
SIGUSR2: [libjvm.so+0x90ca90], sa_mask[0]=00000000000000000000000000000000, sa_flags=SA_RESTART|SA_SIGINFO
SIGHUP: [libjvm.so+0x90dde0], sa_mask[0]=11111111011111111101111111111110, sa_flags=SA_RESTART|SA_SIGINFO
SIGINT: [libjvm.so+0x90dde0], sa_mask[0]=11111111011111111101111111111110, sa_flags=SA_RESTART|SA_SIGINFO
SIGTERM: [libjvm.so+0x90dde0], sa_mask[0]=11111111011111111101111111111110, sa_flags=SA_RESTART|SA_SIGINFO
SIGQUIT: [libjvm.so+0x90dde0], sa_mask[0]=11111111011111111101111111111110, sa_flags=SA_RESTART|SA_SIGINFO


---------------  S Y S T E M  ---------------

OS:DISTRIB_ID=Ubuntu
DISTRIB_RELEASE=14.04
DISTRIB_CODENAME=trusty
DISTRIB_DESCRIPTION="Ubuntu 14.04.2 LTS"

uname:Linux 3.16.0-30-generic #40~14.04.1-Ubuntu SMP Thu Jan 15 17:43:14 UTC 2015 x86_64
libc:glibc 2.19 NPTL 2.19 
rlimit: STACK 8192k, CORE 0k, NPROC 47905, NOFILE 4096, AS infinity
load average:0.19 0.99 1.37

/proc/meminfo:
MemTotal:       12285276 kB
MemFree:         3353292 kB
MemAvailable:    7466720 kB
Buffers:          303008 kB
Cached:          3640804 kB
SwapCached:         3652 kB
Active:          5646400 kB
Inactive:        2497004 kB
Active(anon):    3128032 kB
Inactive(anon):  1101188 kB
Active(file):    2518368 kB
Inactive(file):  1395816 kB
Unevictable:          32 kB
Mlocked:              32 kB
SwapTotal:      12561404 kB
SwapFree:       12416464 kB
Dirty:                56 kB
Writeback:             0 kB
AnonPages:       4203864 kB
Mapped:           203368 kB
Shmem:             29628 kB
Slab:             518752 kB
SReclaimable:     452648 kB
SUnreclaim:        66104 kB
KernelStack:       10656 kB
PageTables:        38468 kB
NFS_Unstable:          0 kB
Bounce:                0 kB
WritebackTmp:          0 kB
CommitLimit:    18704040 kB
Committed_AS:    7828120 kB
VmallocTotal:   34359738367 kB
VmallocUsed:      320664 kB
VmallocChunk:   34359285828 kB
HardwareCorrupted:     0 kB
AnonHugePages:   3211264 kB
HugePages_Total:       0
HugePages_Free:        0
HugePages_Rsvd:        0
HugePages_Surp:        0
Hugepagesize:       2048 kB
DirectMap4k:       99196 kB
DirectMap2M:    12464128 kB


CPU:total 8 (4 cores per cpu, 2 threads per core) family 6 model 42 stepping 7, cmov, cx8, fxsr, mmx, sse, sse2, sse3, ssse3, sse4.1, sse4.2, popcnt, avx, aes, clmul, ht, tsc, tscinvbit

/proc/cpuinfo:
processor	: 0
vendor_id	: GenuineIntel
cpu family	: 6
model		: 42
model name	: Intel(R) Core(TM) i7-2600K CPU @ 3.40GHz
stepping	: 7
microcode	: 0x12
cpu MHz		: 3632.289
cache size	: 8192 KB
physical id	: 0
siblings	: 8
core id		: 0
cpu cores	: 4
apicid		: 0
initial apicid	: 0
fpu		: yes
fpu_exception	: yes
cpuid level	: 13
wp		: yes
flags		: fpu vme de pse tsc msr pae mce cx8 apic sep mtrr pge mca cmov pat pse36 clflush dts acpi mmx fxsr sse sse2 ss ht tm pbe syscall nx rdtscp lm constant_tsc arch_perfmon pebs bts rep_good nopl xtopology nonstop_tsc aperfmperf eagerfpu pni pclmulqdq dtes64 monitor ds_cpl vmx est tm2 ssse3 cx16 xtpr pdcm pcid sse4_1 sse4_2 popcnt tsc_deadline_timer aes xsave avx lahf_lm ida arat epb xsaveopt pln pts dtherm tpr_shadow vnmi flexpriority ept vpid
bogomips	: 6784.27
clflush size	: 64
cache_alignment	: 64
address sizes	: 36 bits physical, 48 bits virtual
power management:

processor	: 1
vendor_id	: GenuineIntel
cpu family	: 6
model		: 42
model name	: Intel(R) Core(TM) i7-2600K CPU @ 3.40GHz
stepping	: 7
microcode	: 0x12
cpu MHz		: 3632.289
cache size	: 8192 KB
physical id	: 0
siblings	: 8
core id		: 1
cpu cores	: 4
apicid		: 2
initial apicid	: 2
fpu		: yes
fpu_exception	: yes
cpuid level	: 13
wp		: yes
flags		: fpu vme de pse tsc msr pae mce cx8 apic sep mtrr pge mca cmov pat pse36 clflush dts acpi mmx fxsr sse sse2 ss ht tm pbe syscall nx rdtscp lm constant_tsc arch_perfmon pebs bts rep_good nopl xtopology nonstop_tsc aperfmperf eagerfpu pni pclmulqdq dtes64 monitor ds_cpl vmx est tm2 ssse3 cx16 xtpr pdcm pcid sse4_1 sse4_2 popcnt tsc_deadline_timer aes xsave avx lahf_lm ida arat epb xsaveopt pln pts dtherm tpr_shadow vnmi flexpriority ept vpid
bogomips	: 6784.27
clflush size	: 64
cache_alignment	: 64
address sizes	: 36 bits physical, 48 bits virtual
power management:

processor	: 2
vendor_id	: GenuineIntel
cpu family	: 6
model		: 42
model name	: Intel(R) Core(TM) i7-2600K CPU @ 3.40GHz
stepping	: 7
microcode	: 0x12
cpu MHz		: 3583.546
cache size	: 8192 KB
physical id	: 0
siblings	: 8
core id		: 2
cpu cores	: 4
apicid		: 4
initial apicid	: 4
fpu		: yes
fpu_exception	: yes
cpuid level	: 13
wp		: yes
flags		: fpu vme de pse tsc msr pae mce cx8 apic sep mtrr pge mca cmov pat pse36 clflush dts acpi mmx fxsr sse sse2 ss ht tm pbe syscall nx rdtscp lm constant_tsc arch_perfmon pebs bts rep_good nopl xtopology nonstop_tsc aperfmperf eagerfpu pni pclmulqdq dtes64 monitor ds_cpl vmx est tm2 ssse3 cx16 xtpr pdcm pcid sse4_1 sse4_2 popcnt tsc_deadline_timer aes xsave avx lahf_lm ida arat epb xsaveopt pln pts dtherm tpr_shadow vnmi flexpriority ept vpid
bogomips	: 6784.27
clflush size	: 64
cache_alignment	: 64
address sizes	: 36 bits physical, 48 bits virtual
power management:

processor	: 3
vendor_id	: GenuineIntel
cpu family	: 6
model		: 42
model name	: Intel(R) Core(TM) i7-2600K CPU @ 3.40GHz
stepping	: 7
microcode	: 0x12
cpu MHz		: 3621.664
cache size	: 8192 KB
physical id	: 0
siblings	: 8
core id		: 3
cpu cores	: 4
apicid		: 6
initial apicid	: 6
fpu		: yes
fpu_exception	: yes
cpuid level	: 13
wp		: yes
flags		: fpu vme de pse tsc msr pae mce cx8 apic sep mtrr pge mca cmov pat pse36 clflush dts acpi mmx fxsr sse sse2 ss ht tm pbe syscall nx rdtscp lm constant_tsc arch_perfmon pebs bts rep_good nopl xtopology nonstop_tsc aperfmperf eagerfpu pni pclmulqdq dtes64 monitor ds_cpl vmx est tm2 ssse3 cx16 xtpr pdcm pcid sse4_1 sse4_2 popcnt tsc_deadline_timer aes xsave avx lahf_lm ida arat epb xsaveopt pln pts dtherm tpr_shadow vnmi flexpriority ept vpid
bogomips	: 6784.27
clflush size	: 64
cache_alignment	: 64
address sizes	: 36 bits physical, 48 bits virtual
power management:

processor	: 4
vendor_id	: GenuineIntel
cpu family	: 6
model		: 42
model name	: Intel(R) Core(TM) i7-2600K CPU @ 3.40GHz
stepping	: 7
microcode	: 0x12
cpu MHz		: 3632.289
cache size	: 8192 KB
physical id	: 0
siblings	: 8
core id		: 0
cpu cores	: 4
apicid		: 1
initial apicid	: 1
fpu		: yes
fpu_exception	: yes
cpuid level	: 13
wp		: yes
flags		: fpu vme de pse tsc msr pae mce cx8 apic sep mtrr pge mca cmov pat pse36 clflush dts acpi mmx fxsr sse sse2 ss ht tm pbe syscall nx rdtscp lm constant_tsc arch_perfmon pebs bts rep_good nopl xtopology nonstop_tsc aperfmperf eagerfpu pni pclmulqdq dtes64 monitor ds_cpl vmx est tm2 ssse3 cx16 xtpr pdcm pcid sse4_1 sse4_2 popcnt tsc_deadline_timer aes xsave avx lahf_lm ida arat epb xsaveopt pln pts dtherm tpr_shadow vnmi flexpriority ept vpid
bogomips	: 6784.27
clflush size	: 64
cache_alignment	: 64
address sizes	: 36 bits physical, 48 bits virtual
power management:

processor	: 5
vendor_id	: GenuineIntel
cpu family	: 6
model		: 42
model name	: Intel(R) Core(TM) i7-2600K CPU @ 3.40GHz
stepping	: 7
microcode	: 0x12
cpu MHz		: 3507.976
cache size	: 8192 KB
physical id	: 0
siblings	: 8
core id		: 1
cpu cores	: 4
apicid		: 3
initial apicid	: 3
fpu		: yes
fpu_exception	: yes
cpuid level	: 13
wp		: yes
flags		: fpu vme de pse tsc msr pae mce cx8 apic sep mtrr pge mca cmov pat pse36 clflush dts acpi mmx fxsr sse sse2 ss ht tm pbe syscall nx rdtscp lm constant_tsc arch_perfmon pebs bts rep_good nopl xtopology nonstop_tsc aperfmperf eagerfpu pni pclmulqdq dtes64 monitor ds_cpl vmx est tm2 ssse3 cx16 xtpr pdcm pcid sse4_1 sse4_2 popcnt tsc_deadline_timer aes xsave avx lahf_lm ida arat epb xsaveopt pln pts dtherm tpr_shadow vnmi flexpriority ept vpid
bogomips	: 6784.27
clflush size	: 64
cache_alignment	: 64
address sizes	: 36 bits physical, 48 bits virtual
power management:

processor	: 6
vendor_id	: GenuineIntel
cpu family	: 6
model		: 42
model name	: Intel(R) Core(TM) i7-2600K CPU @ 3.40GHz
stepping	: 7
microcode	: 0x12
cpu MHz		: 3501.468
cache size	: 8192 KB
physical id	: 0
siblings	: 8
core id		: 2
cpu cores	: 4
apicid		: 5
initial apicid	: 5
fpu		: yes
fpu_exception	: yes
cpuid level	: 13
wp		: yes
flags		: fpu vme de pse tsc msr pae mce cx8 apic sep mtrr pge mca cmov pat pse36 clflush dts acpi mmx fxsr sse sse2 ss ht tm pbe syscall nx rdtscp lm constant_tsc arch_perfmon pebs bts rep_good nopl xtopology nonstop_tsc aperfmperf eagerfpu pni pclmulqdq dtes64 monitor ds_cpl vmx est tm2 ssse3 cx16 xtpr pdcm pcid sse4_1 sse4_2 popcnt tsc_deadline_timer aes xsave avx lahf_lm ida arat epb xsaveopt pln pts dtherm tpr_shadow vnmi flexpriority ept vpid
bogomips	: 6784.27
clflush size	: 64
cache_alignment	: 64
address sizes	: 36 bits physical, 48 bits virtual
power management:

processor	: 7
vendor_id	: GenuineIntel
cpu family	: 6
model		: 42
model name	: Intel(R) Core(TM) i7-2600K CPU @ 3.40GHz
stepping	: 7
microcode	: 0x12
cpu MHz		: 3598.421
cache size	: 8192 KB
physical id	: 0
siblings	: 8
core id		: 3
cpu cores	: 4
apicid		: 7
initial apicid	: 7
fpu		: yes
fpu_exception	: yes
cpuid level	: 13
wp		: yes
flags		: fpu vme de pse tsc msr pae mce cx8 apic sep mtrr pge mca cmov pat pse36 clflush dts acpi mmx fxsr sse sse2 ss ht tm pbe syscall nx rdtscp lm constant_tsc arch_perfmon pebs bts rep_good nopl xtopology nonstop_tsc aperfmperf eagerfpu pni pclmulqdq dtes64 monitor ds_cpl vmx est tm2 ssse3 cx16 xtpr pdcm pcid sse4_1 sse4_2 popcnt tsc_deadline_timer aes xsave avx lahf_lm ida arat epb xsaveopt pln pts dtherm tpr_shadow vnmi flexpriority ept vpid
bogomips	: 6784.27
clflush size	: 64
cache_alignment	: 64
address sizes	: 36 bits physical, 48 bits virtual
power management:



Memory: 4k page, physical 12285276k(3353292k free), swap 12561404k(12416464k free)

vm_info: Java HotSpot(TM) 64-Bit Server VM (25.45-b02) for linux-amd64 JRE (1.8.0_45-b14), built on Apr 10 2015 10:07:45 by "java_re" with gcc 4.3.0 20080428 (Red Hat 4.3.0-8)

time: Mon Jul 27 23:17:12 2015
elapsed time: 1 seconds (0d 0h 0m 1s)

