#
# A fatal error has been detected by the Java Runtime Environment:
#
#  SIGSEGV (0xb) at pc=0x000000010f4c48c6, pid=10254, tid=0x0000000000002007
#
# JRE version: Java(TM) SE Runtime Environment (8.0_271-b09) (build 1.8.0_271-b09)
# Java VM: Java HotSpot(TM) 64-Bit Server VM (25.271-b09 mixed mode bsd-amd64 compressed oops)
# Problematic frame:
# V  [libjvm.dylib+0x4c48c6]  ParCompactionManager::follow_marking_stacks()+0x16e
#
# Failed to write core dump. Core dumps have been disabled. To enable core dumping, try "ulimit -c unlimited" before starting Java again
#
# If you would like to submit a bug report, please visit:
#   http://bugreport.java.com/bugreport/crash.jsp
#

---------------  T H R E A D  ---------------

Current thread (0x00007f9a2b811800):  GCTaskThread [stack: 0x000070000fd06000,0x000070000fe06000] [id=8199]

siginfo: si_signo: 11 (SIGSEGV), si_code: 1 (SEGV_MAPERR), si_addr: 0x0000000000000189

Registers:
RAX=0x0000000000000069, RBX=0x000000010f728c00, RCX=0x00007f9a2dc00003, RDX=0x00000006d00d4710
RSP=0x000070000fe05d00, RBP=0x000070000fe05da0, RSI=0x00007f9a29c13bd0, RDI=0x00000006cfec3250
R8 =0x0000000000000201, R9 =0x000000010f71f7fb, R10=0x0000000114b65000, R11=0x0000000400000001
R12=0x00007f9a29c13bd0, R13=0x000000010f71f7fb, R14=0x000000010f71f7f9, R15=0x000000010f71f7f9
RIP=0x000000010f4c48c6, EFLAGS=0x0000000000010206, ERR=0x0000000000000004
  TRAPNO=0x000000000000000e

Top of Stack: (sp=0x000070000fe05d00)
0x000070000fe05d00:   0000000000000000 00007f9a29c13c10
0x000070000fe05d10:   00000006d00d4710 00007f9a29c13bd8
0x000070000fe05d20:   00007f9a2c00f588 00000006c0002db0
0x000070000fe05d30:   00007f9a29c13c58 0000000000000004
0x000070000fe05d40:   000070000fe05d70 00007f9a29c13c90
0x000070000fe05d50:   000000010f6e8108 000000010f73f838
0x000070000fe05d60:   000070000fe05e48 0000000000000000
0x000070000fe05d70:   000070000fe05da0 00007f9a2c108720
0x000070000fe05d80:   000070000fe05e48 000000010f60e5bf
0x000070000fe05d90:   00007f9a29c13bd0 0000000000000001
0x000070000fe05da0:   000070000fe05e80 000000010f4b5d8f
0x000070000fe05db0:   00007f9a2c106688 00007f9a2c106680
0x000070000fe05dc0:   000070000fe05e20 00007fff2037ae5d
0x000070000fe05dd0:   00007f9a2c00d5d0 0000000000000000
0x000070000fe05de0:   00007f9a2c106668 434f4e452c00d5b0
0x000070000fe05df0:   0000000000000000 00007f9a2c106668
0x000070000fe05e00:   00007f9a2c108720 000000010f5eb214
0x000070000fe05e10:   00007f9a2c106628 0000000000000001
0x000070000fe05e20:   000070000fe05e50 000000010f4916a3
0x000070000fe05e30:   000000010f6e8138 00007f9a2c00d500
0x000070000fe05e40:   000070000fe05e48 000000010f6e8108
0x000070000fe05e50:   000070000fe05e00 00007f9a29c13bd0
0x000070000fe05e60:   00007f9a2b811800 00007f9a2c108720
0x000070000fe05e70:   0000000000000000 0000000000000001
0x000070000fe05e80:   000070000fe05f60 000000010f262664
0x000070000fe05e90:   00007f9a2c00e400 00007f9a2b811800
0x000070000fe05ea0:   00007f9a2c00dcb0 00007f9a2c00dcf0
0x000070000fe05eb0:   00007f9a2c00dd00 00007f9a2c00ddd8
0x000070000fe05ec0:   00000000000000d8 00007f9a2c00def0
0x000070000fe05ed0:   00007f9a2b811800 00007f9a2c00dcb0
0x000070000fe05ee0:   00007f9a2c00dcf0 00007f9a2c00dd00
0x000070000fe05ef0:   00007f9a2c00ddd8 00000000000000d8 

Instructions: (pc=0x000000010f4c48c6)
0x000000010f4c48a6:   15 8b 7a 08 48 8d 05 87 4a 24 00 8a 48 08 48 d3
0x000000010f4c48b6:   e7 48 03 38 eb 04 48 8b 7a 08 48 8b 07 4c 89 e6
0x000000010f4c48c6:   ff 90 20 01 00 00 41 8b 44 24 08 89 c1 41 2b 4c
0x000000010f4c48d6:   24 10 f7 c1 ff ff 01 00 0f 85 4b ff ff ff 48 c7 

Register to memory mapping:

RAX=0x0000000000000069 is an unknown value
RBX=0x000000010f728c00: _ZN2os16_processor_countE+0 in /Library/Java/JavaVirtualMachines/jdk1.8.0_271.jdk/Contents/Home/jre/lib/server/libjvm.dylib at 0x000000010f000000
RCX=0x00007f9a2dc00003 is an unknown value
RDX=0x00000006d00d4710 is pointing into object: 0x00000006d00d4708
scala.collection.immutable.HashSet$HashSet1 
 - klass: 'scala/collection/immutable/HashSet$HashSet1'
RSP=0x000070000fe05d00 is an unknown value
RBP=0x000070000fe05da0 is an unknown value
RSI=0x00007f9a29c13bd0 is an unknown value
RDI=0x00000006cfec3250 is an oop
lmcoursier.internal.shaded.coursier.core.Dependency 
 - klass: 'lmcoursier/internal/shaded/coursier/core/Dependency'
R8 =0x0000000000000201 is an unknown value
R9 =0x000000010f71f7fb: AssumeMP+0 in /Library/Java/JavaVirtualMachines/jdk1.8.0_271.jdk/Contents/Home/jre/lib/server/libjvm.dylib at 0x000000010f000000
R10=0x0000000114b65000 is an unknown value
R11=0x0000000400000001 is an unknown value
R12=0x00007f9a29c13bd0 is an unknown value
R13=0x000000010f71f7fb: AssumeMP+0 in /Library/Java/JavaVirtualMachines/jdk1.8.0_271.jdk/Contents/Home/jre/lib/server/libjvm.dylib at 0x000000010f000000
R14=0x000000010f71f7f9: UseCompressedClassPointers+0 in /Library/Java/JavaVirtualMachines/jdk1.8.0_271.jdk/Contents/Home/jre/lib/server/libjvm.dylib at 0x000000010f000000
R15=0x000000010f71f7f9: UseCompressedClassPointers+0 in /Library/Java/JavaVirtualMachines/jdk1.8.0_271.jdk/Contents/Home/jre/lib/server/libjvm.dylib at 0x000000010f000000


Stack: [0x000070000fd06000,0x000070000fe06000],  sp=0x000070000fe05d00,  free space=1023k
Native frames: (J=compiled Java code, j=interpreted, Vv=VM code, C=native code)
V  [libjvm.dylib+0x4c48c6]  ParCompactionManager::follow_marking_stacks()+0x16e
V  [libjvm.dylib+0x4b5d8f]  MarkFromRootsTask::do_it(GCTaskManager*, unsigned int)+0x197
V  [libjvm.dylib+0x262664]  GCTaskThread::run()+0x130
V  [libjvm.dylib+0x48f359]  java_start(Thread*)+0xfa
C  [libsystem_pthread.dylib+0x6950]  _pthread_start+0xe0
C  [libsystem_pthread.dylib+0x247b]  thread_start+0xf


---------------  P R O C E S S  ---------------

Java Threads: ( => current thread )
  0x00007f9a0083c000 JavaThread "ForkJoinPool.commonPool-worker-1" daemon [_thread_blocked, id=73251, stack(0x000070001448b000,0x000070001488b000)]
  0x00007f9a080b6000 JavaThread "process reaper" daemon [_thread_blocked, id=33291, stack(0x0000700010ed5000,0x0000700010efd000)]
  0x00007f9a30397800 JavaThread "sbt-progress-report-scheduler" [_thread_blocked, id=32007, stack(0x0000700015094000,0x0000700015494000)]
  0x00007f9a17c9a800 JavaThread "sbt-task-progress-report-thread" [_thread_blocked, id=40751, stack(0x0000700012045000,0x0000700012445000)]
  0x00007f9a35a9d000 JavaThread "Timer-2" daemon [_thread_blocked, id=88879, stack(0x000070001589a000,0x0000700015c9a000)]
  0x00007f9a2fb47000 JavaThread "process reaper" daemon [_thread_blocked, id=120847, stack(0x0000700010eaa000,0x0000700010ed2000)]
  0x00007f9a2a7b7000 JavaThread "com.swoval.files.apple.FileEventsMonitor.callback-1" [_thread_blocked, id=92935, stack(0x000070002d5b7000,0x000070002d9b7000)]
  0x00007f9a2ff39800 JavaThread "com.swoval.files.apple.FileEventsMonitor.callback-1" [_thread_blocked, id=40455, stack(0x0000700013454000,0x0000700013854000)]
  0x00007f9a2d647800 JavaThread "sbt-socket-server" [_thread_in_native, id=26379, stack(0x00007000160a0000,0x00007000164a0000)]
  0x00007f9a33b41000 JavaThread "com.swoval.files.apple.FileEventsMonitor.runloop" [_thread_blocked, id=30979, stack(0x00007000184bb000,0x00007000188bb000)]
  0x00007f9a33b40000 JavaThread "FileTreeRepository-callback-executor-1" [_thread_blocked, id=35587, stack(0x00007000180b8000,0x00007000184b8000)]
  0x00007f9a33b3f800 JavaThread "com.swoval.files.SymlinkWather.callback-executor-1" [_thread_blocked, id=35843, stack(0x0000700017cb5000,0x00007000180b5000)]
  0x00007f9a33b3e800 JavaThread "com.swoval.files.apple.FileEventsMonitor.runloop" [_thread_in_native, id=29191, stack(0x00007000178b2000,0x0000700017cb2000)]
  0x00007f9a33d5e000 JavaThread "com.swoval.files.apple.FileEventsMonitor.runloop" [_thread_blocked, id=26127, stack(0x00007000174af000,0x00007000178af000)]
  0x00007f9a2a464000 JavaThread "FileTreeRepository-callback-executor-1" [_thread_blocked, id=36879, stack(0x00007000170ac000,0x00007000174ac000)]
  0x00007f9a2a7d0000 JavaThread "com.swoval.files.SymlinkWather.callback-executor-1" [_thread_blocked, id=37135, stack(0x0000700016ca9000,0x00007000170a9000)]
  0x00007f9a2a2e9000 JavaThread "com.swoval.files.apple.FileEventsMonitor.runloop" [_thread_in_native, id=27151, stack(0x00007000168a6000,0x0000700016ca6000)]
  0x00007f9a2b7fd000 JavaThread "sbt-command-exchange-fastTrack" daemon [_thread_blocked, id=24067, stack(0x0000700014088000,0x0000700014488000)]
  0x00007f9a2c90f800 JavaThread "classloader-cache-cleanup-0" daemon [_thread_blocked, id=23555, stack(0x0000700013c85000,0x0000700014085000)]
  0x00007f9a2bb8c800 JavaThread "sbt-console-input-reader" [_thread_blocked, id=39939, stack(0x0000700013882000,0x0000700013c82000)]
  0x00007f9a2a4e3800 JavaThread "pool-1-thread-5" [_thread_blocked, id=23043, stack(0x0000700013051000,0x0000700013451000)]
  0x00007f9a2a286800 JavaThread "pool-1-thread-4" [_thread_blocked, id=41475, stack(0x0000700012c4e000,0x000070001304e000)]
  0x00007f9a2a286000 JavaThread "pool-1-thread-3" [_thread_blocked, id=41731, stack(0x000070001284b000,0x0000700012c4b000)]
  0x00007f9a2a285000 JavaThread "pool-1-thread-2" [_thread_blocked, id=22275, stack(0x0000700012448000,0x0000700012848000)]
  0x00007f9a2b8a6000 JavaThread "pool-1-thread-1" [_thread_blocked, id=22019, stack(0x0000700011c42000,0x0000700012042000)]
  0x00007f9a2b86f800 JavaThread "Service Thread" daemon [_thread_blocked, id=21763, stack(0x000070001173c000,0x0000700011b3c000)]
  0x00007f9a2b847000 JavaThread "C1 CompilerThread3" daemon [_thread_blocked, id=17411, stack(0x0000700011639000,0x0000700011739000)]
  0x00007f9a2a02e800 JavaThread "C2 CompilerThread2" daemon [_thread_blocked, id=16899, stack(0x0000700011536000,0x0000700011636000)]
  0x00007f9a2b843000 JavaThread "C2 CompilerThread1" daemon [_thread_blocked, id=18179, stack(0x0000700011433000,0x0000700011533000)]
  0x00007f9a2b844800 JavaThread "C2 CompilerThread0" daemon [_thread_blocked, id=16643, stack(0x0000700011330000,0x0000700011430000)]
  0x00007f9a2b844000 JavaThread "Signal Dispatcher" daemon [_thread_blocked, id=18691, stack(0x0000700010f2d000,0x000070001132d000)]
  0x00007f9a2b020800 JavaThread "Finalizer" daemon [_thread_blocked, id=12547, stack(0x0000700010a24000,0x0000700010e24000)]
  0x00007f9a2b824800 JavaThread "Reference Handler" daemon [_thread_blocked, id=20227, stack(0x0000700010621000,0x0000700010a21000)]
  0x00007f9a2a00a000 JavaThread "main" [_thread_blocked, id=3331, stack(0x000070000f903000,0x000070000fd03000)]

Other Threads:
  0x00007f9a2a02c000 VMThread [stack: 0x000070001051e000,0x000070001061e000] [id=12035]
  0x00007f9a2b023000 WatcherThread [stack: 0x0000700011b3f000,0x0000700011c3f000] [id=43011]

=>0x00007f9a2b811800 (exited) GCTaskThread [stack: 0x000070000fd06000,0x000070000fe06000] [id=8199]

VM state:at safepoint (normal execution)

VM Mutex/Monitor currently owned by a thread:  ([mutex/lock_event])
[0x00007f9a2c006ee0] Threads_lock - owner thread: 0x00007f9a2a02c000
[0x00007f9a2c0073e0] Heap_lock - owner thread: 0x00007f9a2a00a000

heap address: 0x00000006c0000000, size: 4096 MB, Compressed Oops mode: Zero based, Oop shift amount: 3
Narrow klass base: 0x0000000000000000, Narrow klass shift: 3
Compressed class space size: 1073741824 Address: 0x00000007c0000000

Heap:
 PSYoungGen      total 1192448K, used 1090K [0x000000076ab00000, 0x00000007bf980000, 0x00000007c0000000)
  eden space 1004544K, 0% used [0x000000076ab00000,0x000000076ab00000,0x00000007a8000000)
  from space 187904K, 0% used [0x00000007b3b00000,0x00000007b3c10bb0,0x00000007bf280000)
  to   space 191488K, 0% used [0x00000007a8000000,0x00000007a8000000,0x00000007b3b00000)
 ParOldGen       total 2796544K, used 2128504K [0x00000006c0000000, 0x000000076ab00000, 0x000000076ab00000)
  object space 2796544K, 76% used [0x00000006c0000000,0x0000000741e9e328,0x000000076ab00000)
 Metaspace       used 528294K, capacity 573135K, committed 573312K, reserved 1542144K
  class space    used 77798K, capacity 80874K, committed 81024K, reserved 1048576K

Card table byte_map: [0x000000010fe0e000,0x000000011060f000] byte_map_base: 0x000000010c80e000

Marking Bits: (ParMarkBitMap*) 0x000000010f729768
 Begin Bits: [0x0000000110b65000, 0x0000000114b65000)
 End Bits:   [0x0000000114b65000, 0x0000000118b65000)

Polling page: 0x000000010a932000

CodeCache: size=262144Kb used=169709Kb max_used=176920Kb free=92434Kb
 bounds [0x0000000118c95000, 0x0000000123c05000, 0x0000000128c95000]
 total_blobs=46380 nmethods=45432 adapters=854
 compilation: enabled

Compilation events (10 events):
Event: 841.212 Thread 0x00007f9a2b847000 84999       3       com.github.benmanes.caffeine.cache.PS::getKey (11 bytes)
Event: 841.212 Thread 0x00007f9a2b847000 nmethod 84999 0x0000000118dd8810 code [0x0000000118dd8960, 0x0000000118dd8ad0]
Event: 841.265 Thread 0x00007f9a2b847000 85000       1       sbt.Keys$::sessionVars (5 bytes)
Event: 841.267 Thread 0x00007f9a2b847000 nmethod 85000 0x000000011f048d90 code [0x000000011f048ee0, 0x000000011f048ff0]
Event: 841.337 Thread 0x00007f9a2b847000 85001       1       sbt.SessionVar$Map::map (5 bytes)
Event: 841.337 Thread 0x00007f9a2b847000 nmethod 85001 0x000000011a1d8150 code [0x000000011a1d82a0, 0x000000011a1d83b0]
Event: 841.346 Thread 0x00007f9a2b847000 85002       1       sbt.internal.BuildStructure::streams (5 bytes)
Event: 841.347 Thread 0x00007f9a2b847000 nmethod 85002 0x000000011ec3ce10 code [0x000000011ec3cf60, 0x000000011ec3d070]
Event: 841.386 Thread 0x00007f9a2b847000 85006       3       sjsonnew.SupportConverter$$Lambda$2933/792338063::<init> (20 bytes)
Event: 841.386 Thread 0x00007f9a2b847000 nmethod 85006 0x000000011f218150 code [0x000000011f2182c0, 0x000000011f2184b0]

GC Heap History (10 events):
Event: 656.583 GC heap after
Heap after GC invocations=209 (full 9):
 PSYoungGen      total 1191424K, used 109846K [0x000000076ab00000, 0x00000007bff00000, 0x00000007c0000000)
  eden space 985088K, 0% used [0x000000076ab00000,0x000000076ab00000,0x00000007a6d00000)
  from space 206336K, 53% used [0x00000007b3580000,0x00000007ba0c5af8,0x00000007bff00000)
  to   space 205312K, 0% used [0x00000007a6d00000,0x00000007a6d00000,0x00000007b3580000)
 ParOldGen       total 2796544K, used 2013801K [0x00000006c0000000, 0x000000076ab00000, 0x000000076ab00000)
  object space 2796544K, 72% used [0x00000006c0000000,0x000000073ae9a5f0,0x000000076ab00000)
 Metaspace       used 366907K, capacity 403579K, committed 404992K, reserved 1398784K
  class space    used 51979K, capacity 54387K, committed 54784K, reserved 1048576K
}
Event: 660.337 GC heap before
{Heap before GC invocations=210 (full 9):
 PSYoungGen      total 1191424K, used 1094933K [0x000000076ab00000, 0x00000007bff00000, 0x00000007c0000000)
  eden space 985088K, 99% used [0x000000076ab00000,0x00000007a6cffaa8,0x00000007a6d00000)
  from space 206336K, 53% used [0x00000007b3580000,0x00000007ba0c5af8,0x00000007bff00000)
  to   space 205312K, 0% used [0x00000007a6d00000,0x00000007a6d00000,0x00000007b3580000)
 ParOldGen       total 2796544K, used 2013801K [0x00000006c0000000, 0x000000076ab00000, 0x000000076ab00000)
  object space 2796544K, 72% used [0x00000006c0000000,0x000000073ae9a5f0,0x000000076ab00000)
 Metaspace       used 383108K, capacity 420195K, committed 421120K, reserved 1413120K
  class space    used 54298K, capacity 56774K, committed 57088K, reserved 1048576K
Event: 660.412 GC heap after
Heap after GC invocations=210 (full 9):
 PSYoungGen      total 1033216K, used 47980K [0x000000076ab00000, 0x00000007bf300000, 0x00000007c0000000)
  eden space 985088K, 0% used [0x000000076ab00000,0x000000076ab00000,0x00000007a6d00000)
  from space 48128K, 99% used [0x00000007a6d00000,0x00000007a9bdb1a8,0x00000007a9c00000)
  to   space 199168K, 0% used [0x00000007b3080000,0x00000007b3080000,0x00000007bf300000)
 ParOldGen       total 2796544K, used 2059264K [0x00000006c0000000, 0x000000076ab00000, 0x000000076ab00000)
  object space 2796544K, 73% used [0x00000006c0000000,0x000000073db000e0,0x000000076ab00000)
 Metaspace       used 383108K, capacity 420195K, committed 421120K, reserved 1413120K
  class space    used 54298K, capacity 56774K, committed 57088K, reserved 1048576K
}
Event: 662.545 GC heap before
{Heap before GC invocations=211 (full 9):
 PSYoungGen      total 1033216K, used 1033068K [0x000000076ab00000, 0x00000007bf300000, 0x00000007c0000000)
  eden space 985088K, 100% used [0x000000076ab00000,0x00000007a6d00000,0x00000007a6d00000)
  from space 48128K, 99% used [0x00000007a6d00000,0x00000007a9bdb1a8,0x00000007a9c00000)
  to   space 199168K, 0% used [0x00000007b3080000,0x00000007b3080000,0x00000007bf300000)
 ParOldGen       total 2796544K, used 2059264K [0x00000006c0000000, 0x000000076ab00000, 0x000000076ab00000)
  object space 2796544K, 73% used [0x00000006c0000000,0x000000073db000e0,0x000000076ab00000)
 Metaspace       used 408620K, capacity 445859K, committed 446592K, reserved 1435648K
  class space    used 57297K, capacity 59830K, committed 60032K, reserved 1048576K
Event: 663.284 GC heap after
Heap after GC invocations=211 (full 9):
 PSYoungGen      total 1193984K, used 88174K [0x000000076ab00000, 0x00000007c0000000, 0x00000007c0000000)
  eden space 994816K, 0% used [0x000000076ab00000,0x000000076ab00000,0x00000007a7680000)
  from space 199168K, 44% used [0x00000007b3080000,0x00000007b869ba18,0x00000007bf300000)
  to   space 190464K, 0% used [0x00000007a7680000,0x00000007a7680000,0x00000007b3080000)
 ParOldGen       total 2796544K, used 2078250K [0x00000006c0000000, 0x000000076ab00000, 0x000000076ab00000)
  object space 2796544K, 74% used [0x00000006c0000000,0x000000073ed8a930,0x000000076ab00000)
 Metaspace       used 408620K, capacity 445859K, committed 446592K, reserved 1435648K
  class space    used 57297K, capacity 59830K, committed 60032K, reserved 1048576K
}
Event: 817.512 GC heap before
{Heap before GC invocations=212 (full 9):
 PSYoungGen      total 1193984K, used 1082990K [0x000000076ab00000, 0x00000007c0000000, 0x00000007c0000000)
  eden space 994816K, 100% used [0x000000076ab00000,0x00000007a7680000,0x00000007a7680000)
  from space 199168K, 44% used [0x00000007b3080000,0x00000007b869ba18,0x00000007bf300000)
  to   space 190464K, 0% used [0x00000007a7680000,0x00000007a7680000,0x00000007b3080000)
 ParOldGen       total 2796544K, used 2078250K [0x00000006c0000000, 0x000000076ab00000, 0x000000076ab00000)
  object space 2796544K, 74% used [0x00000006c0000000,0x000000073ed8a930,0x000000076ab00000)
 Metaspace       used 527562K, capacity 572413K, committed 572800K, reserved 1542144K
  class space    used 77749K, capacity 80823K, committed 81024K, reserved 1048576K
Event: 818.887 GC heap after
Heap after GC invocations=212 (full 9):
 PSYoungGen      total 1185280K, used 104392K [0x000000076ab00000, 0x00000007bf280000, 0x00000007c0000000)
  eden space 994816K, 0% used [0x000000076ab00000,0x000000076ab00000,0x00000007a7680000)
  from space 190464K, 54% used [0x00000007a7680000,0x00000007adc72028,0x00000007b3080000)
  to   space 187904K, 0% used [0x00000007b3b00000,0x00000007b3b00000,0x00000007bf280000)
 ParOldGen       total 2796544K, used 2110510K [0x00000006c0000000, 0x000000076ab00000, 0x000000076ab00000)
  object space 2796544K, 75% used [0x00000006c0000000,0x0000000740d0b950,0x000000076ab00000)
 Metaspace       used 527562K, capacity 572413K, committed 572800K, reserved 1542144K
  class space    used 77749K, capacity 80823K, committed 81024K, reserved 1048576K
}
Event: 841.391 GC heap before
{Heap before GC invocations=213 (full 9):
 PSYoungGen      total 1185280K, used 157013K [0x000000076ab00000, 0x00000007bf280000, 0x00000007c0000000)
  eden space 994816K, 5% used [0x000000076ab00000,0x000000076de634b8,0x00000007a7680000)
  from space 190464K, 54% used [0x00000007a7680000,0x00000007adc72028,0x00000007b3080000)
  to   space 187904K, 0% used [0x00000007b3b00000,0x00000007b3b00000,0x00000007bf280000)
 ParOldGen       total 2796544K, used 2110510K [0x00000006c0000000, 0x000000076ab00000, 0x000000076ab00000)
  object space 2796544K, 75% used [0x00000006c0000000,0x0000000740d0b950,0x000000076ab00000)
 Metaspace       used 528294K, capacity 573135K, committed 573312K, reserved 1542144K
  class space    used 77798K, capacity 80874K, committed 81024K, reserved 1048576K
Event: 841.471 GC heap after
Heap after GC invocations=213 (full 9):
 PSYoungGen      total 1192448K, used 1090K [0x000000076ab00000, 0x00000007bf980000, 0x00000007c0000000)
  eden space 1004544K, 0% used [0x000000076ab00000,0x000000076ab00000,0x00000007a8000000)
  from space 187904K, 0% used [0x00000007b3b00000,0x00000007b3c10bb0,0x00000007bf280000)
  to   space 191488K, 0% used [0x00000007a8000000,0x00000007a8000000,0x00000007b3b00000)
 ParOldGen       total 2796544K, used 2128504K [0x00000006c0000000, 0x000000076ab00000, 0x000000076ab00000)
  object space 2796544K, 76% used [0x00000006c0000000,0x0000000741e9e328,0x000000076ab00000)
 Metaspace       used 528294K, capacity 573135K, committed 573312K, reserved 1542144K
  class space    used 77798K, capacity 80874K, committed 81024K, reserved 1048576K
}
Event: 841.471 GC heap before
{Heap before GC invocations=214 (full 10):
 PSYoungGen      total 1192448K, used 1090K [0x000000076ab00000, 0x00000007bf980000, 0x00000007c0000000)
  eden space 1004544K, 0% used [0x000000076ab00000,0x000000076ab00000,0x00000007a8000000)
  from space 187904K, 0% used [0x00000007b3b00000,0x00000007b3c10bb0,0x00000007bf280000)
  to   space 191488K, 0% used [0x00000007a8000000,0x00000007a8000000,0x00000007b3b00000)
 ParOldGen       total 2796544K, used 2128504K [0x00000006c0000000, 0x000000076ab00000, 0x000000076ab00000)
  object space 2796544K, 76% used [0x00000006c0000000,0x0000000741e9e328,0x000000076ab00000)
 Metaspace       used 528294K, capacity 573135K, committed 573312K, reserved 1542144K
  class space    used 77798K, capacity 80874K, committed 81024K, reserved 1048576K

Deoptimization events (10 events):
Event: 840.006 Thread 0x00007f9a2f830000 Uncommon trap: reason=unstable_if action=reinterpret pc=0x000000011cc8b13c method=java.util.concurrent.ConcurrentHashMap.replaceNode(Ljava/lang/Object;Ljava/lang/Object;Ljava/lang/Object;)Ljava/lang/Object; @ 17
Event: 840.027 Thread 0x00007f9a2f830000 Uncommon trap: reason=class_check action=maybe_recompile pc=0x000000011d545d14 method=java.io.Writer.write(Ljava/lang/String;)V @ 7
Event: 840.055 Thread 0x00007f9a2f830000 Uncommon trap: reason=class_check action=maybe_recompile pc=0x000000011d545d14 method=java.io.Writer.write(Ljava/lang/String;)V @ 7
Event: 840.055 Thread 0x00007f9a2f830000 Uncommon trap: reason=unstable_if action=reinterpret pc=0x000000011ad7bb18 method=sun.nio.cs.StreamEncoder.writeBytes()V @ 64
Event: 840.546 Thread 0x00007f9a391ab800 Uncommon trap: reason=speculate_class_check action=maybe_recompile pc=0x000000011ad78e60 method=java.nio.charset.CharsetEncoder.encode(Ljava/nio/CharBuffer;Ljava/nio/ByteBuffer;Z)Ljava/nio/charset/CoderResult; @ 57
Event: 840.900 Thread 0x00007f9a2a00a000 Uncommon trap: reason=class_check action=maybe_recompile pc=0x0000000118f15f24 method=sbt.internal.util.AbstractRMap.contains(Ljava/lang/Object;)Z @ 2
Event: 840.901 Thread 0x00007f9a2a00a000 Uncommon trap: reason=class_check action=maybe_recompile pc=0x00000001223530e4 method=sbt.nio.file.RelativeGlob$RelativeGlobImpl.impl$1(ILscala/collection/immutable/List;ILjava/nio/file/Path;)Z @ 181
Event: 840.901 Thread 0x00007f9a2a00a000 Uncommon trap: reason=class_check action=maybe_recompile pc=0x00000001223530e4 method=sbt.nio.file.RelativeGlob$RelativeGlobImpl.impl$1(ILscala/collection/immutable/List;ILjava/nio/file/Path;)Z @ 181
Event: 840.901 Thread 0x00007f9a2a00a000 Uncommon trap: reason=class_check action=maybe_recompile pc=0x00000001223530e4 method=sbt.nio.file.RelativeGlob$RelativeGlobImpl.impl$1(ILscala/collection/immutable/List;ILjava/nio/file/Path;)Z @ 181
Event: 840.901 Thread 0x00007f9a2a00a000 Uncommon trap: reason=class_check action=maybe_recompile pc=0x00000001223530e4 method=sbt.nio.file.RelativeGlob$RelativeGlobImpl.impl$1(ILscala/collection/immutable/List;ILjava/nio/file/Path;)Z @ 181

Classes redefined (0 events):
No events

Internal exceptions (10 events):
Event: 841.187 Thread 0x00007f9a2a00a000 Exception <a 'sun/nio/fs/UnixException'> (0x000000076d7318c0) thrown at [/jenkins/workspace/8-2-build-macosx-x86_64/jdk8u271/605/hotspot/src/share/vm/prims/jni.cpp, line 710]
Event: 841.188 Thread 0x00007f9a2a00a000 Exception <a 'sun/nio/fs/UnixException'> (0x000000076d7355c0) thrown at [/jenkins/workspace/8-2-build-macosx-x86_64/jdk8u271/605/hotspot/src/share/vm/prims/jni.cpp, line 710]
Event: 841.210 Thread 0x00007f9a2a00a000 Exception <a 'sun/nio/fs/UnixException'> (0x000000076d7366f8) thrown at [/jenkins/workspace/8-2-build-macosx-x86_64/jdk8u271/605/hotspot/src/share/vm/prims/jni.cpp, line 710]
Event: 841.211 Thread 0x00007f9a2a00a000 Exception <a 'sun/nio/fs/UnixException'> (0x000000076d738040) thrown at [/jenkins/workspace/8-2-build-macosx-x86_64/jdk8u271/605/hotspot/src/share/vm/prims/jni.cpp, line 710]
Event: 841.211 Thread 0x00007f9a2a00a000 Exception <a 'sun/nio/fs/UnixException'> (0x000000076d73c4a0) thrown at [/jenkins/workspace/8-2-build-macosx-x86_64/jdk8u271/605/hotspot/src/share/vm/prims/jni.cpp, line 710]
Event: 841.211 Thread 0x00007f9a2a00a000 Exception <a 'sun/nio/fs/UnixException'> (0x000000076d73d600) thrown at [/jenkins/workspace/8-2-build-macosx-x86_64/jdk8u271/605/hotspot/src/share/vm/prims/jni.cpp, line 710]
Event: 841.211 Thread 0x00007f9a2a00a000 Exception <a 'sun/nio/fs/UnixException'> (0x000000076d73ef80) thrown at [/jenkins/workspace/8-2-build-macosx-x86_64/jdk8u271/605/hotspot/src/share/vm/prims/jni.cpp, line 710]
Event: 841.211 Thread 0x00007f9a2a00a000 Exception <a 'sun/nio/fs/UnixException'> (0x000000076d7431c8) thrown at [/jenkins/workspace/8-2-build-macosx-x86_64/jdk8u271/605/hotspot/src/share/vm/prims/jni.cpp, line 710]
Event: 841.212 Thread 0x00007f9a2a00a000 Exception <a 'sun/nio/fs/UnixException'> (0x000000076d744280) thrown at [/jenkins/workspace/8-2-build-macosx-x86_64/jdk8u271/605/hotspot/src/share/vm/prims/jni.cpp, line 710]
Event: 841.212 Thread 0x00007f9a2a00a000 Exception <a 'sun/nio/fs/UnixException'> (0x000000076d745ae8) thrown at [/jenkins/workspace/8-2-build-macosx-x86_64/jdk8u271/605/hotspot/src/share/vm/prims/jni.cpp, line 710]

Events (10 events):
Event: 840.901 Thread 0x00007f9a2a00a000 DEOPT UNPACKING pc=0x0000000118cda73a sp=0x000070000fcff528 mode 2
Event: 840.908 Thread 0x00007f9a2b847000 flushing nmethod 0x0000000119244d10
Event: 840.920 Thread 0x00007f9a2b847000 flushing nmethod 0x000000011960b450
Event: 840.968 Thread 0x00007f9a0083c000 Thread added: 0x00007f9a0083c000
Event: 840.972 Thread 0x00007f9a2b847000 flushing nmethod 0x000000011a1d7f50
Event: 841.180 Thread 0x00007f9a2b847000 flushing nmethod 0x000000011c62f5d0
Event: 841.390 loading class scala/Function0
Event: 841.390 loading class scala/Function0 done
Event: 841.390 Thread 0x00007f9a391ab800 Thread exited: 0x00007f9a391ab800
Event: 841.391 Executing VM operation: ParallelGCSystemGC


Dynamic libraries:
0x00007fff34fed000 	/System/Library/Frameworks/Cocoa.framework/Versions/A/Cocoa
0x00007fff2222a000 	/System/Library/Frameworks/Security.framework/Versions/A/Security
0x00007fff331ec000 	/System/Library/Frameworks/ApplicationServices.framework/Versions/A/ApplicationServices
0x00007fff2a4af000 	/usr/lib/libz.1.dylib
0x00007fff2a577000 	/usr/lib/libSystem.B.dylib
0x00007fff203f2000 	/System/Library/Frameworks/CoreFoundation.framework/Versions/A/CoreFoundation
0x00007fff2119f000 	/System/Library/Frameworks/Foundation.framework/Versions/C/Foundation
0x00007fff20212000 	/usr/lib/libobjc.A.dylib
0x00007fff22c50000 	/System/Library/Frameworks/AppKit.framework/Versions/C/AppKit
0x00007fff25ae6000 	/System/Library/Frameworks/CoreData.framework/Versions/A/CoreData
0x00007fff239b3000 	/System/Library/PrivateFrameworks/UIFoundation.framework/Versions/A/UIFoundation
0x00007fff2fbd0000 	/System/Library/PrivateFrameworks/RemoteViewServices.framework/Versions/A/RemoteViewServices
0x00007fff289d9000 	/System/Library/PrivateFrameworks/XCTTargetBootstrap.framework/Versions/A/XCTTargetBootstrap
0x00007fff2b6b6000 	/usr/lib/libspindump.dylib
0x00007fff23c07000 	/System/Library/Frameworks/UniformTypeIdentifiers.framework/Versions/A/UniformTypeIdentifiers
0x00007fff271b0000 	/usr/lib/libapp_launch_measurement.dylib
0x00007fff271b3000 	/System/Library/PrivateFrameworks/CoreAutoLayout.framework/Versions/A/CoreAutoLayout
0x00007fff2833b000 	/System/Library/Frameworks/Metal.framework/Versions/A/Metal
0x00007fff2902a000 	/usr/lib/liblangid.dylib
0x00007fff289dd000 	/System/Library/PrivateFrameworks/CoreSVG.framework/Versions/A/CoreSVG
0x00007fff24bee000 	/System/Library/PrivateFrameworks/SkyLight.framework/Versions/A/SkyLight
0x00007fff24f54000 	/System/Library/Frameworks/CoreGraphics.framework/Versions/A/CoreGraphics
0x00007fff30227000 	/System/Library/Frameworks/Accelerate.framework/Versions/A/Accelerate
0x00007fff2b0f1000 	/System/Library/PrivateFrameworks/IconServices.framework/Versions/A/IconServices
0x00007fff28320000 	/System/Library/Frameworks/IOSurface.framework/Versions/A/IOSurface
0x00007fff2646f000 	/usr/lib/libDiagnosticMessagesClient.dylib
0x00007fff289c5000 	/System/Library/PrivateFrameworks/DFRFoundation.framework/Versions/A/DFRFoundation
0x00007fff2257c000 	/usr/lib/libicucore.A.dylib
0x00007fff2cbf8000 	/System/Library/Frameworks/AudioToolbox.framework/Versions/A/AudioToolbox
0x00007fff2be9e000 	/System/Library/PrivateFrameworks/DataDetectorsCore.framework/Versions/A/DataDetectorsCore
0x00007fff286c5000 	/System/Library/Frameworks/Carbon.framework/Versions/A/Frameworks/HIToolbox.framework/Versions/A/HIToolbox
0x00007fff26c08000 	/System/Library/Frameworks/QuartzCore.framework/Versions/A/QuartzCore
0x00007fff2fc0c000 	/System/Library/Frameworks/Carbon.framework/Versions/A/Frameworks/SpeechRecognition.framework/Versions/A/SpeechRecognition
0x00007fff26f18000 	/System/Library/PrivateFrameworks/CoreUI.framework/Versions/A/CoreUI
0x00007fff21b86000 	/System/Library/Frameworks/CoreAudio.framework/Versions/A/CoreAudio
0x00007fff2655a000 	/System/Library/Frameworks/DiskArbitration.framework/Versions/A/DiskArbitration
0x00007fff2bab1000 	/System/Library/PrivateFrameworks/MultitouchSupport.framework/Versions/A/MultitouchSupport
0x00007fff2be95000 	/System/Library/PrivateFrameworks/InternationalSupport.framework/Versions/A/InternationalSupport
0x00007fff24b62000 	/usr/lib/libenergytrace.dylib
0x00007fff22b4a000 	/System/Library/Frameworks/IOKit.framework/Versions/A/IOKit
0x00007fff2ff59000 	/System/Library/Frameworks/CoreServices.framework/Versions/A/CoreServices
0x00007fff27146000 	/System/Library/PrivateFrameworks/PerformanceAnalysis.framework/Versions/A/PerformanceAnalysis
0x00007fff6c856000 	/System/Library/Frameworks/OpenGL.framework/Versions/A/OpenGL
0x00007fff2bf1a000 	/System/Library/PrivateFrameworks/UserActivity.framework/Versions/A/UserActivity
0x00007fff255e8000 	/System/Library/Frameworks/ColorSync.framework/Versions/A/ColorSync
0x00007fff28c41000 	/System/Library/Frameworks/CoreImage.framework/Versions/A/CoreImage
0x00007fff2199d000 	/System/Library/Frameworks/CoreText.framework/Versions/A/CoreText
0x00007fff28a07000 	/System/Library/Frameworks/ImageIO.framework/Versions/A/ImageIO
0x00007fff2a57d000 	/System/Library/PrivateFrameworks/SoftLinking.framework/Versions/A/SoftLinking
0x00007fff271fc000 	/usr/lib/libxml2.2.dylib
0x00007fff202d7000 	/usr/lib/libc++.1.dylib
0x00007fff2a7ef000 	/usr/lib/libcompression.dylib
0x00007fff24b63000 	/usr/lib/libMobileGestalt.dylib
0x00007fff2bdc8000 	/System/Library/PrivateFrameworks/TextureIO.framework/Versions/A/TextureIO
0x00007fff2ae14000 	/usr/lib/libate.dylib
0x00007fff2a571000 	/usr/lib/system/libcache.dylib
0x00007fff2a52d000 	/usr/lib/system/libcommonCrypto.dylib
0x00007fff2a557000 	/usr/lib/system/libcompiler_rt.dylib
0x00007fff2a54c000 	/usr/lib/system/libcopyfile.dylib
0x00007fff20101000 	/usr/lib/system/libcorecrypto.dylib
0x00007fff201cd000 	/usr/lib/system/libdispatch.dylib
0x00007fff20381000 	/usr/lib/system/libdyld.dylib
0x00007fff2a568000 	/usr/lib/system/libkeymgr.dylib
0x00007fff2d9aa000 	/usr/lib/system/liblaunch.dylib
0x00007fff2a50b000 	/usr/lib/system/libmacho.dylib
0x00007fff29d26000 	/usr/lib/system/libquarantine.dylib
0x00007fff2a565000 	/usr/lib/system/libremovefile.dylib
0x00007fff24bbf000 	/usr/lib/system/libsystem_asl.dylib
0x00007fff200b1000 	/usr/lib/system/libsystem_blocks.dylib
0x00007fff2024e000 	/usr/lib/system/libsystem_c.dylib
0x00007fff2a55f000 	/usr/lib/system/libsystem_collections.dylib
0x00007fff2901b000 	/usr/lib/system/libsystem_configuration.dylib
0x00007fff2830f000 	/usr/lib/system/libsystem_containermanager.dylib
0x00007fff2a2a7000 	/usr/lib/system/libsystem_coreservices.dylib
0x00007fff227de000 	/usr/lib/system/libsystem_darwin.dylib
0x00007fff2a569000 	/usr/lib/system/libsystem_dnssd.dylib
0x00007fff2024b000 	/usr/lib/system/libsystem_featureflags.dylib
0x00007fff203c6000 	/usr/lib/system/libsystem_info.dylib
0x00007fff2a4c2000 	/usr/lib/system/libsystem_m.dylib
0x00007fff201a0000 	/usr/lib/system/libsystem_malloc.dylib
0x00007fff24b53000 	/usr/lib/system/libsystem_networkextension.dylib
0x00007fff22bf8000 	/usr/lib/system/libsystem_notify.dylib
0x00007fff2fe57000 	/usr/lib/system/libsystem_product_info_filter.dylib
0x00007fff2901f000 	/usr/lib/system/libsystem_sandbox.dylib
0x00007fff2a562000 	/usr/lib/system/libsystem_secinit.dylib
0x00007fff20346000 	/usr/lib/system/libsystem_kernel.dylib
0x00007fff203bc000 	/usr/lib/system/libsystem_platform.dylib
0x00007fff20375000 	/usr/lib/system/libsystem_pthread.dylib
0x00007fff262bd000 	/usr/lib/system/libsystem_symptoms.dylib
0x00007fff200e9000 	/usr/lib/system/libsystem_trace.dylib
0x00007fff2a539000 	/usr/lib/system/libunwind.dylib
0x00007fff200b3000 	/usr/lib/system/libxpc.dylib
0x00007fff2032d000 	/usr/lib/libc++abi.dylib
0x00007fff2a544000 	/usr/lib/liboah.dylib
0x00007fff2abfa000 	/usr/lib/liblzma.5.dylib
0x00007fff20eb3000 	/System/Library/Frameworks/SystemConfiguration.framework/Versions/A/SystemConfiguration
0x00007fff2a579000 	/usr/lib/libfakelink.dylib
0x00007fff246b5000 	/System/Library/Frameworks/CFNetwork.framework/Versions/A/CFNetwork
0x00007fff2a6b9000 	/usr/lib/libarchive.2.dylib
0x00007fff20f31000 	/usr/lib/libCRFSuite.dylib
0x00007fff29d4d000 	/usr/lib/libbsm.0.dylib
0x00007fff24071000 	/usr/lib/libnetwork.dylib
0x00007fff2a57e000 	/usr/lib/libpcap.A.dylib
0x00007fff262b6000 	/usr/lib/libdns_services.dylib
0x00007fff2ac13000 	/usr/lib/libcoretls_cfhelpers.dylib
0x00007fff2a7bd000 	/usr/lib/libapple_nghttp2.dylib
0x00007fff2a511000 	/usr/lib/system/libkxld.dylib
0x00007fff25f1c000 	/usr/lib/libsqlite3.dylib
0x00007fff2a289000 	/System/Library/PrivateFrameworks/AppleFSCompression.framework/Versions/A/AppleFSCompression
0x00007fff29d35000 	/usr/lib/libcoretls.dylib
0x00007fff2a7ea000 	/usr/lib/libpam.2.dylib
0x00007fff2ad0f000 	/usr/lib/libxar.1.dylib
0x00007fff29026000 	/System/Library/PrivateFrameworks/AppleSystemInfo.framework/Versions/A/AppleSystemInfo
0x00007fff29978000 	/System/Library/PrivateFrameworks/IOMobileFramebuffer.framework/Versions/A/IOMobileFramebuffer
0x00007fff2a299000 	/usr/lib/libbz2.1.0.dylib
0x00007fff2a5b6000 	/usr/lib/libiconv.2.dylib
0x00007fff2a50a000 	/usr/lib/libcharset.1.dylib
0x00007fff27182000 	/System/Library/Frameworks/CoreServices.framework/Versions/A/Frameworks/FSEvents.framework/Versions/A/FSEvents
0x00007fff227e8000 	/System/Library/Frameworks/CoreServices.framework/Versions/A/Frameworks/CarbonCore.framework/Versions/A/CarbonCore
0x00007fff264bf000 	/System/Library/Frameworks/CoreServices.framework/Versions/A/Frameworks/Metadata.framework/Versions/A/Metadata
0x00007fff2a2ac000 	/System/Library/Frameworks/CoreServices.framework/Versions/A/Frameworks/OSServices.framework/Versions/A/OSServices
0x00007fff2a72b000 	/System/Library/Frameworks/CoreServices.framework/Versions/A/Frameworks/SearchKit.framework/Versions/A/SearchKit
0x00007fff26240000 	/System/Library/Frameworks/CoreServices.framework/Versions/A/Frameworks/AE.framework/Versions/A/AE
0x00007fff2088e000 	/System/Library/Frameworks/CoreServices.framework/Versions/A/Frameworks/LaunchServices.framework/Versions/A/LaunchServices
0x00007fff2abab000 	/System/Library/Frameworks/CoreServices.framework/Versions/A/Frameworks/DictionaryServices.framework/Versions/A/DictionaryServices
0x00007fff2718b000 	/System/Library/Frameworks/CoreServices.framework/Versions/A/Frameworks/SharedFileList.framework/Versions/A/SharedFileList
0x00007fff29d29000 	/usr/lib/libCheckFix.dylib
0x00007fff24bd6000 	/System/Library/PrivateFrameworks/TCC.framework/Versions/A/TCC
0x00007fff2902c000 	/System/Library/PrivateFrameworks/CoreNLP.framework/Versions/A/CoreNLP
0x00007fff26472000 	/System/Library/PrivateFrameworks/MetadataUtilities.framework/Versions/A/MetadataUtilities
0x00007fff20f67000 	/usr/lib/libmecabra.dylib
0x00007fff2a03c000 	/System/Library/Frameworks/MLCompute.framework/Versions/A/MLCompute
0x00007fff29d5e000 	/usr/lib/libmecab.dylib
0x00007fff29da8000 	/usr/lib/libgermantok.dylib
0x00007fff2a793000 	/usr/lib/libThaiTokenizer.dylib
0x00007fff2ad4a000 	/usr/lib/libChineseTokenizer.dylib
0x00007fff2a7e8000 	/System/Library/Frameworks/MetalPerformanceShaders.framework/Versions/A/MetalPerformanceShaders
0x00007fff26561000 	/System/Library/Frameworks/Accelerate.framework/Versions/A/Frameworks/vImage.framework/Versions/A/vImage
0x00007fff2ff32000 	/System/Library/Frameworks/Accelerate.framework/Versions/A/Frameworks/vecLib.framework/Versions/A/vecLib
0x00007fff2ad55000 	/System/Library/Frameworks/Accelerate.framework/Versions/A/Frameworks/vecLib.framework/Versions/A/libvMisc.dylib
0x00007fff29791000 	/System/Library/Frameworks/Accelerate.framework/Versions/A/Frameworks/vecLib.framework/Versions/A/libvDSP.dylib
0x00007fff20b92000 	/System/Library/Frameworks/Accelerate.framework/Versions/A/Frameworks/vecLib.framework/Versions/A/libBLAS.dylib
0x00007fff2a80e000 	/System/Library/Frameworks/Accelerate.framework/Versions/A/Frameworks/vecLib.framework/Versions/A/libLAPACK.dylib
0x00007fff29dae000 	/System/Library/Frameworks/Accelerate.framework/Versions/A/Frameworks/vecLib.framework/Versions/A/libLinearAlgebra.dylib
0x00007fff2a7d5000 	/System/Library/Frameworks/Accelerate.framework/Versions/A/Frameworks/vecLib.framework/Versions/A/libSparseBLAS.dylib
0x00007fff2a808000 	/System/Library/Frameworks/Accelerate.framework/Versions/A/Frameworks/vecLib.framework/Versions/A/libQuadrature.dylib
0x00007fff290d4000 	/System/Library/Frameworks/Accelerate.framework/Versions/A/Frameworks/vecLib.framework/Versions/A/libBNNS.dylib
0x00007fff20e44000 	/System/Library/Frameworks/Accelerate.framework/Versions/A/Frameworks/vecLib.framework/Versions/A/libSparse.dylib
0x00007fff28fbf000 	/System/Library/Frameworks/MetalPerformanceShaders.framework/Versions/A/Frameworks/MPSCore.framework/Versions/A/MPSCore
0x00007fff2a1f8000 	/System/Library/Frameworks/MetalPerformanceShaders.framework/Versions/A/Frameworks/MPSImage.framework/Versions/A/MPSImage
0x00007fff29dc4000 	/System/Library/Frameworks/MetalPerformanceShaders.framework/Versions/A/Frameworks/MPSNeuralNetwork.framework/Versions/A/MPSNeuralNetwork
0x00007fff2a183000 	/System/Library/Frameworks/MetalPerformanceShaders.framework/Versions/A/Frameworks/MPSMatrix.framework/Versions/A/MPSMatrix
0x00007fff29fec000 	/System/Library/Frameworks/MetalPerformanceShaders.framework/Versions/A/Frameworks/MPSRayIntersector.framework/Versions/A/MPSRayIntersector
0x00007fff2a1ba000 	/System/Library/Frameworks/MetalPerformanceShaders.framework/Versions/A/Frameworks/MPSNDArray.framework/Versions/A/MPSNDArray
0x00007fff20abe000 	/System/Library/PrivateFrameworks/MetalTools.framework/Versions/A/MetalTools
0x00007fff29024000 	/System/Library/PrivateFrameworks/AggregateDictionary.framework/Versions/A/AggregateDictionary
0x00007fff2644a000 	/System/Library/PrivateFrameworks/CoreAnalytics.framework/Versions/A/CoreAnalytics
0x00007fff2a795000 	/System/Library/PrivateFrameworks/AppleSauce.framework/Versions/A/AppleSauce
0x00007fff28332000 	/System/Library/PrivateFrameworks/IOAccelerator.framework/Versions/A/IOAccelerator
0x00007fff6c84a000 	/System/Library/Frameworks/OpenGL.framework/Versions/A/Libraries/libCoreFSCache.dylib
0x00007fff21503000 	/System/Library/PrivateFrameworks/LanguageModeling.framework/Versions/A/LanguageModeling
0x00007fff29965000 	/System/Library/PrivateFrameworks/CoreEmoji.framework/Versions/A/CoreEmoji
0x00007fff290cd000 	/System/Library/PrivateFrameworks/LinguisticData.framework/Versions/A/LinguisticData
0x00007fff20df6000 	/System/Library/PrivateFrameworks/Lexicon.framework/Versions/A/Lexicon
0x00007fff2a6a7000 	/usr/lib/libcmph.dylib
0x00007fff27162000 	/System/Library/Frameworks/OpenDirectory.framework/Versions/A/Frameworks/CFOpenDirectory.framework/Versions/A/CFOpenDirectory
0x00007fff27152000 	/System/Library/Frameworks/OpenDirectory.framework/Versions/A/OpenDirectory
0x00007fff2ac15000 	/System/Library/PrivateFrameworks/APFS.framework/Versions/A/APFS
0x00007fff29c8a000 	/System/Library/Frameworks/SecurityFoundation.framework/Versions/A/SecurityFoundation
0x00007fff2ad1d000 	/usr/lib/libutil.dylib
0x00007fff22b0f000 	/System/Library/PrivateFrameworks/CoreServicesStore.framework/Versions/A/CoreServicesStore
0x00007fff29d21000 	/System/Library/Frameworks/ServiceManagement.framework/Versions/A/ServiceManagement
0x00007fff2ad21000 	/usr/lib/libxslt.1.dylib
0x00007fff29d17000 	/System/Library/PrivateFrameworks/BackgroundTaskManagement.framework/Versions/A/BackgroundTaskManagement
0x00007fff2bd12000 	/System/Library/Frameworks/ImageIO.framework/Versions/A/Resources/libRadiance.dylib
0x00007fff2bd1c000 	/System/Library/Frameworks/ImageIO.framework/Versions/A/Resources/libJPEG.dylib
0x00007fff2bc6b000 	/System/Library/Frameworks/ImageIO.framework/Versions/A/Resources/libPng.dylib
0x00007fff2bc92000 	/System/Library/Frameworks/ImageIO.framework/Versions/A/Resources/libTIFF.dylib
0x00007fff2bd71000 	/System/Library/Frameworks/ImageIO.framework/Versions/A/Resources/libGIF.dylib
0x00007fff2b9ce000 	/System/Library/Frameworks/ImageIO.framework/Versions/A/Resources/libJP2.dylib
0x00007fff2b0b8000 	/usr/lib/libexpat.1.dylib
0x00007fff2b983000 	/System/Library/PrivateFrameworks/AppleJPEG.framework/Versions/A/AppleJPEG
0x00007fff28568000 	/System/Library/PrivateFrameworks/FontServices.framework/libFontParser.dylib
0x00007fff261f4000 	/System/Library/PrivateFrameworks/RunningBoardServices.framework/Versions/A/RunningBoardServices
0x00007fff2baad000 	/System/Library/PrivateFrameworks/WatchdogClient.framework/Versions/A/WatchdogClient
0x00007fff215f0000 	/System/Library/Frameworks/CoreDisplay.framework/Versions/A/CoreDisplay
0x00007fff2847e000 	/System/Library/Frameworks/CoreMedia.framework/Versions/A/CoreMedia
0x00007fff272df000 	/System/Library/Frameworks/CoreVideo.framework/Versions/A/CoreVideo
0x00007fff2bae5000 	/System/Library/Frameworks/VideoToolbox.framework/Versions/A/VideoToolbox
0x00007fff26172000 	/System/Library/PrivateFrameworks/BaseBoard.framework/Versions/A/BaseBoard
0x00007fff2b1fd000 	/System/Library/PrivateFrameworks/PersistentConnection.framework/Versions/A/PersistentConnection
0x00007fff25f05000 	/System/Library/PrivateFrameworks/ProtocolBuffer.framework/Versions/A/ProtocolBuffer
0x00007fff26159000 	/System/Library/PrivateFrameworks/CommonUtilities.framework/Versions/A/CommonUtilities
0x00007fff2b918000 	/System/Library/PrivateFrameworks/Bom.framework/Versions/A/Bom
0x00007fff2bd0b000 	/System/Library/PrivateFrameworks/GPUWrangler.framework/Versions/A/GPUWrangler
0x00007fff2bcf0000 	/System/Library/PrivateFrameworks/IOPresentment.framework/Versions/A/IOPresentment
0x00007fff2bd16000 	/System/Library/PrivateFrameworks/DSExternalDisplay.framework/Versions/A/DSExternalDisplay
0x00007fff2bd76000 	/System/Library/PrivateFrameworks/CMCaptureCore.framework/Versions/A/CMCaptureCore
0x00007fff2b69d000 	/System/Library/PrivateFrameworks/AppServerSupport.framework/Versions/A/AppServerSupport
0x00007fff2d749000 	/System/Library/PrivateFrameworks/perfdata.framework/Versions/A/perfdata
0x00007fff29c79000 	/System/Library/PrivateFrameworks/AssertionServices.framework/Versions/A/AssertionServices
0x00007fff21727000 	/System/Library/PrivateFrameworks/AudioToolboxCore.framework/Versions/A/AudioToolboxCore
0x00007fff28461000 	/System/Library/PrivateFrameworks/caulk.framework/Versions/A/caulk
0x00007fff3d3d6000 	/System/Library/PrivateFrameworks/SystemPolicy.framework/Versions/A/SystemPolicy
0x00007fff2aead000 	/usr/lib/libIOReport.dylib
0x00007fff2cf6b000 	/usr/lib/libSMC.dylib
0x00007fff2bc38000 	/usr/lib/libAudioToolboxUtility.dylib
0x00007fff3dd40000 	/usr/lib/libmis.dylib
0x00007fff6c8a6000 	/System/Library/Frameworks/OpenGL.framework/Versions/A/Libraries/libGLU.dylib
0x00007fff6c869000 	/System/Library/Frameworks/OpenGL.framework/Versions/A/Libraries/libGFXShared.dylib
0x00007fff6ca78000 	/System/Library/Frameworks/OpenGL.framework/Versions/A/Libraries/libGL.dylib
0x00007fff6c872000 	/System/Library/Frameworks/OpenGL.framework/Versions/A/Libraries/libGLImage.dylib
0x00007fff6c866000 	/System/Library/Frameworks/OpenGL.framework/Versions/A/Libraries/libCVMSPluginSupport.dylib
0x00007fff6c851000 	/System/Library/Frameworks/OpenGL.framework/Versions/A/Libraries/libCoreVMClient.dylib
0x00007fff6deb9000 	/System/Library/Frameworks/OpenCL.framework/Versions/A/OpenCL
0x00007fff2b227000 	/System/Library/PrivateFrameworks/GraphVisualizer.framework/Versions/A/GraphVisualizer
0x00007fff2b236000 	/System/Library/PrivateFrameworks/FaceCore.framework/Versions/A/FaceCore
0x00007fff2b652000 	/System/Library/PrivateFrameworks/OTSVG.framework/Versions/A/OTSVG
0x00007fff26ed6000 	/System/Library/Frameworks/ApplicationServices.framework/Versions/A/Frameworks/ATS.framework/Versions/A/Resources/libFontRegistry.dylib
0x00007fff2b6a4000 	/System/Library/PrivateFrameworks/FontServices.framework/libhvf.dylib
0x00007fff2b064000 	/System/Library/PrivateFrameworks/AppleVA.framework/Versions/A/AppleVA
0x00007fff2cdb4000 	/System/Library/Frameworks/ApplicationServices.framework/Versions/A/Frameworks/ATS.framework/Versions/A/ATS
0x00007fff2d0c6000 	/System/Library/Frameworks/ApplicationServices.framework/Versions/A/Frameworks/ColorSyncLegacy.framework/Versions/A/ColorSyncLegacy
0x00007fff256df000 	/System/Library/Frameworks/ApplicationServices.framework/Versions/A/Frameworks/HIServices.framework/Versions/A/HIServices
0x00007fff2d0ab000 	/System/Library/Frameworks/ApplicationServices.framework/Versions/A/Frameworks/LangAnalysis.framework/Versions/A/LangAnalysis
0x00007fff2bd80000 	/System/Library/Frameworks/ApplicationServices.framework/Versions/A/Frameworks/PrintCore.framework/Versions/A/PrintCore
0x00007fff2d0ce000 	/System/Library/Frameworks/ApplicationServices.framework/Versions/A/Frameworks/QD.framework/Versions/A/QD
0x00007fff2cda4000 	/System/Library/Frameworks/ApplicationServices.framework/Versions/A/Frameworks/SpeechSynthesis.framework/Versions/A/SpeechSynthesis
0x00007fff2bd41000 	/System/Library/Frameworks/ApplicationServices.framework/Versions/A/Frameworks/ATSUI.framework/Versions/A/ATSUI
0x00007fff2d04b000 	/usr/lib/libcups.2.dylib
0x00007fff2d0bb000 	/System/Library/PrivateFrameworks/NetAuth.framework/Versions/A/NetAuth
0x00007fff2d765000 	/System/Library/Frameworks/Kerberos.framework/Versions/A/Kerberos
0x00007fff2d775000 	/System/Library/Frameworks/GSS.framework/Versions/A/GSS
0x00007fff2ce20000 	/usr/lib/libresolv.9.dylib
0x00007fff2b6b9000 	/System/Library/PrivateFrameworks/Heimdal.framework/Versions/A/Heimdal
0x00007fff334ec000 	/System/Library/Frameworks/Kerberos.framework/Versions/A/Libraries/libHeimdalProxy.dylib
0x00007fff262c5000 	/System/Library/Frameworks/Network.framework/Versions/A/Network
0x00007fff2b0d2000 	/usr/lib/libheimdal-asn1.dylib
0x00007fff2d7c5000 	/System/Library/PrivateFrameworks/CommonAuth.framework/Versions/A/CommonAuth
0x00007fff2732c000 	/System/Library/PrivateFrameworks/login.framework/Versions/A/Frameworks/loginsupport.framework/Versions/A/loginsupport
0x00007fff2cd29000 	/System/Library/PrivateFrameworks/AudioSession.framework/Versions/A/AudioSession
0x00007fff2cd91000 	/usr/lib/libAudioStatistics.dylib
0x00007fff2b15f000 	/System/Library/PrivateFrameworks/MediaExperience.framework/Versions/A/MediaExperience
0x00007fff2cbc6000 	/System/Library/PrivateFrameworks/AudioSession.framework/libSessionUtility.dylib
0x00007fff2d756000 	/usr/lib/libperfcheck.dylib
0x00007fff2d0da000 	/System/Library/PrivateFrameworks/AudioResourceArbitration.framework/Versions/A/AudioResourceArbitration
0x00007fff2b0dc000 	/System/Library/PrivateFrameworks/IconFoundation.framework/Versions/A/IconFoundation
0x00007fff2fbfc000 	/System/Library/PrivateFrameworks/SpeechRecognitionCore.framework/Versions/A/SpeechRecognitionCore
0x00007fff5dca5000 	/System/Library/CoreServices/Encodings/libSimplifiedChineseConverter.dylib
0x000000010f000000 	/Library/Java/JavaVirtualMachines/jdk1.8.0_271.jdk/Contents/Home/jre/lib/server/libjvm.dylib
0x000000010a8ee000 	/Library/Java/JavaVirtualMachines/jdk1.8.0_271.jdk/Contents/Home/jre/lib/libverify.dylib
0x000000010a8ff000 	/Library/Java/JavaVirtualMachines/jdk1.8.0_271.jdk/Contents/Home/jre/lib/libjava.dylib
0x000000010a97c000 	/Library/Java/JavaVirtualMachines/jdk1.8.0_271.jdk/Contents/Home/jre/lib/libzip.dylib
0x000000010afe3000 	/Library/Java/JavaVirtualMachines/jdk1.8.0_271.jdk/Contents/Home/jre/lib/libnet.dylib
0x0000000118b65000 	/Library/Java/JavaVirtualMachines/jdk1.8.0_271.jdk/Contents/Home/jre/lib/libnio.dylib
0x000000012cc82000 	/Users/cathy/Library/Caches/JNA/temp/jna2206632332913040771.tmp
0x00007fff6f6f2000 	/System/Library/Frameworks/JavaVM.framework/Versions/A/JavaVM
0x000000012d89a000 	/Library/Java/JavaVirtualMachines/jdk1.8.0_271.jdk/Contents/Home/jre/lib/libmanagement.dylib
0x000000012e38b000 	/Library/Java/JavaVirtualMachines/jdk1.8.0_271.jdk/Contents/Home/jre/lib/libsunec.dylib
0x000000012ee2f000 	/Users/cathy/.sbt/1.0/swoval-jni/2582951828918012726-libswoval-files0.dylib
0x00007fff3d14e000 	/System/Library/Frameworks/Carbon.framework/Versions/A/Carbon
0x00007fff36454000 	/System/Library/Frameworks/Carbon.framework/Versions/A/Frameworks/CommonPanels.framework/Versions/A/CommonPanels
0x00007fff32fa7000 	/System/Library/Frameworks/Carbon.framework/Versions/A/Frameworks/Help.framework/Versions/A/Help
0x00007fff36458000 	/System/Library/Frameworks/Carbon.framework/Versions/A/Frameworks/ImageCapture.framework/Versions/A/ImageCapture
0x00007fff36430000 	/System/Library/Frameworks/Carbon.framework/Versions/A/Frameworks/OpenScripting.framework/Versions/A/OpenScripting
0x00007fff36450000 	/System/Library/Frameworks/Carbon.framework/Versions/A/Frameworks/Ink.framework/Versions/A/Ink
0x00007fff3d14a000 	/System/Library/Frameworks/Carbon.framework/Versions/A/Frameworks/Print.framework/Versions/A/Print
0x00007fff3644c000 	/System/Library/Frameworks/Carbon.framework/Versions/A/Frameworks/SecurityHI.framework/Versions/A/SecurityHI

VM Arguments:
jvm_args: -Xms2048m -Xmx2048m -XX:ReservedCodeCacheSize=256m -Xmx4G -Xss4m 
java_command: build/sbt-launch-1.4.5.jar
java_class_path (initial): build/sbt-launch-1.4.5.jar
Launcher Type: SUN_STANDARD

Environment Variables:
JAVA_HOME=/Library/Java/JavaVirtualMachines/jdk1.8.0_271.jdk/Contents/Home
PATH=/usr/local/bin:/usr/bin:/bin:/usr/sbin:/sbin
SHELL=/bin/zsh

Signal Handlers:
SIGSEGV: [libjvm.dylib+0x5a0dcb], sa_mask[0]=11111111011111110111111111111111, sa_flags=SA_ONSTACK|SA_RESTART|SA_SIGINFO
SIGBUS: [libjvm.dylib+0x5a0dcb], sa_mask[0]=11111111011111110111111111111111, sa_flags=SA_RESTART|SA_SIGINFO
SIGFPE: [libjvm.dylib+0x491731], sa_mask[0]=11111111011111110111111111111111, sa_flags=SA_RESTART|SA_SIGINFO
SIGPIPE: [libjvm.dylib+0x491731], sa_mask[0]=11111111011111110111111111111111, sa_flags=SA_RESTART|SA_SIGINFO
SIGXFSZ: [libjvm.dylib+0x491731], sa_mask[0]=11111111011111110111111111111111, sa_flags=SA_RESTART|SA_SIGINFO
SIGILL: [libjvm.dylib+0x491731], sa_mask[0]=11111111011111110111111111111111, sa_flags=SA_RESTART|SA_SIGINFO
SIGUSR1: SIG_DFL, sa_mask[0]=00000000000000000000000000000000, sa_flags=SA_RESTART
SIGUSR2: [libjvm.dylib+0x49202a], sa_mask[0]=00000000000000000000000000000000, sa_flags=SA_RESTART|SA_SIGINFO
SIGHUP: [libjvm.dylib+0x490239], sa_mask[0]=11111111011111110111111111111111, sa_flags=SA_RESTART|SA_SIGINFO
SIGINT: [libjvm.dylib+0x490239], sa_mask[0]=11111111011111110111111111111111, sa_flags=SA_RESTART|SA_SIGINFO
SIGTERM: [libjvm.dylib+0x490239], sa_mask[0]=11111111011111110111111111111111, sa_flags=SA_RESTART|SA_SIGINFO
SIGQUIT: [libjvm.dylib+0x490239], sa_mask[0]=11111111011111110111111111111111, sa_flags=SA_RESTART|SA_SIGINFO


---------------  S Y S T E M  ---------------

OS:Bsduname:Darwin 20.2.0 Darwin Kernel Version 20.2.0: Wed Dec  2 20:39:59 PST 2020; root:xnu-7195.60.75~1/RELEASE_X86_64 x86_64
rlimit: STACK 8192k, CORE 0k, NPROC 2784, NOFILE 10240, AS infinity
load average:14.44 11.13 9.44

CPU:total 8 (initial active 8) (4 cores per cpu, 2 threads per core) family 6 model 70 stepping 1, cmov, cx8, fxsr, mmx, sse, sse2, sse3, ssse3, sse4.1, sse4.2, popcnt, avx, avx2, aes, clmul, erms, lzcnt, ht, tsc, tscinvbit, bmi1, bmi2

Memory: 4k page, physical 16777216k(3454260k free)

/proc/meminfo:


vm_info: Java HotSpot(TM) 64-Bit Server VM (25.271-b09) for bsd-amd64 JRE (1.8.0_271-b09), built on Sep 16 2020 16:54:38 by "java_re" with gcc 4.2.1 Compatible Apple LLVM 10.0.0 (clang-1000.11.45.5)

time: Wed Dec 23 13:59:10 2020
timezone: CST
elapsed time: 842.700175 seconds (0d 0h 14m 2s)

