#
# A fatal error has been detected by the Java Runtime Environment:
#
#  SIGSEGV (0xb) at pc=0x00007fe4fb496dac, pid=28113, tid=140620376168192
#
# JRE version: Java(TM) SE Runtime Environment (8.0_45-b14) (build 1.8.0_45-b14)
# Java VM: Java HotSpot(TM) 64-Bit Server VM (25.45-b02 mixed mode linux-amd64 compressed oops)
# Problematic frame:
# V  [libjvm.so+0x5d5dac]  PhaseCFG::schedule_early(VectorSet&, Node_List&)+0x16c
#
# Failed to write core dump. Core dumps have been disabled. To enable core dumping, try "ulimit -c unlimited" before starting Java again
#
# If you would like to submit a bug report, please visit:
#   http://bugreport.java.com/bugreport/crash.jsp
#

---------------  T H R E A D  ---------------

Current thread (0x00007fe4f420a800):  JavaThread "C2 CompilerThread1" daemon [_thread_in_native, id=28128, stack(0x00007fe4bb81d000,0x00007fe4bb91e000)]

siginfo: si_signo: 11 (SIGSEGV), si_code: 128 (SI_KERNEL), si_addr: 0x0000000000000000

Registers:
RAX=0x00007fe4b0cb0840, RBX=0x0000000000000000, RCX=0x00007fe4bb919780, RDX=0x00007fe4f5aacae0
RSP=0x00007fe4bb9196b0, RBP=0x00007fe4bb919720, RSI=0x0000000000008000, RDI=0x00007fe4b0cb0740
R8 =0x00007fe4a89cff60, R9 =0x0000000000000004, R10=0x0000000000000004, R11=0x00007fe4fb2c4010
R12=0x00c07fe4b0cb1040, R13=0x00007fe4b0cb07f0, R14=0x0000000000000004, R15=0x00007fe4bb9197a0
RIP=0x00007fe4fb496dac, EFLAGS=0x0000000000010202, CSGSFS=0x0000000000000033, ERR=0x0000000000000000
  TRAPNO=0x000000000000000d

Top of Stack: (sp=0x00007fe4bb9196b0)
0x00007fe4bb9196b0:   00007fe4bb9196d0 00007fe4bb919780
0x00007fe4bb9196c0:   00007fe4bb91af80 00007fe4bb91afd8
0x00007fe4bb9196d0:   00007fe4b0b25700 00007fe4b0b2d790
0x00007fe4bb9196e0:   00007fe4b0b25710 00007fe4f401bc80
0x00007fe4bb9196f0:   00007fe4bb919720 00000000000007c6
0x00007fe4bb919700:   00007fe4bb9197a0 00007fe4bb91af80
0x00007fe4bb919710:   00007fe4bb919780 00007fe4f401bc80
0x00007fe4bb919720:   00007fe4bb919810 00007fe4fb49a7bd
0x00007fe4bb919730:   00007fe400000008 00007fe4f5abd600
0x00007fe4bb919740:   00007fe4f5abf610 00007fe4f5ac55e8
0x00007fe4bb919750:   000000000026adc0 00007fe4b0e2a520
0x00007fe4bb919760:   00007fe4a89c1bd0 0000000000000002
0x00007fe4bb919770:   00007fe4bb9197c0 00007fe4bb9197c0
0x00007fe4bb919780:   00007fe4f401bc80 00007fe400000800
0x00007fe4bb919790:   00007fe4f5aacae0 00007fe400000030
0x00007fe4bb9197a0:   00007fe4fbe0c6d0 00007fe4f401bc80
0x00007fe4bb9197b0:   0000000100000080 00007fe4b1035110
0x00007fe4bb9197c0:   00007fe400000080 00007fe4f401bc80
0x00007fe4bb9197d0:   00007fe4a89bc920 0000000000000000
0x00007fe4bb9197e0:   00007fe4bb919840 00007fe4bb91af80
0x00007fe4bb9197f0:   00007fe4bb91a4c0 00007fe4bb919840
0x00007fe4bb919800:   00007fe4bb91af80 00007fe4fbe29f20
0x00007fe4bb919810:   00007fe4bb919830 00007fe4fb49ac5a
0x00007fe4bb919820:   00007fe4bb91af80 00007fe4bb91bcd0
0x00007fe4bb919830:   00007fe4bb91b040 00007fe4fb35bb7d
0x00007fe4bb919840:   00007fe4fbe03d30 0000000000000005
0x00007fe4bb919850:   00007fe4bb91bcd0 00007fe4f401bc80
0x00007fe4bb919860:   00007fe4f401bc80 0000000000004000
0x00007fe4bb919870:   00007fe4b0dc4720 00007fe4f401bc80
0x00007fe4bb919880:   0000000000004000 00007fe4b0df24d0
0x00007fe4bb919890:   0000000000000000 0000000000000000
0x00007fe4bb9198a0:   0000000000000000 0000000000000000 

Instructions: (pc=0x00007fe4fb496dac)
0x00007fe4fb496d8c:   89 c0 31 db 4c 8b 2c c2 85 db 0f 85 24 01 00 00
0x00007fe4fb496d9c:   49 8b 45 08 4c 8b 20 4d 85 e4 0f 84 c4 02 00 00
0x00007fe4fb496dac:   49 8b 04 24 4c 89 e7 ff 50 20 48 85 c0 0f 84 01
0x00007fe4fb496dbc:   01 00 00 49 39 c5 66 0f 1f 44 00 00 0f 84 f2 00 

Register to memory mapping:

RAX=0x00007fe4b0cb0840 is an unknown value
RBX=0x0000000000000000 is an unknown value
RCX=0x00007fe4bb919780 is pointing into the stack for thread: 0x00007fe4f420a800
RDX=0x00007fe4f5aacae0 is an unknown value
RSP=0x00007fe4bb9196b0 is pointing into the stack for thread: 0x00007fe4f420a800
RBP=0x00007fe4bb919720 is pointing into the stack for thread: 0x00007fe4f420a800
RSI=0x0000000000008000 is an unknown value
RDI=0x00007fe4b0cb0740 is an unknown value
R8 =0x00007fe4a89cff60 is an unknown value
R9 =0x0000000000000004 is an unknown value
R10=0x0000000000000004 is an unknown value
R11=0x00007fe4fb2c4010: <offset 0x403010> in /shared/jdk1.8.0_45/jre/lib/amd64/server/libjvm.so at 0x00007fe4faec1000
R12=0x00c07fe4b0cb1040 is an unknown value
R13=0x00007fe4b0cb07f0 is an unknown value
R14=0x0000000000000004 is an unknown value
R15=0x00007fe4bb9197a0 is pointing into the stack for thread: 0x00007fe4f420a800


Stack: [0x00007fe4bb81d000,0x00007fe4bb91e000],  sp=0x00007fe4bb9196b0,  free space=1009k
Native frames: (J=compiled Java code, j=interpreted, Vv=VM code, C=native code)
V  [libjvm.so+0x5d5dac]  PhaseCFG::schedule_early(VectorSet&, Node_List&)+0x16c
V  [libjvm.so+0x5d97bd]  PhaseCFG::global_code_motion()+0x1ad
V  [libjvm.so+0x5d9c5a]  PhaseCFG::do_global_code_motion()+0x4a
V  [libjvm.so+0x49ab7d]  Compile::Code_Gen()+0x1fd
V  [libjvm.so+0x49e032]  Compile::Compile(ciEnv*, C2Compiler*, ciMethod*, int, bool, bool, bool)+0x14b2
V  [libjvm.so+0x3ebeb8]  C2Compiler::compile_method(ciEnv*, ciMethod*, int)+0x198
V  [libjvm.so+0x4a843a]  CompileBroker::invoke_compiler_on_method(CompileTask*)+0xc9a
V  [libjvm.so+0x4a93e6]  CompileBroker::compiler_thread_loop()+0x5d6
V  [libjvm.so+0xa5c86f]  JavaThread::thread_main_inner()+0xdf
V  [libjvm.so+0xa5c99c]  JavaThread::run()+0x11c
V  [libjvm.so+0x910de8]  java_start(Thread*)+0x108
C  [libpthread.so.0+0x8182]  start_thread+0xc2


Current CompileTask:
C2:   1724 2892       4       scala.collection.immutable.HashMap$HashTrieMap::updated0 (240 bytes)


---------------  P R O C E S S  ---------------

Java Threads: ( => current thread )
  0x00007fe4f5ae6800 JavaThread "pool-2-thread-2" [_thread_blocked, id=28151, stack(0x00007fe4b9e15000,0x00007fe4b9f16000)]
  0x00007fe4f5a79800 JavaThread "pool-2-thread-1" [_thread_blocked, id=28150, stack(0x00007fe4b9c13000,0x00007fe4b9d14000)]
  0x00007fe4f484f000 JavaThread "process reaper" daemon [_thread_blocked, id=28135, stack(0x00007fe4bac43000,0x00007fe4bac7c000)]
  0x00007fe4f421b800 JavaThread "Service Thread" daemon [_thread_blocked, id=28131, stack(0x00007fe4bb51a000,0x00007fe4bb61b000)]
  0x00007fe4f420e800 JavaThread "C1 CompilerThread3" daemon [_thread_in_native, id=28130, stack(0x00007fe4bb61b000,0x00007fe4bb71c000)]
  0x00007fe4f420c800 JavaThread "C2 CompilerThread2" daemon [_thread_in_native, id=28129, stack(0x00007fe4bb71c000,0x00007fe4bb81d000)]
=>0x00007fe4f420a800 JavaThread "C2 CompilerThread1" daemon [_thread_in_native, id=28128, stack(0x00007fe4bb81d000,0x00007fe4bb91e000)]
  0x00007fe4f4207800 JavaThread "C2 CompilerThread0" daemon [_thread_in_native, id=28127, stack(0x00007fe4cc0e1000,0x00007fe4cc1e2000)]
  0x00007fe4f4206000 JavaThread "Signal Dispatcher" daemon [_thread_blocked, id=28126, stack(0x00007fe4cc1e2000,0x00007fe4cc2e3000)]
  0x00007fe4f41ce000 JavaThread "Finalizer" daemon [_thread_blocked, id=28125, stack(0x00007fe4cc2e3000,0x00007fe4cc3e4000)]
  0x00007fe4f41cc000 JavaThread "Reference Handler" daemon [_thread_blocked, id=28124, stack(0x00007fe4cc3e4000,0x00007fe4cc4e5000)]
  0x00007fe4f4009800 JavaThread "main" [_thread_in_Java, id=28114, stack(0x00007fe4fc98e000,0x00007fe4fca8f000)]

Other Threads:
  0x00007fe4f41c7000 VMThread [stack: 0x00007fe4cc4e5000,0x00007fe4cc5e6000] [id=28123]
  0x00007fe4f421e000 WatcherThread [stack: 0x00007fe4bb419000,0x00007fe4bb51a000] [id=28132]

VM state:not at safepoint (normal execution)

VM Mutex/Monitor currently owned by a thread: None

Heap:
 PSYoungGen      total 305664K, used 111851K [0x00000000eab00000, 0x0000000100000000, 0x0000000100000000)
  eden space 262144K, 42% used [0x00000000eab00000,0x00000000f183ad88,0x00000000fab00000)
  from space 43520K, 0% used [0x00000000fab00000,0x00000000fab00000,0x00000000fd580000)
  to   space 43520K, 0% used [0x00000000fd580000,0x00000000fd580000,0x0000000100000000)
 ParOldGen       total 699392K, used 14876K [0x00000000c0000000, 0x00000000eab00000, 0x00000000eab00000)
  object space 699392K, 2% used [0x00000000c0000000,0x00000000c0e870e8,0x00000000eab00000)
 Metaspace       used 28527K, capacity 28862K, committed 29184K, reserved 1073152K
  class space    used 5449K, capacity 5519K, committed 5632K, reserved 1048576K

Card table byte_map: [0x00007fe4f9720000,0x00007fe4f9921000] byte_map_base: 0x00007fe4f9120000

Marking Bits: (ParMarkBitMap*) 0x00007fe4fbe5e760
 Begin Bits: [0x00007fe4ce000000, 0x00007fe4cf000000)
 End Bits:   [0x00007fe4cf000000, 0x00007fe4d0000000)

Polling page: 0x00007fe4fcaa6000

CodeCache: size=131072Kb used=7696Kb max_used=7696Kb free=123375Kb
 bounds [0x00007fe4ec000000, 0x00007fe4ec790000, 0x00007fe4f4000000]
 total_blobs=3373 nmethods=2972 adapters=312
 compilation: enabled

Compilation events (10 events):
Event: 1.718 Thread 0x00007fe4f420e800 nmethod 2964 0x00007fe4ec77d690 code [0x00007fe4ec77d800, 0x00007fe4ec77dae8]
Event: 1.718 Thread 0x00007fe4f420e800 2965       3       sbt.std.Transform$$anon$3::inline (57 bytes)
Event: 1.718 Thread 0x00007fe4f420e800 nmethod 2965 0x00007fe4ec77db90 code [0x00007fe4ec77dd40, 0x00007fe4ec77e4b0]
Event: 1.718 Thread 0x00007fe4f420e800 2966       1       sbt.Execute$State$::Done (5 bytes)
Event: 1.718 Thread 0x00007fe4f420e800 nmethod 2966 0x00007fe4ec77e710 code [0x00007fe4ec77e860, 0x00007fe4ec77e970]
Event: 1.718 Thread 0x00007fe4f420e800 2967       3       sbt.Execute::atState (44 bytes)
Event: 1.718 Thread 0x00007fe4f420e800 nmethod 2967 0x00007fe4ec77e9d0 code [0x00007fe4ec77eb80, 0x00007fe4ec77f0f8]
Event: 1.718 Thread 0x00007fe4f420e800 2969       3       sbt.Execute::dependencies (32 bytes)
Event: 1.719 Thread 0x00007fe4f420e800 nmethod 2969 0x00007fe4ec77f350 code [0x00007fe4ec77f580, 0x00007fe4ec7801c8]
Event: 1.719 Thread 0x00007fe4f420e800 2972       3       java.util.IdentityHashMap::put (137 bytes)

GC Heap History (4 events):
Event: 0.886 GC heap before
{Heap before GC invocations=1 (full 0):
 PSYoungGen      total 305664K, used 94402K [0x00000000eab00000, 0x0000000100000000, 0x0000000100000000)
  eden space 262144K, 36% used [0x00000000eab00000,0x00000000f0730a68,0x00000000fab00000)
  from space 43520K, 0% used [0x00000000fd580000,0x00000000fd580000,0x0000000100000000)
  to   space 43520K, 0% used [0x00000000fab00000,0x00000000fab00000,0x00000000fd580000)
 ParOldGen       total 699392K, used 0K [0x00000000c0000000, 0x00000000eab00000, 0x00000000eab00000)
  object space 699392K, 0% used [0x00000000c0000000,0x00000000c0000000,0x00000000eab00000)
 Metaspace       used 20934K, capacity 21202K, committed 21296K, reserved 1067008K
  class space    used 3584K, capacity 3693K, committed 3712K, reserved 1048576K
Event: 0.897 GC heap after
Heap after GC invocations=1 (full 0):
 PSYoungGen      total 305664K, used 15710K [0x00000000eab00000, 0x0000000100000000, 0x0000000100000000)
  eden space 262144K, 0% used [0x00000000eab00000,0x00000000eab00000,0x00000000fab00000)
  from space 43520K, 36% used [0x00000000fab00000,0x00000000fba57be8,0x00000000fd580000)
  to   space 43520K, 0% used [0x00000000fd580000,0x00000000fd580000,0x0000000100000000)
 ParOldGen       total 699392K, used 16K [0x00000000c0000000, 0x00000000eab00000, 0x00000000eab00000)
  object space 699392K, 0% used [0x00000000c0000000,0x00000000c0004000,0x00000000eab00000)
 Metaspace       used 20934K, capacity 21202K, committed 21296K, reserved 1067008K
  class space    used 3584K, capacity 3693K, committed 3712K, reserved 1048576K
}
Event: 0.897 GC heap before
{Heap before GC invocations=2 (full 1):
 PSYoungGen      total 305664K, used 15710K [0x00000000eab00000, 0x0000000100000000, 0x0000000100000000)
  eden space 262144K, 0% used [0x00000000eab00000,0x00000000eab00000,0x00000000fab00000)
  from space 43520K, 36% used [0x00000000fab00000,0x00000000fba57be8,0x00000000fd580000)
  to   space 43520K, 0% used [0x00000000fd580000,0x00000000fd580000,0x0000000100000000)
 ParOldGen       total 699392K, used 16K [0x00000000c0000000, 0x00000000eab00000, 0x00000000eab00000)
  object space 699392K, 0% used [0x00000000c0000000,0x00000000c0004000,0x00000000eab00000)
 Metaspace       used 20934K, capacity 21202K, committed 21296K, reserved 1067008K
  class space    used 3584K, capacity 3693K, committed 3712K, reserved 1048576K
Event: 0.919 GC heap after
Heap after GC invocations=2 (full 1):
 PSYoungGen      total 305664K, used 0K [0x00000000eab00000, 0x0000000100000000, 0x0000000100000000)
  eden space 262144K, 0% used [0x00000000eab00000,0x00000000eab00000,0x00000000fab00000)
  from space 43520K, 0% used [0x00000000fab00000,0x00000000fab00000,0x00000000fd580000)
  to   space 43520K, 0% used [0x00000000fd580000,0x00000000fd580000,0x0000000100000000)
 ParOldGen       total 699392K, used 14876K [0x00000000c0000000, 0x00000000eab00000, 0x00000000eab00000)
  object space 699392K, 2% used [0x00000000c0000000,0x00000000c0e870e8,0x00000000eab00000)
 Metaspace       used 20934K, capacity 21202K, committed 21296K, reserved 1067008K
  class space    used 3584K, capacity 3693K, committed 3712K, reserved 1048576K
}

Deoptimization events (10 events):
Event: 1.504 Thread 0x00007fe4f57c7800 Uncommon trap: reason=unstable_if action=reinterpret pc=0x00007fe4ec56bedc method=java.net.URI.needsNormalization(Ljava/lang/String;)I @ 62
Event: 1.506 Thread 0x00007fe490006800 Uncommon trap: reason=unstable_if action=reinterpret pc=0x00007fe4ec54e4c0 method=java.net.URI.match(CJJ)Z @ 45
Event: 1.506 Thread 0x00007fe490006800 Uncommon trap: reason=unstable_if action=reinterpret pc=0x00007fe4ec1cccec method=java.net.URI.match(CJJ)Z @ 19
Event: 1.532 Thread 0x00007fe4f4009800 Uncommon trap: reason=bimorphic action=maybe_recompile pc=0x00007fe4ec66f6f8 method=scala.collection.immutable.HashMap$HashMap1.get0(Ljava/lang/Object;II)Lscala/Option; @ 73
Event: 1.532 Thread 0x00007fe4f4009800 Uncommon trap: reason=bimorphic action=maybe_recompile pc=0x00007fe4ec66f6f8 method=scala.collection.immutable.HashMap$HashMap1.get0(Ljava/lang/Object;II)Lscala/Option; @ 73
Event: 1.532 Thread 0x00007fe4f4009800 Uncommon trap: reason=bimorphic action=maybe_recompile pc=0x00007fe4ec66f6f8 method=scala.collection.immutable.HashMap$HashMap1.get0(Ljava/lang/Object;II)Lscala/Option; @ 73
Event: 1.532 Thread 0x00007fe4f4009800 Uncommon trap: reason=bimorphic action=maybe_recompile pc=0x00007fe4ec66f6f8 method=scala.collection.immutable.HashMap$HashMap1.get0(Ljava/lang/Object;II)Lscala/Option; @ 73
Event: 1.556 Thread 0x00007fe4f4009800 Uncommon trap: reason=unstable_if action=reinterpret pc=0x00007fe4ec6d977c method=scala.collection.immutable.HashMap$HashMap1.get0(Ljava/lang/Object;II)Lscala/Option; @ 17
Event: 1.669 Thread 0x00007fe4f4009800 Uncommon trap: reason=class_check action=maybe_recompile pc=0x00007fe4ec61e6d8 method=scala.collection.TraversableLike$class.builder$2(Lscala/collection/TraversableLike;Lscala/collection/generic/CanBuildFrom;)Lscala/collection/mutable/Builder; @ 7
Event: 1.680 Thread 0x00007fe4f4009800 Uncommon trap: reason=bimorphic action=maybe_recompile pc=0x00007fe4ec61e720 method=scala.collection.TraversableLike$class.flatMap(Lscala/collection/TraversableLike;Lscala/Function1;Lscala/collection/generic/CanBuildFrom;)Ljava/lang/Object; @ 23

Internal exceptions (10 events):
Event: 0.994 Thread 0x00007fe4f4009800 Exception <a 'java/lang/ClassNotFoundException': scala/reflect/ScalaLongSignature> (0x00000000eae00d70) thrown at [/RE-WORK/workspace/8-2-build-linux-amd64/jdk8u45/3457/hotspot/src/share/vm/classfile/systemDictionary.cpp, line 210]
Event: 0.998 Thread 0x00007fe4f4009800 Exception <a 'java/lang/ArrayIndexOutOfBoundsException'> (0x00000000eae1c170) thrown at [/RE-WORK/workspace/8-2-build-linux-amd64/jdk8u45/3457/hotspot/src/share/vm/runtime/sharedRuntime.cpp, line 605]
Event: 0.998 Thread 0x00007fe4f4009800 Exception <a 'java/lang/ArrayIndexOutOfBoundsException'> (0x00000000eae1d308) thrown at [/RE-WORK/workspace/8-2-build-linux-amd64/jdk8u45/3457/hotspot/src/share/vm/runtime/sharedRuntime.cpp, line 605]
Event: 0.998 Thread 0x00007fe4f4009800 Exception <a 'java/lang/ClassNotFoundException': scala/reflect/ScalaSignature> (0x00000000eae20f60) thrown at [/RE-WORK/workspace/8-2-build-linux-amd64/jdk8u45/3457/hotspot/src/share/vm/classfile/systemDictionary.cpp, line 210]
Event: 0.998 Thread 0x00007fe4f4009800 Exception <a 'java/lang/ClassNotFoundException': scala/reflect/ScalaLongSignature> (0x00000000eae21808) thrown at [/RE-WORK/workspace/8-2-build-linux-amd64/jdk8u45/3457/hotspot/src/share/vm/classfile/systemDictionary.cpp, line 210]
Event: 1.000 Thread 0x00007fe4f4009800 Exception <a 'java/lang/ClassNotFoundException': scala/reflect/ScalaSignature> (0x00000000eae2ff98) thrown at [/RE-WORK/workspace/8-2-build-linux-amd64/jdk8u45/3457/hotspot/src/share/vm/classfile/systemDictionary.cpp, line 210]
Event: 1.001 Thread 0x00007fe4f4009800 Exception <a 'java/lang/ClassNotFoundException': scala/reflect/ScalaLongSignature> (0x00000000eae30840) thrown at [/RE-WORK/workspace/8-2-build-linux-amd64/jdk8u45/3457/hotspot/src/share/vm/classfile/systemDictionary.cpp, line 210]
Event: 1.002 Thread 0x00007fe4f4009800 Exception <a 'java/lang/ClassNotFoundException': scala/reflect/ScalaSignature> (0x00000000eae3eee8) thrown at [/RE-WORK/workspace/8-2-build-linux-amd64/jdk8u45/3457/hotspot/src/share/vm/classfile/systemDictionary.cpp, line 210]
Event: 1.002 Thread 0x00007fe4f4009800 Exception <a 'java/lang/ClassNotFoundException': scala/reflect/ScalaLongSignature> (0x00000000eae3f8e0) thrown at [/RE-WORK/workspace/8-2-build-linux-amd64/jdk8u45/3457/hotspot/src/share/vm/classfile/systemDictionary.cpp, line 210]
Event: 1.003 Thread 0x00007fe4f4009800 Exception <a 'java/lang/ArrayIndexOutOfBoundsException'> (0x00000000eae44768) thrown at [/RE-WORK/workspace/8-2-build-linux-amd64/jdk8u45/3457/hotspot/src/share/vm/runtime/sharedRuntime.cpp, line 605]

Events (10 events):
Event: 1.715 loading class sbt/Result$
Event: 1.715 loading class sbt/Result$ done
Event: 1.716 loading class sbt/Result$$anon$1
Event: 1.716 loading class sbt/Result$$anon$1 done
Event: 1.716 loading class sbt/DependsOn
Event: 1.716 loading class sbt/DependsOn done
Event: 1.718 loading class sbt/Defaults$$anonfun$unmanagedScalaInstanceOnly$1$$anonfun$apply$13
Event: 1.718 loading class sbt/Defaults$$anonfun$unmanagedScalaInstanceOnly$1$$anonfun$apply$13 done
Event: 1.720 loading class sbt/Classpaths$$anonfun$bootRepositories$1
Event: 1.720 loading class sbt/Classpaths$$anonfun$bootRepositories$1 done


Dynamic libraries:
00400000-00401000 r-xp 00000000 08:01 23069817                           /shared/jdk1.8.0_45/bin/java
00600000-00601000 rw-p 00000000 08:01 23069817                           /shared/jdk1.8.0_45/bin/java
0185e000-0187f000 rw-p 00000000 00:00 0                                  [heap]
c0000000-100580000 rw-p 00000000 00:00 0 
100580000-140000000 ---p 00000000 00:00 0 
7fe474000000-7fe474021000 rw-p 00000000 00:00 0 
7fe474021000-7fe478000000 ---p 00000000 00:00 0 
7fe47c000000-7fe47c021000 rw-p 00000000 00:00 0 
7fe47c021000-7fe480000000 ---p 00000000 00:00 0 
7fe480000000-7fe480021000 rw-p 00000000 00:00 0 
7fe480021000-7fe484000000 ---p 00000000 00:00 0 
7fe484000000-7fe48402d000 rw-p 00000000 00:00 0 
7fe48402d000-7fe488000000 ---p 00000000 00:00 0 
7fe488000000-7fe488055000 rw-p 00000000 00:00 0 
7fe488055000-7fe48c000000 ---p 00000000 00:00 0 
7fe48c000000-7fe48c051000 rw-p 00000000 00:00 0 
7fe48c051000-7fe490000000 ---p 00000000 00:00 0 
7fe490000000-7fe490094000 rw-p 00000000 00:00 0 
7fe490094000-7fe494000000 ---p 00000000 00:00 0 
7fe494000000-7fe494021000 rw-p 00000000 00:00 0 
7fe494021000-7fe498000000 ---p 00000000 00:00 0 
7fe498000000-7fe498021000 rw-p 00000000 00:00 0 
7fe498021000-7fe49c000000 ---p 00000000 00:00 0 
7fe49c000000-7fe49c021000 rw-p 00000000 00:00 0 
7fe49c021000-7fe4a0000000 ---p 00000000 00:00 0 
7fe4a0000000-7fe4a0021000 rw-p 00000000 00:00 0 
7fe4a0021000-7fe4a4000000 ---p 00000000 00:00 0 
7fe4a4000000-7fe4a5257000 rw-p 00000000 00:00 0 
7fe4a5257000-7fe4a8000000 ---p 00000000 00:00 0 
7fe4a8000000-7fe4a89ea000 rw-p 00000000 00:00 0 
7fe4a89ea000-7fe4ac000000 ---p 00000000 00:00 0 
7fe4ac000000-7fe4ad6be000 rw-p 00000000 00:00 0 
7fe4ad6be000-7fe4b0000000 ---p 00000000 00:00 0 
7fe4b0000000-7fe4b12e0000 rw-p 00000000 00:00 0 
7fe4b12e0000-7fe4b4000000 ---p 00000000 00:00 0 
7fe4b4000000-7fe4b4021000 rw-p 00000000 00:00 0 
7fe4b4021000-7fe4b8000000 ---p 00000000 00:00 0 
7fe4b8ee9000-7fe4b93e4000 rw-p 00000000 00:00 0 
7fe4b960d000-7fe4b970f000 rw-p 00000000 00:00 0 
7fe4b970f000-7fe4b9812000 ---p 00000000 00:00 0 
7fe4b9812000-7fe4b9910000 rw-p 00000000 00:00 0 
7fe4b9910000-7fe4b9913000 ---p 00000000 00:00 0 
7fe4b9913000-7fe4b9a11000 rw-p 00000000 00:00 0 
7fe4b9a11000-7fe4b9a14000 ---p 00000000 00:00 0 
7fe4b9a14000-7fe4b9b12000 rw-p 00000000 00:00 0 
7fe4b9b12000-7fe4b9b15000 ---p 00000000 00:00 0 
7fe4b9b15000-7fe4b9c13000 rw-p 00000000 00:00 0 
7fe4b9c13000-7fe4b9c16000 ---p 00000000 00:00 0 
7fe4b9c16000-7fe4b9d14000 rw-p 00000000 00:00 0                          [stack:28150]
7fe4b9d14000-7fe4b9d17000 ---p 00000000 00:00 0 
7fe4b9d17000-7fe4b9e15000 rw-p 00000000 00:00 0 
7fe4b9e15000-7fe4b9e18000 ---p 00000000 00:00 0 
7fe4b9e18000-7fe4b9f16000 rw-p 00000000 00:00 0                          [stack:28151]
7fe4b9f16000-7fe4b9f19000 ---p 00000000 00:00 0 
7fe4b9f19000-7fe4ba017000 rw-p 00000000 00:00 0 
7fe4ba017000-7fe4ba033000 r--s 00393000 08:01 23069732                   /shared/jdk1.8.0_45/jre/lib/ext/cldrdata.jar
7fe4ba033000-7fe4ba03e000 r--s 00116000 08:01 23069730                   /shared/jdk1.8.0_45/jre/lib/ext/localedata.jar
7fe4ba03e000-7fe4ba23e000 rw-p 00000000 00:00 0 
7fe4ba23e000-7fe4ba43e000 rw-p 00000000 00:00 0 
7fe4ba43e000-7fe4ba63e000 rw-p 00000000 00:00 0 
7fe4ba63e000-7fe4ba83e000 rw-p 00000000 00:00 0 
7fe4ba83e000-7fe4baa3e000 rw-p 00000000 00:00 0 
7fe4baa3e000-7fe4bac3e000 rw-p 00000000 00:00 0 
7fe4bac3e000-7fe4bac43000 r--s 00094000 08:01 23069624                   /shared/jdk1.8.0_45/jre/lib/jsse.jar
7fe4bac43000-7fe4bac46000 ---p 00000000 00:00 0 
7fe4bac46000-7fe4bac7c000 rw-p 00000000 00:00 0                          [stack:28135]
7fe4bac7c000-7fe4bac7e000 r--s 0000b000 08:01 24511612                   /home/fan/.sbt/boot/scala-2.10.4/org.scala-sbt/sbt/0.13.7/xsbti/interface-0.13.7.jar
7fe4bac7e000-7fe4bac84000 r--s 0003d000 08:01 24382508                   /home/fan/.sbt/boot/scala-2.10.4/org.scala-sbt/sbt/0.13.7/io-0.13.7.jar
7fe4bac84000-7fe4bac86000 r--s 00006000 08:01 24382536                   /home/fan/.sbt/boot/scala-2.10.4/org.scala-sbt/sbt/0.13.7/relation-0.13.7.jar
7fe4bac86000-7fe4bac88000 r--s 0000e000 08:01 24382509                   /home/fan/.sbt/boot/scala-2.10.4/org.scala-sbt/sbt/0.13.7/logic-0.13.7.jar
7fe4bac88000-7fe4bac8a000 r--s 00013000 08:01 24382516                   /home/fan/.sbt/boot/scala-2.10.4/org.scala-sbt/sbt/0.13.7/json4s-ast_2.10-3.2.10.jar
7fe4bac8a000-7fe4bae8a000 rw-p 00000000 00:00 0 
7fe4bae8a000-7fe4bae8d000 r--s 00018000 08:01 24382538                   /home/fan/.sbt/boot/scala-2.10.4/org.scala-sbt/sbt/0.13.7/logging-0.13.7.jar
7fe4bae8d000-7fe4bae97000 r--s 00085000 08:01 24382542                   /home/fan/.sbt/boot/scala-2.10.4/org.scala-sbt/sbt/0.13.7/json4s-core_2.10-3.2.10.jar
7fe4bae97000-7fe4bae98000 r--s 0000a000 08:01 24382514                   /home/fan/.sbt/boot/scala-2.10.4/org.scala-sbt/sbt/0.13.7/tracking-0.13.7.jar
7fe4bae98000-7fe4bae9a000 r--s 00014000 08:01 24382520                   /home/fan/.sbt/boot/scala-2.10.4/org.scala-sbt/sbt/0.13.7/apply-macro-0.13.7.jar
7fe4bae9a000-7fe4bae9d000 r--s 0001d000 08:01 24382534                   /home/fan/.sbt/boot/scala-2.10.4/org.scala-sbt/sbt/0.13.7/tasks-0.13.7.jar
7fe4bae9d000-7fe4baea0000 r--s 00013000 08:01 24382522                   /home/fan/.sbt/boot/scala-2.10.4/org.scala-sbt/sbt/0.13.7/classpath-0.13.7.jar
7fe4baea0000-7fe4baea2000 r--s 00012000 08:01 24382537                   /home/fan/.sbt/boot/scala-2.10.4/org.scala-sbt/sbt/0.13.7/jawn-parser_2.10-0.6.0.jar
7fe4baea2000-7fe4baea6000 r--s 0001b000 08:01 24382525                   /home/fan/.sbt/boot/scala-2.10.4/org.scala-sbt/sbt/0.13.7/process-0.13.7.jar
7fe4baea6000-7fe4baea8000 r--s 00007000 08:01 24382530                   /home/fan/.sbt/boot/scala-2.10.4/org.scala-sbt/sbt/0.13.7/paranamer-2.6.jar
7fe4baea8000-7fe4baea9000 r--s 00005000 08:01 24382543                   /home/fan/.sbt/boot/scala-2.10.4/org.scala-sbt/sbt/0.13.7/sbt-0.13.7.jar
7fe4baea9000-7fe4baeac000 r--s 0001e000 08:01 24382507                   /home/fan/.sbt/boot/scala-2.10.4/org.scala-sbt/sbt/0.13.7/run-0.13.7.jar
7fe4baeac000-7fe4baeae000 r--s 00002000 08:01 24382531                   /home/fan/.sbt/boot/scala-2.10.4/org.scala-sbt/sbt/0.13.7/test-interface-1.0.jar
7fe4baeae000-7fe4baec1000 r--s 000be000 08:01 24382517                   /home/fan/.sbt/boot/scala-2.10.4/org.scala-sbt/sbt/0.13.7/scalap-2.10.0.jar
7fe4baec1000-7fe4baecb000 r--s 00092000 08:01 24382524                   /home/fan/.sbt/boot/scala-2.10.4/org.scala-sbt/sbt/0.13.7/main-settings-0.13.7.jar
7fe4baecb000-7fe4baed0000 r--s 00023000 08:01 24382503                   /home/fan/.sbt/boot/scala-2.10.4/org.scala-sbt/sbt/0.13.7/persist-0.13.7.jar
7fe4baed0000-7fe4baed4000 r--s 00022000 08:01 24382533                   /home/fan/.sbt/boot/scala-2.10.4/org.scala-sbt/sbt/0.13.7/sbinary_2.10-0.4.2.jar
7fe4baed4000-7fe4baed7000 r--s 0000e000 08:01 24382502                   /home/fan/.sbt/boot/scala-2.10.4/org.scala-sbt/sbt/0.13.7/compiler-integration-0.13.7.jar
7fe4baed7000-7fe4baeda000 r--s 0001d000 08:01 24382513                   /home/fan/.sbt/boot/scala-2.10.4/org.scala-sbt/sbt/0.13.7/task-system-0.13.7.jar
7fe4baeda000-7fe4baee1000 r--s 00049000 08:01 24382511                   /home/fan/.sbt/boot/scala-2.10.4/org.scala-sbt/sbt/0.13.7/api-0.13.7.jar
7fe4baee1000-7fe4baef4000 r--s 000fc000 08:01 24382518                   /home/fan/.sbt/boot/scala-2.10.4/org.scala-sbt/sbt/0.13.7/ivy-0.13.7.jar
7fe4baef4000-7fe4baff1000 r--s 00cca000 08:01 24381627                   /home/fan/.sbt/boot/scala-2.10.4/lib/scala-compiler.jar
7fe4baff1000-7fe4bb002000 r-xp 00000000 08:01 23069647                   /shared/jdk1.8.0_45/jre/lib/amd64/libnio.so
7fe4bb002000-7fe4bb201000 ---p 00011000 08:01 23069647                   /shared/jdk1.8.0_45/jre/lib/amd64/libnio.so
7fe4bb201000-7fe4bb202000 rw-p 00010000 08:01 23069647                   /shared/jdk1.8.0_45/jre/lib/amd64/libnio.so
7fe4bb202000-7fe4bb218000 r-xp 00000000 08:01 23069673                   /shared/jdk1.8.0_45/jre/lib/amd64/libnet.so
7fe4bb218000-7fe4bb418000 ---p 00016000 08:01 23069673                   /shared/jdk1.8.0_45/jre/lib/amd64/libnet.so
7fe4bb418000-7fe4bb419000 rw-p 00016000 08:01 23069673                   /shared/jdk1.8.0_45/jre/lib/amd64/libnet.so
7fe4bb419000-7fe4bb41a000 ---p 00000000 00:00 0 
7fe4bb41a000-7fe4bb51a000 rw-p 00000000 00:00 0                          [stack:28132]
7fe4bb51a000-7fe4bb51d000 ---p 00000000 00:00 0 
7fe4bb51d000-7fe4bb61b000 rw-p 00000000 00:00 0                          [stack:28131]
7fe4bb61b000-7fe4bb61e000 ---p 00000000 00:00 0 
7fe4bb61e000-7fe4bb71c000 rw-p 00000000 00:00 0                          [stack:28130]
7fe4bb71c000-7fe4bb71f000 ---p 00000000 00:00 0 
7fe4bb71f000-7fe4bb81d000 rw-p 00000000 00:00 0                          [stack:28129]
7fe4bb81d000-7fe4bb820000 ---p 00000000 00:00 0 
7fe4bb820000-7fe4bb91e000 rw-p 00000000 00:00 0                          [stack:28128]
7fe4bb91e000-7fe4bc000000 r--p 00000000 08:01 25172526                   /usr/lib/locale/locale-archive
7fe4bc000000-7fe4bc021000 rw-p 00000000 00:00 0 
7fe4bc021000-7fe4c0000000 ---p 00000000 00:00 0 
7fe4c0000000-7fe4c0021000 rw-p 00000000 00:00 0 
7fe4c0021000-7fe4c4000000 ---p 00000000 00:00 0 
7fe4c4000000-7fe4c4021000 rw-p 00000000 00:00 0 
7fe4c4021000-7fe4c8000000 ---p 00000000 00:00 0 
7fe4c8000000-7fe4c8021000 rw-p 00000000 00:00 0 
7fe4c8021000-7fe4cc000000 ---p 00000000 00:00 0 
7fe4cc000000-7fe4cc002000 r--s 00001000 08:01 24382529                   /home/fan/.sbt/boot/scala-2.10.4/org.scala-sbt/sbt/0.13.7/compiler-ivy-integration-0.13.7.jar
7fe4cc002000-7fe4cc038000 r--s 002d9000 08:01 24382540                   /home/fan/.sbt/boot/scala-2.10.4/org.scala-sbt/sbt/0.13.7/scala-reflect-2.10.4.jar
7fe4cc038000-7fe4cc040000 r--s 00060000 08:01 24382527                   /home/fan/.sbt/boot/scala-2.10.4/org.scala-sbt/sbt/0.13.7/collections-0.13.7.jar
7fe4cc040000-7fe4cc042000 r--s 00001000 08:01 24382541                   /home/fan/.sbt/boot/scala-2.10.4/org.scala-sbt/sbt/0.13.7/launcher-interface-0.13.7.jar
7fe4cc042000-7fe4cc06c000 r--s 0022d000 08:01 24382512                   /home/fan/.sbt/boot/scala-2.10.4/org.scala-sbt/sbt/0.13.7/main-0.13.7.jar
7fe4cc06c000-7fe4cc06d000 r--s 00005000 08:01 24382544                   /home/fan/.sbt/boot/scala-2.10.4/org.scala-sbt/sbt/0.13.7/test-agent-0.13.7.jar
7fe4cc06d000-7fe4cc06f000 r--s 00002000 08:01 24382521                   /home/fan/.sbt/boot/scala-2.10.4/org.scala-sbt/sbt/0.13.7/control-0.13.7.jar
7fe4cc06f000-7fe4cc0e1000 r--s 0065a000 08:01 24381628                   /home/fan/.sbt/boot/scala-2.10.4/lib/scala-library.jar
7fe4cc0e1000-7fe4cc0e4000 ---p 00000000 00:00 0 
7fe4cc0e4000-7fe4cc1e2000 rw-p 00000000 00:00 0                          [stack:28127]
7fe4cc1e2000-7fe4cc1e5000 ---p 00000000 00:00 0 
7fe4cc1e5000-7fe4cc2e3000 rw-p 00000000 00:00 0                          [stack:28126]
7fe4cc2e3000-7fe4cc2e6000 ---p 00000000 00:00 0 
7fe4cc2e6000-7fe4cc3e4000 rw-p 00000000 00:00 0                          [stack:28125]
7fe4cc3e4000-7fe4cc3e7000 ---p 00000000 00:00 0 
7fe4cc3e7000-7fe4cc4e5000 rw-p 00000000 00:00 0                          [stack:28124]
7fe4cc4e5000-7fe4cc4e6000 ---p 00000000 00:00 0 
7fe4cc4e6000-7fe4d0000000 rw-p 00000000 00:00 0                          [stack:28123]
7fe4d0000000-7fe4d0021000 rw-p 00000000 00:00 0 
7fe4d0021000-7fe4d4000000 ---p 00000000 00:00 0 
7fe4d4000000-7fe4d4021000 rw-p 00000000 00:00 0 
7fe4d4021000-7fe4d8000000 ---p 00000000 00:00 0 
7fe4d8000000-7fe4d8021000 rw-p 00000000 00:00 0 
7fe4d8021000-7fe4dc000000 ---p 00000000 00:00 0 
7fe4dc000000-7fe4dc021000 rw-p 00000000 00:00 0 
7fe4dc021000-7fe4e0000000 ---p 00000000 00:00 0 
7fe4e0000000-7fe4e0021000 rw-p 00000000 00:00 0 
7fe4e0021000-7fe4e4000000 ---p 00000000 00:00 0 
7fe4e4000000-7fe4e4021000 rw-p 00000000 00:00 0 
7fe4e4021000-7fe4e8000000 ---p 00000000 00:00 0 
7fe4e8000000-7fe4e8021000 rw-p 00000000 00:00 0 
7fe4e8021000-7fe4ec000000 ---p 00000000 00:00 0 
7fe4ec000000-7fe4ec790000 rwxp 00000000 00:00 0 
7fe4ec790000-7fe4f4000000 ---p 00000000 00:00 0 
7fe4f4000000-7fe4f5af1000 rw-p 00000000 00:00 0 
7fe4f5af1000-7fe4f8000000 ---p 00000000 00:00 0 
7fe4f8000000-7fe4f8009000 r--s 00061000 08:01 24382523                   /home/fan/.sbt/boot/scala-2.10.4/org.scala-sbt/sbt/0.13.7/incremental-compiler-0.13.7.jar
7fe4f8009000-7fe4f800c000 r--s 00030000 08:01 24382539                   /home/fan/.sbt/boot/scala-2.10.4/org.scala-sbt/sbt/0.13.7/jline-2.11.jar
7fe4f800c000-7fe4f800f000 r--s 0001a000 08:01 24382528                   /home/fan/.sbt/boot/scala-2.10.4/org.scala-sbt/sbt/0.13.7/cache-0.13.7.jar
7fe4f800f000-7fe4f8014000 r--s 00036000 08:01 24382532                   /home/fan/.sbt/boot/scala-2.10.4/org.scala-sbt/sbt/0.13.7/command-0.13.7.jar
7fe4f8014000-7fe4f801c000 r--s 00057000 08:01 24382519                   /home/fan/.sbt/boot/scala-2.10.4/org.scala-sbt/sbt/0.13.7/completion-0.13.7.jar
7fe4f801c000-7fe4f801f000 r--s 00012000 08:01 24382501                   /home/fan/.sbt/boot/scala-2.10.4/org.scala-sbt/sbt/0.13.7/classfile-0.13.7.jar
7fe4f801f000-7fe4f8035000 r--s 00100000 08:01 24382506                   /home/fan/.sbt/boot/scala-2.10.4/org.scala-sbt/sbt/0.13.7/ivy-2.3.0-sbt-fccfbd44c9f64523b61398a0155784dcbaeae28f.jar
7fe4f8035000-7fe4f8039000 r--s 00034000 08:01 24382500                   /home/fan/.sbt/boot/scala-2.10.4/org.scala-sbt/sbt/0.13.7/jsch-0.1.46.jar
7fe4f8039000-7fe4f803c000 r--s 00019000 08:01 24382545                   /home/fan/.sbt/boot/scala-2.10.4/org.scala-sbt/sbt/0.13.7/compile-0.13.7.jar
7fe4f803c000-7fe4f8072000 r--s 002d9000 08:01 24381626                   /home/fan/.sbt/boot/scala-2.10.4/lib/scala-reflect.jar
7fe4f8072000-7fe4f8173000 rw-p 00000000 00:00 0 
7fe4f8173000-7fe4f834c000 r--s 03d09000 08:01 23069626                   /shared/jdk1.8.0_45/jre/lib/rt.jar
7fe4f834c000-7fe4f8dc2000 rw-p 00000000 00:00 0 
7fe4f8dc2000-7fe4f8dc3000 ---p 00000000 00:00 0 
7fe4f8dc3000-7fe4f8ec3000 rw-p 00000000 00:00 0                          [stack:28122]
7fe4f8ec3000-7fe4f8ec4000 ---p 00000000 00:00 0 
7fe4f8ec4000-7fe4f8fc4000 rw-p 00000000 00:00 0                          [stack:28121]
7fe4f8fc4000-7fe4f8fc5000 ---p 00000000 00:00 0 
7fe4f8fc5000-7fe4f90c5000 rw-p 00000000 00:00 0                          [stack:28120]
7fe4f90c5000-7fe4f90c6000 ---p 00000000 00:00 0 
7fe4f90c6000-7fe4f91c6000 rw-p 00000000 00:00 0                          [stack:28119]
7fe4f91c6000-7fe4f91c7000 ---p 00000000 00:00 0 
7fe4f91c7000-7fe4f92c7000 rw-p 00000000 00:00 0                          [stack:28118]
7fe4f92c7000-7fe4f92c8000 ---p 00000000 00:00 0 
7fe4f92c8000-7fe4f93c8000 rw-p 00000000 00:00 0                          [stack:28117]
7fe4f93c8000-7fe4f93c9000 ---p 00000000 00:00 0 
7fe4f93c9000-7fe4f94c9000 rw-p 00000000 00:00 0                          [stack:28116]
7fe4f94c9000-7fe4f94ca000 ---p 00000000 00:00 0 
7fe4f94ca000-7fe4f9940000 rw-p 00000000 00:00 0                          [stack:28115]
7fe4f9940000-7fe4f9b21000 ---p 00000000 00:00 0 
7fe4f9b21000-7fe4f9b3b000 r-xp 00000000 08:01 23069652                   /shared/jdk1.8.0_45/jre/lib/amd64/libzip.so
7fe4f9b3b000-7fe4f9d3b000 ---p 0001a000 08:01 23069652                   /shared/jdk1.8.0_45/jre/lib/amd64/libzip.so
7fe4f9d3b000-7fe4f9d3c000 rw-p 0001a000 08:01 23069652                   /shared/jdk1.8.0_45/jre/lib/amd64/libzip.so
7fe4f9d3c000-7fe4f9d47000 r-xp 00000000 08:01 4460533                    /lib/x86_64-linux-gnu/libnss_files-2.19.so
7fe4f9d47000-7fe4f9f46000 ---p 0000b000 08:01 4460533                    /lib/x86_64-linux-gnu/libnss_files-2.19.so
7fe4f9f46000-7fe4f9f47000 r--p 0000a000 08:01 4460533                    /lib/x86_64-linux-gnu/libnss_files-2.19.so
7fe4f9f47000-7fe4f9f48000 rw-p 0000b000 08:01 4460533                    /lib/x86_64-linux-gnu/libnss_files-2.19.so
7fe4f9f48000-7fe4f9f53000 r-xp 00000000 08:01 4460543                    /lib/x86_64-linux-gnu/libnss_nis-2.19.so
7fe4f9f53000-7fe4fa152000 ---p 0000b000 08:01 4460543                    /lib/x86_64-linux-gnu/libnss_nis-2.19.so
7fe4fa152000-7fe4fa153000 r--p 0000a000 08:01 4460543                    /lib/x86_64-linux-gnu/libnss_nis-2.19.so
7fe4fa153000-7fe4fa154000 rw-p 0000b000 08:01 4460543                    /lib/x86_64-linux-gnu/libnss_nis-2.19.so
7fe4fa154000-7fe4fa16b000 r-xp 00000000 08:01 4460527                    /lib/x86_64-linux-gnu/libnsl-2.19.so
7fe4fa16b000-7fe4fa36a000 ---p 00017000 08:01 4460527                    /lib/x86_64-linux-gnu/libnsl-2.19.so
7fe4fa36a000-7fe4fa36b000 r--p 00016000 08:01 4460527                    /lib/x86_64-linux-gnu/libnsl-2.19.so
7fe4fa36b000-7fe4fa36c000 rw-p 00017000 08:01 4460527                    /lib/x86_64-linux-gnu/libnsl-2.19.so
7fe4fa36c000-7fe4fa36e000 rw-p 00000000 00:00 0 
7fe4fa36e000-7fe4fa377000 r-xp 00000000 08:01 4460529                    /lib/x86_64-linux-gnu/libnss_compat-2.19.so
7fe4fa377000-7fe4fa576000 ---p 00009000 08:01 4460529                    /lib/x86_64-linux-gnu/libnss_compat-2.19.so
7fe4fa576000-7fe4fa577000 r--p 00008000 08:01 4460529                    /lib/x86_64-linux-gnu/libnss_compat-2.19.so
7fe4fa577000-7fe4fa578000 rw-p 00009000 08:01 4460529                    /lib/x86_64-linux-gnu/libnss_compat-2.19.so
7fe4fa578000-7fe4fa5a2000 r-xp 00000000 08:01 23069645                   /shared/jdk1.8.0_45/jre/lib/amd64/libjava.so
7fe4fa5a2000-7fe4fa7a2000 ---p 0002a000 08:01 23069645                   /shared/jdk1.8.0_45/jre/lib/amd64/libjava.so
7fe4fa7a2000-7fe4fa7a4000 rw-p 0002a000 08:01 23069645                   /shared/jdk1.8.0_45/jre/lib/amd64/libjava.so
7fe4fa7a4000-7fe4fa7b1000 r-xp 00000000 08:01 23069687                   /shared/jdk1.8.0_45/jre/lib/amd64/libverify.so
7fe4fa7b1000-7fe4fa9b1000 ---p 0000d000 08:01 23069687                   /shared/jdk1.8.0_45/jre/lib/amd64/libverify.so
7fe4fa9b1000-7fe4fa9b3000 rw-p 0000d000 08:01 23069687                   /shared/jdk1.8.0_45/jre/lib/amd64/libverify.so
7fe4fa9b3000-7fe4fa9ba000 r-xp 00000000 08:01 4460586                    /lib/x86_64-linux-gnu/librt-2.19.so
7fe4fa9ba000-7fe4fabb9000 ---p 00007000 08:01 4460586                    /lib/x86_64-linux-gnu/librt-2.19.so
7fe4fabb9000-7fe4fabba000 r--p 00006000 08:01 4460586                    /lib/x86_64-linux-gnu/librt-2.19.so
7fe4fabba000-7fe4fabbb000 rw-p 00007000 08:01 4460586                    /lib/x86_64-linux-gnu/librt-2.19.so
7fe4fabbb000-7fe4facc0000 r-xp 00000000 08:01 4460508                    /lib/x86_64-linux-gnu/libm-2.19.so
7fe4facc0000-7fe4faebf000 ---p 00105000 08:01 4460508                    /lib/x86_64-linux-gnu/libm-2.19.so
7fe4faebf000-7fe4faec0000 r--p 00104000 08:01 4460508                    /lib/x86_64-linux-gnu/libm-2.19.so
7fe4faec0000-7fe4faec1000 rw-p 00105000 08:01 4460508                    /lib/x86_64-linux-gnu/libm-2.19.so
7fe4faec1000-7fe4fbb6f000 r-xp 00000000 08:01 23069693                   /shared/jdk1.8.0_45/jre/lib/amd64/server/libjvm.so
7fe4fbb6f000-7fe4fbd6e000 ---p 00cae000 08:01 23069693                   /shared/jdk1.8.0_45/jre/lib/amd64/server/libjvm.so
7fe4fbd6e000-7fe4fbe45000 rw-p 00cad000 08:01 23069693                   /shared/jdk1.8.0_45/jre/lib/amd64/server/libjvm.so
7fe4fbe45000-7fe4fbe89000 rw-p 00000000 00:00 0 
7fe4fbe89000-7fe4fc044000 r-xp 00000000 08:01 4460458                    /lib/x86_64-linux-gnu/libc-2.19.so
7fe4fc044000-7fe4fc244000 ---p 001bb000 08:01 4460458                    /lib/x86_64-linux-gnu/libc-2.19.so
7fe4fc244000-7fe4fc248000 r--p 001bb000 08:01 4460458                    /lib/x86_64-linux-gnu/libc-2.19.so
7fe4fc248000-7fe4fc24a000 rw-p 001bf000 08:01 4460458                    /lib/x86_64-linux-gnu/libc-2.19.so
7fe4fc24a000-7fe4fc24f000 rw-p 00000000 00:00 0 
7fe4fc24f000-7fe4fc252000 r-xp 00000000 08:01 4460475                    /lib/x86_64-linux-gnu/libdl-2.19.so
7fe4fc252000-7fe4fc451000 ---p 00003000 08:01 4460475                    /lib/x86_64-linux-gnu/libdl-2.19.so
7fe4fc451000-7fe4fc452000 r--p 00002000 08:01 4460475                    /lib/x86_64-linux-gnu/libdl-2.19.so
7fe4fc452000-7fe4fc453000 rw-p 00003000 08:01 4460475                    /lib/x86_64-linux-gnu/libdl-2.19.so
7fe4fc453000-7fe4fc468000 r-xp 00000000 08:01 23069978                   /shared/jdk1.8.0_45/lib/amd64/jli/libjli.so
7fe4fc468000-7fe4fc668000 ---p 00015000 08:01 23069978                   /shared/jdk1.8.0_45/lib/amd64/jli/libjli.so
7fe4fc668000-7fe4fc669000 rw-p 00015000 08:01 23069978                   /shared/jdk1.8.0_45/lib/amd64/jli/libjli.so
7fe4fc669000-7fe4fc682000 r-xp 00000000 08:01 4460578                    /lib/x86_64-linux-gnu/libpthread-2.19.so
7fe4fc682000-7fe4fc881000 ---p 00019000 08:01 4460578                    /lib/x86_64-linux-gnu/libpthread-2.19.so
7fe4fc881000-7fe4fc882000 r--p 00018000 08:01 4460578                    /lib/x86_64-linux-gnu/libpthread-2.19.so
7fe4fc882000-7fe4fc883000 rw-p 00019000 08:01 4460578                    /lib/x86_64-linux-gnu/libpthread-2.19.so
7fe4fc883000-7fe4fc887000 rw-p 00000000 00:00 0 
7fe4fc887000-7fe4fc8aa000 r-xp 00000000 08:01 4460434                    /lib/x86_64-linux-gnu/ld-2.19.so
7fe4fc8aa000-7fe4fc8ab000 r--s 00001000 08:01 24382515                   /home/fan/.sbt/boot/scala-2.10.4/org.scala-sbt/sbt/0.13.7/cross-0.13.7.jar
7fe4fc8ab000-7fe4fc8b3000 r--s 00069000 08:01 24382535                   /home/fan/.sbt/boot/scala-2.10.4/org.scala-sbt/sbt/0.13.7/actions-0.13.7.jar
7fe4fc8b3000-7fe4fc8b5000 r--s 00017000 08:01 24382510                   /home/fan/.sbt/boot/scala-2.10.4/org.scala-sbt/sbt/0.13.7/testing-0.13.7.jar
7fe4fc8b5000-7fe4fc8d0000 r--s 0010d000 08:01 23071236                   /shared/sbt/bin/sbt-launch.jar
7fe4fc8d0000-7fe4fc98e000 rw-p 00000000 00:00 0 
7fe4fc98e000-7fe4fc991000 ---p 00000000 00:00 0 
7fe4fc991000-7fe4fca93000 rw-p 00000000 00:00 0                          [stack:28114]
7fe4fca93000-7fe4fca94000 r--s 00001000 08:01 24382499                   /home/fan/.sbt/boot/scala-2.10.4/org.scala-sbt/sbt/0.13.7/json4s-support_2.10-0.6.0.jar
7fe4fca94000-7fe4fca96000 r--s 0000f000 08:01 24382526                   /home/fan/.sbt/boot/scala-2.10.4/org.scala-sbt/sbt/0.13.7/json4s-native_2.10-3.2.10.jar
7fe4fca96000-7fe4fca9a000 r--s 00025000 08:01 24381624                   /home/fan/.sbt/boot/scala-2.10.4/lib/jline.jar
7fe4fca9a000-7fe4fca9d000 r--s 00018000 08:01 24381625                   /home/fan/.sbt/boot/scala-2.10.4/lib/jansi.jar
7fe4fca9d000-7fe4fcaa5000 rw-s 00000000 08:01 29894675                   /tmp/hsperfdata_fan/28113
7fe4fcaa5000-7fe4fcaa6000 rw-p 00000000 00:00 0 
7fe4fcaa6000-7fe4fcaa7000 r--p 00000000 00:00 0 
7fe4fcaa7000-7fe4fcaa9000 rw-p 00000000 00:00 0 
7fe4fcaa9000-7fe4fcaaa000 r--p 00022000 08:01 4460434                    /lib/x86_64-linux-gnu/ld-2.19.so
7fe4fcaaa000-7fe4fcaab000 rw-p 00023000 08:01 4460434                    /lib/x86_64-linux-gnu/ld-2.19.so
7fe4fcaab000-7fe4fcaac000 rw-p 00000000 00:00 0 
7fff02d92000-7fff02db3000 rw-p 00000000 00:00 0                          [stack]
7fff02dfc000-7fff02dfe000 r-xp 00000000 00:00 0                          [vdso]
7fff02dfe000-7fff02e00000 r--p 00000000 00:00 0                          [vvar]
ffffffffff600000-ffffffffff601000 r-xp 00000000 00:00 0                  [vsyscall]

VM Arguments:
jvm_args: -Xms1024m -Xmx1024m -XX:ReservedCodeCacheSize=128m -XX:MaxMetaspaceSize=256m -Dhadoop.version=2.5.2 
java_command: /shared/sbt/bin/sbt-launch.jar publish-local -Pyarn -Phadoop-2.4
java_class_path (initial): /shared/sbt/bin/sbt-launch.jar
Launcher Type: SUN_STANDARD

Environment Variables:
JAVA_HOME=/shared/java
PATH=/shared/scala/bin:/shared/java/bin:/shared/sbt/bin:/usr/local/sbin:/usr/local/bin:/usr/sbin:/usr/bin:/sbin:/bin:/usr/games:/usr/local/games
SHELL=/bin/bash
DISPLAY=:0

Signal Handlers:
SIGSEGV: [libjvm.so+0xaad1e0], sa_mask[0]=11111111011111111101111111111110, sa_flags=SA_RESTART|SA_SIGINFO
SIGBUS: [libjvm.so+0xaad1e0], sa_mask[0]=11111111011111111101111111111110, sa_flags=SA_RESTART|SA_SIGINFO
SIGFPE: [libjvm.so+0x90b450], sa_mask[0]=11111111011111111101111111111110, sa_flags=SA_RESTART|SA_SIGINFO
SIGPIPE: [libjvm.so+0x90b450], sa_mask[0]=11111111011111111101111111111110, sa_flags=SA_RESTART|SA_SIGINFO
SIGXFSZ: [libjvm.so+0x90b450], sa_mask[0]=11111111011111111101111111111110, sa_flags=SA_RESTART|SA_SIGINFO
SIGILL: [libjvm.so+0x90b450], sa_mask[0]=11111111011111111101111111111110, sa_flags=SA_RESTART|SA_SIGINFO
SIGUSR1: SIG_DFL, sa_mask[0]=00000000000000000000000000000000, sa_flags=none
SIGUSR2: [libjvm.so+0x90ca90], sa_mask[0]=00000000000000000000000000000000, sa_flags=SA_RESTART|SA_SIGINFO
SIGHUP: [libjvm.so+0x90dde0], sa_mask[0]=11111111011111111101111111111110, sa_flags=SA_RESTART|SA_SIGINFO
SIGINT: [libjvm.so+0x90dde0], sa_mask[0]=11111111011111111101111111111110, sa_flags=SA_RESTART|SA_SIGINFO
SIGTERM: [libjvm.so+0x90dde0], sa_mask[0]=11111111011111111101111111111110, sa_flags=SA_RESTART|SA_SIGINFO
SIGQUIT: [libjvm.so+0x90dde0], sa_mask[0]=11111111011111111101111111111110, sa_flags=SA_RESTART|SA_SIGINFO


---------------  S Y S T E M  ---------------

OS:DISTRIB_ID=Ubuntu
DISTRIB_RELEASE=14.04
DISTRIB_CODENAME=trusty
DISTRIB_DESCRIPTION="Ubuntu 14.04.2 LTS"

uname:Linux 3.16.0-30-generic #40~14.04.1-Ubuntu SMP Thu Jan 15 17:43:14 UTC 2015 x86_64
libc:glibc 2.19 NPTL 2.19 
rlimit: STACK 8192k, CORE 0k, NPROC 47905, NOFILE 4096, AS infinity
load average:0.39 1.19 1.45

/proc/meminfo:
MemTotal:       12285276 kB
MemFree:         3260320 kB
MemAvailable:    7372632 kB
Buffers:          302952 kB
Cached:          3639724 kB
SwapCached:         3652 kB
Active:          5742960 kB
Inactive:        2496324 kB
Active(anon):    3225048 kB
Inactive(anon):  1101188 kB
Active(file):    2517912 kB
Inactive(file):  1395136 kB
Unevictable:          32 kB
Mlocked:              32 kB
SwapTotal:      12561404 kB
SwapFree:       12416464 kB
Dirty:               128 kB
Writeback:             0 kB
AnonPages:       4296772 kB
Mapped:           203584 kB
Shmem:             29628 kB
Slab:             518764 kB
SReclaimable:     452668 kB
SUnreclaim:        66096 kB
KernelStack:       10704 kB
PageTables:        38712 kB
NFS_Unstable:          0 kB
Bounce:                0 kB
WritebackTmp:          0 kB
CommitLimit:    18704040 kB
Committed_AS:    7862628 kB
VmallocTotal:   34359738367 kB
VmallocUsed:      320664 kB
VmallocChunk:   34359285828 kB
HardwareCorrupted:     0 kB
AnonHugePages:   3297280 kB
HugePages_Total:       0
HugePages_Free:        0
HugePages_Rsvd:        0
HugePages_Surp:        0
Hugepagesize:       2048 kB
DirectMap4k:       99196 kB
DirectMap2M:    12464128 kB


CPU:total 8 (4 cores per cpu, 2 threads per core) family 6 model 42 stepping 7, cmov, cx8, fxsr, mmx, sse, sse2, sse3, ssse3, sse4.1, sse4.2, popcnt, avx, aes, clmul, ht, tsc, tscinvbit

/proc/cpuinfo:
processor	: 0
vendor_id	: GenuineIntel
cpu family	: 6
model		: 42
model name	: Intel(R) Core(TM) i7-2600K CPU @ 3.40GHz
stepping	: 7
microcode	: 0x12
cpu MHz		: 3556.187
cache size	: 8192 KB
physical id	: 0
siblings	: 8
core id		: 0
cpu cores	: 4
apicid		: 0
initial apicid	: 0
fpu		: yes
fpu_exception	: yes
cpuid level	: 13
wp		: yes
flags		: fpu vme de pse tsc msr pae mce cx8 apic sep mtrr pge mca cmov pat pse36 clflush dts acpi mmx fxsr sse sse2 ss ht tm pbe syscall nx rdtscp lm constant_tsc arch_perfmon pebs bts rep_good nopl xtopology nonstop_tsc aperfmperf eagerfpu pni pclmulqdq dtes64 monitor ds_cpl vmx est tm2 ssse3 cx16 xtpr pdcm pcid sse4_1 sse4_2 popcnt tsc_deadline_timer aes xsave avx lahf_lm ida arat epb xsaveopt pln pts dtherm tpr_shadow vnmi flexpriority ept vpid
bogomips	: 6784.27
clflush size	: 64
cache_alignment	: 64
address sizes	: 36 bits physical, 48 bits virtual
power management:

processor	: 1
vendor_id	: GenuineIntel
cpu family	: 6
model		: 42
model name	: Intel(R) Core(TM) i7-2600K CPU @ 3.40GHz
stepping	: 7
microcode	: 0x12
cpu MHz		: 3566.812
cache size	: 8192 KB
physical id	: 0
siblings	: 8
core id		: 1
cpu cores	: 4
apicid		: 2
initial apicid	: 2
fpu		: yes
fpu_exception	: yes
cpuid level	: 13
wp		: yes
flags		: fpu vme de pse tsc msr pae mce cx8 apic sep mtrr pge mca cmov pat pse36 clflush dts acpi mmx fxsr sse sse2 ss ht tm pbe syscall nx rdtscp lm constant_tsc arch_perfmon pebs bts rep_good nopl xtopology nonstop_tsc aperfmperf eagerfpu pni pclmulqdq dtes64 monitor ds_cpl vmx est tm2 ssse3 cx16 xtpr pdcm pcid sse4_1 sse4_2 popcnt tsc_deadline_timer aes xsave avx lahf_lm ida arat epb xsaveopt pln pts dtherm tpr_shadow vnmi flexpriority ept vpid
bogomips	: 6784.27
clflush size	: 64
cache_alignment	: 64
address sizes	: 36 bits physical, 48 bits virtual
power management:

processor	: 2
vendor_id	: GenuineIntel
cpu family	: 6
model		: 42
model name	: Intel(R) Core(TM) i7-2600K CPU @ 3.40GHz
stepping	: 7
microcode	: 0x12
cpu MHz		: 3556.453
cache size	: 8192 KB
physical id	: 0
siblings	: 8
core id		: 2
cpu cores	: 4
apicid		: 4
initial apicid	: 4
fpu		: yes
fpu_exception	: yes
cpuid level	: 13
wp		: yes
flags		: fpu vme de pse tsc msr pae mce cx8 apic sep mtrr pge mca cmov pat pse36 clflush dts acpi mmx fxsr sse sse2 ss ht tm pbe syscall nx rdtscp lm constant_tsc arch_perfmon pebs bts rep_good nopl xtopology nonstop_tsc aperfmperf eagerfpu pni pclmulqdq dtes64 monitor ds_cpl vmx est tm2 ssse3 cx16 xtpr pdcm pcid sse4_1 sse4_2 popcnt tsc_deadline_timer aes xsave avx lahf_lm ida arat epb xsaveopt pln pts dtherm tpr_shadow vnmi flexpriority ept vpid
bogomips	: 6784.27
clflush size	: 64
cache_alignment	: 64
address sizes	: 36 bits physical, 48 bits virtual
power management:

processor	: 3
vendor_id	: GenuineIntel
cpu family	: 6
model		: 42
model name	: Intel(R) Core(TM) i7-2600K CPU @ 3.40GHz
stepping	: 7
microcode	: 0x12
cpu MHz		: 3500.007
cache size	: 8192 KB
physical id	: 0
siblings	: 8
core id		: 3
cpu cores	: 4
apicid		: 6
initial apicid	: 6
fpu		: yes
fpu_exception	: yes
cpuid level	: 13
wp		: yes
flags		: fpu vme de pse tsc msr pae mce cx8 apic sep mtrr pge mca cmov pat pse36 clflush dts acpi mmx fxsr sse sse2 ss ht tm pbe syscall nx rdtscp lm constant_tsc arch_perfmon pebs bts rep_good nopl xtopology nonstop_tsc aperfmperf eagerfpu pni pclmulqdq dtes64 monitor ds_cpl vmx est tm2 ssse3 cx16 xtpr pdcm pcid sse4_1 sse4_2 popcnt tsc_deadline_timer aes xsave avx lahf_lm ida arat epb xsaveopt pln pts dtherm tpr_shadow vnmi flexpriority ept vpid
bogomips	: 6784.27
clflush size	: 64
cache_alignment	: 64
address sizes	: 36 bits physical, 48 bits virtual
power management:

processor	: 4
vendor_id	: GenuineIntel
cpu family	: 6
model		: 42
model name	: Intel(R) Core(TM) i7-2600K CPU @ 3.40GHz
stepping	: 7
microcode	: 0x12
cpu MHz		: 3556.851
cache size	: 8192 KB
physical id	: 0
siblings	: 8
core id		: 0
cpu cores	: 4
apicid		: 1
initial apicid	: 1
fpu		: yes
fpu_exception	: yes
cpuid level	: 13
wp		: yes
flags		: fpu vme de pse tsc msr pae mce cx8 apic sep mtrr pge mca cmov pat pse36 clflush dts acpi mmx fxsr sse sse2 ss ht tm pbe syscall nx rdtscp lm constant_tsc arch_perfmon pebs bts rep_good nopl xtopology nonstop_tsc aperfmperf eagerfpu pni pclmulqdq dtes64 monitor ds_cpl vmx est tm2 ssse3 cx16 xtpr pdcm pcid sse4_1 sse4_2 popcnt tsc_deadline_timer aes xsave avx lahf_lm ida arat epb xsaveopt pln pts dtherm tpr_shadow vnmi flexpriority ept vpid
bogomips	: 6784.27
clflush size	: 64
cache_alignment	: 64
address sizes	: 36 bits physical, 48 bits virtual
power management:

processor	: 5
vendor_id	: GenuineIntel
cpu family	: 6
model		: 42
model name	: Intel(R) Core(TM) i7-2600K CPU @ 3.40GHz
stepping	: 7
microcode	: 0x12
cpu MHz		: 3554.593
cache size	: 8192 KB
physical id	: 0
siblings	: 8
core id		: 1
cpu cores	: 4
apicid		: 3
initial apicid	: 3
fpu		: yes
fpu_exception	: yes
cpuid level	: 13
wp		: yes
flags		: fpu vme de pse tsc msr pae mce cx8 apic sep mtrr pge mca cmov pat pse36 clflush dts acpi mmx fxsr sse sse2 ss ht tm pbe syscall nx rdtscp lm constant_tsc arch_perfmon pebs bts rep_good nopl xtopology nonstop_tsc aperfmperf eagerfpu pni pclmulqdq dtes64 monitor ds_cpl vmx est tm2 ssse3 cx16 xtpr pdcm pcid sse4_1 sse4_2 popcnt tsc_deadline_timer aes xsave avx lahf_lm ida arat epb xsaveopt pln pts dtherm tpr_shadow vnmi flexpriority ept vpid
bogomips	: 6784.27
clflush size	: 64
cache_alignment	: 64
address sizes	: 36 bits physical, 48 bits virtual
power management:

processor	: 6
vendor_id	: GenuineIntel
cpu family	: 6
model		: 42
model name	: Intel(R) Core(TM) i7-2600K CPU @ 3.40GHz
stepping	: 7
microcode	: 0x12
cpu MHz		: 3507.179
cache size	: 8192 KB
physical id	: 0
siblings	: 8
core id		: 2
cpu cores	: 4
apicid		: 5
initial apicid	: 5
fpu		: yes
fpu_exception	: yes
cpuid level	: 13
wp		: yes
flags		: fpu vme de pse tsc msr pae mce cx8 apic sep mtrr pge mca cmov pat pse36 clflush dts acpi mmx fxsr sse sse2 ss ht tm pbe syscall nx rdtscp lm constant_tsc arch_perfmon pebs bts rep_good nopl xtopology nonstop_tsc aperfmperf eagerfpu pni pclmulqdq dtes64 monitor ds_cpl vmx est tm2 ssse3 cx16 xtpr pdcm pcid sse4_1 sse4_2 popcnt tsc_deadline_timer aes xsave avx lahf_lm ida arat epb xsaveopt pln pts dtherm tpr_shadow vnmi flexpriority ept vpid
bogomips	: 6784.27
clflush size	: 64
cache_alignment	: 64
address sizes	: 36 bits physical, 48 bits virtual
power management:

processor	: 7
vendor_id	: GenuineIntel
cpu family	: 6
model		: 42
model name	: Intel(R) Core(TM) i7-2600K CPU @ 3.40GHz
stepping	: 7
microcode	: 0x12
cpu MHz		: 3500.007
cache size	: 8192 KB
physical id	: 0
siblings	: 8
core id		: 3
cpu cores	: 4
apicid		: 7
initial apicid	: 7
fpu		: yes
fpu_exception	: yes
cpuid level	: 13
wp		: yes
flags		: fpu vme de pse tsc msr pae mce cx8 apic sep mtrr pge mca cmov pat pse36 clflush dts acpi mmx fxsr sse sse2 ss ht tm pbe syscall nx rdtscp lm constant_tsc arch_perfmon pebs bts rep_good nopl xtopology nonstop_tsc aperfmperf eagerfpu pni pclmulqdq dtes64 monitor ds_cpl vmx est tm2 ssse3 cx16 xtpr pdcm pcid sse4_1 sse4_2 popcnt tsc_deadline_timer aes xsave avx lahf_lm ida arat epb xsaveopt pln pts dtherm tpr_shadow vnmi flexpriority ept vpid
bogomips	: 6784.27
clflush size	: 64
cache_alignment	: 64
address sizes	: 36 bits physical, 48 bits virtual
power management:



Memory: 4k page, physical 12285276k(3260320k free), swap 12561404k(12416464k free)

vm_info: Java HotSpot(TM) 64-Bit Server VM (25.45-b02) for linux-amd64 JRE (1.8.0_45-b14), built on Apr 10 2015 10:07:45 by "java_re" with gcc 4.3.0 20080428 (Red Hat 4.3.0-8)

time: Mon Jul 27 23:16:12 2015
elapsed time: 1 seconds (0d 0h 0m 1s)

