#
# A fatal error has been detected by the Java Runtime Environment:
#
#  SIGSEGV (0xb) at pc=0x00007fe46a1af70f, pid=27050, tid=140618352224000
#
# JRE version: Java(TM) SE Runtime Environment (8.0_45-b14) (build 1.8.0_45-b14)
# Java VM: Java HotSpot(TM) 64-Bit Server VM (25.45-b02 mixed mode linux-amd64 compressed oops)
# Problematic frame:
# V  [libjvm.so+0x98170f]  ReferenceProcessor::enqueue_discovered_reflist(DiscoveredList&, HeapWord*)+0x2cf
#
# Failed to write core dump. Core dumps have been disabled. To enable core dumping, try "ulimit -c unlimited" before starting Java again
#
# If you would like to submit a bug report, please visit:
#   http://bugreport.java.com/bugreport/crash.jsp
#

---------------  T H R E A D  ---------------

Current thread (0x00007fe4641c7000):  VMThread [stack: 0x00007fe442dee000,0x00007fe442eef000] [id=27060]

siginfo: si_signo: 11 (SIGSEGV), si_code: 1 (SEGV_MAPERR), si_addr: 0x000000002006d207

Registers:
RAX=0x0000000000000018, RBX=0x000000002006d1ef, RCX=0x00007fe46a7bc258, RDX=0x00007fe46a7bdd80
RSP=0x00007fe442eed540, RBP=0x00007fe442eed590, RSI=0x00000000006b87d9, RDI=0x00007fe46401a6e0
R8 =0x0000000000000000, R9 =0x00007fe44c005210, R10=0x00007fe442eecfe0, R11=0x00007fe46b3fa948
R12=0x000000002006d1ef, R13=0x000000002006d1ef, R14=0x00007fe46a7c76d8, R15=0x00007fe46a7bc258
RIP=0x00007fe46a1af70f, EFLAGS=0x0000000000010202, CSGSFS=0x0000000000000033, ERR=0x0000000000000004
  TRAPNO=0x000000000000000e

Top of Stack: (sp=0x00007fe442eed540)
0x00007fe442eed540:   00007fe400000000 00007fe46a7bdd80
0x00007fe442eed550:   00007fe46a7bdd7c 00000000c014f5b4
0x00007fe442eed560:   00007fe4640a1fe0 00000000000000c0
0x00007fe442eed570:   00007fe4640a1eb0 0000000000000008
0x00007fe442eed580:   00000000c014f5b4 00007fe46a7bc258
0x00007fe442eed590:   00007fe442eed610 00007fe46a1aff2c
0x00007fe442eed5a0:   dc604b0000000000 0000000000000000
0x00007fe442eed5b0:   00007fe46402d300 00007fe464009800
0x00007fe442eed5c0:   00007fe46402d301 0000000000000000
0x00007fe442eed5d0:   00007fe442eed610 0000000000000001
0x00007fe442eed5e0:   00007fe464017b20 00007fe46401a6e0
0x00007fe442eed5f0:   0000000000000001 00007fe464017b20
0x00007fe442eed600:   00007fe46401ab30 00007fe46401aac0
0x00007fe442eed610:   00007fe442eed6b0 00007fe46a19dc53
0x00007fe442eed620:   000000521a934683 00007fe442eed630
0x00007fe442eed630:   00007fe46a3622e1 00007fe442ee0100
0x00007fe442eed640:   00007fe46a7cb640 0000001834caf7d6
0x00007fe442eed650:   000000521d21553c 00007fe464017b20
0x00007fe442eed660:   00007fe46a777b30 00007fe400000008
0x00007fe442eed670:   00000000c0000000 0000000005560000
0x00007fe442eed680:   00000000004a79d1 00007fe4640a22f0
0x00007fe442eed690:   00007fe4640a23a0 0000000000000000
0x00007fe442eed6a0:   00007fe4641c63a0 00007fe464017b20
0x00007fe442eed6b0:   00007fe442eed9d0 00007fe46a1a1d0f
0x00007fe442eed6c0:   0000001800000001 0000005100000001
0x00007fe442eed6d0:   0000000000000001 0000000000000001
0x00007fe442eed6e0:   000000180137ba82 00007fe442eed860
0x00007fe442eed6f0:   00007fe442eed8d0 00007fe442eed960
0x00007fe442eed700:   00007fe442eed8a0 00007fe46a7ca190
0x00007fe442eed710:   00007fe440ba5f10 00007fe46401a640
0x00007fe442eed720:   00000016641a3640 00007fe46401a890
0x00007fe442eed730:   00007fe46401a920 00007fe46401c250 

Instructions: (pc=0x00007fe46a1af70f)
0x00007fe46a1af6ef:   85 c2 5c 00 48 89 55 b8 48 89 4d c0 48 8b 0d 9e
0x00007fe46a1af6ff:   f5 5c 00 8b 02 80 39 00 0f 84 83 01 00 00 48 98
0x00007fe46a1af70f:   41 8b 14 04 85 d2 0f 84 5d 02 00 00 48 8b 05 16
0x00007fe46a1af71f:   c4 5c 00 89 d3 8b 48 08 48 d3 e3 48 03 18 48 8b 

Register to memory mapping:

RAX=0x0000000000000018 is an unknown value
RBX=0x000000002006d1ef is an unknown value
RCX=0x00007fe46a7bc258: <offset 0xf8e258> in /shared/jdk1.8.0_45/jre/lib/amd64/server/libjvm.so at 0x00007fe46982e000
RDX=0x00007fe46a7bdd80: <offset 0xf8fd80> in /shared/jdk1.8.0_45/jre/lib/amd64/server/libjvm.so at 0x00007fe46982e000
RSP=0x00007fe442eed540 is an unknown value
RBP=0x00007fe442eed590 is an unknown value
RSI=0x00000000006b87d9 is an unknown value
RDI=0x00007fe46401a6e0 is an unknown value
R8 =0x0000000000000000 is an unknown value
R9 =0x00007fe44c005210 is an unknown value
R10=0x00007fe442eecfe0 is an unknown value
R11=0x00007fe46b3fa948 is pointing into the stack for thread: 0x00007fe464009800
R12=0x000000002006d1ef is an unknown value
R13=0x000000002006d1ef is an unknown value
R14=0x00007fe46a7c76d8: <offset 0xf996d8> in /shared/jdk1.8.0_45/jre/lib/amd64/server/libjvm.so at 0x00007fe46982e000
R15=0x00007fe46a7bc258: <offset 0xf8e258> in /shared/jdk1.8.0_45/jre/lib/amd64/server/libjvm.so at 0x00007fe46982e000


Stack: [0x00007fe442dee000,0x00007fe442eef000],  sp=0x00007fe442eed540,  free space=1021k
Native frames: (J=compiled Java code, j=interpreted, Vv=VM code, C=native code)
V  [libjvm.so+0x98170f]  ReferenceProcessor::enqueue_discovered_reflist(DiscoveredList&, HeapWord*)+0x2cf
V  [libjvm.so+0x981f2c]  ReferenceProcessor::enqueue_discovered_references(AbstractRefProcTaskExecutor*)+0xac
V  [libjvm.so+0x96fc53]  PSParallelCompact::post_compact()+0x193
V  [libjvm.so+0x973d0f]  PSParallelCompact::invoke_no_policy(bool)+0x49f
V  [libjvm.so+0x979bed]  PSScavenge::invoke()+0x1ad
V  [libjvm.so+0x932050]  ParallelScavengeHeap::failed_mem_allocate(unsigned long)+0x70
V  [libjvm.so+0xaae1d7]  VM_ParallelGCFailedAllocation::doit()+0x97
V  [libjvm.so+0xab59c5]  VM_Operation::evaluate()+0x55
V  [libjvm.so+0xab3d9a]  VMThread::evaluate_operation(VM_Operation*)+0xba
V  [libjvm.so+0xab411e]  VMThread::loop()+0x1ce
V  [libjvm.so+0xab4590]  VMThread::run()+0x70
V  [libjvm.so+0x910de8]  java_start(Thread*)+0x108

VM_Operation (0x00007fe43a835770): ParallelGCFailedAllocation, mode: safepoint, requested by thread 0x00007fe3fc00b800


---------------  P R O C E S S  ---------------

Java Threads: ( => current thread )
  0x00007fe3c4312800 JavaThread "Keep-Alive-Timer" daemon [_thread_blocked, id=27283, stack(0x00007fe4395a0000,0x00007fe4396a1000)]
  0x00007fe3e000c000 JavaThread "pool-8-thread-12" [_thread_blocked, id=27269, stack(0x00007fe43909b000,0x00007fe43919c000)]
  0x00007fe3fc00b800 JavaThread "pool-8-thread-11" [_thread_blocked, id=27146, stack(0x00007fe43a73d000,0x00007fe43a83e000)]
  0x00007fe3e0003800 JavaThread "pool-8-thread-9" [_thread_blocked, id=27144, stack(0x00007fe440356000,0x00007fe440457000)]
  0x00007fe4651d2800 JavaThread "pool-8-thread-8" [_thread_blocked, id=27143, stack(0x00007fe4409a9000,0x00007fe440aaa000)]
  0x00007fe4651d1800 JavaThread "pool-8-thread-7" [_thread_blocked, id=27142, stack(0x00007fe440558000,0x00007fe440659000)]
  0x00007fe4651d0800 JavaThread "pool-8-thread-6" [_thread_blocked, id=27141, stack(0x00007fe440aaa000,0x00007fe440bab000)]
  0x00007fe46528d000 JavaThread "pool-8-thread-5" [_thread_blocked, id=27140, stack(0x00007fe43b007000,0x00007fe43b108000)]
  0x00007fe46528c000 JavaThread "pool-8-thread-4" [_thread_blocked, id=27139, stack(0x00007fe440255000,0x00007fe440356000)]
  0x00007fe46528a000 JavaThread "pool-8-thread-2" [_thread_blocked, id=27137, stack(0x00007fe440053000,0x00007fe440154000)]
  0x00007fe465289000 JavaThread "pool-8-thread-1" [_thread_blocked, id=27136, stack(0x00007fe440659000,0x00007fe44075a000)]
  0x00007fe46421b800 JavaThread "Service Thread" daemon [_thread_blocked, id=27068, stack(0x00007fe441f04000,0x00007fe442005000)]
  0x00007fe46420e800 JavaThread "C1 CompilerThread3" daemon [_thread_blocked, id=27067, stack(0x00007fe442005000,0x00007fe442106000)]
  0x00007fe46420c800 JavaThread "C2 CompilerThread2" daemon [_thread_blocked, id=27066, stack(0x00007fe442106000,0x00007fe442207000)]
  0x00007fe46420a800 JavaThread "C2 CompilerThread1" daemon [_thread_blocked, id=27065, stack(0x00007fe442207000,0x00007fe442308000)]
  0x00007fe464207800 JavaThread "C2 CompilerThread0" daemon [_thread_blocked, id=27064, stack(0x00007fe442308000,0x00007fe442409000)]
  0x00007fe464206000 JavaThread "Signal Dispatcher" daemon [_thread_blocked, id=27063, stack(0x00007fe442409000,0x00007fe44250a000)]
  0x00007fe4641ce000 JavaThread "Finalizer" daemon [_thread_blocked, id=27062, stack(0x00007fe442bec000,0x00007fe442ced000)]
  0x00007fe4641cc000 JavaThread "Reference Handler" daemon [_thread_blocked, id=27061, stack(0x00007fe442ced000,0x00007fe442dee000)]
  0x00007fe464009800 JavaThread "main" [_thread_blocked, id=27051, stack(0x00007fe46b2fb000,0x00007fe46b3fc000)]

Other Threads:
=>0x00007fe4641c7000 VMThread [stack: 0x00007fe442dee000,0x00007fe442eef000] [id=27060]
  0x00007fe46421e000 WatcherThread [stack: 0x00007fe441e03000,0x00007fe441f04000] [id=27069]

VM state:at safepoint (normal execution)

VM Mutex/Monitor currently owned by a thread:  ([mutex/lock_event])
[0x00007fe464005f00] Threads_lock - owner thread: 0x00007fe4641c7000
[0x00007fe464006400] Heap_lock - owner thread: 0x00007fe3fc00b800

Heap:
 PSYoungGen      total 289280K, used 0K [0x00000000eab00000, 0x0000000100000000, 0x0000000100000000)
  eden space 257536K, 0% used [0x00000000eab00000,0x00000000eab00000,0x00000000fa680000)
  from space 31744K, 0% used [0x00000000fa680000,0x00000000fa680000,0x00000000fc580000)
  to   space 48640K, 0% used [0x00000000fd080000,0x00000000fd080000,0x0000000100000000)
 ParOldGen       total 699392K, used 493785K [0x00000000c0000000, 0x00000000eab00000, 0x00000000eab00000)
  object space 699392K, 70% used [0x00000000c0000000,0x00000000de236528,0x00000000eab00000)
 Metaspace       used 76954K, capacity 77792K, committed 78376K, reserved 1114112K
  class space    used 13714K, capacity 13987K, committed 14120K, reserved 1048576K

Card table byte_map: [0x00007fe46808d000,0x00007fe46828e000] byte_map_base: 0x00007fe467a8d000

Marking Bits: (ParMarkBitMap*) 0x00007fe46a7cb760
 Begin Bits: [0x00007fe4596a2000, 0x00007fe45a6a2000)
 End Bits:   [0x00007fe45a6a2000, 0x00007fe45b6a2000)

Polling page: 0x00007fe46b413000

CodeCache: size=131072Kb used=66205Kb max_used=66206Kb free=64866Kb
 bounds [0x00007fe45c000000, 0x00007fe460140000, 0x00007fe464000000]
 total_blobs=18656 nmethods=18153 adapters=410
 compilation: enabled

Compilation events (10 events):
Event: 103.093 Thread 0x00007fe46420e800 25206       3       scala.tools.nsc.typechecker.Checkable$InferCheckable$class::$init$ (1 bytes)
Event: 103.093 Thread 0x00007fe46420e800 nmethod 25206 0x00007fe460109c50 code [0x00007fe460109da0, 0x00007fe460109ed0]
Event: 103.094 Thread 0x00007fe46420e800 25207       3       scala.tools.nsc.typechecker.Infer$Inferencer$$anonfun$19::apply (9 bytes)
Event: 103.094 Thread 0x00007fe46420e800 nmethod 25207 0x00007fe45f526910 code [0x00007fe45f526ac0, 0x00007fe45f527210]
Event: 103.096 Thread 0x00007fe46420e800 25208       3       scala.collection.immutable.StringOps::linesWithSeparators (5 bytes)
Event: 103.096 Thread 0x00007fe46420e800 nmethod 25208 0x00007fe45e052ed0 code [0x00007fe45e053040, 0x00007fe45e053288]
Event: 103.096 Thread 0x00007fe46420e800 25209       3       scala.collection.immutable.StringLike$class::linesWithSeparators (9 bytes)
Event: 103.096 Thread 0x00007fe46420e800 nmethod 25209 0x00007fe45de8e010 code [0x00007fe45de8e180, 0x00007fe45de8e348]
Event: 103.096 Thread 0x00007fe46420e800 25210       3       scala.collection.immutable.StringOps::stripMargin (5 bytes)
Event: 103.097 Thread 0x00007fe46420e800 nmethod 25210 0x00007fe45e1fbfd0 code [0x00007fe45e1fc140, 0x00007fe45e1fc388]

GC Heap History (10 events):
Event: 101.180 GC heap after
Heap after GC invocations=130 (full 3):
 PSYoungGen      total 290304K, used 6869K [0x00000000eab00000, 0x0000000100000000, 0x0000000100000000)
  eden space 234496K, 0% used [0x00000000eab00000,0x00000000eab00000,0x00000000f9000000)
  from space 55808K, 12% used [0x00000000f9000000,0x00000000f96b57d0,0x00000000fc680000)
  to   space 52736K, 0% used [0x00000000fcc80000,0x00000000fcc80000,0x0000000100000000)
 ParOldGen       total 699392K, used 662361K [0x00000000c0000000, 0x00000000eab00000, 0x00000000eab00000)
  object space 699392K, 94% used [0x00000000c0000000,0x00000000e86d64b0,0x00000000eab00000)
 Metaspace       used 76891K, capacity 77752K, committed 78376K, reserved 1114112K
  class space    used 13715K, capacity 13995K, committed 14120K, reserved 1048576K
}
Event: 101.745 GC heap before
{Heap before GC invocations=131 (full 3):
 PSYoungGen      total 290304K, used 241365K [0x00000000eab00000, 0x0000000100000000, 0x0000000100000000)
  eden space 234496K, 100% used [0x00000000eab00000,0x00000000f9000000,0x00000000f9000000)
  from space 55808K, 12% used [0x00000000f9000000,0x00000000f96b57d0,0x00000000fc680000)
  to   space 52736K, 0% used [0x00000000fcc80000,0x00000000fcc80000,0x0000000100000000)
 ParOldGen       total 699392K, used 662361K [0x00000000c0000000, 0x00000000eab00000, 0x00000000eab00000)
  object space 699392K, 94% used [0x00000000c0000000,0x00000000e86d64b0,0x00000000eab00000)
 Metaspace       used 76945K, capacity 77816K, committed 78376K, reserved 1114112K
  class space    used 13720K, capacity 13995K, committed 14120K, reserved 1048576K
Event: 101.765 GC heap after
Heap after GC invocations=131 (full 3):
 PSYoungGen      total 299520K, used 7972K [0x00000000eab00000, 0x0000000100000000, 0x0000000100000000)
  eden space 246784K, 0% used [0x00000000eab00000,0x00000000eab00000,0x00000000f9c00000)
  from space 52736K, 15% used [0x00000000fcc80000,0x00000000fd449308,0x0000000100000000)
  to   space 49664K, 0% used [0x00000000f9c00000,0x00000000f9c00000,0x00000000fcc80000)
 ParOldGen       total 699392K, used 667708K [0x00000000c0000000, 0x00000000eab00000, 0x00000000eab00000)
  object space 699392K, 95% used [0x00000000c0000000,0x00000000e8c0f270,0x00000000eab00000)
 Metaspace       used 76945K, capacity 77816K, committed 78376K, reserved 1114112K
  class space    used 13720K, capacity 13995K, committed 14120K, reserved 1048576K
}
Event: 102.384 GC heap before
{Heap before GC invocations=132 (full 3):
 PSYoungGen      total 299520K, used 254756K [0x00000000eab00000, 0x0000000100000000, 0x0000000100000000)
  eden space 246784K, 100% used [0x00000000eab00000,0x00000000f9c00000,0x00000000f9c00000)
  from space 52736K, 15% used [0x00000000fcc80000,0x00000000fd449308,0x0000000100000000)
  to   space 49664K, 0% used [0x00000000f9c00000,0x00000000f9c00000,0x00000000fcc80000)
 ParOldGen       total 699392K, used 667708K [0x00000000c0000000, 0x00000000eab00000, 0x00000000eab00000)
  object space 699392K, 95% used [0x00000000c0000000,0x00000000e8c0f270,0x00000000eab00000)
 Metaspace       used 76964K, capacity 77816K, committed 78376K, reserved 1114112K
  class space    used 13720K, capacity 13995K, committed 14120K, reserved 1048576K
Event: 102.402 GC heap after
Heap after GC invocations=132 (full 3):
 PSYoungGen      total 296448K, used 7254K [0x00000000eab00000, 0x0000000100000000, 0x0000000100000000)
  eden space 246784K, 0% used [0x00000000eab00000,0x00000000eab00000,0x00000000f9c00000)
  from space 49664K, 14% used [0x00000000f9c00000,0x00000000fa315b38,0x00000000fcc80000)
  to   space 47104K, 0% used [0x00000000fd200000,0x00000000fd200000,0x0000000100000000)
 ParOldGen       total 699392K, used 673737K [0x00000000c0000000, 0x00000000eab00000, 0x00000000eab00000)
  object space 699392K, 96% used [0x00000000c0000000,0x00000000e91f27d8,0x00000000eab00000)
 Metaspace       used 76964K, capacity 77816K, committed 78376K, reserved 1114112K
  class space    used 13720K, capacity 13995K, committed 14120K, reserved 1048576K
}
Event: 102.769 GC heap before
{Heap before GC invocations=133 (full 3):
 PSYoungGen      total 296448K, used 254038K [0x00000000eab00000, 0x0000000100000000, 0x0000000100000000)
  eden space 246784K, 100% used [0x00000000eab00000,0x00000000f9c00000,0x00000000f9c00000)
  from space 49664K, 14% used [0x00000000f9c00000,0x00000000fa315b38,0x00000000fcc80000)
  to   space 47104K, 0% used [0x00000000fd200000,0x00000000fd200000,0x0000000100000000)
 ParOldGen       total 699392K, used 673737K [0x00000000c0000000, 0x00000000eab00000, 0x00000000eab00000)
  object space 699392K, 96% used [0x00000000c0000000,0x00000000e91f27d8,0x00000000eab00000)
 Metaspace       used 76992K, capacity 77880K, committed 78376K, reserved 1114112K
  class space    used 13722K, capacity 13995K, committed 14120K, reserved 1048576K
Event: 102.791 GC heap after
Heap after GC invocations=133 (full 3):
 PSYoungGen      total 304640K, used 7188K [0x00000000eab00000, 0x0000000100000000, 0x0000000100000000)
  eden space 257536K, 0% used [0x00000000eab00000,0x00000000eab00000,0x00000000fa680000)
  from space 47104K, 15% used [0x00000000fd200000,0x00000000fd905098,0x0000000100000000)
  to   space 44544K, 0% used [0x00000000fa680000,0x00000000fa680000,0x00000000fd200000)
 ParOldGen       total 699392K, used 679202K [0x00000000c0000000, 0x00000000eab00000, 0x00000000eab00000)
  object space 699392K, 97% used [0x00000000c0000000,0x00000000e9748ad0,0x00000000eab00000)
 Metaspace       used 76992K, capacity 77880K, committed 78376K, reserved 1114112K
  class space    used 13722K, capacity 13995K, committed 14120K, reserved 1048576K
}
Event: 103.100 GC heap before
{Heap before GC invocations=134 (full 3):
 PSYoungGen      total 304640K, used 264724K [0x00000000eab00000, 0x0000000100000000, 0x0000000100000000)
  eden space 257536K, 100% used [0x00000000eab00000,0x00000000fa680000,0x00000000fa680000)
  from space 47104K, 15% used [0x00000000fd200000,0x00000000fd905098,0x0000000100000000)
  to   space 44544K, 0% used [0x00000000fa680000,0x00000000fa680000,0x00000000fd200000)
 ParOldGen       total 699392K, used 679202K [0x00000000c0000000, 0x00000000eab00000, 0x00000000eab00000)
  object space 699392K, 97% used [0x00000000c0000000,0x00000000e9748ad0,0x00000000eab00000)
 Metaspace       used 77027K, capacity 77912K, committed 78376K, reserved 1114112K
  class space    used 13723K, capacity 14027K, committed 14120K, reserved 1048576K
Event: 103.126 GC heap after
Heap after GC invocations=134 (full 3):
 PSYoungGen      total 289280K, used 31592K [0x00000000eab00000, 0x0000000100000000, 0x0000000100000000)
  eden space 257536K, 0% used [0x00000000eab00000,0x00000000eab00000,0x00000000fa680000)
  from space 31744K, 99% used [0x00000000fa680000,0x00000000fc55a0d0,0x00000000fc580000)
  to   space 48640K, 0% used [0x00000000fd080000,0x00000000fd080000,0x0000000100000000)
 ParOldGen       total 699392K, used 684810K [0x00000000c0000000, 0x00000000eab00000, 0x00000000eab00000)
  object space 699392K, 97% used [0x00000000c0000000,0x00000000e9cc29c8,0x00000000eab00000)
 Metaspace       used 77027K, capacity 77912K, committed 78376K, reserved 1114112K
  class space    used 13723K, capacity 14027K, committed 14120K, reserved 1048576K
}
Event: 103.126 GC heap before
{Heap before GC invocations=135 (full 4):
 PSYoungGen      total 289280K, used 31592K [0x00000000eab00000, 0x0000000100000000, 0x0000000100000000)
  eden space 257536K, 0% used [0x00000000eab00000,0x00000000eab00000,0x00000000fa680000)
  from space 31744K, 99% used [0x00000000fa680000,0x00000000fc55a0d0,0x00000000fc580000)
  to   space 48640K, 0% used [0x00000000fd080000,0x00000000fd080000,0x0000000100000000)
 ParOldGen       total 699392K, used 684810K [0x00000000c0000000, 0x00000000eab00000, 0x00000000eab00000)
  object space 699392K, 97% used [0x00000000c0000000,0x00000000e9cc29c8,0x00000000eab00000)
 Metaspace       used 77027K, capacity 77912K, committed 78376K, reserved 1114112K
  class space    used 13723K, capacity 14027K, committed 14120K, reserved 1048576K

Deoptimization events (10 events):
Event: 102.674 Thread 0x00007fe3e0003800 Uncommon trap: reason=bimorphic action=maybe_recompile pc=0x00007fe45e28c120 method=scala.reflect.internal.Constants$Constant.equals(Ljava/lang/Object;)Z @ 75
Event: 102.674 Thread 0x00007fe3e0003800 Uncommon trap: reason=bimorphic action=maybe_recompile pc=0x00007fe45e28c120 method=scala.reflect.internal.Constants$Constant.equals(Ljava/lang/Object;)Z @ 75
Event: 102.674 Thread 0x00007fe3fc00b800 Uncommon trap: reason=class_check action=maybe_recompile pc=0x00007fe460098018 method=scala.tools.nsc.typechecker.Infer$Inferencer.typesCompatible$1(Lscala/collection/immutable/List;Lscala/collection/immutable/List;Lscala/reflect/internal/Types$Type;Lscal
Event: 102.688 Thread 0x00007fe3e0003800 Uncommon trap: reason=class_check action=maybe_recompile pc=0x00007fe460098018 method=scala.tools.nsc.typechecker.Infer$Inferencer.typesCompatible$1(Lscala/collection/immutable/List;Lscala/collection/immutable/List;Lscala/reflect/internal/Types$Type;Lscal
Event: 102.855 Thread 0x00007fe46528d000 Uncommon trap: reason=bimorphic action=maybe_recompile pc=0x00007fe45de6cb34 method=org.apache.ivy.util.Message.verbose(Ljava/lang/String;)V @ 4
Event: 102.881 Thread 0x00007fe4651d2800 Uncommon trap: reason=bimorphic action=maybe_recompile pc=0x00007fe45d366f48 method=java.util.HashMap.putVal(ILjava/lang/Object;Ljava/lang/Object;ZZ)Ljava/lang/Object; @ 203
Event: 103.064 Thread 0x00007fe3fc00b800 Uncommon trap: reason=bimorphic action=maybe_recompile pc=0x00007fe45f518140 method=scala.reflect.internal.Symbols$Symbol.isEffectivelyFinal()Z @ 21
Event: 103.092 Thread 0x00007fe3e0003800 Uncommon trap: reason=speculate_class_check action=maybe_recompile pc=0x00007fe45eec4c30 method=scala.reflect.api.Trees$Transformer.transformValDef(Lscala/reflect/api/Trees$TreeApi;)Lscala/reflect/api/Trees$TreeApi; @ 15
Event: 103.094 Thread 0x00007fe3e0003800 Uncommon trap: reason=unstable_if action=reinterpret pc=0x00007fe460121b34 method=scala.tools.nsc.typechecker.Infer$Inferencer.scala$tools$nsc$typechecker$Infer$Inferencer$$isApplicable(Lscala/collection/immutable/List;Lscala/reflect/internal/Types$Type;L
Event: 103.098 Thread 0x00007fe3e0003800 Uncommon trap: reason=unstable_if action=reinterpret pc=0x00007fe45f2461e4 method=scala.tools.nsc.typechecker.Infer$Inferencer.isApplicableSafe(Lscala/collection/immutable/List;Lscala/reflect/internal/Types$Type;Lscala/collection/immutable/List;Lscala/ref

Internal exceptions (10 events):
Event: 85.796 Thread 0x00007fe3fc00b800 Exception <a 'java/io/FileNotFoundException'> (0x00000000effd1698) thrown at [/RE-WORK/workspace/8-2-build-linux-amd64/jdk8u45/3457/hotspot/src/share/vm/prims/jni.cpp, line 709]
Event: 85.899 Thread 0x00007fe3e4053800 Implicit null exception at 0x00007fe45ce47ea9 to 0x00007fe45ce48c81
Event: 85.899 Thread 0x00007fe46528b000 Implicit null exception at 0x00007fe45ce47ea9 to 0x00007fe45ce48c81
Event: 90.673 Thread 0x00007fe3e0003800 Implicit null exception at 0x00007fe45dc408b8 to 0x00007fe45dc40d25
Event: 93.079 Thread 0x00007fe3e0003800 Implicit null exception at 0x00007fe45d3b6c82 to 0x00007fe45d3b6da1
Event: 93.080 Thread 0x00007fe3fc00b800 Implicit null exception at 0x00007fe45f35f1f0 to 0x00007fe45f35f5f1
Event: 93.080 Thread 0x00007fe3fc00b800 Implicit null exception at 0x00007fe45f361d50 to 0x00007fe45f362151
Event: 97.433 Thread 0x00007fe3e0003800 Implicit null exception at 0x00007fe45f8bee5f to 0x00007fe45f8c0735
Event: 98.951 Thread 0x00007fe3e0003800 Implicit null exception at 0x00007fe45df0cd14 to 0x00007fe45df0d669
Event: 102.640 Thread 0x00007fe3e000c000 Implicit null exception at 0x00007fe45e655c53 to 0x00007fe45e65651d

Events (10 events):
Event: 103.092 Thread 0x00007fe3e0003800 Uncommon trap: trap_request=0xffffff76 fr.pc=0x00007fe45eec4c30
Event: 103.092 Thread 0x00007fe3e0003800 DEOPT PACKING pc=0x00007fe45eec4c30 sp=0x00007fe44044e5a0
Event: 103.092 Thread 0x00007fe3e0003800 DEOPT UNPACKING pc=0x00007fe45c005229 sp=0x00007fe44044e490 mode 2
Event: 103.094 Thread 0x00007fe3e0003800 Uncommon trap: trap_request=0xffffff65 fr.pc=0x00007fe460121b34
Event: 103.094 Thread 0x00007fe3e0003800 DEOPT PACKING pc=0x00007fe460121b34 sp=0x00007fe440451020
Event: 103.094 Thread 0x00007fe3e0003800 DEOPT UNPACKING pc=0x00007fe45c005229 sp=0x00007fe440450fe8 mode 2
Event: 103.098 Thread 0x00007fe3e0003800 Uncommon trap: trap_request=0xffffff65 fr.pc=0x00007fe45f2461e4
Event: 103.098 Thread 0x00007fe3e0003800 DEOPT PACKING pc=0x00007fe45f2461e4 sp=0x00007fe4404511c0
Event: 103.098 Thread 0x00007fe3e0003800 DEOPT UNPACKING pc=0x00007fe45c005229 sp=0x00007fe440451128 mode 2
Event: 103.099 Executing VM operation: ParallelGCFailedAllocation


Dynamic libraries:
00400000-00401000 r-xp 00000000 08:01 23069817                           /shared/jdk1.8.0_45/bin/java
00600000-00601000 rw-p 00000000 08:01 23069817                           /shared/jdk1.8.0_45/bin/java
008cb000-008ec000 rw-p 00000000 00:00 0                                  [heap]
c0000000-100dca000 rw-p 00000000 00:00 0 
100dca000-140000000 ---p 00000000 00:00 0 
7fe3a3654000-7fe3a3714000 rw-p 00000000 00:00 0 
7fe3a3714000-7fe3a3854000 ---p 00000000 00:00 0 
7fe3a3854000-7fe3a3a54000 rw-p 00000000 00:00 0 
7fe3a3a54000-7fe3a3c54000 rw-p 00000000 00:00 0 
7fe3a3c54000-7fe3a3c57000 r--s 00024000 08:01 30409513                   /shared/spark/lib_managed/jars/genjavadoc-plugin_2.10.4-0.9-spark0.jar
7fe3a3c57000-7fe3a3c59000 r--s 00012000 08:01 30409714                   /shared/spark/lib_managed/jars/py4j-0.8.2.1.jar
7fe3a3c59000-7fe3a3c5b000 r--s 00013000 08:01 30409693                   /shared/spark/lib_managed/jars/pyrolite-4.4.jar
7fe3a3c5b000-7fe3a3c7e000 r--s 001e4000 08:01 30409733                   /shared/spark/lib_managed/jars/tachyon-0.6.4.jar
7fe3a3c7e000-7fe3a3c7f000 rw-p 00000000 00:00 0 
7fe3a3c7f000-7fe3a3c81000 r--s 0000e000 08:01 30409672                   /shared/spark/lib_managed/jars/oro-2.0.8.jar
7fe3a3c81000-7fe3a3c97000 r--s 00124000 08:01 30409735                   /shared/spark/lib_managed/jars/ivy-2.4.0.jar
7fe3a3c97000-7fe3a3c99000 r--s 00006000 08:01 30409749                   /shared/spark/lib_managed/jars/jsr305-2.0.1.jar
7fe3a3c99000-7fe3a3c9c000 r--s 00007000 08:01 30409751                   /shared/spark/lib_managed/bundles/jackson-annotations-2.4.4.jar
7fe3a3c9c000-7fe3a3cac000 r--s 00077000 08:01 30409746                   /shared/spark/lib_managed/bundles/jackson-module-scala_2.10-2.4.4.jar
7fe3a3cac000-7fe3a3cae000 r--s 00004000 08:01 30409744                   /shared/spark/lib_managed/bundles/metrics-graphite-3.1.2.jar
7fe3a3cae000-7fe3a3cb0000 r--s 00008000 08:01 30409720                   /shared/spark/lib_managed/bundles/metrics-jvm-3.1.2.jar
7fe3a3cb0000-7fe3a3cb4000 r--s 00018000 08:01 30409689                   /shared/spark/lib_managed/bundles/metrics-core-3.1.2.jar
7fe3a3cb4000-7fe3a3cc2000 r--s 0012a000 08:01 30409721                   /shared/spark/lib_managed/jars/mesos-0.21.1-shaded-protobuf.jar
7fe3a3cc2000-7fe3a3cc6000 r--s 00034000 08:01 30409765                   /shared/spark/lib_managed/bundles/jackson-core-2.4.4.jar
7fe3a3cc6000-7fe3a3cd7000 r--s 000f6000 08:01 30409665                   /shared/spark/lib_managed/bundles/jackson-databind-2.4.4.jar
7fe3a3cd7000-7fe3a3dca000 r--s 00c8c000 08:01 30409725                   /shared/spark/lib_managed/jars/scala-compiler-2.10.0.jar
7fe3a3dca000-7fe3a3ddd000 r--s 000be000 08:01 30409707                   /shared/spark/lib_managed/jars/scalap-2.10.0.jar
7fe3a3ddd000-7fe3a3ddf000 r--s 00007000 08:01 30409698                   /shared/spark/lib_managed/jars/paranamer-2.6.jar
7fe3a3ddf000-7fe3a3de1000 r--s 00013000 08:01 30409743                   /shared/spark/lib_managed/jars/json4s-ast_2.10-3.2.10.jar
7fe3a3de1000-7fe3a3deb000 r--s 00085000 08:01 30409763                   /shared/spark/lib_managed/jars/json4s-core_2.10-3.2.10.jar
7fe3a3deb000-7fe3a3dec000 r--s 00009000 08:01 30409719                   /shared/spark/lib_managed/jars/json4s-jackson_2.10-3.2.10.jar
7fe3a3dec000-7fe3a3ded000 r--s 00003000 08:01 30409667                   /shared/spark/lib_managed/jars/akka-slf4j_2.10-2.3.11.jar
7fe3a3ded000-7fe3a3def000 r--s 0000a000 08:01 30409726                   /shared/spark/lib_managed/jars/uncommons-maths-1.2.2a.jar
7fe3a3def000-7fe3a3e07000 r--s 00115000 08:01 30409747                   /shared/spark/lib_managed/bundles/netty-3.8.0.Final.jar
7fe3a3e07000-7fe3a3e0b000 r--s 00032000 08:01 30409737                   /shared/spark/lib_managed/bundles/config-1.2.1.jar
7fe3a3e0b000-7fe3a3e31000 r--s 00263000 08:01 30409704                   /shared/spark/lib_managed/jars/akka-actor_2.10-2.3.11.jar
7fe3a3e31000-7fe3a3e47000 r--s 00135000 08:01 30409727                   /shared/spark/lib_managed/jars/akka-remote_2.10-2.3.11.jar
7fe3a3e47000-7fe3a3e49000 r--s 00019000 08:01 30409705                   /shared/spark/lib_managed/bundles/RoaringBitmap-0.4.5.jar
7fe3a3e49000-7fe3a3e4b000 r--s 00038000 08:01 30409742                   /shared/spark/lib_managed/jars/lz4-1.3.0.jar
7fe3a3e4b000-7fe3a3e4e000 r--s 0008f000 08:01 30409755                   /shared/spark/lib_managed/bundles/snappy-java-1.1.1.7.jar
7fe3a3e4e000-7fe3a3e50000 r--s 00012000 08:01 30409703                   /shared/spark/lib_managed/bundles/compress-lzf-1.0.3.jar
7fe3a3e50000-7fe3a3e52000 r--s 00001000 08:01 30409548                   /shared/spark/lib_managed/jars/slf4j-log4j12-1.7.10.jar
7fe3a3e52000-7fe3a3e54000 r--s 00003000 08:01 30409716                   /shared/spark/lib_managed/jars/jcl-over-slf4j-1.7.10.jar
7fe3a3e54000-7fe3a3e56000 r--s 00000000 08:01 30409757                   /shared/spark/lib_managed/jars/jul-to-slf4j-1.7.10.jar
7fe3a3e56000-7fe3a3e5d000 r--s 0005e000 08:01 30409699                   /shared/spark/lib_managed/jars/commons-lang3-3.3.2.jar
7fe3a3e5d000-7fe3a3e5f000 r--s 0000c000 08:01 30409694                   /shared/spark/lib_managed/orbits/javax.activation-1.1.0.v201105071233.jar
7fe3a3e5f000-7fe3a3e65000 r--s 00072000 08:01 30409662                   /shared/spark/lib_managed/orbits/javax.mail.glassfish-1.4.1.v201005082020.jar
7fe3a3e65000-7fe3a3e66000 r--s 00009000 08:01 30409688                   /shared/spark/lib_managed/jars/jetty-jndi-8.1.14.v20131031.jar
7fe3a3e66000-7fe3a3e69000 r--s 00017000 08:01 30409682                   /shared/spark/lib_managed/jars/jetty-io-8.1.14.v20131031.jar
7fe3a3e69000-7fe3a3e6b000 r--s 00016000 08:01 30409762                   /shared/spark/lib_managed/jars/jetty-http-8.1.14.v20131031.jar
7fe3a3e6b000-7fe3a3e6d000 r--s 00004000 08:01 30409701                   /shared/spark/lib_managed/jars/jetty-continuation-8.1.14.v20131031.jar
7fe3a3e6d000-7fe3a3e70000 r--s 0002e000 08:01 30409708                   /shared/spark/lib_managed/orbits/javax.servlet-3.0.0.v201112011016.jar
7fe3a3e70000-7fe3a3e76000 r--s 00052000 08:01 30409678                   /shared/spark/lib_managed/jars/jetty-server-8.1.14.v20131031.jar
7fe3a3e76000-7fe3a3e78000 r--s 00014000 08:01 30409712                   /shared/spark/lib_managed/jars/jetty-security-8.1.14.v20131031.jar
7fe3a3e78000-7fe3a3e7a000 r--s 00017000 08:01 30409724                   /shared/spark/lib_managed/jars/jetty-servlet-8.1.14.v20131031.jar
7fe3a3e7a000-7fe3a3e7f000 r--s 00042000 08:01 30409695                   /shared/spark/lib_managed/jars/jetty-util-8.1.14.v20131031.jar
7fe3a3e7f000-7fe3a3e81000 r--s 00019000 08:01 30409709                   /shared/spark/lib_managed/jars/jetty-webapp-8.1.14.v20131031.jar
7fe3a3e81000-7fe3a3e83000 r--s 00006000 08:01 30409741                   /shared/spark/lib_managed/orbits/javax.transaction-1.1.1.v201105210645.jar
7fe3a3e83000-7fe3a3e85000 r--s 00013000 08:01 30409700                   /shared/spark/lib_managed/jars/jetty-plus-8.1.14.v20131031.jar
7fe3a3e85000-7fe3a3e86000 r--s 00009000 08:01 30409666                   /shared/spark/lib_managed/jars/jetty-xml-8.1.14.v20131031.jar
7fe3a3e86000-7fe3a3e88000 r--s 00014000 08:01 30409673                   /shared/spark/lib_managed/jars/jline-0.9.94.jar
7fe3a3e88000-7fe3a3e94000 r--s 000b3000 08:01 30409750                   /shared/spark/lib_managed/jars/zookeeper-3.4.5.jar
7fe3a3e94000-7fe3a3e97000 r--s 0000e000 08:01 30409748                   /shared/spark/lib_managed/bundles/curator-client-2.4.0.jar
7fe3a3e97000-7fe3a3e9c000 r--s 00027000 08:01 30409738                   /shared/spark/lib_managed/bundles/curator-framework-2.4.0.jar
7fe3a3e9c000-7fe3a3ea2000 r--s 00035000 08:01 30409736                   /shared/spark/lib_managed/bundles/curator-recipes-2.4.0.jar
7fe3a3ea2000-7fe3a3ea8000 r--s 00057000 08:01 30409668                   /shared/spark/lib_managed/jars/jets3t-0.7.1.jar
7fe3a3ea8000-7fe3a3ea9000 r--s 00008000 08:01 30409559                   /shared/spark/lib_managed/jars/hadoop-mapreduce-client-jobclient-2.5.2.jar
7fe3a3ea9000-7fe3a3eab000 r--s 00009000 08:01 30409598                   /shared/spark/lib_managed/jars/hadoop-mapreduce-client-shuffle-2.5.2.jar
7fe3a3eab000-7fe3a3eae000 r--s 000fd000 08:01 30409591                   /shared/spark/lib_managed/bundles/leveldbjni-all-1.8.jar
7fe3a3eae000-7fe3a3eb3000 r--s 00037000 08:01 30409573                   /shared/spark/lib_managed/jars/hadoop-yarn-server-common-2.5.2.jar
7fe3a3eb3000-7fe3a3ecb000 r--s 00156000 08:01 30409583                   /shared/spark/lib_managed/jars/hadoop-mapreduce-client-core-2.5.2.jar
7fe3a3ecb000-7fe3a3ece000 r--s 0001d000 08:01 30409590                   /shared/spark/lib_managed/bundles/jersey-client-1.9.jar
7fe3a3ece000-7fe3a3ed1000 r--s 0001a000 08:01 30409597                   /shared/spark/lib_managed/jars/hadoop-yarn-client-2.5.2.jar
7fe3a3ed1000-7fe3a3ed2000 r--s 00003000 08:01 30409576                   /shared/spark/lib_managed/jars/jersey-guice-1.9.jar
7fe3a3ed2000-7fe3a3ee5000 r--s 000c7000 08:01 30409570                   /shared/spark/lib_managed/jars/jaxb-impl-2.2.3-1.jar
7fe3a3ee5000-7fe3a3ee7000 r--s 0000f000 08:01 30409594                   /shared/spark/lib_managed/bundles/jettison-1.1.jar
7fe3a3ee7000-7fe3a3eeb000 r--s 00021000 08:01 30409585                   /shared/spark/lib_managed/bundles/jersey-json-1.9.jar
7fe3a3eeb000-7fe3a3eec000 r--s 0000a000 08:01 30409680                   /shared/spark/lib_managed/jars/asm-3.2.jar
7fe3a3eec000-7fe3a3efe000 r--s 0009d000 08:01 30409564                   /shared/spark/lib_managed/bundles/jersey-server-1.9.jar
7fe3a3efe000-7fe3a3f05000 r--s 0003e000 08:01 30409595                   /shared/spark/lib_managed/jars/cglib-2.2.1-v20090111.jar
7fe3a3f05000-7fe3a3f07000 r--s 00000000 08:01 30409568                   /shared/spark/lib_managed/jars/aopalliance-1.0.jar
7fe3a3f07000-7fe3a3f08000 r--s 00000000 08:01 30409581                   /shared/spark/lib_managed/jars/javax.inject-1.jar
7fe3a3f08000-7fe3a3f17000 r--s 0009f000 08:01 30409566                   /shared/spark/lib_managed/jars/guice-3.0.jar
7fe3a3f17000-7fe3a3f18000 r--s 00006000 08:01 30409592                   /shared/spark/lib_managed/jars/jackson-xc-1.9.13.jar
7fe3a3f18000-7fe3a3f19000 r--s 00004000 08:01 30409554                   /shared/spark/lib_managed/jars/jackson-jaxrs-1.9.13.jar
7fe3a3f19000-7fe3a3f23000 r--s 00066000 08:01 30409582                   /shared/spark/lib_managed/bundles/jersey-core-1.9.jar
7fe3a3f23000-7fe3a3f25000 r--s 0000e000 08:01 30409569                   /shared/spark/lib_managed/jars/activation-1.1.jar
7fe3a3f25000-7fe3a3f27000 r--s 00004000 08:01 30409561                   /shared/spark/lib_managed/jars/stax-api-1.0-2.jar
7fe3a3f27000-7fe3a3f2a000 r--s 00017000 08:01 30409596                   /shared/spark/lib_managed/jars/jaxb-api-2.2.2.jar
7fe3a3f2a000-7fe3a3f41000 r--s 0017c000 08:01 30409553                   /shared/spark/lib_managed/jars/hadoop-yarn-api-2.5.2.jar
7fe3a3f41000-7fe3a3f55000 r--s 00146000 08:01 30409593                   /shared/spark/lib_managed/jars/hadoop-yarn-common-2.5.2.jar
7fe3a3f55000-7fe3a3f60000 r--s 00097000 08:01 30409552                   /shared/spark/lib_managed/jars/hadoop-mapreduce-client-common-2.5.2.jar
7fe3a3f60000-7fe3a3f69000 r--s 0006f000 08:01 30409575                   /shared/spark/lib_managed/jars/hadoop-mapreduce-client-app-2.5.2.jar
7fe3a3f69000-7fe3a3fc6000 r--s 00668000 08:01 30409586                   /shared/spark/lib_managed/jars/hadoop-hdfs-2.5.2.jar
7fe3a3fc6000-7fe3a3fc8000 r--s 00012000 08:01 30409562                   /shared/spark/lib_managed/bundles/api-util-1.0.0-M20.jar
7fe3a3fc8000-7fe3a3fca000 r--s 00003000 08:01 30409555                   /shared/spark/lib_managed/bundles/api-asn1-api-1.0.0-M20.jar
7fe3a3fca000-7fe3a3fcb000 r--s 0000a000 08:01 30409571                   /shared/spark/lib_managed/bundles/apacheds-i18n-2.0.0-M15.jar
7fe3a3fcb000-7fe3a3fdd000 r--s 00097000 08:01 30409550                   /shared/spark/lib_managed/bundles/apacheds-kerberos-codec-2.0.0-M15.jar
7fe3a3fdd000-7fe3a3fe3000 r--s 00033000 08:01 30409565                   /shared/spark/lib_managed/jars/commons-codec-1.6.jar
7fe3a3fe3000-7fe3a3fe9000 r--s 00032000 08:01 30409567                   /shared/spark/lib_managed/jars/httpcore-4.2.4.jar
7fe3a3fe9000-7fe3a3ff2000 r--s 00061000 08:01 30409589                   /shared/spark/lib_managed/jars/httpclient-4.2.5.jar
7fe3a3ff2000-7fe3a3ff4000 r--s 0000b000 08:01 30409558                   /shared/spark/lib_managed/jars/hadoop-auth-2.5.2.jar
7fe3a3ff4000-7fe3a3ffc000 r--s 0007b000 08:01 30409599                   /shared/spark/lib_managed/bundles/protobuf-java-2.5.0.jar
7fe3a3ffc000-7fe3a4000000 r--s 00035000 08:01 30409560                   /shared/spark/lib_managed/jars/jackson-core-asl-1.9.13.jar
7fe3a4000000-7fe3a4021000 rw-p 00000000 00:00 0 
7fe3a4021000-7fe3a8000000 ---p 00000000 00:00 0 
7fe3a8000000-7fe3a8021000 rw-p 00000000 00:00 0 
7fe3a8021000-7fe3ac000000 ---p 00000000 00:00 0 
7fe3ac000000-7fe3ac021000 rw-p 00000000 00:00 0 
7fe3ac021000-7fe3b0000000 ---p 00000000 00:00 0 
7fe3b0000000-7fe3b0021000 rw-p 00000000 00:00 0 
7fe3b0021000-7fe3b4000000 ---p 00000000 00:00 0 
7fe3b4000000-7fe3b4021000 rw-p 00000000 00:00 0 
7fe3b4021000-7fe3b8000000 ---p 00000000 00:00 0 
7fe3b8000000-7fe3b8021000 rw-p 00000000 00:00 0 
7fe3b8021000-7fe3bc000000 ---p 00000000 00:00 0 
7fe3bc000000-7fe3bc021000 rw-p 00000000 00:00 0 
7fe3bc021000-7fe3c0000000 ---p 00000000 00:00 0 
7fe3c0000000-7fe3c0021000 rw-p 00000000 00:00 0 
7fe3c0021000-7fe3c4000000 ---p 00000000 00:00 0 
7fe3c4000000-7fe3c485b000 rw-p 00000000 00:00 0 
7fe3c485b000-7fe3c8000000 ---p 00000000 00:00 0 
7fe3c8000000-7fe3c8021000 rw-p 00000000 00:00 0 
7fe3c8021000-7fe3cc000000 ---p 00000000 00:00 0 
7fe3cc000000-7fe3cc021000 rw-p 00000000 00:00 0 
7fe3cc021000-7fe3d0000000 ---p 00000000 00:00 0 
7fe3d0000000-7fe3d0021000 rw-p 00000000 00:00 0 
7fe3d0021000-7fe3d4000000 ---p 00000000 00:00 0 
7fe3d4000000-7fe3d41f4000 rw-p 00000000 00:00 0 
7fe3d41f4000-7fe3d8000000 ---p 00000000 00:00 0 
7fe3d8000000-7fe3d8021000 rw-p 00000000 00:00 0 
7fe3d8021000-7fe3dc000000 ---p 00000000 00:00 0 
7fe3dc000000-7fe3dc0ad000 rw-p 00000000 00:00 0 
7fe3dc0ad000-7fe3e0000000 ---p 00000000 00:00 0 
7fe3e0000000-7fe3e0a91000 rw-p 00000000 00:00 0 
7fe3e0a91000-7fe3e4000000 ---p 00000000 00:00 0 
7fe3e4000000-7fe3e4bbf000 rw-p 00000000 00:00 0 
7fe3e4bbf000-7fe3e8000000 ---p 00000000 00:00 0 
7fe3e8000000-7fe3e8141000 rw-p 00000000 00:00 0 
7fe3e8141000-7fe3ec000000 ---p 00000000 00:00 0 
7fe3ec000000-7fe3ec4fa000 rw-p 00000000 00:00 0 
7fe3ec4fa000-7fe3f0000000 ---p 00000000 00:00 0 
7fe3f0000000-7fe3f069e000 rw-p 00000000 00:00 0 
7fe3f069e000-7fe3f4000000 ---p 00000000 00:00 0 
7fe3f4000000-7fe3f4ae1000 rw-p 00000000 00:00 0 
7fe3f4ae1000-7fe3f8000000 ---p 00000000 00:00 0 
7fe3f8000000-7fe3f813a000 rw-p 00000000 00:00 0 
7fe3f813a000-7fe3fc000000 ---p 00000000 00:00 0 
7fe3fc000000-7fe3fc2d5000 rw-p 00000000 00:00 0 
7fe3fc2d5000-7fe400000000 ---p 00000000 00:00 0 
7fe400000000-7fe4008d0000 rw-p 00000000 00:00 0 
7fe4008d0000-7fe404000000 ---p 00000000 00:00 0 
7fe404000000-7fe404021000 rw-p 00000000 00:00 0 
7fe404021000-7fe408000000 ---p 00000000 00:00 0 
7fe408000000-7fe408021000 rw-p 00000000 00:00 0 
7fe408021000-7fe40c000000 ---p 00000000 00:00 0 
7fe40c000000-7fe40d964000 rw-p 00000000 00:00 0 
7fe40d964000-7fe410000000 ---p 00000000 00:00 0 
7fe410000000-7fe410021000 rw-p 00000000 00:00 0 
7fe410021000-7fe414000000 ---p 00000000 00:00 0 
7fe414000000-7fe4162a6000 rw-p 00000000 00:00 0 
7fe4162a6000-7fe418000000 ---p 00000000 00:00 0 
7fe418000000-7fe41a240000 rw-p 00000000 00:00 0 
7fe41a240000-7fe41c000000 ---p 00000000 00:00 0 
7fe41c000000-7fe41c021000 rw-p 00000000 00:00 0 
7fe41c021000-7fe420000000 ---p 00000000 00:00 0 
7fe420000000-7fe4225aa000 rw-p 00000000 00:00 0 
7fe4225aa000-7fe424000000 ---p 00000000 00:00 0 
7fe424000000-7fe424021000 rw-p 00000000 00:00 0 
7fe424021000-7fe428000000 ---p 00000000 00:00 0 
7fe428000000-7fe428021000 rw-p 00000000 00:00 0 
7fe428021000-7fe42c000000 ---p 00000000 00:00 0 
7fe42c000000-7fe42c021000 rw-p 00000000 00:00 0 
7fe42c021000-7fe430000000 ---p 00000000 00:00 0 
7fe430000000-7fe43028b000 rw-p 00000000 00:00 0 
7fe43028b000-7fe434000000 ---p 00000000 00:00 0 
7fe434000000-7fe434021000 rw-p 00000000 00:00 0 
7fe434021000-7fe438000000 ---p 00000000 00:00 0 
7fe438000000-7fe438001000 r--s 00007000 08:01 30409546                   /shared/spark/lib_managed/jars/slf4j-api-1.7.10.jar
7fe438001000-7fe438005000 r--s 0002f000 08:01 30409563                   /shared/spark/lib_managed/jars/commons-beanutils-core-1.8.0.jar
7fe438005000-7fe43800a000 r--s 0002a000 08:01 30409577                   /shared/spark/lib_managed/jars/commons-beanutils-1.7.0.jar
7fe43800a000-7fe43800e000 r--s 00020000 08:01 30409588                   /shared/spark/lib_managed/jars/commons-digester-1.8.jar
7fe43800e000-7fe438014000 r--s 00043000 08:01 30409579                   /shared/spark/lib_managed/jars/commons-configuration-1.6.jar
7fe438014000-7fe438019000 r--s 0003e000 08:01 30409578                   /shared/spark/lib_managed/jars/commons-net-3.1.jar
7fe438019000-7fe43801d000 r--s 0002a000 08:01 30409556                   /shared/spark/lib_managed/jars/commons-io-2.4.jar
7fe43801d000-7fe438023000 r--s 00045000 08:01 30409584                   /shared/spark/lib_managed/jars/commons-httpclient-3.1.jar
7fe438023000-7fe438024000 r--s 00003000 08:01 30409549                   /shared/spark/lib_managed/jars/xmlenc-0.52.jar
7fe438024000-7fe438048000 r--s 001cd000 08:01 30409690                   /shared/spark/lib_managed/jars/commons-math3-3.4.1.jar
7fe438048000-7fe43804a000 r--s 00003000 08:01 30409572                   /shared/spark/lib_managed/jars/hadoop-annotations-2.5.2.jar
7fe43804a000-7fe438079000 r--s 002a5000 08:01 30409551                   /shared/spark/lib_managed/jars/hadoop-common-2.5.2.jar
7fe438079000-7fe43807a000 r--s 00003000 08:01 30409676                   /shared/spark/lib_managed/bundles/metrics-json-3.1.2.jar
7fe43807a000-7fe43807c000 r--s 00007000 08:01 30409691                   /shared/spark/lib_managed/jars/objenesis-1.2.jar
7fe43807c000-7fe43807e000 r--s 00000000 08:01 30409728                   /shared/spark/lib_managed/jars/minlog-1.2.jar
7fe43807e000-7fe438080000 r--s 0000f000 08:01 30409729                   /shared/spark/lib_managed/jars/reflectasm-1.07-shaded.jar
7fe438080000-7fe438086000 r--s 00053000 08:01 30409764                   /shared/spark/lib_managed/bundles/kryo-2.21.jar
7fe438086000-7fe438088000 r--s 0000a000 08:01 30409675                   /shared/spark/lib_managed/jars/chill-java-0.5.0.jar
7fe438088000-7fe43808c000 r--s 00032000 08:01 30409706                   /shared/spark/lib_managed/jars/chill_2.10-0.5.0.jar
7fe43808c000-7fe4380ae000 r--s 001d4000 08:01 30409623                   /shared/spark/lib_managed/jars/netty-all-4.0.29.Final.jar
7fe4380ae000-7fe4380d7000 r--s 001ee000 08:01 30409511                   /shared/spark/lib_managed/bundles/guava-14.0.1.jar
7fe4380d7000-7fe4382d7000 rw-p 00000000 00:00 0 
7fe4382d7000-7fe4384d7000 rw-p 00000000 00:00 0 
7fe4384d7000-7fe4386d7000 rw-p 00000000 00:00 0 
7fe4386d7000-7fe4388d7000 rw-p 00000000 00:00 0 
7fe4388d7000-7fe4388d9000 r--s 00005000 08:01 30409537                   /shared/spark/lib_managed/jars/slf4j-api-1.6.4.jar
7fe4388d9000-7fe4388de000 r--s 00041000 08:01 30409532                   /shared/spark/lib_managed/jars/commons-lang-2.6.jar
7fe4388de000-7fe4388ec000 r--s 00090000 08:01 30409525                   /shared/spark/lib_managed/bundles/mina-core-2.0.4.jar
7fe4388ec000-7fe4388f1000 r--s 0002a000 08:01 30409507                   /shared/spark/lib_managed/jars/gson-2.2.2.jar
7fe4388f1000-7fe438901000 r--s 0007c000 08:01 30409539                   /shared/spark/lib_managed/jars/joda-time-2.1.jar
7fe438901000-7fe438996000 r--s 010fa000 08:01 23069733                   /shared/jdk1.8.0_45/jre/lib/ext/jfxrt.jar
7fe438996000-7fe438999000 ---p 00000000 00:00 0 
7fe438999000-7fe438a97000 rw-p 00000000 00:00 0 
7fe438a97000-7fe438a9a000 ---p 00000000 00:00 0 
7fe438a9a000-7fe438b98000 rw-p 00000000 00:00 0 
7fe438b98000-7fe438b9b000 ---p 00000000 00:00 0 
7fe438b9b000-7fe438c99000 rw-p 00000000 00:00 0 
7fe438c99000-7fe438c9c000 ---p 00000000 00:00 0 
7fe438c9c000-7fe438d9a000 rw-p 00000000 00:00 0 
7fe438d9a000-7fe438d9d000 ---p 00000000 00:00 0 
7fe438d9d000-7fe43909b000 rw-p 00000000 00:00 0 
7fe43909b000-7fe43909e000 ---p 00000000 00:00 0 
7fe43909e000-7fe43919c000 rw-p 00000000 00:00 0                          [stack:27269]
7fe43919c000-7fe43919f000 ---p 00000000 00:00 0 
7fe43919f000-7fe43929d000 rw-p 00000000 00:00 0 
7fe43929d000-7fe4392a0000 ---p 00000000 00:00 0 
7fe4392a0000-7fe43939e000 rw-p 00000000 00:00 0 
7fe43939e000-7fe4393a1000 ---p 00000000 00:00 0 
7fe4393a1000-7fe43949f000 rw-p 00000000 00:00 0 
7fe43949f000-7fe4394a2000 ---p 00000000 00:00 0 
7fe4394a2000-7fe4395a0000 rw-p 00000000 00:00 0 
7fe4395a0000-7fe4395a3000 ---p 00000000 00:00 0 
7fe4395a3000-7fe4396a1000 rw-p 00000000 00:00 0                          [stack:27283]
7fe4396a1000-7fe4396b8000 r-xp 00000000 08:01 4460584                    /lib/x86_64-linux-gnu/libresolv-2.19.so
7fe4396b8000-7fe4398b8000 ---p 00017000 08:01 4460584                    /lib/x86_64-linux-gnu/libresolv-2.19.so
7fe4398b8000-7fe4398b9000 r--p 00017000 08:01 4460584                    /lib/x86_64-linux-gnu/libresolv-2.19.so
7fe4398b9000-7fe4398ba000 rw-p 00018000 08:01 4460584                    /lib/x86_64-linux-gnu/libresolv-2.19.so
7fe4398ba000-7fe4398bc000 rw-p 00000000 00:00 0 
7fe4398bc000-7fe4398c1000 r-xp 00000000 08:01 4460531                    /lib/x86_64-linux-gnu/libnss_dns-2.19.so
7fe4398c1000-7fe439ac0000 ---p 00005000 08:01 4460531                    /lib/x86_64-linux-gnu/libnss_dns-2.19.so
7fe439ac0000-7fe439ac1000 r--p 00004000 08:01 4460531                    /lib/x86_64-linux-gnu/libnss_dns-2.19.so
7fe439ac1000-7fe439ac2000 rw-p 00005000 08:01 4460531                    /lib/x86_64-linux-gnu/libnss_dns-2.19.so
7fe439ac2000-7fe439ac4000 r-xp 00000000 08:01 4460539                    /lib/x86_64-linux-gnu/libnss_mdns4_minimal.so.2
7fe439ac4000-7fe439cc3000 ---p 00002000 08:01 4460539                    /lib/x86_64-linux-gnu/libnss_mdns4_minimal.so.2
7fe439cc3000-7fe439cc4000 r--p 00001000 08:01 4460539                    /lib/x86_64-linux-gnu/libnss_mdns4_minimal.so.2
7fe439cc4000-7fe439cc5000 rw-p 00002000 08:01 4460539                    /lib/x86_64-linux-gnu/libnss_mdns4_minimal.so.2
7fe439cc5000-7fe439ec5000 rw-p 00000000 00:00 0 
7fe439ec5000-7fe439edb000 r-xp 00000000 08:01 4460485                    /lib/x86_64-linux-gnu/libgcc_s.so.1
7fe439edb000-7fe43a0da000 ---p 00016000 08:01 4460485                    /lib/x86_64-linux-gnu/libgcc_s.so.1
7fe43a0da000-7fe43a0db000 rw-p 00015000 08:01 4460485                    /lib/x86_64-linux-gnu/libgcc_s.so.1
7fe43a0db000-7fe43a0dd000 r--s 00011000 08:01 30409528                   /shared/spark/lib_managed/jars/avro-compiler-1.7.3.jar
7fe43a0dd000-7fe43a0de000 r--s 00000000 08:01 30409523                   /shared/spark/lib_managed/jars/unused-1.0.0.jar
7fe43a0de000-7fe43a0e1000 r--s 0001e000 08:01 30409505                   /shared/spark/lib_managed/jars/servlet-api-2.5-20110124.jar
7fe43a0e1000-7fe43a0e3000 r--s 00009000 08:01 30409522                   /shared/spark/lib_managed/jars/commons-cli-1.2.jar
7fe43a0e3000-7fe43a0ea000 r--s 0003a000 08:01 30409533                   /shared/spark/lib_managed/jars/commons-codec-1.8.jar
7fe43a0ea000-7fe43a0ef000 r--s 0003f000 08:01 23069731                   /shared/jdk1.8.0_45/jre/lib/ext/sunjce_provider.jar
7fe43a0ef000-7fe43a121000 r-xp 00000000 08:01 23069682                   /shared/jdk1.8.0_45/jre/lib/amd64/libsunec.so
7fe43a121000-7fe43a320000 ---p 00032000 08:01 23069682                   /shared/jdk1.8.0_45/jre/lib/amd64/libsunec.so
7fe43a320000-7fe43a326000 rw-p 00031000 08:01 23069682                   /shared/jdk1.8.0_45/jre/lib/amd64/libsunec.so
7fe43a326000-7fe43a336000 rw-p 00000000 00:00 0 
7fe43a336000-7fe43a337000 r--s 00009000 08:01 23069729                   /shared/jdk1.8.0_45/jre/lib/ext/sunec.jar
7fe43a337000-7fe43a33a000 r--s 0003a000 08:01 23069734                   /shared/jdk1.8.0_45/jre/lib/ext/sunpkcs11.jar
7fe43a33a000-7fe43a53a000 rw-p 00000000 00:00 0 
7fe43a53a000-7fe43a53d000 r--s 0001a000 08:01 23069761                   /shared/jdk1.8.0_45/jre/lib/jce.jar
7fe43a53d000-7fe43a73d000 rw-p 00000000 00:00 0 
7fe43a73d000-7fe43a740000 ---p 00000000 00:00 0 
7fe43a740000-7fe43aa3e000 rw-p 00000000 00:00 0                          [stack:27146]
7fe43aa3e000-7fe43ac3e000 rw-p 00000000 00:00 0 
7fe43ac3e000-7fe43ac40000 r--s 00006000 08:01 24642511                   /home/fan/.ivy2/cache/org.ow2.asm/asm-tree/jars/asm-tree-5.0.3.jar
7fe43ac40000-7fe43ac42000 r--s 00009000 08:01 24642487                   /home/fan/.ivy2/cache/org.ow2.asm/asm-commons/jars/asm-commons-5.0.3.jar
7fe43ac42000-7fe43ac43000 r--s 0000c000 08:01 24642485                   /home/fan/.ivy2/cache/org.ow2.asm/asm/jars/asm-5.0.3.jar
7fe43ac43000-7fe43ac46000 r--s 00017000 08:01 24921667                   /home/fan/.ivy2/cache/scala_2.10/sbt_0.13/io.spray/sbt-revolver/jars/sbt-revolver-0.7.2.jar
7fe43ac46000-7fe43ac54000 r--s 0007f000 08:01 24510867                   /home/fan/.ivy2/cache/commons-collections/commons-collections/jars/commons-collections-3.2.1.jar
7fe43ac54000-7fe43ac5c000 r--s 00066000 08:01 24642509                   /home/fan/.ivy2/cache/org.apache.velocity/velocity/jars/velocity-1.7.jar
7fe43ac5c000-7fe43ac61000 r--s 00041000 08:01 24511736                   /home/fan/.ivy2/cache/commons-lang/commons-lang/jars/commons-lang-2.6.jar
7fe43ac61000-7fe43ac63000 r--s 00011000 08:01 24642507                   /home/fan/.ivy2/cache/org.apache.avro/avro-compiler/jars/avro-compiler-1.7.5.jar
7fe43ac63000-7fe43ac65000 r--s 00005000 08:01 24511735                   /home/fan/.ivy2/cache/org.slf4j/slf4j-api/jars/slf4j-api-1.6.4.jar
7fe43ac65000-7fe43ac69000 r--s 00014000 08:01 24510875                   /home/fan/.ivy2/cache/org.tukaani/xz/jars/xz-1.0.jar
7fe43ac69000-7fe43ac6e000 r--s 00036000 08:01 24510865                   /home/fan/.ivy2/cache/org.apache.commons/commons-compress/jars/commons-compress-1.4.1.jar
7fe43ac6e000-7fe43ac70000 r--s 00130000 08:01 24511734                   /home/fan/.ivy2/cache/org.xerial.snappy/snappy-java/bundles/snappy-java-1.0.5.jar
7fe43ac70000-7fe43ac72000 r--s 00006000 08:01 24511733                   /home/fan/.ivy2/cache/com.thoughtworks.paranamer/paranamer/jars/paranamer-2.3.jar
7fe43ac72000-7fe43ac80000 r--s 000b1000 08:01 24511732                   /home/fan/.ivy2/cache/org.codehaus.jackson/jackson-mapper-asl/jars/jackson-mapper-asl-1.9.13.jar
7fe43ac80000-7fe43ac84000 r--s 00035000 08:01 24511731                   /home/fan/.ivy2/cache/org.codehaus.jackson/jackson-core-asl/jars/jackson-core-asl-1.9.13.jar
7fe43ac84000-7fe43ac8c000 r--s 0005a000 08:01 24511730                   /home/fan/.ivy2/cache/org.apache.avro/avro/jars/avro-1.7.5.jar
7fe43ac8c000-7fe43ac8d000 r--s 00005000 08:01 24642483                   /home/fan/.ivy2/cache/scala_2.10/sbt_0.13/com.cavorite/sbt-avro/jars/sbt-avro-0.3.2.jar
7fe43ac8d000-7fe43ac8f000 r--s 0000d000 08:01 24642084                   /home/fan/.ivy2/cache/scala_2.10/sbt_0.13/com.eed3si9n/sbt-unidoc/jars/sbt-unidoc-0.3.3.jar
7fe43ac8f000-7fe43ac90000 r--s 00003000 08:01 24642479                   /home/fan/.ivy2/cache/scala_2.10/sbt_0.13/com.alpinenow/junit_xml_listener/jars/junit_xml_listener-0.5.1.jar
7fe43ac90000-7fe43ac9a000 r--s 000a3000 08:01 24642505                   /home/fan/.ivy2/cache/org.scala-lang/scala-swing/jars/scala-swing-2.10.2.jar
7fe43ac9a000-7fe43aca2000 r--s 0006d000 08:01 24642503                   /home/fan/.ivy2/cache/org.scala-lang/scala-actors/jars/scala-actors-2.10.2.jar
7fe43aca2000-7fe43aca8000 r--s 0003d000 08:01 24642501                   /home/fan/.ivy2/cache/com.typesafe/mima-core_2.10/jars/mima-core_2.10-0.1.6.jar
7fe43aca8000-7fe43acab000 r--s 00025000 08:01 24642499                   /home/fan/.ivy2/cache/com.typesafe/mima-reporter_2.10/jars/mima-reporter_2.10-0.1.6.jar
7fe43acab000-7fe43acad000 r--s 00009000 08:01 24642477                   /home/fan/.ivy2/cache/scala_2.10/sbt_0.13/com.typesafe/sbt-mima-plugin/jars/sbt-mima-plugin-0.1.6.jar
7fe43acad000-7fe43acb2000 r--s 00031000 08:01 24511729                   /home/fan/.ivy2/cache/com.typesafe/config/bundles/config-1.2.0.jar
7fe43acb2000-7fe43acd6000 r--s 001bb000 08:01 24642497                   /home/fan/.ivy2/cache/com.danieltrinh/scalariform_2.10/jars/scalariform_2.10-0.1.5.jar
7fe43acd6000-7fe43ace5000 r--s 000b9000 08:01 24642495                   /home/fan/.ivy2/cache/org.scalastyle/scalastyle_2.10/jars/scalastyle_2.10-0.7.0.jar
7fe43ace5000-7fe43ace8000 r--s 0000d000 08:01 24642475                   /home/fan/.ivy2/cache/scala_2.10/sbt_0.13/org.scalastyle/scalastyle-sbt-plugin/jars/scalastyle-sbt-plugin-0.7.0.jar
7fe43ace8000-7fe43acf3000 r--s 00067000 08:01 24642493                   /home/fan/.ivy2/cache/com.github.mdr/ascii-graphs_2.10/jars/ascii-graphs_2.10-0.0.3.jar
7fe43acf3000-7fe43acf8000 r--s 0002a000 08:01 24642473                   /home/fan/.ivy2/cache/scala_2.10/sbt_0.13/net.virtual-void/sbt-dependency-graph/jars/sbt-dependency-graph-0.7.4.jar
7fe43acf8000-7fe43ad00000 r--s 00052000 08:01 24381655                   /home/fan/.ivy2/cache/scala_2.10/sbt_0.13/com.github.mpeltonen/sbt-idea/jars/sbt-idea-1.6.0.jar
7fe43ad00000-7fe43ad64000 r--s 003e8000 08:01 24642491                   /home/fan/.ivy2/cache/org.scalaz/scalaz-core_2.10/jars/scalaz-core_2.10-6.0.4.jar
7fe43ad64000-7fe43ad6b000 r--s 0003c000 08:01 24642489                   /home/fan/.ivy2/cache/scala_2.10/sbt_0.13/com.typesafe.sbteclipse/sbteclipse-core/jars/sbteclipse-core-2.2.0.jar
7fe43ad6b000-7fe43ad6d000 r--s 00001000 08:01 24642471                   /home/fan/.ivy2/cache/scala_2.10/sbt_0.13/com.typesafe.sbteclipse/sbteclipse-plugin/jars/sbteclipse-plugin-2.2.0.jar
7fe43ad6d000-7fe43ad71000 r--s 00022000 08:01 24381653                   /home/fan/.ivy2/cache/scala_2.10/sbt_0.13/com.eed3si9n/sbt-assembly/jars/sbt-assembly-0.11.2.jar
7fe43ad71000-7fe43ad72000 r--s 00002000 08:01 24642288                   /home/fan/.ivy2/cache/org.apache.maven.wagon/wagon-file/jars/wagon-file-2.2.jar
7fe43ad72000-7fe43ad73000 r--s 00003000 08:01 24642286                   /home/fan/.ivy2/cache/org.apache.maven.wagon/wagon-http-lightweight/jars/wagon-http-lightweight-2.2.jar
7fe43ad73000-7fe43ad79000 r--s 0003f000 08:01 24642342                   /home/fan/.ivy2/cache/org.apache.maven/maven-compat/jars/maven-compat-3.0.4.jar
7fe43ad79000-7fe43ad7b000 r--s 00009000 08:01 24510844                   /home/fan/.ivy2/cache/commons-cli/commons-cli/jars/commons-cli-1.2.jar
7fe43ad7b000-7fe43ad9a000 r--s 00152000 08:01 24642340                   /home/fan/.ivy2/cache/org.sonatype.sisu/sisu-guava/jars/sisu-guava-0.9.9.jar
7fe43ad9a000-7fe43ada2000 r--s 00050000 08:01 24642338                   /home/fan/.ivy2/cache/org.sonatype.sisu/sisu-guice/jars/sisu-guice-3.1.0-no_aop.jar
7fe43ada2000-7fe43ada9000 r--s 00040000 08:01 24642336                   /home/fan/.ivy2/cache/org.sonatype.sisu/sisu-inject-bean/bundles/sisu-inject-bean-2.3.0.jar
7fe43ada9000-7fe43adaf000 r--s 0002c000 08:01 24642326                   /home/fan/.ivy2/cache/org.sonatype.sisu/sisu-inject-plexus/bundles/sisu-inject-plexus-2.3.0.jar
7fe43adaf000-7fe43adb1000 r--s 0000b000 08:01 24642324                   /home/fan/.ivy2/cache/org.apache.maven/maven-plugin-api/jars/maven-plugin-api-3.0.4.jar
7fe43adb1000-7fe43adb3000 r--s 0000b000 08:01 24642334                   /home/fan/.ivy2/cache/org.apache.maven/maven-artifact/jars/maven-artifact-3.0.4.jar
7fe43adb3000-7fe43adb5000 r--s 00002000 08:01 24642330                   /home/fan/.ivy2/cache/org.sonatype.plexus/plexus-cipher/jars/plexus-cipher-1.7.jar
7fe43adb5000-7fe43adb6000 r--s 00006000 08:01 24642328                   /home/fan/.ivy2/cache/org.sonatype.plexus/plexus-sec-dispatcher/jars/plexus-sec-dispatcher-1.3.jar
7fe43adb6000-7fe43adb9000 r--s 00008000 08:01 24642332                   /home/fan/.ivy2/cache/org.apache.maven/maven-settings-builder/jars/maven-settings-builder-3.0.4.jar
7fe43adb9000-7fe43adc5000 r--s 0007d000 08:01 24642322                   /home/fan/.ivy2/cache/org.apache.maven/maven-core/jars/maven-core-3.0.4.jar
7fe43adc5000-7fe43adc7000 r--s 0000a000 08:01 24642320                   /home/fan/.ivy2/cache/org.apache.maven/maven-settings/jars/maven-settings-3.0.4.jar
7fe43adc7000-7fe43adc8000 r--s 0000a000 08:01 24642284                   /home/fan/.ivy2/cache/org.apache.maven/maven-embedder/jars/maven-embedder-3.0.4.jar
7fe43adc8000-7fe43adcb000 r--s 00024000 08:01 24381657                   /home/fan/.ivy2/cache/commons-io/commons-io/jars/commons-io-2.0.1.jar
7fe43adcb000-7fe43adcd000 r--s 0000d000 08:01 24511725                   /home/fan/.ivy2/cache/commons-codec/commons-codec/jars/commons-codec-1.4.jar
7fe43adcd000-7fe43adcf000 r--s 0000d000 08:01 24510853                   /home/fan/.ivy2/cache/commons-logging/commons-logging/jars/commons-logging-1.1.1.jar
7fe43adcf000-7fe43add4000 r--s 00028000 08:01 24642314                   /home/fan/.ivy2/cache/org.apache.httpcomponents/httpcore/jars/httpcore-4.1.2.jar
7fe43add4000-7fe43addc000 r--s 0004e000 08:01 24642312                   /home/fan/.ivy2/cache/org.apache.httpcomponents/httpclient/jars/httpclient-4.1.2.jar
7fe43addc000-7fe43ade1000 r--s 00040000 08:01 24642316                   /home/fan/.ivy2/cache/org.jsoup/jsoup/jars/jsoup-1.6.1.jar
7fe43ade1000-7fe43ade3000 r--s 00006000 08:01 24642310                   /home/fan/.ivy2/cache/org.apache.maven.wagon/wagon-http-shared4/jars/wagon-http-shared4-2.2.jar
7fe43ade3000-7fe43ade4000 r--s 00002000 08:01 24642280                   /home/fan/.ivy2/cache/org.apache.maven.wagon/wagon-http/jars/wagon-http-2.2.jar
7fe43ade4000-7fe43ade6000 r--s 0000a000 08:01 24642308                   /home/fan/.ivy2/cache/org.codehaus.plexus/plexus-classworlds/jars/plexus-classworlds-2.4.jar
7fe43ade6000-7fe43adea000 r--s 00034000 08:01 24642318                   /home/fan/.ivy2/cache/org.codehaus.plexus/plexus-utils/jars/plexus-utils-3.0.jar
7fe43adea000-7fe43adec000 r--s 0000b000 08:01 24642282                   /home/fan/.ivy2/cache/org.apache.maven.wagon/wagon-provider-api/jars/wagon-provider-api-2.2.jar
7fe43adec000-7fe43adee000 r--s 00006000 08:01 24642278                   /home/fan/.ivy2/cache/org.sonatype.aether/aether-connector-wagon/jars/aether-connector-wagon-1.13.1.jar
7fe43adee000-7fe43adf1000 r--s 0001d000 08:01 24642302                   /home/fan/.ivy2/cache/org.sonatype.aether/aether-impl/jars/aether-impl-1.13.1.jar
7fe43adf1000-7fe43adf5000 r--s 0001c000 08:01 24642300                   /home/fan/.ivy2/cache/org.sonatype.aether/aether-util/jars/aether-util-1.13.1.jar
7fe43adf5000-7fe43adf6000 r--s 00003000 08:01 24642298                   /home/fan/.ivy2/cache/org.sonatype.aether/aether-spi/jars/aether-spi-1.13.1.jar
7fe43adf6000-7fe43adf9000 r--s 00013000 08:01 24642296                   /home/fan/.ivy2/cache/org.sonatype.aether/aether-api/jars/aether-api-1.13.1.jar
7fe43adf9000-7fe43adfb000 r--s 00006000 08:01 24642294                   /home/fan/.ivy2/cache/org.apache.maven/maven-repository-metadata/jars/maven-repository-metadata-3.0.4.jar
7fe43adfb000-7fe43adfd000 r--s 00000000 08:01 24642304                   /home/fan/.ivy2/cache/org.codehaus.plexus/plexus-component-annotations/jars/plexus-component-annotations-1.5.5.jar
7fe43adfd000-7fe43adff000 r--s 0000d000 08:01 24642306                   /home/fan/.ivy2/cache/org.codehaus.plexus/plexus-interpolation/jars/plexus-interpolation-1.14.jar
7fe43adff000-7fe43ae03000 r--s 00021000 08:01 24642292                   /home/fan/.ivy2/cache/org.apache.maven/maven-model-builder/jars/maven-model-builder-3.0.4.jar
7fe43ae03000-7fe43ae05000 r--s 00026000 08:01 24642290                   /home/fan/.ivy2/cache/org.apache.maven/maven-model/jars/maven-model-3.0.4.jar
7fe43ae05000-7fe43ae07000 r--s 0000c000 08:01 24642276                   /home/fan/.ivy2/cache/org.apache.maven/maven-aether-provider/jars/maven-aether-provider-3.0.4.jar
7fe43ae07000-7fe43b007000 rw-p 00000000 00:00 0 
7fe43b007000-7fe43b00a000 ---p 00000000 00:00 0 
7fe43b00a000-7fe43b308000 rw-p 00000000 00:00 0                          [stack:27140]
7fe43b308000-7fe43b30b000 r--s 00025000 08:01 30409501                   /shared/spark/lib_managed/jars/commons-io-2.1.jar
7fe43b30b000-7fe43b30d000 r--s 00005000 08:01 30409535                   /shared/spark/lib_managed/jars/flume-ng-auth-1.6.0.jar
7fe43b30d000-7fe43b316000 r--s 0006f000 08:01 30409540                   /shared/spark/lib_managed/bundles/log4j-1.2.17.jar
7fe43b316000-7fe43b31e000 r--s 00053000 08:01 30409520                   /shared/spark/lib_managed/jars/flume-ng-core-1.6.0.jar
7fe43b31e000-7fe43b334000 r--s 000ff000 08:01 30409531                   /shared/spark/lib_managed/bundles/netty-3.5.12.Final.jar
7fe43b334000-7fe43b342000 r--s 0007f000 08:01 30409524                   /shared/spark/lib_managed/jars/commons-collections-3.2.1.jar
7fe43b342000-7fe43b34a000 r--s 00066000 08:01 30409519                   /shared/spark/lib_managed/jars/velocity-1.7.jar
7fe43b34a000-7fe43b34e000 r--s 00028000 08:01 30409498                   /shared/spark/lib_managed/jars/jetty-util-6.1.26.jar
7fe43b34e000-7fe43b355000 r--s 0007d000 08:01 30409515                   /shared/spark/lib_managed/jars/jetty-6.1.26.jar
7fe43b355000-7fe43b358000 ---p 00000000 00:00 0 
7fe43b358000-7fe43b38e000 rw-p 00000000 00:00 0 
7fe43b38e000-7fe43b391000 ---p 00000000 00:00 0 
7fe43b391000-7fe43b3c7000 rw-p 00000000 00:00 0 
7fe43b3c7000-7fe43b3ca000 ---p 00000000 00:00 0 
7fe43b3ca000-7fe43b600000 rw-p 00000000 00:00 0 
7fe43b600000-7fe43b800000 rw-p 00000000 00:00 0 
7fe43b800000-7fe43ba00000 rw-p 00000000 00:00 0 
7fe43ba00000-7fe43bc00000 rw-p 00000000 00:00 0 
7fe43bc00000-7fe43be00000 rw-p 00000000 00:00 0 
7fe43be00000-7fe43c000000 rw-p 00000000 00:00 0 
7fe43c000000-7fe43c021000 rw-p 00000000 00:00 0 
7fe43c021000-7fe440000000 ---p 00000000 00:00 0 
7fe440000000-7fe440001000 r--s 00002000 08:01 30409499                   /shared/spark/lib_managed/jars/slf4j-log4j12-1.6.1.jar
7fe440001000-7fe440003000 r--s 0000c000 08:01 30409509                   /shared/spark/lib_managed/jars/flume-ng-configuration-1.6.0.jar
7fe440003000-7fe440007000 r--s 0002a000 08:01 30409530                   /shared/spark/lib_managed/jars/avro-ipc-1.7.4.jar
7fe440007000-7fe44000c000 r--s 00036000 08:01 30409521                   /shared/spark/lib_managed/jars/commons-compress-1.4.1.jar
7fe44000c000-7fe44001a000 r--s 000af000 08:01 30409508                   /shared/spark/lib_managed/jars/jackson-mapper-asl-1.9.3.jar
7fe44001a000-7fe44001b000 r--s 00007000 08:01 24641790                   /home/fan/.ivy2/cache/org.scala-sbt/scripted-plugin/jars/scripted-plugin-0.13.7.jar
7fe44001b000-7fe44001f000 r--s 00014000 08:01 30409534                   /shared/spark/lib_managed/jars/xz-1.0.jar
7fe44001f000-7fe440021000 r--s 00063000 08:01 30409527                   /shared/spark/lib_managed/bundles/snappy-java-1.1.0.jar
7fe440021000-7fe440023000 r--s 00006000 08:01 30409536                   /shared/spark/lib_managed/jars/paranamer-2.3.jar
7fe440023000-7fe440027000 r--s 00034000 08:01 30409518                   /shared/spark/lib_managed/jars/jackson-core-asl-1.9.3.jar
7fe440027000-7fe44002e000 r--s 00044000 08:01 30409514                   /shared/spark/lib_managed/jars/avro-1.7.4.jar
7fe44002e000-7fe440031000 r--s 0001b000 08:01 30409529                   /shared/spark/lib_managed/jars/flume-ng-sdk-1.6.0.jar
7fe440031000-7fe440033000 r--s 00001000 08:01 23069727                   /shared/jdk1.8.0_45/jre/lib/ext/dnsns.jar
7fe440033000-7fe44004e000 r--s 001d0000 08:01 23069728                   /shared/jdk1.8.0_45/jre/lib/ext/nashorn.jar
7fe44004e000-7fe440053000 r--s 00083000 08:01 23069711                   /shared/jdk1.8.0_45/jre/lib/jfr.jar
7fe440053000-7fe440056000 ---p 00000000 00:00 0 
7fe440056000-7fe440154000 rw-p 00000000 00:00 0                          [stack:27137]
7fe440154000-7fe440157000 ---p 00000000 00:00 0 
7fe440157000-7fe440255000 rw-p 00000000 00:00 0 
7fe440255000-7fe440258000 ---p 00000000 00:00 0 
7fe440258000-7fe440356000 rw-p 00000000 00:00 0                          [stack:27139]
7fe440356000-7fe440359000 ---p 00000000 00:00 0 
7fe440359000-7fe440457000 rw-p 00000000 00:00 0                          [stack:27144]
7fe440457000-7fe44045a000 ---p 00000000 00:00 0 
7fe44045a000-7fe440558000 rw-p 00000000 00:00 0 
7fe440558000-7fe44055b000 ---p 00000000 00:00 0 
7fe44055b000-7fe440659000 rw-p 00000000 00:00 0                          [stack:27142]
7fe440659000-7fe44065c000 ---p 00000000 00:00 0 
7fe44065c000-7fe44075a000 rw-p 00000000 00:00 0                          [stack:27136]
7fe44075a000-7fe440776000 r--s 00393000 08:01 23069732                   /shared/jdk1.8.0_45/jre/lib/ext/cldrdata.jar
7fe440776000-7fe440781000 r--s 00116000 08:01 23069730                   /shared/jdk1.8.0_45/jre/lib/ext/localedata.jar
7fe440781000-7fe440981000 rw-p 00000000 00:00 0 
7fe440981000-7fe440982000 r--s 00010000 08:01 23069726                   /shared/jdk1.8.0_45/jre/lib/ext/zipfs.jar
7fe440982000-7fe440986000 r--s 00021000 08:01 24641786                   /home/fan/.ivy2/cache/scala_2.10/sbt_0.13/com.typesafe.sbt/sbt-site/jars/sbt-site-0.7.1.jar
7fe440986000-7fe44098b000 r--s 002f8000 08:01 23069760                   /shared/jdk1.8.0_45/jre/lib/charsets.jar
7fe44098b000-7fe440990000 r--s 00036000 08:01 24511619                   /home/fan/.sbt/boot/scala-2.10.4/org.scala-sbt/sbt/0.13.7/compiler-interface-bin_2.10.4/compiler-interface-bin-0.13.7.jar
7fe440990000-7fe440993000 r--s 00028000 08:01 30409730                   /shared/spark/lib_managed/jars/stream-2.7.0.jar
7fe440993000-7fe440995000 r--s 00011000 08:01 24641788                   /home/fan/.ivy2/cache/scala_2.10/sbt_0.13/com.typesafe.sbt/sbt-git/jars/sbt-git-0.6.2.jar
7fe440995000-7fe440996000 r--s 00004000 08:01 24641784                   /home/fan/.ivy2/cache/scala_2.10/sbt_0.13/com.typesafe.sbt/sbt-ghpages/jars/sbt-ghpages-0.5.2.jar
7fe440996000-7fe4409a9000 r--s 00344000 08:01 23069620                   /shared/jdk1.8.0_45/jre/lib/resources.jar
7fe4409a9000-7fe4409ac000 ---p 00000000 00:00 0 
7fe4409ac000-7fe440aaa000 rw-p 00000000 00:00 0                          [stack:27143]
7fe440aaa000-7fe440aad000 ---p 00000000 00:00 0 
7fe440aad000-7fe440dab000 rw-p 00000000 00:00 0                          [stack:27141]
7fe440dab000-7fe440fab000 rw-p 00000000 00:00 0 
7fe440fab000-7fe4411ab000 rw-p 00000000 00:00 0 
7fe4411ab000-7fe4413ab000 rw-p 00000000 00:00 0 
7fe4413ab000-7fe4415ab000 rw-p 00000000 00:00 0 
7fe4415ab000-7fe4415b0000 r--s 00094000 08:01 23069624                   /shared/jdk1.8.0_45/jre/lib/jsse.jar
7fe4415b0000-7fe4415b3000 ---p 00000000 00:00 0 
7fe4415b3000-7fe4415e9000 rw-p 00000000 00:00 0 
7fe4415e9000-7fe4415eb000 r--s 0000b000 08:01 24511612                   /home/fan/.sbt/boot/scala-2.10.4/org.scala-sbt/sbt/0.13.7/xsbti/interface-0.13.7.jar
7fe4415eb000-7fe4415f1000 r--s 0003d000 08:01 24382508                   /home/fan/.sbt/boot/scala-2.10.4/org.scala-sbt/sbt/0.13.7/io-0.13.7.jar
7fe4415f1000-7fe4415f3000 r--s 00006000 08:01 24382536                   /home/fan/.sbt/boot/scala-2.10.4/org.scala-sbt/sbt/0.13.7/relation-0.13.7.jar
7fe4415f3000-7fe4415f5000 r--s 0000e000 08:01 24382509                   /home/fan/.sbt/boot/scala-2.10.4/org.scala-sbt/sbt/0.13.7/logic-0.13.7.jar
7fe4415f5000-7fe4415f7000 r--s 00013000 08:01 24382516                   /home/fan/.sbt/boot/scala-2.10.4/org.scala-sbt/sbt/0.13.7/json4s-ast_2.10-3.2.10.jar
7fe4415f7000-7fe4417f7000 rw-p 00000000 00:00 0 
7fe4417f7000-7fe4417fa000 r--s 00018000 08:01 24382538                   /home/fan/.sbt/boot/scala-2.10.4/org.scala-sbt/sbt/0.13.7/logging-0.13.7.jar
7fe4417fa000-7fe441804000 r--s 00085000 08:01 24382542                   /home/fan/.sbt/boot/scala-2.10.4/org.scala-sbt/sbt/0.13.7/json4s-core_2.10-3.2.10.jar
7fe441804000-7fe441805000 r--s 0000a000 08:01 24382514                   /home/fan/.sbt/boot/scala-2.10.4/org.scala-sbt/sbt/0.13.7/tracking-0.13.7.jar
7fe441805000-7fe441807000 r--s 00014000 08:01 24382520                   /home/fan/.sbt/boot/scala-2.10.4/org.scala-sbt/sbt/0.13.7/apply-macro-0.13.7.jar
7fe441807000-7fe44180a000 r--s 0001d000 08:01 24382534                   /home/fan/.sbt/boot/scala-2.10.4/org.scala-sbt/sbt/0.13.7/tasks-0.13.7.jar
7fe44180a000-7fe44180d000 r--s 00013000 08:01 24382522                   /home/fan/.sbt/boot/scala-2.10.4/org.scala-sbt/sbt/0.13.7/classpath-0.13.7.jar
7fe44180d000-7fe44180f000 r--s 00012000 08:01 24382537                   /home/fan/.sbt/boot/scala-2.10.4/org.scala-sbt/sbt/0.13.7/jawn-parser_2.10-0.6.0.jar
7fe44180f000-7fe441813000 r--s 0001b000 08:01 24382525                   /home/fan/.sbt/boot/scala-2.10.4/org.scala-sbt/sbt/0.13.7/process-0.13.7.jar
7fe441813000-7fe441815000 r--s 00007000 08:01 24382530                   /home/fan/.sbt/boot/scala-2.10.4/org.scala-sbt/sbt/0.13.7/paranamer-2.6.jar
7fe441815000-7fe441816000 r--s 00005000 08:01 24382543                   /home/fan/.sbt/boot/scala-2.10.4/org.scala-sbt/sbt/0.13.7/sbt-0.13.7.jar
7fe441816000-7fe441819000 r--s 0001e000 08:01 24382507                   /home/fan/.sbt/boot/scala-2.10.4/org.scala-sbt/sbt/0.13.7/run-0.13.7.jar
7fe441819000-7fe44181b000 r--s 00002000 08:01 24382531                   /home/fan/.sbt/boot/scala-2.10.4/org.scala-sbt/sbt/0.13.7/test-interface-1.0.jar
7fe44181b000-7fe44182e000 r--s 000be000 08:01 24382517                   /home/fan/.sbt/boot/scala-2.10.4/org.scala-sbt/sbt/0.13.7/scalap-2.10.0.jar
7fe44182e000-7fe441838000 r--s 00092000 08:01 24382524                   /home/fan/.sbt/boot/scala-2.10.4/org.scala-sbt/sbt/0.13.7/main-settings-0.13.7.jar
7fe441838000-7fe44183d000 r--s 00023000 08:01 24382503                   /home/fan/.sbt/boot/scala-2.10.4/org.scala-sbt/sbt/0.13.7/persist-0.13.7.jar
7fe44183d000-7fe441841000 r--s 00022000 08:01 24382533                   /home/fan/.sbt/boot/scala-2.10.4/org.scala-sbt/sbt/0.13.7/sbinary_2.10-0.4.2.jar
7fe441841000-7fe441843000 r--s 00001000 08:01 24382529                   /home/fan/.sbt/boot/scala-2.10.4/org.scala-sbt/sbt/0.13.7/compiler-ivy-integration-0.13.7.jar
7fe441843000-7fe441846000 r--s 0000e000 08:01 24382502                   /home/fan/.sbt/boot/scala-2.10.4/org.scala-sbt/sbt/0.13.7/compiler-integration-0.13.7.jar
7fe441846000-7fe441849000 r--s 0001d000 08:01 24382513                   /home/fan/.sbt/boot/scala-2.10.4/org.scala-sbt/sbt/0.13.7/task-system-0.13.7.jar
7fe441849000-7fe441850000 r--s 00049000 08:01 24382511                   /home/fan/.sbt/boot/scala-2.10.4/org.scala-sbt/sbt/0.13.7/api-0.13.7.jar
7fe441850000-7fe441863000 r--s 000fc000 08:01 24382518                   /home/fan/.sbt/boot/scala-2.10.4/org.scala-sbt/sbt/0.13.7/ivy-0.13.7.jar
7fe441863000-7fe441899000 r--s 002d9000 08:01 24382540                   /home/fan/.sbt/boot/scala-2.10.4/org.scala-sbt/sbt/0.13.7/scala-reflect-2.10.4.jar
7fe441899000-7fe4418a1000 r--s 00060000 08:01 24382527                   /home/fan/.sbt/boot/scala-2.10.4/org.scala-sbt/sbt/0.13.7/collections-0.13.7.jar
7fe4418a1000-7fe4418a3000 r--s 00001000 08:01 24382541                   /home/fan/.sbt/boot/scala-2.10.4/org.scala-sbt/sbt/0.13.7/launcher-interface-0.13.7.jar
7fe4418a3000-7fe4418cd000 r--s 0022d000 08:01 24382512                   /home/fan/.sbt/boot/scala-2.10.4/org.scala-sbt/sbt/0.13.7/main-0.13.7.jar
7fe4418cd000-7fe4418cf000 r--s 00002000 08:01 24382521                   /home/fan/.sbt/boot/scala-2.10.4/org.scala-sbt/sbt/0.13.7/control-0.13.7.jar
7fe4418cf000-7fe4418d8000 r--s 00061000 08:01 24382523                   /home/fan/.sbt/boot/scala-2.10.4/org.scala-sbt/sbt/0.13.7/incremental-compiler-0.13.7.jar
7fe4418d8000-7fe4418db000 r--s 00030000 08:01 24382539                   /home/fan/.sbt/boot/scala-2.10.4/org.scala-sbt/sbt/0.13.7/jline-2.11.jar
7fe4418db000-7fe4418de000 r--s 0001a000 08:01 24382528                   /home/fan/.sbt/boot/scala-2.10.4/org.scala-sbt/sbt/0.13.7/cache-0.13.7.jar
7fe4418de000-7fe4419db000 r--s 00cca000 08:01 24381627                   /home/fan/.sbt/boot/scala-2.10.4/lib/scala-compiler.jar
7fe4419db000-7fe4419ec000 r-xp 00000000 08:01 23069647                   /shared/jdk1.8.0_45/jre/lib/amd64/libnio.so
7fe4419ec000-7fe441beb000 ---p 00011000 08:01 23069647                   /shared/jdk1.8.0_45/jre/lib/amd64/libnio.so
7fe441beb000-7fe441bec000 rw-p 00010000 08:01 23069647                   /shared/jdk1.8.0_45/jre/lib/amd64/libnio.so
7fe441bec000-7fe441c02000 r-xp 00000000 08:01 23069673                   /shared/jdk1.8.0_45/jre/lib/amd64/libnet.so
7fe441c02000-7fe441e02000 ---p 00016000 08:01 23069673                   /shared/jdk1.8.0_45/jre/lib/amd64/libnet.so
7fe441e02000-7fe441e03000 rw-p 00016000 08:01 23069673                   /shared/jdk1.8.0_45/jre/lib/amd64/libnet.so
7fe441e03000-7fe441e04000 ---p 00000000 00:00 0 
7fe441e04000-7fe441f04000 rw-p 00000000 00:00 0                          [stack:27069]
7fe441f04000-7fe441f07000 ---p 00000000 00:00 0 
7fe441f07000-7fe442005000 rw-p 00000000 00:00 0                          [stack:27068]
7fe442005000-7fe442008000 ---p 00000000 00:00 0 
7fe442008000-7fe442106000 rw-p 00000000 00:00 0                          [stack:27067]
7fe442106000-7fe442109000 ---p 00000000 00:00 0 
7fe442109000-7fe442207000 rw-p 00000000 00:00 0                          [stack:27066]
7fe442207000-7fe44220a000 ---p 00000000 00:00 0 
7fe44220a000-7fe442308000 rw-p 00000000 00:00 0                          [stack:27065]
7fe442308000-7fe44230b000 ---p 00000000 00:00 0 
7fe44230b000-7fe442409000 rw-p 00000000 00:00 0                          [stack:27064]
7fe442409000-7fe44240c000 ---p 00000000 00:00 0 
7fe44240c000-7fe44250a000 rw-p 00000000 00:00 0                          [stack:27063]
7fe44250a000-7fe442bec000 r--p 00000000 08:01 25172526                   /usr/lib/locale/locale-archive
7fe442bec000-7fe442bef000 ---p 00000000 00:00 0 
7fe442bef000-7fe442ced000 rw-p 00000000 00:00 0                          [stack:27062]
7fe442ced000-7fe442cf0000 ---p 00000000 00:00 0 
7fe442cf0000-7fe442dee000 rw-p 00000000 00:00 0                          [stack:27061]
7fe442dee000-7fe442def000 ---p 00000000 00:00 0 
7fe442def000-7fe444000000 rw-p 00000000 00:00 0                          [stack:27060]
7fe444000000-7fe444021000 rw-p 00000000 00:00 0 
7fe444021000-7fe448000000 ---p 00000000 00:00 0 
7fe448000000-7fe448021000 rw-p 00000000 00:00 0 
7fe448021000-7fe44c000000 ---p 00000000 00:00 0 
7fe44c000000-7fe44c021000 rw-p 00000000 00:00 0 
7fe44c021000-7fe450000000 ---p 00000000 00:00 0 
7fe450000000-7fe450021000 rw-p 00000000 00:00 0 
7fe450021000-7fe454000000 ---p 00000000 00:00 0 
7fe454000000-7fe454021000 rw-p 00000000 00:00 0 
7fe454021000-7fe458000000 ---p 00000000 00:00 0 
7fe458000000-7fe458001000 r--s 00005000 08:01 24382544                   /home/fan/.sbt/boot/scala-2.10.4/org.scala-sbt/sbt/0.13.7/test-agent-0.13.7.jar
7fe458001000-7fe458017000 r--s 00100000 08:01 24382506                   /home/fan/.sbt/boot/scala-2.10.4/org.scala-sbt/sbt/0.13.7/ivy-2.3.0-sbt-fccfbd44c9f64523b61398a0155784dcbaeae28f.jar
7fe458017000-7fe458089000 r--s 0065a000 08:01 24381628                   /home/fan/.sbt/boot/scala-2.10.4/lib/scala-library.jar
7fe458089000-7fe4580bf000 r--s 002d9000 08:01 24381626                   /home/fan/.sbt/boot/scala-2.10.4/lib/scala-reflect.jar
7fe4580bf000-7fe458ac9000 rw-p 00000000 00:00 0 
7fe458ac9000-7fe458ca2000 r--s 03d09000 08:01 23069626                   /shared/jdk1.8.0_45/jre/lib/rt.jar
7fe458ca2000-7fe45b6a2000 rw-p 00000000 00:00 0 
7fe45b6a2000-7fe45b6a3000 ---p 00000000 00:00 0 
7fe45b6a3000-7fe45b7a3000 rw-p 00000000 00:00 0                          [stack:27059]
7fe45b7a3000-7fe45b7a4000 ---p 00000000 00:00 0 
7fe45b7a4000-7fe45b8a4000 rw-p 00000000 00:00 0                          [stack:27058]
7fe45b8a4000-7fe45b8a5000 ---p 00000000 00:00 0 
7fe45b8a5000-7fe45b9a5000 rw-p 00000000 00:00 0                          [stack:27057]
7fe45b9a5000-7fe45b9a6000 ---p 00000000 00:00 0 
7fe45b9a6000-7fe45baa6000 rw-p 00000000 00:00 0                          [stack:27056]
7fe45baa6000-7fe45baa7000 ---p 00000000 00:00 0 
7fe45baa7000-7fe45bba7000 rw-p 00000000 00:00 0                          [stack:27055]
7fe45bba7000-7fe45bba8000 ---p 00000000 00:00 0 
7fe45bba8000-7fe45bca8000 rw-p 00000000 00:00 0                          [stack:27054]
7fe45bca8000-7fe45bca9000 ---p 00000000 00:00 0 
7fe45bca9000-7fe45bda9000 rw-p 00000000 00:00 0                          [stack:27053]
7fe45bda9000-7fe45bdaa000 ---p 00000000 00:00 0 
7fe45bdaa000-7fe45c000000 rw-p 00000000 00:00 0                          [stack:27052]
7fe45c000000-7fe460140000 rwxp 00000000 00:00 0 
7fe460140000-7fe464000000 ---p 00000000 00:00 0 
7fe464000000-7fe4668f7000 rw-p 00000000 00:00 0 
7fe4668f7000-7fe468000000 ---p 00000000 00:00 0 
7fe468000000-7fe468005000 r--s 00036000 08:01 24382532                   /home/fan/.sbt/boot/scala-2.10.4/org.scala-sbt/sbt/0.13.7/command-0.13.7.jar
7fe468005000-7fe46800d000 r--s 00057000 08:01 24382519                   /home/fan/.sbt/boot/scala-2.10.4/org.scala-sbt/sbt/0.13.7/completion-0.13.7.jar
7fe46800d000-7fe468010000 r--s 00012000 08:01 24382501                   /home/fan/.sbt/boot/scala-2.10.4/org.scala-sbt/sbt/0.13.7/classfile-0.13.7.jar
7fe468010000-7fe468014000 r--s 00034000 08:01 24382500                   /home/fan/.sbt/boot/scala-2.10.4/org.scala-sbt/sbt/0.13.7/jsch-0.1.46.jar
7fe468014000-7fe468017000 r--s 00019000 08:01 24382545                   /home/fan/.sbt/boot/scala-2.10.4/org.scala-sbt/sbt/0.13.7/compile-0.13.7.jar
7fe468017000-7fe468393000 rw-p 00000000 00:00 0 
7fe468393000-7fe46848e000 ---p 00000000 00:00 0 
7fe46848e000-7fe4684a8000 r-xp 00000000 08:01 23069652                   /shared/jdk1.8.0_45/jre/lib/amd64/libzip.so
7fe4684a8000-7fe4686a8000 ---p 0001a000 08:01 23069652                   /shared/jdk1.8.0_45/jre/lib/amd64/libzip.so
7fe4686a8000-7fe4686a9000 rw-p 0001a000 08:01 23069652                   /shared/jdk1.8.0_45/jre/lib/amd64/libzip.so
7fe4686a9000-7fe4686b4000 r-xp 00000000 08:01 4460533                    /lib/x86_64-linux-gnu/libnss_files-2.19.so
7fe4686b4000-7fe4688b3000 ---p 0000b000 08:01 4460533                    /lib/x86_64-linux-gnu/libnss_files-2.19.so
7fe4688b3000-7fe4688b4000 r--p 0000a000 08:01 4460533                    /lib/x86_64-linux-gnu/libnss_files-2.19.so
7fe4688b4000-7fe4688b5000 rw-p 0000b000 08:01 4460533                    /lib/x86_64-linux-gnu/libnss_files-2.19.so
7fe4688b5000-7fe4688c0000 r-xp 00000000 08:01 4460543                    /lib/x86_64-linux-gnu/libnss_nis-2.19.so
7fe4688c0000-7fe468abf000 ---p 0000b000 08:01 4460543                    /lib/x86_64-linux-gnu/libnss_nis-2.19.so
7fe468abf000-7fe468ac0000 r--p 0000a000 08:01 4460543                    /lib/x86_64-linux-gnu/libnss_nis-2.19.so
7fe468ac0000-7fe468ac1000 rw-p 0000b000 08:01 4460543                    /lib/x86_64-linux-gnu/libnss_nis-2.19.so
7fe468ac1000-7fe468ad8000 r-xp 00000000 08:01 4460527                    /lib/x86_64-linux-gnu/libnsl-2.19.so
7fe468ad8000-7fe468cd7000 ---p 00017000 08:01 4460527                    /lib/x86_64-linux-gnu/libnsl-2.19.so
7fe468cd7000-7fe468cd8000 r--p 00016000 08:01 4460527                    /lib/x86_64-linux-gnu/libnsl-2.19.so
7fe468cd8000-7fe468cd9000 rw-p 00017000 08:01 4460527                    /lib/x86_64-linux-gnu/libnsl-2.19.so
7fe468cd9000-7fe468cdb000 rw-p 00000000 00:00 0 
7fe468cdb000-7fe468ce4000 r-xp 00000000 08:01 4460529                    /lib/x86_64-linux-gnu/libnss_compat-2.19.so
7fe468ce4000-7fe468ee3000 ---p 00009000 08:01 4460529                    /lib/x86_64-linux-gnu/libnss_compat-2.19.so
7fe468ee3000-7fe468ee4000 r--p 00008000 08:01 4460529                    /lib/x86_64-linux-gnu/libnss_compat-2.19.so
7fe468ee4000-7fe468ee5000 rw-p 00009000 08:01 4460529                    /lib/x86_64-linux-gnu/libnss_compat-2.19.so
7fe468ee5000-7fe468f0f000 r-xp 00000000 08:01 23069645                   /shared/jdk1.8.0_45/jre/lib/amd64/libjava.so
7fe468f0f000-7fe46910f000 ---p 0002a000 08:01 23069645                   /shared/jdk1.8.0_45/jre/lib/amd64/libjava.so
7fe46910f000-7fe469111000 rw-p 0002a000 08:01 23069645                   /shared/jdk1.8.0_45/jre/lib/amd64/libjava.so
7fe469111000-7fe46911e000 r-xp 00000000 08:01 23069687                   /shared/jdk1.8.0_45/jre/lib/amd64/libverify.so
7fe46911e000-7fe46931e000 ---p 0000d000 08:01 23069687                   /shared/jdk1.8.0_45/jre/lib/amd64/libverify.so
7fe46931e000-7fe469320000 rw-p 0000d000 08:01 23069687                   /shared/jdk1.8.0_45/jre/lib/amd64/libverify.so
7fe469320000-7fe469327000 r-xp 00000000 08:01 4460586                    /lib/x86_64-linux-gnu/librt-2.19.so
7fe469327000-7fe469526000 ---p 00007000 08:01 4460586                    /lib/x86_64-linux-gnu/librt-2.19.so
7fe469526000-7fe469527000 r--p 00006000 08:01 4460586                    /lib/x86_64-linux-gnu/librt-2.19.so
7fe469527000-7fe469528000 rw-p 00007000 08:01 4460586                    /lib/x86_64-linux-gnu/librt-2.19.so
7fe469528000-7fe46962d000 r-xp 00000000 08:01 4460508                    /lib/x86_64-linux-gnu/libm-2.19.so
7fe46962d000-7fe46982c000 ---p 00105000 08:01 4460508                    /lib/x86_64-linux-gnu/libm-2.19.so
7fe46982c000-7fe46982d000 r--p 00104000 08:01 4460508                    /lib/x86_64-linux-gnu/libm-2.19.so
7fe46982d000-7fe46982e000 rw-p 00105000 08:01 4460508                    /lib/x86_64-linux-gnu/libm-2.19.so
7fe46982e000-7fe46a4dc000 r-xp 00000000 08:01 23069693                   /shared/jdk1.8.0_45/jre/lib/amd64/server/libjvm.so
7fe46a4dc000-7fe46a6db000 ---p 00cae000 08:01 23069693                   /shared/jdk1.8.0_45/jre/lib/amd64/server/libjvm.so
7fe46a6db000-7fe46a7b2000 rw-p 00cad000 08:01 23069693                   /shared/jdk1.8.0_45/jre/lib/amd64/server/libjvm.so
7fe46a7b2000-7fe46a7f6000 rw-p 00000000 00:00 0 
7fe46a7f6000-7fe46a9b1000 r-xp 00000000 08:01 4460458                    /lib/x86_64-linux-gnu/libc-2.19.so
7fe46a9b1000-7fe46abb1000 ---p 001bb000 08:01 4460458                    /lib/x86_64-linux-gnu/libc-2.19.so
7fe46abb1000-7fe46abb5000 r--p 001bb000 08:01 4460458                    /lib/x86_64-linux-gnu/libc-2.19.so
7fe46abb5000-7fe46abb7000 rw-p 001bf000 08:01 4460458                    /lib/x86_64-linux-gnu/libc-2.19.so
7fe46abb7000-7fe46abbc000 rw-p 00000000 00:00 0 
7fe46abbc000-7fe46abbf000 r-xp 00000000 08:01 4460475                    /lib/x86_64-linux-gnu/libdl-2.19.so
7fe46abbf000-7fe46adbe000 ---p 00003000 08:01 4460475                    /lib/x86_64-linux-gnu/libdl-2.19.so
7fe46adbe000-7fe46adbf000 r--p 00002000 08:01 4460475                    /lib/x86_64-linux-gnu/libdl-2.19.so
7fe46adbf000-7fe46adc0000 rw-p 00003000 08:01 4460475                    /lib/x86_64-linux-gnu/libdl-2.19.so
7fe46adc0000-7fe46add5000 r-xp 00000000 08:01 23069978                   /shared/jdk1.8.0_45/lib/amd64/jli/libjli.so
7fe46add5000-7fe46afd5000 ---p 00015000 08:01 23069978                   /shared/jdk1.8.0_45/lib/amd64/jli/libjli.so
7fe46afd5000-7fe46afd6000 rw-p 00015000 08:01 23069978                   /shared/jdk1.8.0_45/lib/amd64/jli/libjli.so
7fe46afd6000-7fe46afef000 r-xp 00000000 08:01 4460578                    /lib/x86_64-linux-gnu/libpthread-2.19.so
7fe46afef000-7fe46b1ee000 ---p 00019000 08:01 4460578                    /lib/x86_64-linux-gnu/libpthread-2.19.so
7fe46b1ee000-7fe46b1ef000 r--p 00018000 08:01 4460578                    /lib/x86_64-linux-gnu/libpthread-2.19.so
7fe46b1ef000-7fe46b1f0000 rw-p 00019000 08:01 4460578                    /lib/x86_64-linux-gnu/libpthread-2.19.so
7fe46b1f0000-7fe46b1f4000 rw-p 00000000 00:00 0 
7fe46b1f4000-7fe46b217000 r-xp 00000000 08:01 4460434                    /lib/x86_64-linux-gnu/ld-2.19.so
7fe46b217000-7fe46b218000 r--s 00001000 08:01 24382515                   /home/fan/.sbt/boot/scala-2.10.4/org.scala-sbt/sbt/0.13.7/cross-0.13.7.jar
7fe46b218000-7fe46b220000 r--s 00069000 08:01 24382535                   /home/fan/.sbt/boot/scala-2.10.4/org.scala-sbt/sbt/0.13.7/actions-0.13.7.jar
7fe46b220000-7fe46b222000 r--s 00017000 08:01 24382510                   /home/fan/.sbt/boot/scala-2.10.4/org.scala-sbt/sbt/0.13.7/testing-0.13.7.jar
7fe46b222000-7fe46b23d000 r--s 0010d000 08:01 23071236                   /shared/sbt/bin/sbt-launch.jar
7fe46b23d000-7fe46b2fb000 rw-p 00000000 00:00 0 
7fe46b2fb000-7fe46b2fe000 ---p 00000000 00:00 0 
7fe46b2fe000-7fe46b400000 rw-p 00000000 00:00 0                          [stack:27051]
7fe46b400000-7fe46b401000 r--s 00001000 08:01 24382499                   /home/fan/.sbt/boot/scala-2.10.4/org.scala-sbt/sbt/0.13.7/json4s-support_2.10-0.6.0.jar
7fe46b401000-7fe46b403000 r--s 0000f000 08:01 24382526                   /home/fan/.sbt/boot/scala-2.10.4/org.scala-sbt/sbt/0.13.7/json4s-native_2.10-3.2.10.jar
7fe46b403000-7fe46b407000 r--s 00025000 08:01 24381624                   /home/fan/.sbt/boot/scala-2.10.4/lib/jline.jar
7fe46b407000-7fe46b40a000 r--s 00018000 08:01 24381625                   /home/fan/.sbt/boot/scala-2.10.4/lib/jansi.jar
7fe46b40a000-7fe46b412000 rw-s 00000000 08:01 29894675                   /tmp/hsperfdata_fan/27050
7fe46b412000-7fe46b413000 rw-p 00000000 00:00 0 
7fe46b413000-7fe46b414000 ---p 00000000 00:00 0 
7fe46b414000-7fe46b416000 rw-p 00000000 00:00 0 
7fe46b416000-7fe46b417000 r--p 00022000 08:01 4460434                    /lib/x86_64-linux-gnu/ld-2.19.so
7fe46b417000-7fe46b418000 rw-p 00023000 08:01 4460434                    /lib/x86_64-linux-gnu/ld-2.19.so
7fe46b418000-7fe46b419000 rw-p 00000000 00:00 0 
7fff21f02000-7fff21f23000 rw-p 00000000 00:00 0                          [stack]
7fff21ffc000-7fff21ffe000 r-xp 00000000 00:00 0                          [vdso]
7fff21ffe000-7fff22000000 r--p 00000000 00:00 0                          [vvar]
ffffffffff600000-ffffffffff601000 r-xp 00000000 00:00 0                  [vsyscall]

VM Arguments:
jvm_args: -Xms1024m -Xmx1024m -XX:ReservedCodeCacheSize=128m -XX:MaxMetaspaceSize=256m -Dhadoop.version=2.5.2 
java_command: /shared/sbt/bin/sbt-launch.jar publish-local -Pyarn -Phadoop-2.4
java_class_path (initial): /shared/sbt/bin/sbt-launch.jar
Launcher Type: SUN_STANDARD

Environment Variables:
JAVA_HOME=/shared/java
PATH=/shared/scala/bin:/shared/java/bin:/shared/sbt/bin:/usr/local/sbin:/usr/local/bin:/usr/sbin:/usr/bin:/sbin:/bin:/usr/games:/usr/local/games
SHELL=/bin/bash
DISPLAY=:0

Signal Handlers:
SIGSEGV: [libjvm.so+0xaad1e0], sa_mask[0]=11111111011111111101111111111110, sa_flags=SA_RESTART|SA_SIGINFO
SIGBUS: [libjvm.so+0xaad1e0], sa_mask[0]=11111111011111111101111111111110, sa_flags=SA_RESTART|SA_SIGINFO
SIGFPE: [libjvm.so+0x90b450], sa_mask[0]=11111111011111111101111111111110, sa_flags=SA_RESTART|SA_SIGINFO
SIGPIPE: [libjvm.so+0x90b450], sa_mask[0]=11111111011111111101111111111110, sa_flags=SA_RESTART|SA_SIGINFO
SIGXFSZ: [libjvm.so+0x90b450], sa_mask[0]=11111111011111111101111111111110, sa_flags=SA_RESTART|SA_SIGINFO
SIGILL: [libjvm.so+0x90b450], sa_mask[0]=11111111011111111101111111111110, sa_flags=SA_RESTART|SA_SIGINFO
SIGUSR1: SIG_DFL, sa_mask[0]=00000000000000000000000000000000, sa_flags=none
SIGUSR2: [libjvm.so+0x90ca90], sa_mask[0]=00000000000000000000000000000000, sa_flags=SA_RESTART|SA_SIGINFO
SIGHUP: [libjvm.so+0x90dde0], sa_mask[0]=11111111011111111101111111111110, sa_flags=SA_RESTART|SA_SIGINFO
SIGINT: [libjvm.so+0x90dde0], sa_mask[0]=11111111011111111101111111111110, sa_flags=SA_RESTART|SA_SIGINFO
SIGTERM: [libjvm.so+0x90dde0], sa_mask[0]=11111111011111111101111111111110, sa_flags=SA_RESTART|SA_SIGINFO
SIGQUIT: [libjvm.so+0x90dde0], sa_mask[0]=11111111011111111101111111111110, sa_flags=SA_RESTART|SA_SIGINFO


---------------  S Y S T E M  ---------------

OS:DISTRIB_ID=Ubuntu
DISTRIB_RELEASE=14.04
DISTRIB_CODENAME=trusty
DISTRIB_DESCRIPTION="Ubuntu 14.04.2 LTS"

uname:Linux 3.16.0-30-generic #40~14.04.1-Ubuntu SMP Thu Jan 15 17:43:14 UTC 2015 x86_64
libc:glibc 2.19 NPTL 2.19 
rlimit: STACK 8192k, CORE 0k, NPROC 47905, NOFILE 4096, AS infinity
load average:2.33 1.58 1.22

/proc/meminfo:
MemTotal:       12285276 kB
MemFree:         3389696 kB
MemAvailable:    6234108 kB
Buffers:          298676 kB
Cached:          2539184 kB
SwapCached:         3652 kB
Active:          5773556 kB
Inactive:        2511832 kB
Active(anon):    4375380 kB
Inactive(anon):  1101780 kB
Active(file):    1398176 kB
Inactive(file):  1410052 kB
Unevictable:          32 kB
Mlocked:              32 kB
SwapTotal:      12561404 kB
SwapFree:       12416464 kB
Dirty:             37000 kB
Writeback:             0 kB
AnonPages:       5445760 kB
Mapped:           211928 kB
Shmem:             29632 kB
Slab:             350204 kB
SReclaimable:     289588 kB
SUnreclaim:        60616 kB
KernelStack:       10752 kB
PageTables:        41368 kB
NFS_Unstable:          0 kB
Bounce:                0 kB
WritebackTmp:          0 kB
CommitLimit:    18704040 kB
Committed_AS:    7976696 kB
VmallocTotal:   34359738367 kB
VmallocUsed:      320664 kB
VmallocChunk:   34359285828 kB
HardwareCorrupted:     0 kB
AnonHugePages:   3948544 kB
HugePages_Total:       0
HugePages_Free:        0
HugePages_Rsvd:        0
HugePages_Surp:        0
Hugepagesize:       2048 kB
DirectMap4k:       99196 kB
DirectMap2M:    12464128 kB


CPU:total 8 (4 cores per cpu, 2 threads per core) family 6 model 42 stepping 7, cmov, cx8, fxsr, mmx, sse, sse2, sse3, ssse3, sse4.1, sse4.2, popcnt, avx, aes, clmul, ht, tsc, tscinvbit

/proc/cpuinfo:
processor	: 0
vendor_id	: GenuineIntel
cpu family	: 6
model		: 42
model name	: Intel(R) Core(TM) i7-2600K CPU @ 3.40GHz
stepping	: 7
microcode	: 0x12
cpu MHz		: 3500.007
cache size	: 8192 KB
physical id	: 0
siblings	: 8
core id		: 0
cpu cores	: 4
apicid		: 0
initial apicid	: 0
fpu		: yes
fpu_exception	: yes
cpuid level	: 13
wp		: yes
flags		: fpu vme de pse tsc msr pae mce cx8 apic sep mtrr pge mca cmov pat pse36 clflush dts acpi mmx fxsr sse sse2 ss ht tm pbe syscall nx rdtscp lm constant_tsc arch_perfmon pebs bts rep_good nopl xtopology nonstop_tsc aperfmperf eagerfpu pni pclmulqdq dtes64 monitor ds_cpl vmx est tm2 ssse3 cx16 xtpr pdcm pcid sse4_1 sse4_2 popcnt tsc_deadline_timer aes xsave avx lahf_lm ida arat epb xsaveopt pln pts dtherm tpr_shadow vnmi flexpriority ept vpid
bogomips	: 6784.27
clflush size	: 64
cache_alignment	: 64
address sizes	: 36 bits physical, 48 bits virtual
power management:

processor	: 1
vendor_id	: GenuineIntel
cpu family	: 6
model		: 42
model name	: Intel(R) Core(TM) i7-2600K CPU @ 3.40GHz
stepping	: 7
microcode	: 0x12
cpu MHz		: 3500.007
cache size	: 8192 KB
physical id	: 0
siblings	: 8
core id		: 1
cpu cores	: 4
apicid		: 2
initial apicid	: 2
fpu		: yes
fpu_exception	: yes
cpuid level	: 13
wp		: yes
flags		: fpu vme de pse tsc msr pae mce cx8 apic sep mtrr pge mca cmov pat pse36 clflush dts acpi mmx fxsr sse sse2 ss ht tm pbe syscall nx rdtscp lm constant_tsc arch_perfmon pebs bts rep_good nopl xtopology nonstop_tsc aperfmperf eagerfpu pni pclmulqdq dtes64 monitor ds_cpl vmx est tm2 ssse3 cx16 xtpr pdcm pcid sse4_1 sse4_2 popcnt tsc_deadline_timer aes xsave avx lahf_lm ida arat epb xsaveopt pln pts dtherm tpr_shadow vnmi flexpriority ept vpid
bogomips	: 6784.27
clflush size	: 64
cache_alignment	: 64
address sizes	: 36 bits physical, 48 bits virtual
power management:

processor	: 2
vendor_id	: GenuineIntel
cpu family	: 6
model		: 42
model name	: Intel(R) Core(TM) i7-2600K CPU @ 3.40GHz
stepping	: 7
microcode	: 0x12
cpu MHz		: 3794.054
cache size	: 8192 KB
physical id	: 0
siblings	: 8
core id		: 2
cpu cores	: 4
apicid		: 4
initial apicid	: 4
fpu		: yes
fpu_exception	: yes
cpuid level	: 13
wp		: yes
flags		: fpu vme de pse tsc msr pae mce cx8 apic sep mtrr pge mca cmov pat pse36 clflush dts acpi mmx fxsr sse sse2 ss ht tm pbe syscall nx rdtscp lm constant_tsc arch_perfmon pebs bts rep_good nopl xtopology nonstop_tsc aperfmperf eagerfpu pni pclmulqdq dtes64 monitor ds_cpl vmx est tm2 ssse3 cx16 xtpr pdcm pcid sse4_1 sse4_2 popcnt tsc_deadline_timer aes xsave avx lahf_lm ida arat epb xsaveopt pln pts dtherm tpr_shadow vnmi flexpriority ept vpid
bogomips	: 6784.27
clflush size	: 64
cache_alignment	: 64
address sizes	: 36 bits physical, 48 bits virtual
power management:

processor	: 3
vendor_id	: GenuineIntel
cpu family	: 6
model		: 42
model name	: Intel(R) Core(TM) i7-2600K CPU @ 3.40GHz
stepping	: 7
microcode	: 0x12
cpu MHz		: 3500.007
cache size	: 8192 KB
physical id	: 0
siblings	: 8
core id		: 3
cpu cores	: 4
apicid		: 6
initial apicid	: 6
fpu		: yes
fpu_exception	: yes
cpuid level	: 13
wp		: yes
flags		: fpu vme de pse tsc msr pae mce cx8 apic sep mtrr pge mca cmov pat pse36 clflush dts acpi mmx fxsr sse sse2 ss ht tm pbe syscall nx rdtscp lm constant_tsc arch_perfmon pebs bts rep_good nopl xtopology nonstop_tsc aperfmperf eagerfpu pni pclmulqdq dtes64 monitor ds_cpl vmx est tm2 ssse3 cx16 xtpr pdcm pcid sse4_1 sse4_2 popcnt tsc_deadline_timer aes xsave avx lahf_lm ida arat epb xsaveopt pln pts dtherm tpr_shadow vnmi flexpriority ept vpid
bogomips	: 6784.27
clflush size	: 64
cache_alignment	: 64
address sizes	: 36 bits physical, 48 bits virtual
power management:

processor	: 4
vendor_id	: GenuineIntel
cpu family	: 6
model		: 42
model name	: Intel(R) Core(TM) i7-2600K CPU @ 3.40GHz
stepping	: 7
microcode	: 0x12
cpu MHz		: 3500.007
cache size	: 8192 KB
physical id	: 0
siblings	: 8
core id		: 0
cpu cores	: 4
apicid		: 1
initial apicid	: 1
fpu		: yes
fpu_exception	: yes
cpuid level	: 13
wp		: yes
flags		: fpu vme de pse tsc msr pae mce cx8 apic sep mtrr pge mca cmov pat pse36 clflush dts acpi mmx fxsr sse sse2 ss ht tm pbe syscall nx rdtscp lm constant_tsc arch_perfmon pebs bts rep_good nopl xtopology nonstop_tsc aperfmperf eagerfpu pni pclmulqdq dtes64 monitor ds_cpl vmx est tm2 ssse3 cx16 xtpr pdcm pcid sse4_1 sse4_2 popcnt tsc_deadline_timer aes xsave avx lahf_lm ida arat epb xsaveopt pln pts dtherm tpr_shadow vnmi flexpriority ept vpid
bogomips	: 6784.27
clflush size	: 64
cache_alignment	: 64
address sizes	: 36 bits physical, 48 bits virtual
power management:

processor	: 5
vendor_id	: GenuineIntel
cpu family	: 6
model		: 42
model name	: Intel(R) Core(TM) i7-2600K CPU @ 3.40GHz
stepping	: 7
microcode	: 0x12
cpu MHz		: 3500.007
cache size	: 8192 KB
physical id	: 0
siblings	: 8
core id		: 1
cpu cores	: 4
apicid		: 3
initial apicid	: 3
fpu		: yes
fpu_exception	: yes
cpuid level	: 13
wp		: yes
flags		: fpu vme de pse tsc msr pae mce cx8 apic sep mtrr pge mca cmov pat pse36 clflush dts acpi mmx fxsr sse sse2 ss ht tm pbe syscall nx rdtscp lm constant_tsc arch_perfmon pebs bts rep_good nopl xtopology nonstop_tsc aperfmperf eagerfpu pni pclmulqdq dtes64 monitor ds_cpl vmx est tm2 ssse3 cx16 xtpr pdcm pcid sse4_1 sse4_2 popcnt tsc_deadline_timer aes xsave avx lahf_lm ida arat epb xsaveopt pln pts dtherm tpr_shadow vnmi flexpriority ept vpid
bogomips	: 6784.27
clflush size	: 64
cache_alignment	: 64
address sizes	: 36 bits physical, 48 bits virtual
power management:

processor	: 6
vendor_id	: GenuineIntel
cpu family	: 6
model		: 42
model name	: Intel(R) Core(TM) i7-2600K CPU @ 3.40GHz
stepping	: 7
microcode	: 0x12
cpu MHz		: 3500.007
cache size	: 8192 KB
physical id	: 0
siblings	: 8
core id		: 2
cpu cores	: 4
apicid		: 5
initial apicid	: 5
fpu		: yes
fpu_exception	: yes
cpuid level	: 13
wp		: yes
flags		: fpu vme de pse tsc msr pae mce cx8 apic sep mtrr pge mca cmov pat pse36 clflush dts acpi mmx fxsr sse sse2 ss ht tm pbe syscall nx rdtscp lm constant_tsc arch_perfmon pebs bts rep_good nopl xtopology nonstop_tsc aperfmperf eagerfpu pni pclmulqdq dtes64 monitor ds_cpl vmx est tm2 ssse3 cx16 xtpr pdcm pcid sse4_1 sse4_2 popcnt tsc_deadline_timer aes xsave avx lahf_lm ida arat epb xsaveopt pln pts dtherm tpr_shadow vnmi flexpriority ept vpid
bogomips	: 6784.27
clflush size	: 64
cache_alignment	: 64
address sizes	: 36 bits physical, 48 bits virtual
power management:

processor	: 7
vendor_id	: GenuineIntel
cpu family	: 6
model		: 42
model name	: Intel(R) Core(TM) i7-2600K CPU @ 3.40GHz
stepping	: 7
microcode	: 0x12
cpu MHz		: 3500.007
cache size	: 8192 KB
physical id	: 0
siblings	: 8
core id		: 3
cpu cores	: 4
apicid		: 7
initial apicid	: 7
fpu		: yes
fpu_exception	: yes
cpuid level	: 13
wp		: yes
flags		: fpu vme de pse tsc msr pae mce cx8 apic sep mtrr pge mca cmov pat pse36 clflush dts acpi mmx fxsr sse sse2 ss ht tm pbe syscall nx rdtscp lm constant_tsc arch_perfmon pebs bts rep_good nopl xtopology nonstop_tsc aperfmperf eagerfpu pni pclmulqdq dtes64 monitor ds_cpl vmx est tm2 ssse3 cx16 xtpr pdcm pcid sse4_1 sse4_2 popcnt tsc_deadline_timer aes xsave avx lahf_lm ida arat epb xsaveopt pln pts dtherm tpr_shadow vnmi flexpriority ept vpid
bogomips	: 6784.27
clflush size	: 64
cache_alignment	: 64
address sizes	: 36 bits physical, 48 bits virtual
power management:



Memory: 4k page, physical 12285276k(3389696k free), swap 12561404k(12416464k free)

vm_info: Java HotSpot(TM) 64-Bit Server VM (25.45-b02) for linux-amd64 JRE (1.8.0_45-b14), built on Apr 10 2015 10:07:45 by "java_re" with gcc 4.3.0 20080428 (Red Hat 4.3.0-8)

time: Mon Jul 27 23:04:51 2015
elapsed time: 103 seconds (0d 0h 1m 43s)

