#
# A fatal error has been detected by the Java Runtime Environment:
#
#  SIGSEGV (0xb) at pc=0x00007fa9f197b570, pid=28208, tid=140367013889792
#
# JRE version: Java(TM) SE Runtime Environment (8.0_45-b14) (build 1.8.0_45-b14)
# Java VM: Java HotSpot(TM) 64-Bit Server VM (25.45-b02 mixed mode linux-amd64 compressed oops)
# Problematic frame:
# V  [libjvm.so+0x3fe570]  PhiNode::Value(PhaseTransform*) const+0xf0
#
# Failed to write core dump. Core dumps have been disabled. To enable core dumping, try "ulimit -c unlimited" before starting Java again
#
# If you would like to submit a bug report, please visit:
#   http://bugreport.java.com/bugreport/crash.jsp
#

---------------  T H R E A D  ---------------

Current thread (0x00007fa9ec20c800):  JavaThread "C2 CompilerThread2" daemon [_thread_in_native, id=28224, stack(0x00007fa9bdf04000,0x00007fa9be005000)]

siginfo: si_signo: 11 (SIGSEGV), si_code: 128 (SI_KERNEL), si_addr: 0x0000000000000000

Registers:
RAX=0x0000000000000572, RBX=0x00007fa9ac009a50, RCX=0x00007fa9a42e5710, RDX=0x00007fa9ac524240
RSP=0x00007fa9be001bb0, RBP=0x00007fa9be001c00, RSI=0x0000000000000001, RDI=0x00007fa9ac009b10
R8 =0x0000000000000006, R9 =0x00007fa9ac524160, R10=0x0000000000000001, R11=0x00007fa9f1ed8570
R12=0x0000000000000001, R13=0x00847fa9ac009b10, R14=0x00007fa9ac009aa0, R15=0x00007fa9ac524160
RIP=0x00007fa9f197b570, EFLAGS=0x0000000000010246, CSGSFS=0x0000000000000033, ERR=0x0000000000000000
  TRAPNO=0x000000000000000d

Top of Stack: (sp=0x00007fa9be001bb0)
0x00007fa9be001bb0:   00007fa9be001fd0 00007fa9ac524240
0x00007fa9be001bc0:   00007fa9be001f00 00007fa9ac5241c0
0x00007fa9be001bd0:   00007fa900000089 00007fa9ac524240
0x00007fa9be001be0:   00007fa9be001fd0 000000000000081c
0x00007fa9be001bf0:   00007fa9ac5840c8 0000000000000005
0x00007fa9be001c00:   00007fa9be001c30 00007fa9f1ed2f69
0x00007fa9be001c10:   00007fa9be001c50 0000000000000005
0x00007fa9be001c20:   00007fa9be001ce0 00007fa9ac5840c8
0x00007fa9be001c30:   00007fa9be001cc0 00007fa9f1b73022
0x00007fa9be001c40:   00007fa9ac524160 00007fa9ac5247a0
0x00007fa9be001c50:   00007fa9ac5829c0 0000000000000000
0x00007fa9be001c60:   00007fa9ac524240 0000001700000002
0x00007fa9be001c70:   00007fa9ac524240 0000000000000000
0x00007fa9be001c80:   00007fa9be001ce0 00007fa9ac08bf30
0x00007fa9be001c90:   00007fa9be001dc0 00007fa9ac5840c8
0x00007fa9be001ca0:   00007fa9be001ce0 00007fa9ac08bf30
0x00007fa9be001cb0:   00007fa9be001dc0 00007fa998119df0
0x00007fa9be001cc0:   00007fa9be001d60 00007fa9f1eb0ed9
0x00007fa9be001cd0:   00007fa9be001d10 00007fa9f1eb36b8
0x00007fa9be001ce0:   00007fa9f24ba9f0 0000000000000001
0x00007fa9be001cf0:   00007fa9be002bd0 00007fa9be0037d0
0x00007fa9be001d00:   00007fa9be001fd0 00007fa9ac5840c8
0x00007fa9be001d10:   0000000000000000 00007fa9ffffffff
0x00007fa9be001d20:   0000000000000000 00007fa900000000
0x00007fa9be001d30:   0000000200001dc0 00007fa99840b4a0
0x00007fa9be001d40:   00007fa9ac1b4f60 0000000000000000
0x00007fa9be001d50:   00007fa9be001dc0 00007fa9be001dc0
0x00007fa9be001d60:   00007fa9be001db0 00007fa9f1eb8024
0x00007fa9be001d70:   454d9000ac58ee10 0000000000000000
0x00007fa9be001d80:   0000000000000000 00007fa9be002bd0
0x00007fa9be001d90:   00007fa99840b480 00007fa998526f70
0x00007fa9be001da0:   00007fa9be001dc0 00007fa9f24e5f20 

Instructions: (pc=0x00007fa9f197b570)
0x00007fa9f197b550:   0c 57 b5 00 48 8b 1c d1 48 39 18 75 c3 48 8b 55
0x00007fa9f197b560:   b8 48 8b 42 08 48 8b 04 f0 8b 40 28 4c 8b 2c c1
0x00007fa9f197b570:   41 8b 45 10 83 f8 06 0f 84 a3 00 00 00 83 f8 07
0x00007fa9f197b580:   0f 84 9a 00 00 00 83 e8 0e 4c 89 ef 83 f8 06 77 

Register to memory mapping:

RAX=0x0000000000000572 is an unknown value
RBX=0x00007fa9ac009a50 is an unknown value
RCX=0x00007fa9a42e5710 is an unknown value
RDX=0x00007fa9ac524240 is an unknown value
RSP=0x00007fa9be001bb0 is pointing into the stack for thread: 0x00007fa9ec20c800
RBP=0x00007fa9be001c00 is pointing into the stack for thread: 0x00007fa9ec20c800
RSI=0x0000000000000001 is an unknown value
RDI=0x00007fa9ac009b10 is an unknown value
R8 =0x0000000000000006 is an unknown value
R9 =0x00007fa9ac524160 is an unknown value
R10=0x0000000000000001 is an unknown value
R11=0x00007fa9f1ed8570: <offset 0x95b570> in /shared/jdk1.8.0_45/jre/lib/amd64/server/libjvm.so at 0x00007fa9f157d000
R12=0x0000000000000001 is an unknown value
R13=0x00847fa9ac009b10 is an unknown value
R14=0x00007fa9ac009aa0 is an unknown value
R15=0x00007fa9ac524160 is an unknown value


Stack: [0x00007fa9bdf04000,0x00007fa9be005000],  sp=0x00007fa9be001bb0,  free space=1014k
Native frames: (J=compiled Java code, j=interpreted, Vv=VM code, C=native code)
V  [libjvm.so+0x3fe570]  PhiNode::Value(PhaseTransform*) const+0xf0
V  [libjvm.so+0x955f69]  PhaseGVN::transform_no_reclaim(Node*)+0x49
V  [libjvm.so+0x5f6022]  GraphKit::use_exception_state(SafePointNode*)+0x202
V  [libjvm.so+0x933ed9]  Parse::do_exits()+0x399
V  [libjvm.so+0x93b024]  Parse::Parse(JVMState*, ciMethod*, float)+0x834
V  [libjvm.so+0x3ed4e8]  ParseGenerator::generate(JVMState*)+0x88
V  [libjvm.so+0x49ddfa]  Compile::Compile(ciEnv*, C2Compiler*, ciMethod*, int, bool, bool, bool)+0x127a
V  [libjvm.so+0x3ebeb8]  C2Compiler::compile_method(ciEnv*, ciMethod*, int)+0x198
V  [libjvm.so+0x4a843a]  CompileBroker::invoke_compiler_on_method(CompileTask*)+0xc9a
V  [libjvm.so+0x4a93e6]  CompileBroker::compiler_thread_loop()+0x5d6
V  [libjvm.so+0xa5c86f]  JavaThread::thread_main_inner()+0xdf
V  [libjvm.so+0xa5c99c]  JavaThread::run()+0x11c
V  [libjvm.so+0x910de8]  java_start(Thread*)+0x108
C  [libpthread.so.0+0x8182]  start_thread+0xc2


Current CompileTask:
C2:   1206 1778   !   4       java.net.URL::<init> (543 bytes)


---------------  P R O C E S S  ---------------

Java Threads: ( => current thread )
  0x00007fa9ec847800 JavaThread "process reaper" daemon [_thread_blocked, id=28230, stack(0x00007fa9bd2ff000,0x00007fa9bd338000)]
  0x00007fa9ec21b800 JavaThread "Service Thread" daemon [_thread_blocked, id=28226, stack(0x00007fa9bdd02000,0x00007fa9bde03000)]
  0x00007fa9ec20e800 JavaThread "C1 CompilerThread3" daemon [_thread_blocked, id=28225, stack(0x00007fa9bde03000,0x00007fa9bdf04000)]
=>0x00007fa9ec20c800 JavaThread "C2 CompilerThread2" daemon [_thread_in_native, id=28224, stack(0x00007fa9bdf04000,0x00007fa9be005000)]
  0x00007fa9ec20a800 JavaThread "C2 CompilerThread1" daemon [_thread_in_native, id=28223, stack(0x00007fa9be005000,0x00007fa9be106000)]
  0x00007fa9ec207800 JavaThread "C2 CompilerThread0" daemon [_thread_in_native, id=28222, stack(0x00007fa9be106000,0x00007fa9be207000)]
  0x00007fa9ec206000 JavaThread "Signal Dispatcher" daemon [_thread_blocked, id=28221, stack(0x00007fa9be207000,0x00007fa9be308000)]
  0x00007fa9ec1ce000 JavaThread "Finalizer" daemon [_thread_blocked, id=28220, stack(0x00007fa9be9ea000,0x00007fa9beaeb000)]
  0x00007fa9ec1cc000 JavaThread "Reference Handler" daemon [_thread_blocked, id=28219, stack(0x00007fa9beaeb000,0x00007fa9bebec000)]
  0x00007fa9ec009800 JavaThread "main" [_thread_in_Java, id=28209, stack(0x00007fa9f304a000,0x00007fa9f314b000)]

Other Threads:
  0x00007fa9ec1c7000 VMThread [stack: 0x00007fa9bebec000,0x00007fa9beced000] [id=28218]
  0x00007fa9ec21e000 WatcherThread [stack: 0x00007fa9bdc01000,0x00007fa9bdd02000] [id=28227]

VM state:not at safepoint (normal execution)

VM Mutex/Monitor currently owned by a thread: None

Heap:
 PSYoungGen      total 305664K, used 41943K [0x00000000eab00000, 0x0000000100000000, 0x0000000100000000)
  eden space 262144K, 16% used [0x00000000eab00000,0x00000000ed3f5e10,0x00000000fab00000)
  from space 43520K, 0% used [0x00000000fab00000,0x00000000fab00000,0x00000000fd580000)
  to   space 43520K, 0% used [0x00000000fd580000,0x00000000fd580000,0x0000000100000000)
 ParOldGen       total 699392K, used 14876K [0x00000000c0000000, 0x00000000eab00000, 0x00000000eab00000)
  object space 699392K, 2% used [0x00000000c0000000,0x00000000c0e87090,0x00000000eab00000)
 Metaspace       used 23922K, capacity 24222K, committed 24320K, reserved 1069056K
  class space    used 4249K, capacity 4335K, committed 4352K, reserved 1048576K

Card table byte_map: [0x00007fa9e3bff000,0x00007fa9e3e00000] byte_map_base: 0x00007fa9e35ff000

Marking Bits: (ParMarkBitMap*) 0x00007fa9f251a760
 Begin Bits: [0x00007fa9e13f7000, 0x00007fa9e23f7000)
 End Bits:   [0x00007fa9e23f7000, 0x00007fa9e33f7000)

Polling page: 0x00007fa9f3162000

CodeCache: size=131072Kb used=5141Kb max_used=5146Kb free=125930Kb
 bounds [0x00007fa9e4000000, 0x00007fa9e4510000, 0x00007fa9ec000000]
 total_blobs=2155 nmethods=1780 adapters=287
 compilation: enabled

Compilation events (10 events):
Event: 1.200 Thread 0x00007fa9ec20e800 1780       3       sbt.Scope::<init> (30 bytes)
Event: 1.200 Thread 0x00007fa9ec20e800 nmethod 1780 0x00007fa9e4503050 code [0x00007fa9e45031c0, 0x00007fa9e4503410]
Event: 1.200 Thread 0x00007fa9ec20e800 1781       3       sbt.Init$ScopedKey::<init> (48 bytes)
Event: 1.201 Thread 0x00007fa9ec20e800 nmethod 1781 0x00007fa9e4505d10 code [0x00007fa9e4505ee0, 0x00007fa9e45066a8]
Event: 1.201 Thread 0x00007fa9ec20e800 1783       3       sbt.Scoped$ScopingSetting$class::$init$ (1 bytes)
Event: 1.201 Thread 0x00007fa9ec20e800 nmethod 1783 0x00007fa9e4505a10 code [0x00007fa9e4505b60, 0x00007fa9e4505c90]
Event: 1.201 Thread 0x00007fa9ec20e800 1782       3       sbt.Init$ScopedKey::sbt$Init$KeyedInitialize$_setter_$transform_$eq (6 bytes)
Event: 1.201 Thread 0x00007fa9ec20e800 nmethod 1782 0x00007fa9e4505650 code [0x00007fa9e45057a0, 0x00007fa9e4505910]
Event: 1.201 Thread 0x00007fa9ec20e800 1784       1       sbt.TaskKey$$anon$3::key (5 bytes)
Event: 1.201 Thread 0x00007fa9ec20e800 nmethod 1784 0x00007fa9e45046d0 code [0x00007fa9e4504820, 0x00007fa9e4504930]

GC Heap History (4 events):
Event: 0.880 GC heap before
{Heap before GC invocations=1 (full 0):
 PSYoungGen      total 305664K, used 94402K [0x00000000eab00000, 0x0000000100000000, 0x0000000100000000)
  eden space 262144K, 36% used [0x00000000eab00000,0x00000000f0730aa8,0x00000000fab00000)
  from space 43520K, 0% used [0x00000000fd580000,0x00000000fd580000,0x0000000100000000)
  to   space 43520K, 0% used [0x00000000fab00000,0x00000000fab00000,0x00000000fd580000)
 ParOldGen       total 699392K, used 0K [0x00000000c0000000, 0x00000000eab00000, 0x00000000eab00000)
  object space 699392K, 0% used [0x00000000c0000000,0x00000000c0000000,0x00000000eab00000)
 Metaspace       used 20940K, capacity 21202K, committed 21296K, reserved 1067008K
  class space    used 3584K, capacity 3693K, committed 3712K, reserved 1048576K
Event: 0.890 GC heap after
Heap after GC invocations=1 (full 0):
 PSYoungGen      total 305664K, used 15685K [0x00000000eab00000, 0x0000000100000000, 0x0000000100000000)
  eden space 262144K, 0% used [0x00000000eab00000,0x00000000eab00000,0x00000000fab00000)
  from space 43520K, 36% used [0x00000000fab00000,0x00000000fba51580,0x00000000fd580000)
  to   space 43520K, 0% used [0x00000000fd580000,0x00000000fd580000,0x0000000100000000)
 ParOldGen       total 699392K, used 16K [0x00000000c0000000, 0x00000000eab00000, 0x00000000eab00000)
  object space 699392K, 0% used [0x00000000c0000000,0x00000000c0004000,0x00000000eab00000)
 Metaspace       used 20940K, capacity 21202K, committed 21296K, reserved 1067008K
  class space    used 3584K, capacity 3693K, committed 3712K, reserved 1048576K
}
Event: 0.890 GC heap before
{Heap before GC invocations=2 (full 1):
 PSYoungGen      total 305664K, used 15685K [0x00000000eab00000, 0x0000000100000000, 0x0000000100000000)
  eden space 262144K, 0% used [0x00000000eab00000,0x00000000eab00000,0x00000000fab00000)
  from space 43520K, 36% used [0x00000000fab00000,0x00000000fba51580,0x00000000fd580000)
  to   space 43520K, 0% used [0x00000000fd580000,0x00000000fd580000,0x0000000100000000)
 ParOldGen       total 699392K, used 16K [0x00000000c0000000, 0x00000000eab00000, 0x00000000eab00000)
  object space 699392K, 0% used [0x00000000c0000000,0x00000000c0004000,0x00000000eab00000)
 Metaspace       used 20940K, capacity 21202K, committed 21296K, reserved 1067008K
  class space    used 3584K, capacity 3693K, committed 3712K, reserved 1048576K
Event: 0.906 GC heap after
Heap after GC invocations=2 (full 1):
 PSYoungGen      total 305664K, used 0K [0x00000000eab00000, 0x0000000100000000, 0x0000000100000000)
  eden space 262144K, 0% used [0x00000000eab00000,0x00000000eab00000,0x00000000fab00000)
  from space 43520K, 0% used [0x00000000fab00000,0x00000000fab00000,0x00000000fd580000)
  to   space 43520K, 0% used [0x00000000fd580000,0x00000000fd580000,0x0000000100000000)
 ParOldGen       total 699392K, used 14876K [0x00000000c0000000, 0x00000000eab00000, 0x00000000eab00000)
  object space 699392K, 2% used [0x00000000c0000000,0x00000000c0e87090,0x00000000eab00000)
 Metaspace       used 20940K, capacity 21202K, committed 21296K, reserved 1067008K
  class space    used 3584K, capacity 3693K, committed 3712K, reserved 1048576K
}

Deoptimization events (8 events):
Event: 0.120 Thread 0x00007fa9ec009800 Uncommon trap: reason=unstable_if action=reinterpret pc=0x00007fa9e4141c84 method=java.lang.String.indexOf(II)I @ 49
Event: 0.350 Thread 0x00007fa9ec009800 Uncommon trap: reason=unstable_if action=reinterpret pc=0x00007fa9e4144e4c method=java.lang.String.startsWith(Ljava/lang/String;I)Z @ 25
Event: 0.399 Thread 0x00007fa9ec009800 Uncommon trap: reason=unstable_if action=reinterpret pc=0x00007fa9e4227120 method=java.util.HashMap.getNode(ILjava/lang/Object;)Ljava/util/HashMap$Node; @ 116
Event: 0.423 Thread 0x00007fa9ec009800 Uncommon trap: reason=unstable_if action=reinterpret pc=0x00007fa9e41b578c method=java.lang.String.indexOf([CII[CIII)I @ 3
Event: 0.435 Thread 0x00007fa9ec009800 Uncommon trap: reason=unstable_if action=reinterpret pc=0x00007fa9e4229e90 method=java.lang.CharacterDataLatin1.toUpperCase(I)I @ 12
Event: 0.620 Thread 0x00007fa9ec009800 Uncommon trap: reason=unstable_if action=reinterpret pc=0x00007fa9e4341a8c method=java.util.regex.Pattern$BmpCharProperty.match(Ljava/util/regex/Matcher;ILjava/lang/CharSequence;)Z @ 5
Event: 0.856 Thread 0x00007fa9ec009800 Uncommon trap: reason=unstable_if action=reinterpret pc=0x00007fa9e428da44 method=java.util.HashMap.getNode(ILjava/lang/Object;)Ljava/util/HashMap$Node; @ 62
Event: 1.038 Thread 0x00007fa9ec009800 Uncommon trap: reason=unstable_if action=reinterpret pc=0x00007fa9e4344030 method=java.lang.SecurityManager.checkPackageAccess(Ljava/lang/String;)V @ 85

Internal exceptions (10 events):
Event: 0.985 Thread 0x00007fa9ec009800 Exception <a 'java/lang/ClassNotFoundException': scala/reflect/ScalaLongSignature> (0x00000000eae00d28) thrown at [/RE-WORK/workspace/8-2-build-linux-amd64/jdk8u45/3457/hotspot/src/share/vm/classfile/systemDictionary.cpp, line 210]
Event: 0.989 Thread 0x00007fa9ec009800 Exception <a 'java/lang/ArrayIndexOutOfBoundsException'> (0x00000000eae1c128) thrown at [/RE-WORK/workspace/8-2-build-linux-amd64/jdk8u45/3457/hotspot/src/share/vm/runtime/sharedRuntime.cpp, line 605]
Event: 0.989 Thread 0x00007fa9ec009800 Exception <a 'java/lang/ArrayIndexOutOfBoundsException'> (0x00000000eae1d2c0) thrown at [/RE-WORK/workspace/8-2-build-linux-amd64/jdk8u45/3457/hotspot/src/share/vm/runtime/sharedRuntime.cpp, line 605]
Event: 0.990 Thread 0x00007fa9ec009800 Exception <a 'java/lang/ClassNotFoundException': scala/reflect/ScalaSignature> (0x00000000eae20f18) thrown at [/RE-WORK/workspace/8-2-build-linux-amd64/jdk8u45/3457/hotspot/src/share/vm/classfile/systemDictionary.cpp, line 210]
Event: 0.990 Thread 0x00007fa9ec009800 Exception <a 'java/lang/ClassNotFoundException': scala/reflect/ScalaLongSignature> (0x00000000eae217c0) thrown at [/RE-WORK/workspace/8-2-build-linux-amd64/jdk8u45/3457/hotspot/src/share/vm/classfile/systemDictionary.cpp, line 210]
Event: 0.992 Thread 0x00007fa9ec009800 Exception <a 'java/lang/ClassNotFoundException': scala/reflect/ScalaSignature> (0x00000000eae2ff50) thrown at [/RE-WORK/workspace/8-2-build-linux-amd64/jdk8u45/3457/hotspot/src/share/vm/classfile/systemDictionary.cpp, line 210]
Event: 0.992 Thread 0x00007fa9ec009800 Exception <a 'java/lang/ClassNotFoundException': scala/reflect/ScalaLongSignature> (0x00000000eae307f8) thrown at [/RE-WORK/workspace/8-2-build-linux-amd64/jdk8u45/3457/hotspot/src/share/vm/classfile/systemDictionary.cpp, line 210]
Event: 0.994 Thread 0x00007fa9ec009800 Exception <a 'java/lang/ClassNotFoundException': scala/reflect/ScalaSignature> (0x00000000eae3eea0) thrown at [/RE-WORK/workspace/8-2-build-linux-amd64/jdk8u45/3457/hotspot/src/share/vm/classfile/systemDictionary.cpp, line 210]
Event: 0.994 Thread 0x00007fa9ec009800 Exception <a 'java/lang/ClassNotFoundException': scala/reflect/ScalaLongSignature> (0x00000000eae3f5b8) thrown at [/RE-WORK/workspace/8-2-build-linux-amd64/jdk8u45/3457/hotspot/src/share/vm/classfile/systemDictionary.cpp, line 210]
Event: 0.995 Thread 0x00007fa9ec009800 Exception <a 'java/lang/ArrayIndexOutOfBoundsException'> (0x00000000eae44440) thrown at [/RE-WORK/workspace/8-2-build-linux-amd64/jdk8u45/3457/hotspot/src/share/vm/runtime/sharedRuntime.cpp, line 605]

Events (10 events):
Event: 1.201 loading class sbt/Classpaths$$anonfun$72
Event: 1.201 loading class sbt/Classpaths$$anonfun$72 done
Event: 1.201 loading class sbt/Classpaths$$anonfun$74
Event: 1.201 loading class sbt/Classpaths$$anonfun$74 done
Event: 1.201 loading class sbt/Classpaths$$anonfun$75
Event: 1.201 loading class sbt/Classpaths$$anonfun$75 done
Event: 1.202 loading class sbt/Defaults$$anonfun$forkOptions$1
Event: 1.202 loading class sbt/Defaults$$anonfun$forkOptions$1 done
Event: 1.202 loading class sbt/Defaults$$anonfun$runnerInit$1
Event: 1.202 loading class sbt/Defaults$$anonfun$runnerInit$1 done


Dynamic libraries:
00400000-00401000 r-xp 00000000 08:01 23069817                           /shared/jdk1.8.0_45/bin/java
00600000-00601000 rw-p 00000000 08:01 23069817                           /shared/jdk1.8.0_45/bin/java
01b9d000-01bbe000 rw-p 00000000 00:00 0                                  [heap]
c0000000-100440000 rw-p 00000000 00:00 0 
100440000-140000000 ---p 00000000 00:00 0 
7fa990000000-7fa990021000 rw-p 00000000 00:00 0 
7fa990021000-7fa994000000 ---p 00000000 00:00 0 
7fa994000000-7fa994021000 rw-p 00000000 00:00 0 
7fa994021000-7fa998000000 ---p 00000000 00:00 0 
7fa998000000-7fa99892a000 rw-p 00000000 00:00 0 
7fa99892a000-7fa99c000000 ---p 00000000 00:00 0 
7fa99c000000-7fa99c021000 rw-p 00000000 00:00 0 
7fa99c021000-7fa9a0000000 ---p 00000000 00:00 0 
7fa9a0000000-7fa9a0a9e000 rw-p 00000000 00:00 0 
7fa9a0a9e000-7fa9a4000000 ---p 00000000 00:00 0 
7fa9a4000000-7fa9a4588000 rw-p 00000000 00:00 0 
7fa9a4588000-7fa9a8000000 ---p 00000000 00:00 0 
7fa9a8000000-7fa9a8021000 rw-p 00000000 00:00 0 
7fa9a8021000-7fa9ac000000 ---p 00000000 00:00 0 
7fa9ac000000-7fa9acf5b000 rw-p 00000000 00:00 0 
7fa9acf5b000-7fa9b0000000 ---p 00000000 00:00 0 
7fa9b0000000-7fa9b0021000 rw-p 00000000 00:00 0 
7fa9b0021000-7fa9b4000000 ---p 00000000 00:00 0 
7fa9b4000000-7fa9b4021000 rw-p 00000000 00:00 0 
7fa9b4021000-7fa9b8000000 ---p 00000000 00:00 0 
7fa9b8000000-7fa9b8021000 rw-p 00000000 00:00 0 
7fa9b8021000-7fa9bc000000 ---p 00000000 00:00 0 
7fa9bc8f8000-7fa9bca7a000 rw-p 00000000 00:00 0 
7fa9bca7a000-7fa9bcafa000 ---p 00000000 00:00 0 
7fa9bcafa000-7fa9bccfa000 rw-p 00000000 00:00 0 
7fa9bccfa000-7fa9bcefa000 rw-p 00000000 00:00 0 
7fa9bcefa000-7fa9bd0fa000 rw-p 00000000 00:00 0 
7fa9bd0fa000-7fa9bd2fa000 rw-p 00000000 00:00 0 
7fa9bd2fa000-7fa9bd2ff000 r--s 00094000 08:01 23069624                   /shared/jdk1.8.0_45/jre/lib/jsse.jar
7fa9bd2ff000-7fa9bd302000 ---p 00000000 00:00 0 
7fa9bd302000-7fa9bd338000 rw-p 00000000 00:00 0                          [stack:28230]
7fa9bd338000-7fa9bd33a000 r--s 0000b000 08:01 24511612                   /home/fan/.sbt/boot/scala-2.10.4/org.scala-sbt/sbt/0.13.7/xsbti/interface-0.13.7.jar
7fa9bd33a000-7fa9bd340000 r--s 0003d000 08:01 24382508                   /home/fan/.sbt/boot/scala-2.10.4/org.scala-sbt/sbt/0.13.7/io-0.13.7.jar
7fa9bd340000-7fa9bd342000 r--s 00006000 08:01 24382536                   /home/fan/.sbt/boot/scala-2.10.4/org.scala-sbt/sbt/0.13.7/relation-0.13.7.jar
7fa9bd342000-7fa9bd344000 r--s 0000e000 08:01 24382509                   /home/fan/.sbt/boot/scala-2.10.4/org.scala-sbt/sbt/0.13.7/logic-0.13.7.jar
7fa9bd344000-7fa9bd346000 r--s 00013000 08:01 24382516                   /home/fan/.sbt/boot/scala-2.10.4/org.scala-sbt/sbt/0.13.7/json4s-ast_2.10-3.2.10.jar
7fa9bd346000-7fa9bd546000 rw-p 00000000 00:00 0 
7fa9bd546000-7fa9bd549000 r--s 00018000 08:01 24382538                   /home/fan/.sbt/boot/scala-2.10.4/org.scala-sbt/sbt/0.13.7/logging-0.13.7.jar
7fa9bd549000-7fa9bd553000 r--s 00085000 08:01 24382542                   /home/fan/.sbt/boot/scala-2.10.4/org.scala-sbt/sbt/0.13.7/json4s-core_2.10-3.2.10.jar
7fa9bd553000-7fa9bd554000 r--s 0000a000 08:01 24382514                   /home/fan/.sbt/boot/scala-2.10.4/org.scala-sbt/sbt/0.13.7/tracking-0.13.7.jar
7fa9bd554000-7fa9bd556000 r--s 00014000 08:01 24382520                   /home/fan/.sbt/boot/scala-2.10.4/org.scala-sbt/sbt/0.13.7/apply-macro-0.13.7.jar
7fa9bd556000-7fa9bd559000 r--s 0001d000 08:01 24382534                   /home/fan/.sbt/boot/scala-2.10.4/org.scala-sbt/sbt/0.13.7/tasks-0.13.7.jar
7fa9bd559000-7fa9bd55c000 r--s 00013000 08:01 24382522                   /home/fan/.sbt/boot/scala-2.10.4/org.scala-sbt/sbt/0.13.7/classpath-0.13.7.jar
7fa9bd55c000-7fa9bd55e000 r--s 00012000 08:01 24382537                   /home/fan/.sbt/boot/scala-2.10.4/org.scala-sbt/sbt/0.13.7/jawn-parser_2.10-0.6.0.jar
7fa9bd55e000-7fa9bd562000 r--s 0001b000 08:01 24382525                   /home/fan/.sbt/boot/scala-2.10.4/org.scala-sbt/sbt/0.13.7/process-0.13.7.jar
7fa9bd562000-7fa9bd564000 r--s 00007000 08:01 24382530                   /home/fan/.sbt/boot/scala-2.10.4/org.scala-sbt/sbt/0.13.7/paranamer-2.6.jar
7fa9bd564000-7fa9bd565000 r--s 00005000 08:01 24382543                   /home/fan/.sbt/boot/scala-2.10.4/org.scala-sbt/sbt/0.13.7/sbt-0.13.7.jar
7fa9bd565000-7fa9bd568000 r--s 0001e000 08:01 24382507                   /home/fan/.sbt/boot/scala-2.10.4/org.scala-sbt/sbt/0.13.7/run-0.13.7.jar
7fa9bd568000-7fa9bd56a000 r--s 00002000 08:01 24382531                   /home/fan/.sbt/boot/scala-2.10.4/org.scala-sbt/sbt/0.13.7/test-interface-1.0.jar
7fa9bd56a000-7fa9bd57d000 r--s 000be000 08:01 24382517                   /home/fan/.sbt/boot/scala-2.10.4/org.scala-sbt/sbt/0.13.7/scalap-2.10.0.jar
7fa9bd57d000-7fa9bd587000 r--s 00092000 08:01 24382524                   /home/fan/.sbt/boot/scala-2.10.4/org.scala-sbt/sbt/0.13.7/main-settings-0.13.7.jar
7fa9bd587000-7fa9bd58c000 r--s 00023000 08:01 24382503                   /home/fan/.sbt/boot/scala-2.10.4/org.scala-sbt/sbt/0.13.7/persist-0.13.7.jar
7fa9bd58c000-7fa9bd590000 r--s 00022000 08:01 24382533                   /home/fan/.sbt/boot/scala-2.10.4/org.scala-sbt/sbt/0.13.7/sbinary_2.10-0.4.2.jar
7fa9bd590000-7fa9bd592000 r--s 00001000 08:01 24382529                   /home/fan/.sbt/boot/scala-2.10.4/org.scala-sbt/sbt/0.13.7/compiler-ivy-integration-0.13.7.jar
7fa9bd592000-7fa9bd595000 r--s 0000e000 08:01 24382502                   /home/fan/.sbt/boot/scala-2.10.4/org.scala-sbt/sbt/0.13.7/compiler-integration-0.13.7.jar
7fa9bd595000-7fa9bd598000 r--s 0001d000 08:01 24382513                   /home/fan/.sbt/boot/scala-2.10.4/org.scala-sbt/sbt/0.13.7/task-system-0.13.7.jar
7fa9bd598000-7fa9bd59f000 r--s 00049000 08:01 24382511                   /home/fan/.sbt/boot/scala-2.10.4/org.scala-sbt/sbt/0.13.7/api-0.13.7.jar
7fa9bd59f000-7fa9bd5b2000 r--s 000fc000 08:01 24382518                   /home/fan/.sbt/boot/scala-2.10.4/org.scala-sbt/sbt/0.13.7/ivy-0.13.7.jar
7fa9bd5b2000-7fa9bd5e8000 r--s 002d9000 08:01 24382540                   /home/fan/.sbt/boot/scala-2.10.4/org.scala-sbt/sbt/0.13.7/scala-reflect-2.10.4.jar
7fa9bd5e8000-7fa9bd5f0000 r--s 00060000 08:01 24382527                   /home/fan/.sbt/boot/scala-2.10.4/org.scala-sbt/sbt/0.13.7/collections-0.13.7.jar
7fa9bd5f0000-7fa9bd5f2000 r--s 00001000 08:01 24382541                   /home/fan/.sbt/boot/scala-2.10.4/org.scala-sbt/sbt/0.13.7/launcher-interface-0.13.7.jar
7fa9bd5f2000-7fa9bd61c000 r--s 0022d000 08:01 24382512                   /home/fan/.sbt/boot/scala-2.10.4/org.scala-sbt/sbt/0.13.7/main-0.13.7.jar
7fa9bd61c000-7fa9bd61d000 r--s 00005000 08:01 24382544                   /home/fan/.sbt/boot/scala-2.10.4/org.scala-sbt/sbt/0.13.7/test-agent-0.13.7.jar
7fa9bd61d000-7fa9bd626000 r--s 00061000 08:01 24382523                   /home/fan/.sbt/boot/scala-2.10.4/org.scala-sbt/sbt/0.13.7/incremental-compiler-0.13.7.jar
7fa9bd626000-7fa9bd629000 r--s 00030000 08:01 24382539                   /home/fan/.sbt/boot/scala-2.10.4/org.scala-sbt/sbt/0.13.7/jline-2.11.jar
7fa9bd629000-7fa9bd62c000 r--s 0001a000 08:01 24382528                   /home/fan/.sbt/boot/scala-2.10.4/org.scala-sbt/sbt/0.13.7/cache-0.13.7.jar
7fa9bd62c000-7fa9bd634000 r--s 00057000 08:01 24382519                   /home/fan/.sbt/boot/scala-2.10.4/org.scala-sbt/sbt/0.13.7/completion-0.13.7.jar
7fa9bd634000-7fa9bd6a6000 r--s 0065a000 08:01 24381628                   /home/fan/.sbt/boot/scala-2.10.4/lib/scala-library.jar
7fa9bd6a6000-7fa9bd6dc000 r--s 002d9000 08:01 24381626                   /home/fan/.sbt/boot/scala-2.10.4/lib/scala-reflect.jar
7fa9bd6dc000-7fa9bd7d9000 r--s 00cca000 08:01 24381627                   /home/fan/.sbt/boot/scala-2.10.4/lib/scala-compiler.jar
7fa9bd7d9000-7fa9bd7ea000 r-xp 00000000 08:01 23069647                   /shared/jdk1.8.0_45/jre/lib/amd64/libnio.so
7fa9bd7ea000-7fa9bd9e9000 ---p 00011000 08:01 23069647                   /shared/jdk1.8.0_45/jre/lib/amd64/libnio.so
7fa9bd9e9000-7fa9bd9ea000 rw-p 00010000 08:01 23069647                   /shared/jdk1.8.0_45/jre/lib/amd64/libnio.so
7fa9bd9ea000-7fa9bda00000 r-xp 00000000 08:01 23069673                   /shared/jdk1.8.0_45/jre/lib/amd64/libnet.so
7fa9bda00000-7fa9bdc00000 ---p 00016000 08:01 23069673                   /shared/jdk1.8.0_45/jre/lib/amd64/libnet.so
7fa9bdc00000-7fa9bdc01000 rw-p 00016000 08:01 23069673                   /shared/jdk1.8.0_45/jre/lib/amd64/libnet.so
7fa9bdc01000-7fa9bdc02000 ---p 00000000 00:00 0 
7fa9bdc02000-7fa9bdd02000 rw-p 00000000 00:00 0                          [stack:28227]
7fa9bdd02000-7fa9bdd05000 ---p 00000000 00:00 0 
7fa9bdd05000-7fa9bde03000 rw-p 00000000 00:00 0                          [stack:28226]
7fa9bde03000-7fa9bde06000 ---p 00000000 00:00 0 
7fa9bde06000-7fa9bdf04000 rw-p 00000000 00:00 0                          [stack:28225]
7fa9bdf04000-7fa9bdf07000 ---p 00000000 00:00 0 
7fa9bdf07000-7fa9be005000 rw-p 00000000 00:00 0                          [stack:28224]
7fa9be005000-7fa9be008000 ---p 00000000 00:00 0 
7fa9be008000-7fa9be106000 rw-p 00000000 00:00 0                          [stack:28223]
7fa9be106000-7fa9be109000 ---p 00000000 00:00 0 
7fa9be109000-7fa9be207000 rw-p 00000000 00:00 0                          [stack:28222]
7fa9be207000-7fa9be20a000 ---p 00000000 00:00 0 
7fa9be20a000-7fa9be308000 rw-p 00000000 00:00 0                          [stack:28221]
7fa9be308000-7fa9be9ea000 r--p 00000000 08:01 25172526                   /usr/lib/locale/locale-archive
7fa9be9ea000-7fa9be9ed000 ---p 00000000 00:00 0 
7fa9be9ed000-7fa9beaeb000 rw-p 00000000 00:00 0                          [stack:28220]
7fa9beaeb000-7fa9beaee000 ---p 00000000 00:00 0 
7fa9beaee000-7fa9bebec000 rw-p 00000000 00:00 0                          [stack:28219]
7fa9bebec000-7fa9bebed000 ---p 00000000 00:00 0 
7fa9bebed000-7fa9c0000000 rw-p 00000000 00:00 0                          [stack:28218]
7fa9c0000000-7fa9c0021000 rw-p 00000000 00:00 0 
7fa9c0021000-7fa9c4000000 ---p 00000000 00:00 0 
7fa9c4000000-7fa9c4021000 rw-p 00000000 00:00 0 
7fa9c4021000-7fa9c8000000 ---p 00000000 00:00 0 
7fa9c8000000-7fa9c8021000 rw-p 00000000 00:00 0 
7fa9c8021000-7fa9cc000000 ---p 00000000 00:00 0 
7fa9cc000000-7fa9cc021000 rw-p 00000000 00:00 0 
7fa9cc021000-7fa9d0000000 ---p 00000000 00:00 0 
7fa9d0000000-7fa9d0021000 rw-p 00000000 00:00 0 
7fa9d0021000-7fa9d4000000 ---p 00000000 00:00 0 
7fa9d4000000-7fa9d4021000 rw-p 00000000 00:00 0 
7fa9d4021000-7fa9d8000000 ---p 00000000 00:00 0 
7fa9d8000000-7fa9d8021000 rw-p 00000000 00:00 0 
7fa9d8021000-7fa9dc000000 ---p 00000000 00:00 0 
7fa9dc000000-7fa9dc021000 rw-p 00000000 00:00 0 
7fa9dc021000-7fa9e0000000 ---p 00000000 00:00 0 
7fa9e0000000-7fa9e0016000 r--s 00100000 08:01 24382506                   /home/fan/.sbt/boot/scala-2.10.4/org.scala-sbt/sbt/0.13.7/ivy-2.3.0-sbt-fccfbd44c9f64523b61398a0155784dcbaeae28f.jar
7fa9e0016000-7fa9e081e000 rw-p 00000000 00:00 0 
7fa9e081e000-7fa9e09f7000 r--s 03d09000 08:01 23069626                   /shared/jdk1.8.0_45/jre/lib/rt.jar
7fa9e09f7000-7fa9e33f7000 rw-p 00000000 00:00 0 
7fa9e33f7000-7fa9e33f8000 ---p 00000000 00:00 0 
7fa9e33f8000-7fa9e34f8000 rw-p 00000000 00:00 0                          [stack:28217]
7fa9e34f8000-7fa9e34f9000 ---p 00000000 00:00 0 
7fa9e34f9000-7fa9e35f9000 rw-p 00000000 00:00 0                          [stack:28216]
7fa9e35f9000-7fa9e35fa000 ---p 00000000 00:00 0 
7fa9e35fa000-7fa9e36fa000 rw-p 00000000 00:00 0                          [stack:28215]
7fa9e36fa000-7fa9e36fb000 ---p 00000000 00:00 0 
7fa9e36fb000-7fa9e37fb000 rw-p 00000000 00:00 0                          [stack:28214]
7fa9e37fb000-7fa9e37fc000 ---p 00000000 00:00 0 
7fa9e37fc000-7fa9e38fc000 rw-p 00000000 00:00 0                          [stack:28213]
7fa9e38fc000-7fa9e38fd000 ---p 00000000 00:00 0 
7fa9e38fd000-7fa9e39fd000 rw-p 00000000 00:00 0                          [stack:28212]
7fa9e39fd000-7fa9e39fe000 ---p 00000000 00:00 0 
7fa9e39fe000-7fa9e3afe000 rw-p 00000000 00:00 0                          [stack:28211]
7fa9e3afe000-7fa9e3aff000 ---p 00000000 00:00 0 
7fa9e3aff000-7fa9e3e15000 rw-p 00000000 00:00 0                          [stack:28210]
7fa9e3e15000-7fa9e4000000 ---p 00000000 00:00 0 
7fa9e4000000-7fa9e4510000 rwxp 00000000 00:00 0 
7fa9e4510000-7fa9ec000000 ---p 00000000 00:00 0 
7fa9ec000000-7fa9ed21f000 rw-p 00000000 00:00 0 
7fa9ed21f000-7fa9f0000000 ---p 00000000 00:00 0 
7fa9f0000000-7fa9f0002000 r--s 00002000 08:01 24382521                   /home/fan/.sbt/boot/scala-2.10.4/org.scala-sbt/sbt/0.13.7/control-0.13.7.jar
7fa9f0002000-7fa9f0007000 r--s 00036000 08:01 24382532                   /home/fan/.sbt/boot/scala-2.10.4/org.scala-sbt/sbt/0.13.7/command-0.13.7.jar
7fa9f0007000-7fa9f000a000 r--s 00012000 08:01 24382501                   /home/fan/.sbt/boot/scala-2.10.4/org.scala-sbt/sbt/0.13.7/classfile-0.13.7.jar
7fa9f000a000-7fa9f000e000 r--s 00034000 08:01 24382500                   /home/fan/.sbt/boot/scala-2.10.4/org.scala-sbt/sbt/0.13.7/jsch-0.1.46.jar
7fa9f000e000-7fa9f0011000 r--s 00019000 08:01 24382545                   /home/fan/.sbt/boot/scala-2.10.4/org.scala-sbt/sbt/0.13.7/compile-0.13.7.jar
7fa9f0011000-7fa9f01dd000 rw-p 00000000 00:00 0 
7fa9f01dd000-7fa9f01f7000 r-xp 00000000 08:01 23069652                   /shared/jdk1.8.0_45/jre/lib/amd64/libzip.so
7fa9f01f7000-7fa9f03f7000 ---p 0001a000 08:01 23069652                   /shared/jdk1.8.0_45/jre/lib/amd64/libzip.so
7fa9f03f7000-7fa9f03f8000 rw-p 0001a000 08:01 23069652                   /shared/jdk1.8.0_45/jre/lib/amd64/libzip.so
7fa9f03f8000-7fa9f0403000 r-xp 00000000 08:01 4460533                    /lib/x86_64-linux-gnu/libnss_files-2.19.so
7fa9f0403000-7fa9f0602000 ---p 0000b000 08:01 4460533                    /lib/x86_64-linux-gnu/libnss_files-2.19.so
7fa9f0602000-7fa9f0603000 r--p 0000a000 08:01 4460533                    /lib/x86_64-linux-gnu/libnss_files-2.19.so
7fa9f0603000-7fa9f0604000 rw-p 0000b000 08:01 4460533                    /lib/x86_64-linux-gnu/libnss_files-2.19.so
7fa9f0604000-7fa9f060f000 r-xp 00000000 08:01 4460543                    /lib/x86_64-linux-gnu/libnss_nis-2.19.so
7fa9f060f000-7fa9f080e000 ---p 0000b000 08:01 4460543                    /lib/x86_64-linux-gnu/libnss_nis-2.19.so
7fa9f080e000-7fa9f080f000 r--p 0000a000 08:01 4460543                    /lib/x86_64-linux-gnu/libnss_nis-2.19.so
7fa9f080f000-7fa9f0810000 rw-p 0000b000 08:01 4460543                    /lib/x86_64-linux-gnu/libnss_nis-2.19.so
7fa9f0810000-7fa9f0827000 r-xp 00000000 08:01 4460527                    /lib/x86_64-linux-gnu/libnsl-2.19.so
7fa9f0827000-7fa9f0a26000 ---p 00017000 08:01 4460527                    /lib/x86_64-linux-gnu/libnsl-2.19.so
7fa9f0a26000-7fa9f0a27000 r--p 00016000 08:01 4460527                    /lib/x86_64-linux-gnu/libnsl-2.19.so
7fa9f0a27000-7fa9f0a28000 rw-p 00017000 08:01 4460527                    /lib/x86_64-linux-gnu/libnsl-2.19.so
7fa9f0a28000-7fa9f0a2a000 rw-p 00000000 00:00 0 
7fa9f0a2a000-7fa9f0a33000 r-xp 00000000 08:01 4460529                    /lib/x86_64-linux-gnu/libnss_compat-2.19.so
7fa9f0a33000-7fa9f0c32000 ---p 00009000 08:01 4460529                    /lib/x86_64-linux-gnu/libnss_compat-2.19.so
7fa9f0c32000-7fa9f0c33000 r--p 00008000 08:01 4460529                    /lib/x86_64-linux-gnu/libnss_compat-2.19.so
7fa9f0c33000-7fa9f0c34000 rw-p 00009000 08:01 4460529                    /lib/x86_64-linux-gnu/libnss_compat-2.19.so
7fa9f0c34000-7fa9f0c5e000 r-xp 00000000 08:01 23069645                   /shared/jdk1.8.0_45/jre/lib/amd64/libjava.so
7fa9f0c5e000-7fa9f0e5e000 ---p 0002a000 08:01 23069645                   /shared/jdk1.8.0_45/jre/lib/amd64/libjava.so
7fa9f0e5e000-7fa9f0e60000 rw-p 0002a000 08:01 23069645                   /shared/jdk1.8.0_45/jre/lib/amd64/libjava.so
7fa9f0e60000-7fa9f0e6d000 r-xp 00000000 08:01 23069687                   /shared/jdk1.8.0_45/jre/lib/amd64/libverify.so
7fa9f0e6d000-7fa9f106d000 ---p 0000d000 08:01 23069687                   /shared/jdk1.8.0_45/jre/lib/amd64/libverify.so
7fa9f106d000-7fa9f106f000 rw-p 0000d000 08:01 23069687                   /shared/jdk1.8.0_45/jre/lib/amd64/libverify.so
7fa9f106f000-7fa9f1076000 r-xp 00000000 08:01 4460586                    /lib/x86_64-linux-gnu/librt-2.19.so
7fa9f1076000-7fa9f1275000 ---p 00007000 08:01 4460586                    /lib/x86_64-linux-gnu/librt-2.19.so
7fa9f1275000-7fa9f1276000 r--p 00006000 08:01 4460586                    /lib/x86_64-linux-gnu/librt-2.19.so
7fa9f1276000-7fa9f1277000 rw-p 00007000 08:01 4460586                    /lib/x86_64-linux-gnu/librt-2.19.so
7fa9f1277000-7fa9f137c000 r-xp 00000000 08:01 4460508                    /lib/x86_64-linux-gnu/libm-2.19.so
7fa9f137c000-7fa9f157b000 ---p 00105000 08:01 4460508                    /lib/x86_64-linux-gnu/libm-2.19.so
7fa9f157b000-7fa9f157c000 r--p 00104000 08:01 4460508                    /lib/x86_64-linux-gnu/libm-2.19.so
7fa9f157c000-7fa9f157d000 rw-p 00105000 08:01 4460508                    /lib/x86_64-linux-gnu/libm-2.19.so
7fa9f157d000-7fa9f222b000 r-xp 00000000 08:01 23069693                   /shared/jdk1.8.0_45/jre/lib/amd64/server/libjvm.so
7fa9f222b000-7fa9f242a000 ---p 00cae000 08:01 23069693                   /shared/jdk1.8.0_45/jre/lib/amd64/server/libjvm.so
7fa9f242a000-7fa9f2501000 rw-p 00cad000 08:01 23069693                   /shared/jdk1.8.0_45/jre/lib/amd64/server/libjvm.so
7fa9f2501000-7fa9f2545000 rw-p 00000000 00:00 0 
7fa9f2545000-7fa9f2700000 r-xp 00000000 08:01 4460458                    /lib/x86_64-linux-gnu/libc-2.19.so
7fa9f2700000-7fa9f2900000 ---p 001bb000 08:01 4460458                    /lib/x86_64-linux-gnu/libc-2.19.so
7fa9f2900000-7fa9f2904000 r--p 001bb000 08:01 4460458                    /lib/x86_64-linux-gnu/libc-2.19.so
7fa9f2904000-7fa9f2906000 rw-p 001bf000 08:01 4460458                    /lib/x86_64-linux-gnu/libc-2.19.so
7fa9f2906000-7fa9f290b000 rw-p 00000000 00:00 0 
7fa9f290b000-7fa9f290e000 r-xp 00000000 08:01 4460475                    /lib/x86_64-linux-gnu/libdl-2.19.so
7fa9f290e000-7fa9f2b0d000 ---p 00003000 08:01 4460475                    /lib/x86_64-linux-gnu/libdl-2.19.so
7fa9f2b0d000-7fa9f2b0e000 r--p 00002000 08:01 4460475                    /lib/x86_64-linux-gnu/libdl-2.19.so
7fa9f2b0e000-7fa9f2b0f000 rw-p 00003000 08:01 4460475                    /lib/x86_64-linux-gnu/libdl-2.19.so
7fa9f2b0f000-7fa9f2b24000 r-xp 00000000 08:01 23069978                   /shared/jdk1.8.0_45/lib/amd64/jli/libjli.so
7fa9f2b24000-7fa9f2d24000 ---p 00015000 08:01 23069978                   /shared/jdk1.8.0_45/lib/amd64/jli/libjli.so
7fa9f2d24000-7fa9f2d25000 rw-p 00015000 08:01 23069978                   /shared/jdk1.8.0_45/lib/amd64/jli/libjli.so
7fa9f2d25000-7fa9f2d3e000 r-xp 00000000 08:01 4460578                    /lib/x86_64-linux-gnu/libpthread-2.19.so
7fa9f2d3e000-7fa9f2f3d000 ---p 00019000 08:01 4460578                    /lib/x86_64-linux-gnu/libpthread-2.19.so
7fa9f2f3d000-7fa9f2f3e000 r--p 00018000 08:01 4460578                    /lib/x86_64-linux-gnu/libpthread-2.19.so
7fa9f2f3e000-7fa9f2f3f000 rw-p 00019000 08:01 4460578                    /lib/x86_64-linux-gnu/libpthread-2.19.so
7fa9f2f3f000-7fa9f2f43000 rw-p 00000000 00:00 0 
7fa9f2f43000-7fa9f2f66000 r-xp 00000000 08:01 4460434                    /lib/x86_64-linux-gnu/ld-2.19.so
7fa9f2f66000-7fa9f2f67000 r--s 00001000 08:01 24382515                   /home/fan/.sbt/boot/scala-2.10.4/org.scala-sbt/sbt/0.13.7/cross-0.13.7.jar
7fa9f2f67000-7fa9f2f6f000 r--s 00069000 08:01 24382535                   /home/fan/.sbt/boot/scala-2.10.4/org.scala-sbt/sbt/0.13.7/actions-0.13.7.jar
7fa9f2f6f000-7fa9f2f71000 r--s 00017000 08:01 24382510                   /home/fan/.sbt/boot/scala-2.10.4/org.scala-sbt/sbt/0.13.7/testing-0.13.7.jar
7fa9f2f71000-7fa9f2f8c000 r--s 0010d000 08:01 23071236                   /shared/sbt/bin/sbt-launch.jar
7fa9f2f8c000-7fa9f304a000 rw-p 00000000 00:00 0 
7fa9f304a000-7fa9f304d000 ---p 00000000 00:00 0 
7fa9f304d000-7fa9f314f000 rw-p 00000000 00:00 0                          [stack:28209]
7fa9f314f000-7fa9f3150000 r--s 00001000 08:01 24382499                   /home/fan/.sbt/boot/scala-2.10.4/org.scala-sbt/sbt/0.13.7/json4s-support_2.10-0.6.0.jar
7fa9f3150000-7fa9f3152000 r--s 0000f000 08:01 24382526                   /home/fan/.sbt/boot/scala-2.10.4/org.scala-sbt/sbt/0.13.7/json4s-native_2.10-3.2.10.jar
7fa9f3152000-7fa9f3156000 r--s 00025000 08:01 24381624                   /home/fan/.sbt/boot/scala-2.10.4/lib/jline.jar
7fa9f3156000-7fa9f3159000 r--s 00018000 08:01 24381625                   /home/fan/.sbt/boot/scala-2.10.4/lib/jansi.jar
7fa9f3159000-7fa9f3161000 rw-s 00000000 08:01 29894675                   /tmp/hsperfdata_fan/28208
7fa9f3161000-7fa9f3162000 rw-p 00000000 00:00 0 
7fa9f3162000-7fa9f3163000 r--p 00000000 00:00 0 
7fa9f3163000-7fa9f3165000 rw-p 00000000 00:00 0 
7fa9f3165000-7fa9f3166000 r--p 00022000 08:01 4460434                    /lib/x86_64-linux-gnu/ld-2.19.so
7fa9f3166000-7fa9f3167000 rw-p 00023000 08:01 4460434                    /lib/x86_64-linux-gnu/ld-2.19.so
7fa9f3167000-7fa9f3168000 rw-p 00000000 00:00 0 
7fff75794000-7fff757b5000 rw-p 00000000 00:00 0                          [stack]
7fff757fc000-7fff757fe000 r-xp 00000000 00:00 0                          [vdso]
7fff757fe000-7fff75800000 r--p 00000000 00:00 0                          [vvar]
ffffffffff600000-ffffffffff601000 r-xp 00000000 00:00 0                  [vsyscall]

VM Arguments:
jvm_args: -Xms1024m -Xmx1024m -XX:ReservedCodeCacheSize=128m -XX:MaxMetaspaceSize=256m -Dhadoop.version=2.5.2 
java_command: /shared/sbt/bin/sbt-launch.jar clean assembly -Pyarn -Phadoop-2.4
java_class_path (initial): /shared/sbt/bin/sbt-launch.jar
Launcher Type: SUN_STANDARD

Environment Variables:
JAVA_HOME=/shared/java
PATH=/shared/scala/bin:/shared/java/bin:/shared/sbt/bin:/usr/local/sbin:/usr/local/bin:/usr/sbin:/usr/bin:/sbin:/bin:/usr/games:/usr/local/games
SHELL=/bin/bash
DISPLAY=:0

Signal Handlers:
SIGSEGV: [libjvm.so+0xaad1e0], sa_mask[0]=11111111011111111101111111111110, sa_flags=SA_RESTART|SA_SIGINFO
SIGBUS: [libjvm.so+0xaad1e0], sa_mask[0]=11111111011111111101111111111110, sa_flags=SA_RESTART|SA_SIGINFO
SIGFPE: [libjvm.so+0x90b450], sa_mask[0]=11111111011111111101111111111110, sa_flags=SA_RESTART|SA_SIGINFO
SIGPIPE: [libjvm.so+0x90b450], sa_mask[0]=11111111011111111101111111111110, sa_flags=SA_RESTART|SA_SIGINFO
SIGXFSZ: [libjvm.so+0x90b450], sa_mask[0]=11111111011111111101111111111110, sa_flags=SA_RESTART|SA_SIGINFO
SIGILL: [libjvm.so+0x90b450], sa_mask[0]=11111111011111111101111111111110, sa_flags=SA_RESTART|SA_SIGINFO
SIGUSR1: SIG_DFL, sa_mask[0]=00000000000000000000000000000000, sa_flags=none
SIGUSR2: [libjvm.so+0x90ca90], sa_mask[0]=00000000000000000000000000000000, sa_flags=SA_RESTART|SA_SIGINFO
SIGHUP: [libjvm.so+0x90dde0], sa_mask[0]=11111111011111111101111111111110, sa_flags=SA_RESTART|SA_SIGINFO
SIGINT: [libjvm.so+0x90dde0], sa_mask[0]=11111111011111111101111111111110, sa_flags=SA_RESTART|SA_SIGINFO
SIGTERM: [libjvm.so+0x90dde0], sa_mask[0]=11111111011111111101111111111110, sa_flags=SA_RESTART|SA_SIGINFO
SIGQUIT: [libjvm.so+0x90dde0], sa_mask[0]=11111111011111111101111111111110, sa_flags=SA_RESTART|SA_SIGINFO


---------------  S Y S T E M  ---------------

OS:DISTRIB_ID=Ubuntu
DISTRIB_RELEASE=14.04
DISTRIB_CODENAME=trusty
DISTRIB_DESCRIPTION="Ubuntu 14.04.2 LTS"

uname:Linux 3.16.0-30-generic #40~14.04.1-Ubuntu SMP Thu Jan 15 17:43:14 UTC 2015 x86_64
libc:glibc 2.19 NPTL 2.19 
rlimit: STACK 8192k, CORE 0k, NPROC 47905, NOFILE 4096, AS infinity
load average:0.33 1.15 1.44

/proc/meminfo:
MemTotal:       12285276 kB
MemFree:         3339688 kB
MemAvailable:    7452364 kB
Buffers:          302960 kB
Cached:          3640080 kB
SwapCached:         3652 kB
Active:          5665972 kB
Inactive:        2496628 kB
Active(anon):    3148000 kB
Inactive(anon):  1101188 kB
Active(file):    2517972 kB
Inactive(file):  1395440 kB
Unevictable:          32 kB
Mlocked:              32 kB
SwapTotal:      12561404 kB
SwapFree:       12416464 kB
Dirty:               560 kB
Writeback:             0 kB
AnonPages:       4217608 kB
Mapped:           203540 kB
Shmem:             29628 kB
Slab:             518764 kB
SReclaimable:     452668 kB
SUnreclaim:        66096 kB
KernelStack:       10672 kB
PageTables:        38400 kB
NFS_Unstable:          0 kB
Bounce:                0 kB
WritebackTmp:          0 kB
CommitLimit:    18704040 kB
Committed_AS:    7842940 kB
VmallocTotal:   34359738367 kB
VmallocUsed:      320664 kB
VmallocChunk:   34359285828 kB
HardwareCorrupted:     0 kB
AnonHugePages:   3201024 kB
HugePages_Total:       0
HugePages_Free:        0
HugePages_Rsvd:        0
HugePages_Surp:        0
Hugepagesize:       2048 kB
DirectMap4k:       99196 kB
DirectMap2M:    12464128 kB


CPU:total 8 (4 cores per cpu, 2 threads per core) family 6 model 42 stepping 7, cmov, cx8, fxsr, mmx, sse, sse2, sse3, ssse3, sse4.1, sse4.2, popcnt, avx, aes, clmul, ht, tsc, tscinvbit

/proc/cpuinfo:
processor	: 0
vendor_id	: GenuineIntel
cpu family	: 6
model		: 42
model name	: Intel(R) Core(TM) i7-2600K CPU @ 3.40GHz
stepping	: 7
microcode	: 0x12
cpu MHz		: 3519.265
cache size	: 8192 KB
physical id	: 0
siblings	: 8
core id		: 0
cpu cores	: 4
apicid		: 0
initial apicid	: 0
fpu		: yes
fpu_exception	: yes
cpuid level	: 13
wp		: yes
flags		: fpu vme de pse tsc msr pae mce cx8 apic sep mtrr pge mca cmov pat pse36 clflush dts acpi mmx fxsr sse sse2 ss ht tm pbe syscall nx rdtscp lm constant_tsc arch_perfmon pebs bts rep_good nopl xtopology nonstop_tsc aperfmperf eagerfpu pni pclmulqdq dtes64 monitor ds_cpl vmx est tm2 ssse3 cx16 xtpr pdcm pcid sse4_1 sse4_2 popcnt tsc_deadline_timer aes xsave avx lahf_lm ida arat epb xsaveopt pln pts dtherm tpr_shadow vnmi flexpriority ept vpid
bogomips	: 6784.27
clflush size	: 64
cache_alignment	: 64
address sizes	: 36 bits physical, 48 bits virtual
power management:

processor	: 1
vendor_id	: GenuineIntel
cpu family	: 6
model		: 42
model name	: Intel(R) Core(TM) i7-2600K CPU @ 3.40GHz
stepping	: 7
microcode	: 0x12
cpu MHz		: 3539.984
cache size	: 8192 KB
physical id	: 0
siblings	: 8
core id		: 1
cpu cores	: 4
apicid		: 2
initial apicid	: 2
fpu		: yes
fpu_exception	: yes
cpuid level	: 13
wp		: yes
flags		: fpu vme de pse tsc msr pae mce cx8 apic sep mtrr pge mca cmov pat pse36 clflush dts acpi mmx fxsr sse sse2 ss ht tm pbe syscall nx rdtscp lm constant_tsc arch_perfmon pebs bts rep_good nopl xtopology nonstop_tsc aperfmperf eagerfpu pni pclmulqdq dtes64 monitor ds_cpl vmx est tm2 ssse3 cx16 xtpr pdcm pcid sse4_1 sse4_2 popcnt tsc_deadline_timer aes xsave avx lahf_lm ida arat epb xsaveopt pln pts dtherm tpr_shadow vnmi flexpriority ept vpid
bogomips	: 6784.27
clflush size	: 64
cache_alignment	: 64
address sizes	: 36 bits physical, 48 bits virtual
power management:

processor	: 2
vendor_id	: GenuineIntel
cpu family	: 6
model		: 42
model name	: Intel(R) Core(TM) i7-2600K CPU @ 3.40GHz
stepping	: 7
microcode	: 0x12
cpu MHz		: 3589.921
cache size	: 8192 KB
physical id	: 0
siblings	: 8
core id		: 2
cpu cores	: 4
apicid		: 4
initial apicid	: 4
fpu		: yes
fpu_exception	: yes
cpuid level	: 13
wp		: yes
flags		: fpu vme de pse tsc msr pae mce cx8 apic sep mtrr pge mca cmov pat pse36 clflush dts acpi mmx fxsr sse sse2 ss ht tm pbe syscall nx rdtscp lm constant_tsc arch_perfmon pebs bts rep_good nopl xtopology nonstop_tsc aperfmperf eagerfpu pni pclmulqdq dtes64 monitor ds_cpl vmx est tm2 ssse3 cx16 xtpr pdcm pcid sse4_1 sse4_2 popcnt tsc_deadline_timer aes xsave avx lahf_lm ida arat epb xsaveopt pln pts dtherm tpr_shadow vnmi flexpriority ept vpid
bogomips	: 6784.27
clflush size	: 64
cache_alignment	: 64
address sizes	: 36 bits physical, 48 bits virtual
power management:

processor	: 3
vendor_id	: GenuineIntel
cpu family	: 6
model		: 42
model name	: Intel(R) Core(TM) i7-2600K CPU @ 3.40GHz
stepping	: 7
microcode	: 0x12
cpu MHz		: 3589.921
cache size	: 8192 KB
physical id	: 0
siblings	: 8
core id		: 3
cpu cores	: 4
apicid		: 6
initial apicid	: 6
fpu		: yes
fpu_exception	: yes
cpuid level	: 13
wp		: yes
flags		: fpu vme de pse tsc msr pae mce cx8 apic sep mtrr pge mca cmov pat pse36 clflush dts acpi mmx fxsr sse sse2 ss ht tm pbe syscall nx rdtscp lm constant_tsc arch_perfmon pebs bts rep_good nopl xtopology nonstop_tsc aperfmperf eagerfpu pni pclmulqdq dtes64 monitor ds_cpl vmx est tm2 ssse3 cx16 xtpr pdcm pcid sse4_1 sse4_2 popcnt tsc_deadline_timer aes xsave avx lahf_lm ida arat epb xsaveopt pln pts dtherm tpr_shadow vnmi flexpriority ept vpid
bogomips	: 6784.27
clflush size	: 64
cache_alignment	: 64
address sizes	: 36 bits physical, 48 bits virtual
power management:

processor	: 4
vendor_id	: GenuineIntel
cpu family	: 6
model		: 42
model name	: Intel(R) Core(TM) i7-2600K CPU @ 3.40GHz
stepping	: 7
microcode	: 0x12
cpu MHz		: 3589.921
cache size	: 8192 KB
physical id	: 0
siblings	: 8
core id		: 0
cpu cores	: 4
apicid		: 1
initial apicid	: 1
fpu		: yes
fpu_exception	: yes
cpuid level	: 13
wp		: yes
flags		: fpu vme de pse tsc msr pae mce cx8 apic sep mtrr pge mca cmov pat pse36 clflush dts acpi mmx fxsr sse sse2 ss ht tm pbe syscall nx rdtscp lm constant_tsc arch_perfmon pebs bts rep_good nopl xtopology nonstop_tsc aperfmperf eagerfpu pni pclmulqdq dtes64 monitor ds_cpl vmx est tm2 ssse3 cx16 xtpr pdcm pcid sse4_1 sse4_2 popcnt tsc_deadline_timer aes xsave avx lahf_lm ida arat epb xsaveopt pln pts dtherm tpr_shadow vnmi flexpriority ept vpid
bogomips	: 6784.27
clflush size	: 64
cache_alignment	: 64
address sizes	: 36 bits physical, 48 bits virtual
power management:

processor	: 5
vendor_id	: GenuineIntel
cpu family	: 6
model		: 42
model name	: Intel(R) Core(TM) i7-2600K CPU @ 3.40GHz
stepping	: 7
microcode	: 0x12
cpu MHz		: 3501.203
cache size	: 8192 KB
physical id	: 0
siblings	: 8
core id		: 1
cpu cores	: 4
apicid		: 3
initial apicid	: 3
fpu		: yes
fpu_exception	: yes
cpuid level	: 13
wp		: yes
flags		: fpu vme de pse tsc msr pae mce cx8 apic sep mtrr pge mca cmov pat pse36 clflush dts acpi mmx fxsr sse sse2 ss ht tm pbe syscall nx rdtscp lm constant_tsc arch_perfmon pebs bts rep_good nopl xtopology nonstop_tsc aperfmperf eagerfpu pni pclmulqdq dtes64 monitor ds_cpl vmx est tm2 ssse3 cx16 xtpr pdcm pcid sse4_1 sse4_2 popcnt tsc_deadline_timer aes xsave avx lahf_lm ida arat epb xsaveopt pln pts dtherm tpr_shadow vnmi flexpriority ept vpid
bogomips	: 6784.27
clflush size	: 64
cache_alignment	: 64
address sizes	: 36 bits physical, 48 bits virtual
power management:

processor	: 6
vendor_id	: GenuineIntel
cpu family	: 6
model		: 42
model name	: Intel(R) Core(TM) i7-2600K CPU @ 3.40GHz
stepping	: 7
microcode	: 0x12
cpu MHz		: 3595.367
cache size	: 8192 KB
physical id	: 0
siblings	: 8
core id		: 2
cpu cores	: 4
apicid		: 5
initial apicid	: 5
fpu		: yes
fpu_exception	: yes
cpuid level	: 13
wp		: yes
flags		: fpu vme de pse tsc msr pae mce cx8 apic sep mtrr pge mca cmov pat pse36 clflush dts acpi mmx fxsr sse sse2 ss ht tm pbe syscall nx rdtscp lm constant_tsc arch_perfmon pebs bts rep_good nopl xtopology nonstop_tsc aperfmperf eagerfpu pni pclmulqdq dtes64 monitor ds_cpl vmx est tm2 ssse3 cx16 xtpr pdcm pcid sse4_1 sse4_2 popcnt tsc_deadline_timer aes xsave avx lahf_lm ida arat epb xsaveopt pln pts dtherm tpr_shadow vnmi flexpriority ept vpid
bogomips	: 6784.27
clflush size	: 64
cache_alignment	: 64
address sizes	: 36 bits physical, 48 bits virtual
power management:

processor	: 7
vendor_id	: GenuineIntel
cpu family	: 6
model		: 42
model name	: Intel(R) Core(TM) i7-2600K CPU @ 3.40GHz
stepping	: 7
microcode	: 0x12
cpu MHz		: 3517.406
cache size	: 8192 KB
physical id	: 0
siblings	: 8
core id		: 3
cpu cores	: 4
apicid		: 7
initial apicid	: 7
fpu		: yes
fpu_exception	: yes
cpuid level	: 13
wp		: yes
flags		: fpu vme de pse tsc msr pae mce cx8 apic sep mtrr pge mca cmov pat pse36 clflush dts acpi mmx fxsr sse sse2 ss ht tm pbe syscall nx rdtscp lm constant_tsc arch_perfmon pebs bts rep_good nopl xtopology nonstop_tsc aperfmperf eagerfpu pni pclmulqdq dtes64 monitor ds_cpl vmx est tm2 ssse3 cx16 xtpr pdcm pcid sse4_1 sse4_2 popcnt tsc_deadline_timer aes xsave avx lahf_lm ida arat epb xsaveopt pln pts dtherm tpr_shadow vnmi flexpriority ept vpid
bogomips	: 6784.27
clflush size	: 64
cache_alignment	: 64
address sizes	: 36 bits physical, 48 bits virtual
power management:



Memory: 4k page, physical 12285276k(3339688k free), swap 12561404k(12416464k free)

vm_info: Java HotSpot(TM) 64-Bit Server VM (25.45-b02) for linux-amd64 JRE (1.8.0_45-b14), built on Apr 10 2015 10:07:45 by "java_re" with gcc 4.3.0 20080428 (Red Hat 4.3.0-8)

time: Mon Jul 27 23:16:23 2015
elapsed time: 1 seconds (0d 0h 0m 1s)

