#
# A fatal error has been detected by the Java Runtime Environment:
#
#  SIGSEGV (0xb) at pc=0x00007f18877be120, pid=26611, tid=139743006119680
#
# JRE version: Java(TM) SE Runtime Environment (8.0_45-b14) (build 1.8.0_45-b14)
# Java VM: Java HotSpot(TM) 64-Bit Server VM (25.45-b02 mixed mode linux-amd64 compressed oops)
# Problematic frame:
# C  [libzip.so+0xb120]  inflateEnd+0x20
#
# Failed to write core dump. Core dumps have been disabled. To enable core dumping, try "ulimit -c unlimited" before starting Java again
#
# If you would like to submit a bug report, please visit:
#   http://bugreport.java.com/bugreport/crash.jsp
# The crash happened outside the Java Virtual Machine in native code.
# See problematic frame for where to report the bug.
#

---------------  T H R E A D  ---------------

Current thread (0x00007f1888087000):  JavaThread "Finalizer" daemon [_thread_in_native, id=26626, stack(0x00007f18742d5000,0x00007f18743d6000)]

siginfo: si_signo: 11 (SIGSEGV), si_code: 128 (SI_KERNEL), si_addr: 0x0000000000000000

Registers:
RAX=0x00007f18877b6200, RBX=0x0004000000000000, RCX=0x0000000000000070, RDX=0x0004000000000000
RSP=0x00007f18743d46e0, RBP=0x00007f18743d46f0, RSI=0x00007f18743d4780, RDI=0x0004000000000000
R8 =0x00000007c002d8b8, R9 =0x000000000000000b, R10=0x00007f18787c8968, R11=0x00007f188d55ce30
R12=0x00007f18880871f8, R13=0x00007f187675b320, R14=0x00007f18743d4798, R15=0x00007f1888087000
RIP=0x00007f18877be120, EFLAGS=0x0000000000010206, CSGSFS=0x0000000000000033, ERR=0x0000000000000000
  TRAPNO=0x000000000000000d

Top of Stack: (sp=0x00007f18743d46e0)
0x00007f18743d46e0:   0000000000000000 0004000000000000
0x00007f18743d46f0:   00007f18743d4710 00007f18877b621e
0x00007f18743d4700:   00007f187675b320 0000000000000000
0x00007f18743d4710:   00007f18743d4770 00007f18787c8994
0x00007f18743d4720:   0000000000000000 0000000000000000
0x00007f18743d4730:   00007f18743d4730 0000000000000000
0x00007f18743d4740:   00007f18743d4798 00007f187675b438
0x00007f18743d4750:   0000000000000000 00007f187675b320
0x00007f18743d4760:   0000000000000000 00007f18743d4790
0x00007f18743d4770:   00007f18743d47f0 00007f18787bac4d
0x00007f18743d4780:   000000070491cd58 00007f18787c2578
0x00007f18743d4790:   0004000000000000 0000000783273930
0x00007f18743d47a0:   0002000000000009 0000000783273930
0x00007f18743d47b0:   00007f18743d47a0 00007f187675acad
0x00007f18743d47c0:   00007f18743d4820 00007f187675b438
0x00007f18743d47d0:   0000000000000000 00007f187675ace0
0x00007f18743d47e0:   00007f18743d4790 00007f18743d4820
0x00007f18743d47f0:   00007f18743d4868 00007f18787bac4d
0x00007f18743d4800:   0000000000000000 0004000000000000
0x00007f18743d4810:   0000000000000000 0000000783273930
0x00007f18743d4820:   0000000783264e88 00007f18743d4828
0x00007f18743d4830:   00007f187675ad69 00007f18743d4878
0x00007f18743d4840:   00007f187675b438 0000000000000000
0x00007f18743d4850:   00007f187675ad78 00007f18743d4820
0x00007f18743d4860:   00007f18743d4880 00007f18743d4988
0x00007f18743d4870:   00007f187899a194 0000000783264e88
0x00007f18743d4880:   000000000000000a 0000000000000000
0x00007f18743d4890:   00000007049e6ff0 00000007049e7010
0x00007f18743d48a0:   0000000000000000 0000000000000000
0x00007f18743d48b0:   00000007831cc1a0 00000007049f8060
0x00007f18743d48c0:   0000000000000009 00000007831cc1a0
0x00007f18743d48d0:   00000007049e7010 0000000000000206 

Instructions: (pc=0x00007f18877be120)
0x00007f18877be100:   55 48 89 e5 53 48 89 fb 48 83 ec 08 48 85 ff 75
0x00007f18877be110:   0f b8 fe ff ff ff 48 83 c4 08 5b c9 c3 0f 1f 00
0x00007f18877be120:   48 8b 77 28 48 85 f6 74 e8 48 8b 47 38 48 85 c0
0x00007f18877be130:   74 df 48 8b 56 40 48 85 d2 74 11 48 89 d6 48 8b 

Register to memory mapping:

RAX=0x00007f18877b6200: Java_java_util_zip_Inflater_end+0 in /shared/jdk1.8.0_45/jre/lib/amd64/libzip.so at 0x00007f18877b3000
RBX=0x0004000000000000 is an unknown value
RCX=0x0000000000000070 is an unknown value
RDX=0x0004000000000000 is an unknown value
RSP=0x00007f18743d46e0 is pointing into the stack for thread: 0x00007f1888087000
RBP=0x00007f18743d46f0 is pointing into the stack for thread: 0x00007f1888087000
RSI=0x00007f18743d4780 is pointing into the stack for thread: 0x00007f1888087000
RDI=0x0004000000000000 is an unknown value
R8 =0x00000007c002d8b8 is pointing into metadata
R9 =0x000000000000000b is an unknown value
R10=0x00007f18787c8968 is at code_begin+808 in an Interpreter codelet
method entry point (kind = native)  [0x00007f18787c8640, 0x00007f18787c8f40]  2304 bytes
R11=0x00007f188d55ce30: <offset 0x9ace30> in /shared/jdk1.8.0_45/jre/lib/amd64/server/libjvm.so at 0x00007f188cbb0000
R12=0x00007f18880871f8 is an unknown value
R13={method} {0x00007f187675b320} 'end' '(J)V' in 'java/util/zip/Inflater'
R14=0x00007f18743d4798 is pointing into the stack for thread: 0x00007f1888087000
R15=0x00007f1888087000 is a thread


Stack: [0x00007f18742d5000,0x00007f18743d6000],  sp=0x00007f18743d46e0,  free space=1021k
Native frames: (J=compiled Java code, j=interpreted, Vv=VM code, C=native code)
C  [libzip.so+0xb120]  inflateEnd+0x20
C  [libzip.so+0x321e]  Java_java_util_zip_Inflater_end+0x1e
j  java.util.zip.Inflater.end(J)V+0
j  java.util.zip.Inflater.end()V+29
j  java.util.zip.Inflater.finalize()V+1
J 378 C1 java.lang.ref.Finalizer.runFinalizer(Lsun/misc/JavaLangAccess;)V (62 bytes) @ 0x00007f187899a194 [0x00007f1878999c00+0x594]
J 377 C1 java.lang.ref.Finalizer.access$100(Ljava/lang/ref/Finalizer;Lsun/misc/JavaLangAccess;)V (6 bytes) @ 0x00007f187899709c [0x00007f1878997040+0x5c]
j  java.lang.ref.Finalizer$FinalizerThread.run()V+45
v  ~StubRoutines::call_stub
V  [libjvm.so+0x681a26]  JavaCalls::call_helper(JavaValue*, methodHandle*, JavaCallArguments*, Thread*)+0x1056
V  [libjvm.so+0x681f31]  JavaCalls::call_virtual(JavaValue*, KlassHandle, Symbol*, Symbol*, JavaCallArguments*, Thread*)+0x321
V  [libjvm.so+0x6823d7]  JavaCalls::call_virtual(JavaValue*, Handle, KlassHandle, Symbol*, Symbol*, Thread*)+0x47
V  [libjvm.so+0x718280]  thread_entry(JavaThread*, Thread*)+0xa0
V  [libjvm.so+0xa5c86f]  JavaThread::thread_main_inner()+0xdf
V  [libjvm.so+0xa5c99c]  JavaThread::run()+0x11c
V  [libjvm.so+0x910de8]  java_start(Thread*)+0x108
C  [libpthread.so.0+0x8182]  start_thread+0xc2

Java frames: (J=compiled Java code, j=interpreted, Vv=VM code)
j  java.util.zip.Inflater.end(J)V+0
j  java.util.zip.Inflater.end()V+29
j  java.util.zip.Inflater.finalize()V+1
J 378 C1 java.lang.ref.Finalizer.runFinalizer(Lsun/misc/JavaLangAccess;)V (62 bytes) @ 0x00007f187899a194 [0x00007f1878999c00+0x594]
J 377 C1 java.lang.ref.Finalizer.access$100(Ljava/lang/ref/Finalizer;Lsun/misc/JavaLangAccess;)V (6 bytes) @ 0x00007f187899709c [0x00007f1878997040+0x5c]
j  java.lang.ref.Finalizer$FinalizerThread.run()V+45
v  ~StubRoutines::call_stub

---------------  P R O C E S S  ---------------

Java Threads: ( => current thread )
  0x00007f18880e4800 JavaThread "Service Thread" daemon [_thread_blocked, id=26632, stack(0x00007f184975a000,0x00007f184985b000)]
  0x00007f18880c7000 JavaThread "C1 CompilerThread3" daemon [_thread_blocked, id=26631, stack(0x00007f184985b000,0x00007f184995c000)]
  0x00007f18880c5000 JavaThread "C2 CompilerThread2" daemon [_thread_in_native_trans, id=26630, stack(0x00007f184995c000,0x00007f1849a5d000)]
  0x00007f18880c3800 JavaThread "C2 CompilerThread1" daemon [_thread_blocked, id=26629, stack(0x00007f1849a5d000,0x00007f1849b5e000)]
  0x00007f18880c0800 JavaThread "C2 CompilerThread0" daemon [_thread_blocked, id=26628, stack(0x00007f18740d3000,0x00007f18741d4000)]
  0x00007f18880bf000 JavaThread "Signal Dispatcher" daemon [_thread_blocked, id=26627, stack(0x00007f18741d4000,0x00007f18742d5000)]
=>0x00007f1888087000 JavaThread "Finalizer" daemon [_thread_in_native, id=26626, stack(0x00007f18742d5000,0x00007f18743d6000)]
  0x00007f1888084800 JavaThread "Reference Handler" daemon [_thread_blocked, id=26625, stack(0x00007f18743d6000,0x00007f18744d7000)]
  0x00007f1888009800 JavaThread "main" [_thread_in_vm, id=26615, stack(0x00007f188e67d000,0x00007f188e77e000)]

Other Threads:
  0x00007f188807f800 VMThread [stack: 0x00007f18744d7000,0x00007f18745d8000] [id=26624]
  0x00007f18880e7000 WatcherThread [stack: 0x00007f1849659000,0x00007f184975a000] [id=26633]

VM state:not at safepoint (normal execution)

VM Mutex/Monitor currently owned by a thread: None

Heap:
 PSYoungGen      total 25600K, used 3062K [0x0000000781800000, 0x0000000783400000, 0x00000007c0000000)
  eden space 24064K, 6% used [0x0000000781800000,0x0000000781980338,0x0000000782f80000)
  from space 1536K, 99% used [0x0000000783180000,0x00000007832fd780,0x0000000783300000)
  to   space 2048K, 0% used [0x0000000782f80000,0x0000000782f80000,0x0000000783180000)
 ParOldGen       total 5632K, used 2948K [0x0000000704800000, 0x0000000704d80000, 0x0000000781800000)
  object space 5632K, 52% used [0x0000000704800000,0x0000000704ae10d8,0x0000000704d80000)
 Metaspace       used 7322K, capacity 8084K, committed 8448K, reserved 1056768K
  class space    used 882K, capacity 912K, committed 1024K, reserved 1048576K

Card table byte_map: [0x00007f1877e16000,0x00007f18783f3000] byte_map_base: 0x00007f18745f2000

Marking Bits: (ParMarkBitMap*) 0x00007f188db4d760
 Begin Bits: [0x00007f184a240000, 0x00007f184d120000)
 End Bits:   [0x00007f184d120000, 0x00007f1850000000)

Polling page: 0x00007f188e795000

CodeCache: size=245760Kb used=2506Kb max_used=2518Kb free=243253Kb
 bounds [0x00007f18787b3000, 0x00007f1878a33000, 0x00007f18877b3000]
 total_blobs=863 nmethods=572 adapters=205
 compilation: enabled

Compilation events (10 events):
Event: 0.655 Thread 0x00007f18880c7000 nmethod 563 0x00007f1878a24e90 code [0x00007f1878a25000, 0x00007f1878a25290]
Event: 0.655 Thread 0x00007f18880c7000  569       1       com.sun.tools.javac.file.RelativePath::getPath (5 bytes)
Event: 0.655 Thread 0x00007f18880c7000 nmethod 569 0x00007f1878a24bd0 code [0x00007f1878a24d20, 0x00007f1878a24e30]
Event: 0.657 Thread 0x00007f18880c7000  570       3       java.lang.String::compareTo (78 bytes)
Event: 0.658 Thread 0x00007f18880c7000 nmethod 570 0x00007f1878a244d0 code [0x00007f1878a24660, 0x00007f1878a249b0]
Event: 0.658 Thread 0x00007f18880c7000  571       3       com.sun.tools.javac.file.ZipFileIndex$Entry::compareTo (9 bytes)
Event: 0.658 Thread 0x00007f18880c7000 nmethod 571 0x00007f1878a24010 code [0x00007f1878a24180, 0x00007f1878a24408]
Event: 0.658 Thread 0x00007f18880c7000  572       3       com.sun.tools.javac.file.ZipFileIndex$Entry::compareTo (40 bytes)
Event: 0.658 Thread 0x00007f18880c7000 nmethod 572 0x00007f1878a270d0 code [0x00007f1878a27260, 0x00007f1878a276d8]
Event: 0.659 Thread 0x00007f18880c3800  573       4       java.lang.String::compareTo (78 bytes)

GC Heap History (10 events):
Event: 0.289 GC heap before
{Heap before GC invocations=4 (full 0):
 PSYoungGen      total 3584K, used 3546K [0x0000000781800000, 0x0000000781f00000, 0x00000007c0000000)
  eden space 3072K, 99% used [0x0000000781800000,0x0000000781afaec0,0x0000000781b00000)
  from space 512K, 96% used [0x0000000781b00000,0x0000000781b7bc20,0x0000000781b80000)
  to   space 512K, 0% used [0x0000000781e80000,0x0000000781e80000,0x0000000781f00000)
 ParOldGen       total 5632K, used 787K [0x0000000704800000, 0x0000000704d80000, 0x0000000781800000)
  object space 5632K, 13% used [0x0000000704800000,0x00000007048c4de0,0x0000000704d80000)
 Metaspace       used 6183K, capacity 7308K, committed 7552K, reserved 1056768K
  class space    used 765K, capacity 776K, committed 896K, reserved 1048576K
Event: 0.290 GC heap after
Heap after GC invocations=4 (full 0):
 PSYoungGen      total 6656K, used 495K [0x0000000781800000, 0x0000000781f00000, 0x00000007c0000000)
  eden space 6144K, 0% used [0x0000000781800000,0x0000000781800000,0x0000000781e00000)
  from space 512K, 96% used [0x0000000781e80000,0x0000000781efbc20,0x0000000781f00000)
  to   space 512K, 0% used [0x0000000781e00000,0x0000000781e00000,0x0000000781e80000)
 ParOldGen       total 5632K, used 1107K [0x0000000704800000, 0x0000000704d80000, 0x0000000781800000)
  object space 5632K, 19% used [0x0000000704800000,0x0000000704914de0,0x0000000704d80000)
 Metaspace       used 6183K, capacity 7308K, committed 7552K, reserved 1056768K
  class space    used 765K, capacity 776K, committed 896K, reserved 1048576K
}
Event: 0.381 GC heap before
{Heap before GC invocations=5 (full 0):
 PSYoungGen      total 6656K, used 6639K [0x0000000781800000, 0x0000000781f00000, 0x00000007c0000000)
  eden space 6144K, 100% used [0x0000000781800000,0x0000000781e00000,0x0000000781e00000)
  from space 512K, 96% used [0x0000000781e80000,0x0000000781efbc20,0x0000000781f00000)
  to   space 512K, 0% used [0x0000000781e00000,0x0000000781e00000,0x0000000781e80000)
 ParOldGen       total 5632K, used 1107K [0x0000000704800000, 0x0000000704d80000, 0x0000000781800000)
  object space 5632K, 19% used [0x0000000704800000,0x0000000704914de0,0x0000000704d80000)
 Metaspace       used 6836K, capacity 7796K, committed 8064K, reserved 1056768K
  class space    used 841K, capacity 880K, committed 896K, reserved 1048576K
Event: 0.385 GC heap after
Heap after GC invocations=5 (full 0):
 PSYoungGen      total 6656K, used 496K [0x0000000781800000, 0x0000000782700000, 0x00000007c0000000)
  eden space 6144K, 0% used [0x0000000781800000,0x0000000781800000,0x0000000781e00000)
  from space 512K, 96% used [0x0000000781e00000,0x0000000781e7c030,0x0000000781e80000)
  to   space 1536K, 0% used [0x0000000782580000,0x0000000782580000,0x0000000782700000)
 ParOldGen       total 5632K, used 1792K [0x0000000704800000, 0x0000000704d80000, 0x0000000781800000)
  object space 5632K, 31% used [0x0000000704800000,0x00000007049c0388,0x0000000704d80000)
 Metaspace       used 6836K, capacity 7796K, committed 8064K, reserved 1056768K
  class space    used 841K, capacity 880K, committed 896K, reserved 1048576K
}
Event: 0.387 GC heap before
{Heap before GC invocations=6 (full 0):
 PSYoungGen      total 6656K, used 6626K [0x0000000781800000, 0x0000000782700000, 0x00000007c0000000)
  eden space 6144K, 99% used [0x0000000781800000,0x0000000781dfc818,0x0000000781e00000)
  from space 512K, 96% used [0x0000000781e00000,0x0000000781e7c030,0x0000000781e80000)
  to   space 1536K, 0% used [0x0000000782580000,0x0000000782580000,0x0000000782700000)
 ParOldGen       total 5632K, used 1792K [0x0000000704800000, 0x0000000704d80000, 0x0000000781800000)
  object space 5632K, 31% used [0x0000000704800000,0x00000007049c0388,0x0000000704d80000)
 Metaspace       used 6837K, capacity 7796K, committed 8064K, reserved 1056768K
  class space    used 841K, capacity 880K, committed 896K, reserved 1048576K
Event: 0.393 GC heap after
Heap after GC invocations=6 (full 0):
 PSYoungGen      total 13824K, used 605K [0x0000000781800000, 0x0000000782700000, 0x00000007c0000000)
  eden space 12288K, 0% used [0x0000000781800000,0x0000000781800000,0x0000000782400000)
  from space 1536K, 39% used [0x0000000782580000,0x0000000782617720,0x0000000782700000)
  to   space 1536K, 0% used [0x0000000782400000,0x0000000782400000,0x0000000782580000)
 ParOldGen       total 5632K, used 1792K [0x0000000704800000, 0x0000000704d80000, 0x0000000781800000)
  object space 5632K, 31% used [0x0000000704800000,0x00000007049c0388,0x0000000704d80000)
 Metaspace       used 6837K, capacity 7796K, committed 8064K, reserved 1056768K
  class space    used 841K, capacity 880K, committed 896K, reserved 1048576K
}
Event: 0.424 GC heap before
{Heap before GC invocations=7 (full 0):
 PSYoungGen      total 13824K, used 12893K [0x0000000781800000, 0x0000000782700000, 0x00000007c0000000)
  eden space 12288K, 100% used [0x0000000781800000,0x0000000782400000,0x0000000782400000)
  from space 1536K, 39% used [0x0000000782580000,0x0000000782617720,0x0000000782700000)
  to   space 1536K, 0% used [0x0000000782400000,0x0000000782400000,0x0000000782580000)
 ParOldGen       total 5632K, used 1792K [0x0000000704800000, 0x0000000704d80000, 0x0000000781800000)
  object space 5632K, 31% used [0x0000000704800000,0x00000007049c0388,0x0000000704d80000)
 Metaspace       used 6864K, capacity 7796K, committed 8064K, reserved 1056768K
  class space    used 841K, capacity 880K, committed 896K, reserved 1048576K
Event: 0.433 GC heap after
Heap after GC invocations=7 (full 0):
 PSYoungGen      total 13824K, used 1135K [0x0000000781800000, 0x0000000783300000, 0x00000007c0000000)
  eden space 12288K, 0% used [0x0000000781800000,0x0000000781800000,0x0000000782400000)
  from space 1536K, 73% used [0x0000000782400000,0x000000078251be38,0x0000000782580000)
  to   space 1536K, 0% used [0x0000000783180000,0x0000000783180000,0x0000000783300000)
 ParOldGen       total 5632K, used 2045K [0x0000000704800000, 0x0000000704d80000, 0x0000000781800000)
  object space 5632K, 36% used [0x0000000704800000,0x00000007049ff6e0,0x0000000704d80000)
 Metaspace       used 6864K, capacity 7796K, committed 8064K, reserved 1056768K
  class space    used 841K, capacity 880K, committed 896K, reserved 1048576K
}
Event: 0.659 GC heap before
{Heap before GC invocations=8 (full 0):
 PSYoungGen      total 13824K, used 12141K [0x0000000781800000, 0x0000000783300000, 0x00000007c0000000)
  eden space 12288K, 89% used [0x0000000781800000,0x00000007822bf7c0,0x0000000782400000)
  from space 1536K, 73% used [0x0000000782400000,0x000000078251be38,0x0000000782580000)
  to   space 1536K, 0% used [0x0000000783180000,0x0000000783180000,0x0000000783300000)
 ParOldGen       total 5632K, used 2045K [0x0000000704800000, 0x0000000704d80000, 0x0000000781800000)
  object space 5632K, 36% used [0x0000000704800000,0x00000007049ff6e0,0x0000000704d80000)
 Metaspace       used 7322K, capacity 8084K, committed 8448K, reserved 1056768K
  class space    used 882K, capacity 912K, committed 1024K, reserved 1048576K
Event: 0.671 GC heap after
Heap after GC invocations=8 (full 0):
 PSYoungGen      total 25600K, used 1525K [0x0000000781800000, 0x0000000783400000, 0x00000007c0000000)
  eden space 24064K, 0% used [0x0000000781800000,0x0000000781800000,0x0000000782f80000)
  from space 1536K, 99% used [0x0000000783180000,0x00000007832fd780,0x0000000783300000)
  to   space 2048K, 0% used [0x0000000782f80000,0x0000000782f80000,0x0000000783180000)
 ParOldGen       total 5632K, used 2948K [0x0000000704800000, 0x0000000704d80000, 0x0000000781800000)
  object space 5632K, 52% used [0x0000000704800000,0x0000000704ae10d8,0x0000000704d80000)
 Metaspace       used 7322K, capacity 8084K, committed 8448K, reserved 1056768K
  class space    used 882K, capacity 912K, committed 1024K, reserved 1048576K
}

Deoptimization events (10 events):
Event: 0.365 Thread 0x00007f1888009800 Uncommon trap: reason=unstable_if action=reinterpret pc=0x00007f1878993e40 method=java.util.jar.Manifest$FastInputStream.readLine([BII)I @ 87
Event: 0.465 Thread 0x00007f1888009800 Uncommon trap: reason=unstable_if action=reinterpret pc=0x00007f1878938e34 method=java.lang.String.replace(CC)Ljava/lang/String; @ 2
Event: 0.485 Thread 0x00007f1888009800 Uncommon trap: reason=class_check action=maybe_recompile pc=0x00007f187896a0b8 method=sun.misc.URLClassPath.getLoader(I)Lsun/misc/URLClassPath$Loader; @ 94
Event: 0.486 Thread 0x00007f1888009800 Uncommon trap: reason=class_check action=maybe_recompile pc=0x00007f187896a0b8 method=sun.misc.URLClassPath.getLoader(I)Lsun/misc/URLClassPath$Loader; @ 94
Event: 0.486 Thread 0x00007f1888009800 Uncommon trap: reason=class_check action=maybe_recompile pc=0x00007f187896a0b8 method=sun.misc.URLClassPath.getLoader(I)Lsun/misc/URLClassPath$Loader; @ 94
Event: 0.486 Thread 0x00007f1888009800 Uncommon trap: reason=class_check action=maybe_recompile pc=0x00007f187896a0b8 method=sun.misc.URLClassPath.getLoader(I)Lsun/misc/URLClassPath$Loader; @ 94
Event: 0.486 Thread 0x00007f1888009800 Uncommon trap: reason=class_check action=maybe_recompile pc=0x00007f1878961554 method=sun.misc.URLClassPath.getLoader(I)Lsun/misc/URLClassPath$Loader; @ 94
Event: 0.491 Thread 0x00007f1888009800 Uncommon trap: reason=unstable_if action=reinterpret pc=0x00007f18788f8de0 method=java.lang.String.startsWith(Ljava/lang/String;I)Z @ 25
Event: 0.492 Thread 0x00007f1888009800 Uncommon trap: reason=unloaded action=reinterpret pc=0x00007f187896dd68 method=sun.misc.URLClassPath$JarLoader.getResource(Ljava/lang/String;Z)Lsun/misc/Resource; @ 67
Event: 0.555 Thread 0x00007f1888009800 Uncommon trap: reason=unstable_if action=reinterpret pc=0x00007f18789fa734 method=sun.misc.URLClassPath.getLoader(I)Lsun/misc/URLClassPath$Loader; @ 79

Internal exceptions (10 events):
Event: 0.560 Thread 0x00007f1888009800 Exception <a 'java/security/PrivilegedActionException'> (0x0000000782159fc8) thrown at [/RE-WORK/workspace/8-2-build-linux-amd64/jdk8u45/3457/hotspot/src/share/vm/prims/jvm.cpp, line 1382]
Event: 0.560 Thread 0x00007f1888009800 Exception <a 'java/security/PrivilegedActionException'> (0x000000078215a180) thrown at [/RE-WORK/workspace/8-2-build-linux-amd64/jdk8u45/3457/hotspot/src/share/vm/prims/jvm.cpp, line 1382]
Event: 0.560 Thread 0x00007f1888009800 Exception <a 'java/security/PrivilegedActionException'> (0x000000078215af18) thrown at [/RE-WORK/workspace/8-2-build-linux-amd64/jdk8u45/3457/hotspot/src/share/vm/prims/jvm.cpp, line 1382]
Event: 0.560 Thread 0x00007f1888009800 Exception <a 'java/security/PrivilegedActionException'> (0x000000078215b0d0) thrown at [/RE-WORK/workspace/8-2-build-linux-amd64/jdk8u45/3457/hotspot/src/share/vm/prims/jvm.cpp, line 1382]
Event: 0.560 Thread 0x00007f1888009800 Exception <a 'java/security/PrivilegedActionException'> (0x000000078215bdc8) thrown at [/RE-WORK/workspace/8-2-build-linux-amd64/jdk8u45/3457/hotspot/src/share/vm/prims/jvm.cpp, line 1382]
Event: 0.560 Thread 0x00007f1888009800 Exception <a 'java/security/PrivilegedActionException'> (0x000000078215bf80) thrown at [/RE-WORK/workspace/8-2-build-linux-amd64/jdk8u45/3457/hotspot/src/share/vm/prims/jvm.cpp, line 1382]
Event: 0.560 Thread 0x00007f1888009800 Exception <a 'java/security/PrivilegedActionException'> (0x000000078215cc50) thrown at [/RE-WORK/workspace/8-2-build-linux-amd64/jdk8u45/3457/hotspot/src/share/vm/prims/jvm.cpp, line 1382]
Event: 0.560 Thread 0x00007f1888009800 Exception <a 'java/security/PrivilegedActionException'> (0x000000078215ce08) thrown at [/RE-WORK/workspace/8-2-build-linux-amd64/jdk8u45/3457/hotspot/src/share/vm/prims/jvm.cpp, line 1382]
Event: 0.560 Thread 0x00007f1888009800 Exception <a 'java/security/PrivilegedActionException'> (0x000000078215dac0) thrown at [/RE-WORK/workspace/8-2-build-linux-amd64/jdk8u45/3457/hotspot/src/share/vm/prims/jvm.cpp, line 1382]
Event: 0.560 Thread 0x00007f1888009800 Exception <a 'java/security/PrivilegedActionException'> (0x000000078215dc78) thrown at [/RE-WORK/workspace/8-2-build-linux-amd64/jdk8u45/3457/hotspot/src/share/vm/prims/jvm.cpp, line 1382]

Events (10 events):
Event: 0.652 loading class java/util/Arrays$LegacyMergeSort
Event: 0.652 loading class java/util/Arrays$LegacyMergeSort done
Event: 0.652 loading class sun/security/action/GetBooleanAction
Event: 0.652 loading class sun/security/action/GetBooleanAction done
Event: 0.652 loading class java/util/ComparableTimSort
Event: 0.653 loading class java/util/ComparableTimSort done
Event: 0.659 loading class java/io/RandomAccessFile$1
Event: 0.659 loading class java/io/RandomAccessFile$1 done
Event: 0.659 Executing VM operation: ParallelGCFailedAllocation
Event: 0.671 Executing VM operation: ParallelGCFailedAllocation done


Dynamic libraries:
00400000-00401000 r-xp 00000000 08:01 23069855                           /shared/jdk1.8.0_45/bin/javac
00600000-00601000 rw-p 00000000 08:01 23069855                           /shared/jdk1.8.0_45/bin/javac
01998000-019b9000 rw-p 00000000 00:00 0                                  [heap]
704800000-704d80000 rw-p 00000000 00:00 0 
704d80000-781800000 ---p 00000000 00:00 0 
781800000-783400000 rw-p 00000000 00:00 0 
783400000-7c0000000 ---p 00000000 00:00 0 
7c0000000-7c0100000 rw-p 00000000 00:00 0 
7c0100000-800000000 ---p 00000000 00:00 0 
7f1824000000-7f1824021000 rw-p 00000000 00:00 0 
7f1824021000-7f1828000000 ---p 00000000 00:00 0 
7f1828000000-7f1828021000 rw-p 00000000 00:00 0 
7f1828021000-7f182c000000 ---p 00000000 00:00 0 
7f182c000000-7f182c1b8000 rw-p 00000000 00:00 0 
7f182c1b8000-7f1830000000 ---p 00000000 00:00 0 
7f1830000000-7f1830139000 rw-p 00000000 00:00 0 
7f1830139000-7f1834000000 ---p 00000000 00:00 0 
7f1834000000-7f1834147000 rw-p 00000000 00:00 0 
7f1834147000-7f1838000000 ---p 00000000 00:00 0 
7f1838000000-7f18382a5000 rw-p 00000000 00:00 0 
7f18382a5000-7f183c000000 ---p 00000000 00:00 0 
7f183c000000-7f183c29a000 rw-p 00000000 00:00 0 
7f183c29a000-7f1840000000 ---p 00000000 00:00 0 
7f1840000000-7f1840021000 rw-p 00000000 00:00 0 
7f1840021000-7f1844000000 ---p 00000000 00:00 0 
7f1844000000-7f1844021000 rw-p 00000000 00:00 0 
7f1844021000-7f1848000000 ---p 00000000 00:00 0 
7f1849104000-7f1849107000 rw-p 00000000 00:00 0 
7f1849107000-7f1849109000 r--s 0000e000 08:01 30409839                   /shared/spark/lib_managed/jars/zkclient-0.3.jar
7f1849109000-7f1849110000 r--s 00049000 08:01 30409843                   /shared/spark/lib_managed/jars/kafka-clients-0.8.2.1.jar
7f1849110000-7f1849113000 r--s 00012000 08:01 30409840                   /shared/spark/lib_managed/jars/metrics-core-2.2.0.jar
7f1849113000-7f184915b000 r--s 00387000 08:01 30409842                   /shared/spark/lib_managed/jars/kafka_2.10-0.8.2.1.jar
7f184915b000-7f184915d000 r--s 00012000 08:01 30409740                   /shared/spark/lib_managed/jars/py4j-0.8.2.1.jar
7f184915d000-7f184915f000 r--s 00013000 08:01 30409719                   /shared/spark/lib_managed/jars/pyrolite-4.4.jar
7f184915f000-7f1849162000 r--s 00019000 08:01 30410313                   /shared/spark/lib_managed/jars/commons-el-1.0.jar
7f1849162000-7f1849175000 r--s 000df000 08:01 30409784                   /shared/spark/lib_managed/jars/commons-math-2.2.jar
7f1849175000-7f1849198000 r--s 001e4000 08:01 30409759                   /shared/spark/lib_managed/jars/tachyon-0.6.4.jar
7f1849198000-7f1849199000 r--s 00000000 08:01 30409744                   /shared/spark/lib_managed/jars/tachyon-client-0.6.4.jar
7f1849199000-7f184919b000 r--s 0000e000 08:01 30409698                   /shared/spark/lib_managed/jars/oro-2.0.8.jar
7f184919b000-7f18491b1000 r--s 00124000 08:01 30409761                   /shared/spark/lib_managed/jars/ivy-2.4.0.jar
7f18491b1000-7f18491b3000 r--s 00006000 08:01 30409775                   /shared/spark/lib_managed/jars/jsr305-2.0.1.jar
7f18491b3000-7f18491b6000 r--s 00007000 08:01 30409777                   /shared/spark/lib_managed/bundles/jackson-annotations-2.4.4.jar
7f18491b6000-7f18491ec000 r--s 002d9000 08:01 24381626                   /home/fan/.sbt/boot/scala-2.10.4/lib/scala-reflect.jar
7f18491ec000-7f18491fc000 r--s 00077000 08:01 30409772                   /shared/spark/lib_managed/bundles/jackson-module-scala_2.10-2.4.4.jar
7f18491fc000-7f18491fe000 r--s 00004000 08:01 30409770                   /shared/spark/lib_managed/bundles/metrics-graphite-3.1.2.jar
7f18491fe000-7f18491ff000 r--s 00003000 08:01 30409702                   /shared/spark/lib_managed/bundles/metrics-json-3.1.2.jar
7f18491ff000-7f1849201000 r--s 00008000 08:01 30409746                   /shared/spark/lib_managed/bundles/metrics-jvm-3.1.2.jar
7f1849201000-7f1849205000 r--s 00018000 08:01 30409715                   /shared/spark/lib_managed/bundles/metrics-core-3.1.2.jar
7f1849205000-7f1849208000 r--s 00028000 08:01 30409756                   /shared/spark/lib_managed/jars/stream-2.7.0.jar
7f1849208000-7f1849216000 r--s 0012a000 08:01 30409747                   /shared/spark/lib_managed/jars/mesos-0.21.1-shaded-protobuf.jar
7f1849216000-7f184921a000 r--s 00034000 08:01 30409791                   /shared/spark/lib_managed/bundles/jackson-core-2.4.4.jar
7f184921a000-7f184922b000 r--s 000f6000 08:01 30409691                   /shared/spark/lib_managed/bundles/jackson-databind-2.4.4.jar
7f184922b000-7f184931e000 r--s 00c8c000 08:01 30409751                   /shared/spark/lib_managed/jars/scala-compiler-2.10.0.jar
7f184931e000-7f1849331000 r--s 000be000 08:01 30409733                   /shared/spark/lib_managed/jars/scalap-2.10.0.jar
7f1849331000-7f1849333000 r--s 00007000 08:01 30409724                   /shared/spark/lib_managed/jars/paranamer-2.6.jar
7f1849333000-7f1849335000 r--s 00013000 08:01 30409769                   /shared/spark/lib_managed/jars/json4s-ast_2.10-3.2.10.jar
7f1849335000-7f184933f000 r--s 00085000 08:01 30409789                   /shared/spark/lib_managed/jars/json4s-core_2.10-3.2.10.jar
7f184933f000-7f1849340000 r--s 00009000 08:01 30409745                   /shared/spark/lib_managed/jars/json4s-jackson_2.10-3.2.10.jar
7f1849340000-7f1849341000 r--s 00003000 08:01 30409693                   /shared/spark/lib_managed/jars/akka-slf4j_2.10-2.3.11.jar
7f1849341000-7f1849343000 r--s 0000a000 08:01 30409752                   /shared/spark/lib_managed/jars/uncommons-maths-1.2.2a.jar
7f1849343000-7f184935b000 r--s 00115000 08:01 30409773                   /shared/spark/lib_managed/bundles/netty-3.8.0.Final.jar
7f184935b000-7f184935f000 r--s 00032000 08:01 30409763                   /shared/spark/lib_managed/bundles/config-1.2.1.jar
7f184935f000-7f1849385000 r--s 00263000 08:01 30409730                   /shared/spark/lib_managed/jars/akka-actor_2.10-2.3.11.jar
7f1849385000-7f184939b000 r--s 00135000 08:01 30409753                   /shared/spark/lib_managed/jars/akka-remote_2.10-2.3.11.jar
7f184939b000-7f184939d000 r--s 00019000 08:01 30409731                   /shared/spark/lib_managed/bundles/RoaringBitmap-0.4.5.jar
7f184939d000-7f184939f000 r--s 00038000 08:01 30409768                   /shared/spark/lib_managed/jars/lz4-1.3.0.jar
7f184939f000-7f18493a2000 r--s 0008f000 08:01 30409781                   /shared/spark/lib_managed/bundles/snappy-java-1.1.1.7.jar
7f18493a2000-7f18493a4000 r--s 00012000 08:01 30409729                   /shared/spark/lib_managed/bundles/compress-lzf-1.0.3.jar
7f18493a4000-7f18493a6000 r--s 00001000 08:01 30409584                   /shared/spark/lib_managed/jars/slf4j-log4j12-1.7.10.jar
7f18493a6000-7f18493a8000 r--s 00003000 08:01 30409742                   /shared/spark/lib_managed/jars/jcl-over-slf4j-1.7.10.jar
7f18493a8000-7f18493aa000 r--s 00000000 08:01 30409783                   /shared/spark/lib_managed/jars/jul-to-slf4j-1.7.10.jar
7f18493aa000-7f18493b1000 r--s 0005e000 08:01 30409725                   /shared/spark/lib_managed/jars/commons-lang3-3.3.2.jar
7f18493b1000-7f18493b3000 r--s 0000c000 08:01 30409720                   /shared/spark/lib_managed/orbits/javax.activation-1.1.0.v201105071233.jar
7f18493b3000-7f18493b9000 r--s 00072000 08:01 30409688                   /shared/spark/lib_managed/orbits/javax.mail.glassfish-1.4.1.v201005082020.jar
7f18493b9000-7f18493ba000 r--s 00009000 08:01 30409714                   /shared/spark/lib_managed/jars/jetty-jndi-8.1.14.v20131031.jar
7f18493ba000-7f18493bd000 r--s 00017000 08:01 30409708                   /shared/spark/lib_managed/jars/jetty-io-8.1.14.v20131031.jar
7f18493bd000-7f18493bf000 r--s 00016000 08:01 30409788                   /shared/spark/lib_managed/jars/jetty-http-8.1.14.v20131031.jar
7f18493bf000-7f18493c1000 r--s 00004000 08:01 30409727                   /shared/spark/lib_managed/jars/jetty-continuation-8.1.14.v20131031.jar
7f18493c1000-7f18493c4000 r--s 0002e000 08:01 30409734                   /shared/spark/lib_managed/orbits/javax.servlet-3.0.0.v201112011016.jar
7f18493c4000-7f18493ca000 r--s 00052000 08:01 30409704                   /shared/spark/lib_managed/jars/jetty-server-8.1.14.v20131031.jar
7f18493ca000-7f18493cc000 r--s 00014000 08:01 30409738                   /shared/spark/lib_managed/jars/jetty-security-8.1.14.v20131031.jar
7f18493cc000-7f18493ce000 r--s 00017000 08:01 30409750                   /shared/spark/lib_managed/jars/jetty-servlet-8.1.14.v20131031.jar
7f18493ce000-7f18493d3000 r--s 00042000 08:01 30409721                   /shared/spark/lib_managed/jars/jetty-util-8.1.14.v20131031.jar
7f18493d3000-7f18493d4000 r--s 00009000 08:01 30409692                   /shared/spark/lib_managed/jars/jetty-xml-8.1.14.v20131031.jar
7f18493d4000-7f18493d6000 r--s 00019000 08:01 30409735                   /shared/spark/lib_managed/jars/jetty-webapp-8.1.14.v20131031.jar
7f18493d6000-7f18493d8000 r--s 00006000 08:01 30409767                   /shared/spark/lib_managed/orbits/javax.transaction-1.1.1.v201105210645.jar
7f18493d8000-7f18493da000 r--s 00013000 08:01 30409726                   /shared/spark/lib_managed/jars/jetty-plus-8.1.14.v20131031.jar
7f18493da000-7f18493dc000 r--s 00014000 08:01 30409699                   /shared/spark/lib_managed/jars/jline-0.9.94.jar
7f18493dc000-7f18493e8000 r--s 000b3000 08:01 30409776                   /shared/spark/lib_managed/jars/zookeeper-3.4.5.jar
7f18493e8000-7f18493eb000 r--s 0000e000 08:01 30409774                   /shared/spark/lib_managed/bundles/curator-client-2.4.0.jar
7f18493eb000-7f18493f0000 r--s 00027000 08:01 30409764                   /shared/spark/lib_managed/bundles/curator-framework-2.4.0.jar
7f18493f0000-7f18493f6000 r--s 00035000 08:01 30409762                   /shared/spark/lib_managed/bundles/curator-recipes-2.4.0.jar
7f18493f6000-7f18493fc000 r--s 00057000 08:01 30409694                   /shared/spark/lib_managed/jars/jets3t-0.7.1.jar
7f18493fc000-7f18493fd000 r--s 00008000 08:01 30409595                   /shared/spark/lib_managed/jars/hadoop-mapreduce-client-jobclient-2.5.2.jar
7f18493fd000-7f18493ff000 r--s 00009000 08:01 30409634                   /shared/spark/lib_managed/jars/hadoop-mapreduce-client-shuffle-2.5.2.jar
7f18493ff000-7f1849402000 r--s 000fd000 08:01 30409627                   /shared/spark/lib_managed/bundles/leveldbjni-all-1.8.jar
7f1849402000-7f1849407000 r--s 00037000 08:01 30409609                   /shared/spark/lib_managed/jars/hadoop-yarn-server-common-2.5.2.jar
7f1849407000-7f184941f000 r--s 00156000 08:01 30409619                   /shared/spark/lib_managed/jars/hadoop-mapreduce-client-core-2.5.2.jar
7f184941f000-7f1849422000 r--s 0001d000 08:01 30409626                   /shared/spark/lib_managed/bundles/jersey-client-1.9.jar
7f1849422000-7f1849425000 r--s 0001a000 08:01 30409633                   /shared/spark/lib_managed/jars/hadoop-yarn-client-2.5.2.jar
7f1849425000-7f1849426000 r--s 00003000 08:01 30409612                   /shared/spark/lib_managed/jars/jersey-guice-1.9.jar
7f1849426000-7f1849439000 r--s 000c7000 08:01 30409606                   /shared/spark/lib_managed/jars/jaxb-impl-2.2.3-1.jar
7f1849439000-7f184943b000 r--s 0000f000 08:01 30409630                   /shared/spark/lib_managed/bundles/jettison-1.1.jar
7f184943b000-7f184943f000 r--s 00021000 08:01 30409621                   /shared/spark/lib_managed/bundles/jersey-json-1.9.jar
7f184943f000-7f1849440000 r--s 0000a000 08:01 30409706                   /shared/spark/lib_managed/jars/asm-3.2.jar
7f1849440000-7f1849452000 r--s 0009d000 08:01 30409600                   /shared/spark/lib_managed/bundles/jersey-server-1.9.jar
7f1849452000-7f1849459000 r--s 0003e000 08:01 30409631                   /shared/spark/lib_managed/jars/cglib-2.2.1-v20090111.jar
7f1849459000-7f184945b000 r--s 00000000 08:01 30409604                   /shared/spark/lib_managed/jars/aopalliance-1.0.jar
7f184945b000-7f184945c000 r--s 00000000 08:01 30409617                   /shared/spark/lib_managed/jars/javax.inject-1.jar
7f184945c000-7f184946b000 r--s 0009f000 08:01 30409602                   /shared/spark/lib_managed/jars/guice-3.0.jar
7f184946b000-7f184946c000 r--s 00006000 08:01 30409628                   /shared/spark/lib_managed/jars/jackson-xc-1.9.13.jar
7f184946c000-7f184946d000 r--s 00004000 08:01 30409590                   /shared/spark/lib_managed/jars/jackson-jaxrs-1.9.13.jar
7f184946d000-7f1849477000 r--s 00066000 08:01 30409618                   /shared/spark/lib_managed/bundles/jersey-core-1.9.jar
7f1849477000-7f1849479000 r--s 0000e000 08:01 30409605                   /shared/spark/lib_managed/jars/activation-1.1.jar
7f1849479000-7f184947b000 r--s 00004000 08:01 30409597                   /shared/spark/lib_managed/jars/stax-api-1.0-2.jar
7f184947b000-7f184947e000 r--s 00017000 08:01 30409632                   /shared/spark/lib_managed/jars/jaxb-api-2.2.2.jar
7f184947e000-7f1849495000 r--s 0017c000 08:01 30409589                   /shared/spark/lib_managed/jars/hadoop-yarn-api-2.5.2.jar
7f1849495000-7f18494a9000 r--s 00146000 08:01 30409629                   /shared/spark/lib_managed/jars/hadoop-yarn-common-2.5.2.jar
7f18494a9000-7f18494b4000 r--s 00097000 08:01 30409588                   /shared/spark/lib_managed/jars/hadoop-mapreduce-client-common-2.5.2.jar
7f18494b4000-7f18494bd000 r--s 0006f000 08:01 30409611                   /shared/spark/lib_managed/jars/hadoop-mapreduce-client-app-2.5.2.jar
7f18494bd000-7f18494c1000 r--s 00028000 08:01 30409553                   /shared/spark/lib_managed/jars/jetty-util-6.1.26.jar
7f18494c1000-7f184951e000 r--s 00668000 08:01 30409622                   /shared/spark/lib_managed/jars/hadoop-hdfs-2.5.2.jar
7f184951e000-7f1849520000 r--s 00012000 08:01 30409598                   /shared/spark/lib_managed/bundles/api-util-1.0.0-M20.jar
7f1849520000-7f1849522000 r--s 00003000 08:01 30409591                   /shared/spark/lib_managed/bundles/api-asn1-api-1.0.0-M20.jar
7f1849522000-7f1849523000 r--s 0000a000 08:01 30409607                   /shared/spark/lib_managed/bundles/apacheds-i18n-2.0.0-M15.jar
7f1849523000-7f1849535000 r--s 00097000 08:01 30409586                   /shared/spark/lib_managed/bundles/apacheds-kerberos-codec-2.0.0-M15.jar
7f1849535000-7f184953b000 r--s 00033000 08:01 30409601                   /shared/spark/lib_managed/jars/commons-codec-1.6.jar
7f184953b000-7f1849541000 r--s 00032000 08:01 30409603                   /shared/spark/lib_managed/jars/httpcore-4.2.4.jar
7f1849541000-7f184954a000 r--s 00061000 08:01 30409625                   /shared/spark/lib_managed/jars/httpclient-4.2.5.jar
7f184954a000-7f184954c000 r--s 0000b000 08:01 30409594                   /shared/spark/lib_managed/jars/hadoop-auth-2.5.2.jar
7f184954c000-7f1849554000 r--s 0007b000 08:01 30409635                   /shared/spark/lib_managed/bundles/protobuf-java-2.5.0.jar
7f1849554000-7f1849558000 r--s 00014000 08:01 30409578                   /shared/spark/lib_managed/jars/xz-1.0.jar
7f1849558000-7f184955d000 r--s 00036000 08:01 30409566                   /shared/spark/lib_managed/jars/commons-compress-1.4.1.jar
7f184955d000-7f1849564000 r--s 00044000 08:01 30409561                   /shared/spark/lib_managed/jars/avro-1.7.4.jar
7f1849564000-7f1849568000 r--s 00035000 08:01 30409596                   /shared/spark/lib_managed/jars/jackson-core-asl-1.9.13.jar
7f1849568000-7f1849569000 r--s 00007000 08:01 30409550                   /shared/spark/lib_managed/jars/slf4j-api-1.7.10.jar
7f1849569000-7f184956d000 r--s 0002f000 08:01 30409599                   /shared/spark/lib_managed/jars/commons-beanutils-core-1.8.0.jar
7f184956d000-7f1849572000 r--s 0002a000 08:01 30409613                   /shared/spark/lib_managed/jars/commons-beanutils-1.7.0.jar
7f1849572000-7f1849578000 r--s 00043000 08:01 30409615                   /shared/spark/lib_managed/jars/commons-configuration-1.6.jar
7f1849578000-7f184957d000 r--s 00041000 08:01 30409576                   /shared/spark/lib_managed/jars/commons-lang-2.6.jar
7f184957d000-7f1849586000 r--s 0006f000 08:01 30409583                   /shared/spark/lib_managed/bundles/log4j-1.2.17.jar
7f1849586000-7f1849594000 r--s 0007f000 08:01 30409568                   /shared/spark/lib_managed/jars/commons-collections-3.2.1.jar
7f1849594000-7f18495b8000 r--s 001cd000 08:01 30409716                   /shared/spark/lib_managed/jars/commons-math3-3.4.1.jar
7f18495b8000-7f18495e7000 r--s 002a5000 08:01 30409587                   /shared/spark/lib_managed/jars/hadoop-common-2.5.2.jar
7f18495e7000-7f1849659000 r--s 0065a000 08:01 24381628                   /home/fan/.sbt/boot/scala-2.10.4/lib/scala-library.jar
7f1849659000-7f184965a000 ---p 00000000 00:00 0 
7f184965a000-7f184975a000 rw-p 00000000 00:00 0                          [stack:26633]
7f184975a000-7f184975d000 ---p 00000000 00:00 0 
7f184975d000-7f184985b000 rw-p 00000000 00:00 0                          [stack:26632]
7f184985b000-7f184985e000 ---p 00000000 00:00 0 
7f184985e000-7f184995c000 rw-p 00000000 00:00 0                          [stack:26631]
7f184995c000-7f184995f000 ---p 00000000 00:00 0 
7f184995f000-7f1849a5d000 rw-p 00000000 00:00 0                          [stack:26630]
7f1849a5d000-7f1849a60000 ---p 00000000 00:00 0 
7f1849a60000-7f1849b5e000 rw-p 00000000 00:00 0                          [stack:26629]
7f1849b5e000-7f184a240000 r--p 00000000 08:01 25172526                   /usr/lib/locale/locale-archive
7f184a240000-7f1850000000 rw-p 00000000 00:00 0 
7f1850000000-7f1850021000 rw-p 00000000 00:00 0 
7f1850021000-7f1854000000 ---p 00000000 00:00 0 
7f1854000000-7f1854021000 rw-p 00000000 00:00 0 
7f1854021000-7f1858000000 ---p 00000000 00:00 0 
7f1858000000-7f1858021000 rw-p 00000000 00:00 0 
7f1858021000-7f185c000000 ---p 00000000 00:00 0 
7f185c000000-7f185c021000 rw-p 00000000 00:00 0 
7f185c021000-7f1860000000 ---p 00000000 00:00 0 
7f1860000000-7f1860021000 rw-p 00000000 00:00 0 
7f1860021000-7f1864000000 ---p 00000000 00:00 0 
7f1864000000-7f1864021000 rw-p 00000000 00:00 0 
7f1864021000-7f1868000000 ---p 00000000 00:00 0 
7f1868000000-7f1868021000 rw-p 00000000 00:00 0 
7f1868021000-7f186c000000 ---p 00000000 00:00 0 
7f186c000000-7f186c021000 rw-p 00000000 00:00 0 
7f186c021000-7f1870000000 ---p 00000000 00:00 0 
7f1870000000-7f1870021000 rw-p 00000000 00:00 0 
7f1870021000-7f1874000000 ---p 00000000 00:00 0 
7f1874000000-7f1874004000 r--s 00020000 08:01 30409624                   /shared/spark/lib_managed/jars/commons-digester-1.8.jar
7f1874004000-7f1874009000 r--s 0003e000 08:01 30409614                   /shared/spark/lib_managed/jars/commons-net-3.1.jar
7f1874009000-7f187400f000 r--s 00045000 08:01 30409620                   /shared/spark/lib_managed/jars/commons-httpclient-3.1.jar
7f187400f000-7f1874031000 r--s 001d4000 08:01 30409659                   /shared/spark/lib_managed/jars/netty-all-4.0.29.Final.jar
7f1874031000-7f187405a000 r--s 001ee000 08:01 30409542                   /shared/spark/lib_managed/bundles/guava-14.0.1.jar
7f187405a000-7f18740d3000 r--s 010e7000 08:01 23070665                   /shared/jdk1.8.0_45/lib/tools.jar
7f18740d3000-7f18740d6000 ---p 00000000 00:00 0 
7f18740d6000-7f18741d4000 rw-p 00000000 00:00 0                          [stack:26628]
7f18741d4000-7f18741d7000 ---p 00000000 00:00 0 
7f18741d7000-7f18742d5000 rw-p 00000000 00:00 0                          [stack:26627]
7f18742d5000-7f18742d8000 ---p 00000000 00:00 0 
7f18742d8000-7f18743d6000 rw-p 00000000 00:00 0                          [stack:26626]
7f18743d6000-7f18743d9000 ---p 00000000 00:00 0 
7f18743d9000-7f18744d7000 rw-p 00000000 00:00 0                          [stack:26625]
7f18744d7000-7f18744d8000 ---p 00000000 00:00 0 
7f18744d8000-7f18761fb000 rw-p 00000000 00:00 0                          [stack:26624]
7f18761fb000-7f18763d4000 r--s 03d09000 08:01 23069626                   /shared/jdk1.8.0_45/jre/lib/rt.jar
7f18763d4000-7f1876b8a000 rw-p 00000000 00:00 0 
7f1876b8a000-7f1876c4a000 ---p 00000000 00:00 0 
7f1876c4a000-7f1877226000 rw-p 00000000 00:00 0 
7f1877226000-7f1877227000 ---p 00000000 00:00 0 
7f1877227000-7f1877327000 rw-p 00000000 00:00 0                          [stack:26623]
7f1877327000-7f1877328000 ---p 00000000 00:00 0 
7f1877328000-7f1877428000 rw-p 00000000 00:00 0                          [stack:26622]
7f1877428000-7f1877429000 ---p 00000000 00:00 0 
7f1877429000-7f1877529000 rw-p 00000000 00:00 0                          [stack:26621]
7f1877529000-7f187752a000 ---p 00000000 00:00 0 
7f187752a000-7f187762a000 rw-p 00000000 00:00 0                          [stack:26620]
7f187762a000-7f187762b000 ---p 00000000 00:00 0 
7f187762b000-7f187772b000 rw-p 00000000 00:00 0                          [stack:26619]
7f187772b000-7f187772c000 ---p 00000000 00:00 0 
7f187772c000-7f187782c000 rw-p 00000000 00:00 0                          [stack:26618]
7f187782c000-7f187782d000 ---p 00000000 00:00 0 
7f187782d000-7f187792d000 rw-p 00000000 00:00 0                          [stack:26617]
7f187792d000-7f187792e000 ---p 00000000 00:00 0 
7f187792e000-7f1877a31000 rw-p 00000000 00:00 0                          [stack:26616]
7f1877a31000-7f1877e16000 ---p 00000000 00:00 0 
7f1877e16000-7f1877e19000 rw-p 00000000 00:00 0 
7f1877e19000-7f18781fe000 ---p 00000000 00:00 0 
7f18781fe000-7f187820c000 rw-p 00000000 00:00 0 
7f187820c000-7f18783f2000 ---p 00000000 00:00 0 
7f18783f2000-7f18783fd000 rw-p 00000000 00:00 0 
7f18783fd000-7f18787b3000 ---p 00000000 00:00 0 
7f18787b3000-7f1878a33000 rwxp 00000000 00:00 0 
7f1878a33000-7f18877b3000 ---p 00000000 00:00 0 
7f18877b3000-7f18877cd000 r-xp 00000000 08:01 23069652                   /shared/jdk1.8.0_45/jre/lib/amd64/libzip.so
7f18877cd000-7f18879cd000 ---p 0001a000 08:01 23069652                   /shared/jdk1.8.0_45/jre/lib/amd64/libzip.so
7f18879cd000-7f18879ce000 rw-p 0001a000 08:01 23069652                   /shared/jdk1.8.0_45/jre/lib/amd64/libzip.so
7f18879ce000-7f18879d9000 r-xp 00000000 08:01 4460533                    /lib/x86_64-linux-gnu/libnss_files-2.19.so
7f18879d9000-7f1887bd8000 ---p 0000b000 08:01 4460533                    /lib/x86_64-linux-gnu/libnss_files-2.19.so
7f1887bd8000-7f1887bd9000 r--p 0000a000 08:01 4460533                    /lib/x86_64-linux-gnu/libnss_files-2.19.so
7f1887bd9000-7f1887bda000 rw-p 0000b000 08:01 4460533                    /lib/x86_64-linux-gnu/libnss_files-2.19.so
7f1887bda000-7f1887be5000 r-xp 00000000 08:01 4460543                    /lib/x86_64-linux-gnu/libnss_nis-2.19.so
7f1887be5000-7f1887de4000 ---p 0000b000 08:01 4460543                    /lib/x86_64-linux-gnu/libnss_nis-2.19.so
7f1887de4000-7f1887de5000 r--p 0000a000 08:01 4460543                    /lib/x86_64-linux-gnu/libnss_nis-2.19.so
7f1887de5000-7f1887de6000 rw-p 0000b000 08:01 4460543                    /lib/x86_64-linux-gnu/libnss_nis-2.19.so
7f1887de6000-7f1887dfd000 r-xp 00000000 08:01 4460527                    /lib/x86_64-linux-gnu/libnsl-2.19.so
7f1887dfd000-7f1887ffc000 ---p 00017000 08:01 4460527                    /lib/x86_64-linux-gnu/libnsl-2.19.so
7f1887ffc000-7f1887ffd000 r--p 00016000 08:01 4460527                    /lib/x86_64-linux-gnu/libnsl-2.19.so
7f1887ffd000-7f1887ffe000 rw-p 00017000 08:01 4460527                    /lib/x86_64-linux-gnu/libnsl-2.19.so
7f1887ffe000-7f1888000000 rw-p 00000000 00:00 0 
7f1888000000-7f188893b000 rw-p 00000000 00:00 0 
7f188893b000-7f188c000000 ---p 00000000 00:00 0 
7f188c000000-7f188c004000 r--s 0002a000 08:01 30409592                   /shared/spark/lib_managed/jars/commons-io-2.4.jar
7f188c004000-7f188c006000 r--s 00009000 08:01 30409567                   /shared/spark/lib_managed/jars/commons-cli-1.2.jar
7f188c006000-7f188c008000 r--s 00003000 08:01 30409608                   /shared/spark/lib_managed/jars/hadoop-annotations-2.5.2.jar
7f188c008000-7f188c00e000 r--s 00053000 08:01 30409790                   /shared/spark/lib_managed/bundles/kryo-2.21.jar
7f188c00e000-7f188c05d000 rw-p 00000000 00:00 0 
7f188c05d000-7f188c066000 r-xp 00000000 08:01 4460529                    /lib/x86_64-linux-gnu/libnss_compat-2.19.so
7f188c066000-7f188c265000 ---p 00009000 08:01 4460529                    /lib/x86_64-linux-gnu/libnss_compat-2.19.so
7f188c265000-7f188c266000 r--p 00008000 08:01 4460529                    /lib/x86_64-linux-gnu/libnss_compat-2.19.so
7f188c266000-7f188c267000 rw-p 00009000 08:01 4460529                    /lib/x86_64-linux-gnu/libnss_compat-2.19.so
7f188c267000-7f188c291000 r-xp 00000000 08:01 23069645                   /shared/jdk1.8.0_45/jre/lib/amd64/libjava.so
7f188c291000-7f188c491000 ---p 0002a000 08:01 23069645                   /shared/jdk1.8.0_45/jre/lib/amd64/libjava.so
7f188c491000-7f188c493000 rw-p 0002a000 08:01 23069645                   /shared/jdk1.8.0_45/jre/lib/amd64/libjava.so
7f188c493000-7f188c4a0000 r-xp 00000000 08:01 23069687                   /shared/jdk1.8.0_45/jre/lib/amd64/libverify.so
7f188c4a0000-7f188c6a0000 ---p 0000d000 08:01 23069687                   /shared/jdk1.8.0_45/jre/lib/amd64/libverify.so
7f188c6a0000-7f188c6a2000 rw-p 0000d000 08:01 23069687                   /shared/jdk1.8.0_45/jre/lib/amd64/libverify.so
7f188c6a2000-7f188c6a9000 r-xp 00000000 08:01 4460586                    /lib/x86_64-linux-gnu/librt-2.19.so
7f188c6a9000-7f188c8a8000 ---p 00007000 08:01 4460586                    /lib/x86_64-linux-gnu/librt-2.19.so
7f188c8a8000-7f188c8a9000 r--p 00006000 08:01 4460586                    /lib/x86_64-linux-gnu/librt-2.19.so
7f188c8a9000-7f188c8aa000 rw-p 00007000 08:01 4460586                    /lib/x86_64-linux-gnu/librt-2.19.so
7f188c8aa000-7f188c9af000 r-xp 00000000 08:01 4460508                    /lib/x86_64-linux-gnu/libm-2.19.so
7f188c9af000-7f188cbae000 ---p 00105000 08:01 4460508                    /lib/x86_64-linux-gnu/libm-2.19.so
7f188cbae000-7f188cbaf000 r--p 00104000 08:01 4460508                    /lib/x86_64-linux-gnu/libm-2.19.so
7f188cbaf000-7f188cbb0000 rw-p 00105000 08:01 4460508                    /lib/x86_64-linux-gnu/libm-2.19.so
7f188cbb0000-7f188d85e000 r-xp 00000000 08:01 23069693                   /shared/jdk1.8.0_45/jre/lib/amd64/server/libjvm.so
7f188d85e000-7f188da5d000 ---p 00cae000 08:01 23069693                   /shared/jdk1.8.0_45/jre/lib/amd64/server/libjvm.so
7f188da5d000-7f188db34000 rw-p 00cad000 08:01 23069693                   /shared/jdk1.8.0_45/jre/lib/amd64/server/libjvm.so
7f188db34000-7f188db78000 rw-p 00000000 00:00 0 
7f188db78000-7f188dd33000 r-xp 00000000 08:01 4460458                    /lib/x86_64-linux-gnu/libc-2.19.so
7f188dd33000-7f188df33000 ---p 001bb000 08:01 4460458                    /lib/x86_64-linux-gnu/libc-2.19.so
7f188df33000-7f188df37000 r--p 001bb000 08:01 4460458                    /lib/x86_64-linux-gnu/libc-2.19.so
7f188df37000-7f188df39000 rw-p 001bf000 08:01 4460458                    /lib/x86_64-linux-gnu/libc-2.19.so
7f188df39000-7f188df3e000 rw-p 00000000 00:00 0 
7f188df3e000-7f188df41000 r-xp 00000000 08:01 4460475                    /lib/x86_64-linux-gnu/libdl-2.19.so
7f188df41000-7f188e140000 ---p 00003000 08:01 4460475                    /lib/x86_64-linux-gnu/libdl-2.19.so
7f188e140000-7f188e141000 r--p 00002000 08:01 4460475                    /lib/x86_64-linux-gnu/libdl-2.19.so
7f188e141000-7f188e142000 rw-p 00003000 08:01 4460475                    /lib/x86_64-linux-gnu/libdl-2.19.so
7f188e142000-7f188e157000 r-xp 00000000 08:01 23069978                   /shared/jdk1.8.0_45/lib/amd64/jli/libjli.so
7f188e157000-7f188e357000 ---p 00015000 08:01 23069978                   /shared/jdk1.8.0_45/lib/amd64/jli/libjli.so
7f188e357000-7f188e358000 rw-p 00015000 08:01 23069978                   /shared/jdk1.8.0_45/lib/amd64/jli/libjli.so
7f188e358000-7f188e371000 r-xp 00000000 08:01 4460578                    /lib/x86_64-linux-gnu/libpthread-2.19.so
7f188e371000-7f188e570000 ---p 00019000 08:01 4460578                    /lib/x86_64-linux-gnu/libpthread-2.19.so
7f188e570000-7f188e571000 r--p 00018000 08:01 4460578                    /lib/x86_64-linux-gnu/libpthread-2.19.so
7f188e571000-7f188e572000 rw-p 00019000 08:01 4460578                    /lib/x86_64-linux-gnu/libpthread-2.19.so
7f188e572000-7f188e576000 rw-p 00000000 00:00 0 
7f188e576000-7f188e599000 r-xp 00000000 08:01 4460434                    /lib/x86_64-linux-gnu/ld-2.19.so
7f188e599000-7f188e59a000 r--s 00003000 08:01 30409585                   /shared/spark/lib_managed/jars/xmlenc-0.52.jar
7f188e59a000-7f188e59c000 r--s 00007000 08:01 30409717                   /shared/spark/lib_managed/jars/objenesis-1.2.jar
7f188e59c000-7f188e59e000 r--s 00000000 08:01 30409754                   /shared/spark/lib_managed/jars/minlog-1.2.jar
7f188e59e000-7f188e67d000 rw-p 00000000 00:00 0 
7f188e67d000-7f188e680000 ---p 00000000 00:00 0 
7f188e680000-7f188e782000 rw-p 00000000 00:00 0                          [stack:26615]
7f188e782000-7f188e783000 r--s 00000000 08:01 30409610                   /shared/spark/lib_managed/jars/hadoop-client-2.5.2.jar
7f188e783000-7f188e785000 r--s 0000f000 08:01 30409755                   /shared/spark/lib_managed/jars/reflectasm-1.07-shaded.jar
7f188e785000-7f188e787000 r--s 0000a000 08:01 30409701                   /shared/spark/lib_managed/jars/chill-java-0.5.0.jar
7f188e787000-7f188e78b000 r--s 00032000 08:01 30409732                   /shared/spark/lib_managed/jars/chill_2.10-0.5.0.jar
7f188e78b000-7f188e78c000 r--s 00000000 08:01 30409536                   /shared/spark/lib_managed/jars/unused-1.0.0.jar
7f188e78c000-7f188e794000 rw-s 00000000 08:01 29894676                   /tmp/hsperfdata_fan/26611
7f188e794000-7f188e795000 rw-p 00000000 00:00 0 
7f188e795000-7f188e796000 r--p 00000000 00:00 0 
7f188e796000-7f188e798000 rw-p 00000000 00:00 0 
7f188e798000-7f188e799000 r--p 00022000 08:01 4460434                    /lib/x86_64-linux-gnu/ld-2.19.so
7f188e799000-7f188e79a000 rw-p 00023000 08:01 4460434                    /lib/x86_64-linux-gnu/ld-2.19.so
7f188e79a000-7f188e79b000 rw-p 00000000 00:00 0 
7fffe33b6000-7fffe33d7000 rw-p 00000000 00:00 0                          [stack]
7fffe33fc000-7fffe33fe000 r-xp 00000000 00:00 0                          [vdso]
7fffe33fe000-7fffe3400000 r--p 00000000 00:00 0                          [vvar]
ffffffffff600000-ffffffffff601000 r-xp 00000000 00:00 0                  [vsyscall]

VM Arguments:
jvm_args: -Dapplication.home=/shared/jdk1.8.0_45 -Xms8m 
java_command: com.sun.tools.javac.Main @/tmp/sbt_b0a0abe8/argfile
java_class_path (initial): /shared/jdk1.8.0_45/lib/tools.jar:/shared/jdk1.8.0_45/classes
Launcher Type: SUN_STANDARD

Environment Variables:
JAVA_HOME=/shared/java
PATH=/shared/scala/bin:/shared/java/bin:/shared/sbt/bin:/usr/local/sbin:/usr/local/bin:/usr/sbin:/usr/bin:/sbin:/bin:/usr/games:/usr/local/games
SHELL=/bin/bash
DISPLAY=:0

Signal Handlers:
SIGSEGV: [libjvm.so+0xaad1e0], sa_mask[0]=11111111011111111101111111111110, sa_flags=SA_RESTART|SA_SIGINFO
SIGBUS: [libjvm.so+0xaad1e0], sa_mask[0]=11111111011111111101111111111110, sa_flags=SA_RESTART|SA_SIGINFO
SIGFPE: [libjvm.so+0x90b450], sa_mask[0]=11111111011111111101111111111110, sa_flags=SA_RESTART|SA_SIGINFO
SIGPIPE: [libjvm.so+0x90b450], sa_mask[0]=11111111011111111101111111111110, sa_flags=SA_RESTART|SA_SIGINFO
SIGXFSZ: [libjvm.so+0x90b450], sa_mask[0]=11111111011111111101111111111110, sa_flags=SA_RESTART|SA_SIGINFO
SIGILL: [libjvm.so+0x90b450], sa_mask[0]=11111111011111111101111111111110, sa_flags=SA_RESTART|SA_SIGINFO
SIGUSR1: SIG_DFL, sa_mask[0]=00000000000000000000000000000000, sa_flags=none
SIGUSR2: [libjvm.so+0x90ca90], sa_mask[0]=00100000000000000000000000000000, sa_flags=SA_RESTART|SA_SIGINFO
SIGHUP: [libjvm.so+0x90dde0], sa_mask[0]=11111111011111111101111111111110, sa_flags=SA_RESTART|SA_SIGINFO
SIGINT: [libjvm.so+0x90dde0], sa_mask[0]=11111111011111111101111111111110, sa_flags=SA_RESTART|SA_SIGINFO
SIGTERM: [libjvm.so+0x90dde0], sa_mask[0]=11111111011111111101111111111110, sa_flags=SA_RESTART|SA_SIGINFO
SIGQUIT: [libjvm.so+0x90dde0], sa_mask[0]=11111111011111111101111111111110, sa_flags=SA_RESTART|SA_SIGINFO


---------------  S Y S T E M  ---------------

OS:DISTRIB_ID=Ubuntu
DISTRIB_RELEASE=14.04
DISTRIB_CODENAME=trusty
DISTRIB_DESCRIPTION="Ubuntu 14.04.2 LTS"

uname:Linux 3.16.0-30-generic #40~14.04.1-Ubuntu SMP Thu Jan 15 17:43:14 UTC 2015 x86_64
libc:glibc 2.19 NPTL 2.19 
rlimit: STACK 8192k, CORE 0k, NPROC 47905, NOFILE 4096, AS infinity
load average:4.43 1.97 1.03

/proc/meminfo:
MemTotal:       12285276 kB
MemFree:         3404400 kB
MemAvailable:    6159228 kB
Buffers:          297268 kB
Cached:          2442308 kB
SwapCached:         3656 kB
Active:          5596912 kB
Inactive:        2660364 kB
Active(anon):    4447224 kB
Inactive(anon):  1101776 kB
Active(file):    1149688 kB
Inactive(file):  1558588 kB
Unevictable:          32 kB
Mlocked:              32 kB
SwapTotal:      12561404 kB
SwapFree:       12416456 kB
Dirty:            122640 kB
Writeback:             0 kB
AnonPages:       5517416 kB
Mapped:           210248 kB
Shmem:             29632 kB
Slab:             360920 kB
SReclaimable:     299956 kB
SUnreclaim:        60964 kB
KernelStack:       11312 kB
PageTables:        41868 kB
NFS_Unstable:          0 kB
Bounce:                0 kB
WritebackTmp:          0 kB
CommitLimit:    18704040 kB
Committed_AS:    8204736 kB
VmallocTotal:   34359738367 kB
VmallocUsed:      320664 kB
VmallocChunk:   34359285828 kB
HardwareCorrupted:     0 kB
AnonHugePages:   3969024 kB
HugePages_Total:       0
HugePages_Free:        0
HugePages_Rsvd:        0
HugePages_Surp:        0
Hugepagesize:       2048 kB
DirectMap4k:       99196 kB
DirectMap2M:    12464128 kB


CPU:total 8 (4 cores per cpu, 2 threads per core) family 6 model 42 stepping 7, cmov, cx8, fxsr, mmx, sse, sse2, sse3, ssse3, sse4.1, sse4.2, popcnt, avx, aes, clmul, ht, tsc, tscinvbit

/proc/cpuinfo:
processor	: 0
vendor_id	: GenuineIntel
cpu family	: 6
model		: 42
model name	: Intel(R) Core(TM) i7-2600K CPU @ 3.40GHz
stepping	: 7
microcode	: 0x12
cpu MHz		: 3500.007
cache size	: 8192 KB
physical id	: 0
siblings	: 8
core id		: 0
cpu cores	: 4
apicid		: 0
initial apicid	: 0
fpu		: yes
fpu_exception	: yes
cpuid level	: 13
wp		: yes
flags		: fpu vme de pse tsc msr pae mce cx8 apic sep mtrr pge mca cmov pat pse36 clflush dts acpi mmx fxsr sse sse2 ss ht tm pbe syscall nx rdtscp lm constant_tsc arch_perfmon pebs bts rep_good nopl xtopology nonstop_tsc aperfmperf eagerfpu pni pclmulqdq dtes64 monitor ds_cpl vmx est tm2 ssse3 cx16 xtpr pdcm pcid sse4_1 sse4_2 popcnt tsc_deadline_timer aes xsave avx lahf_lm ida arat epb xsaveopt pln pts dtherm tpr_shadow vnmi flexpriority ept vpid
bogomips	: 6784.27
clflush size	: 64
cache_alignment	: 64
address sizes	: 36 bits physical, 48 bits virtual
power management:

processor	: 1
vendor_id	: GenuineIntel
cpu family	: 6
model		: 42
model name	: Intel(R) Core(TM) i7-2600K CPU @ 3.40GHz
stepping	: 7
microcode	: 0x12
cpu MHz		: 3500.007
cache size	: 8192 KB
physical id	: 0
siblings	: 8
core id		: 1
cpu cores	: 4
apicid		: 2
initial apicid	: 2
fpu		: yes
fpu_exception	: yes
cpuid level	: 13
wp		: yes
flags		: fpu vme de pse tsc msr pae mce cx8 apic sep mtrr pge mca cmov pat pse36 clflush dts acpi mmx fxsr sse sse2 ss ht tm pbe syscall nx rdtscp lm constant_tsc arch_perfmon pebs bts rep_good nopl xtopology nonstop_tsc aperfmperf eagerfpu pni pclmulqdq dtes64 monitor ds_cpl vmx est tm2 ssse3 cx16 xtpr pdcm pcid sse4_1 sse4_2 popcnt tsc_deadline_timer aes xsave avx lahf_lm ida arat epb xsaveopt pln pts dtherm tpr_shadow vnmi flexpriority ept vpid
bogomips	: 6784.27
clflush size	: 64
cache_alignment	: 64
address sizes	: 36 bits physical, 48 bits virtual
power management:

processor	: 2
vendor_id	: GenuineIntel
cpu family	: 6
model		: 42
model name	: Intel(R) Core(TM) i7-2600K CPU @ 3.40GHz
stepping	: 7
microcode	: 0x12
cpu MHz		: 3500.007
cache size	: 8192 KB
physical id	: 0
siblings	: 8
core id		: 2
cpu cores	: 4
apicid		: 4
initial apicid	: 4
fpu		: yes
fpu_exception	: yes
cpuid level	: 13
wp		: yes
flags		: fpu vme de pse tsc msr pae mce cx8 apic sep mtrr pge mca cmov pat pse36 clflush dts acpi mmx fxsr sse sse2 ss ht tm pbe syscall nx rdtscp lm constant_tsc arch_perfmon pebs bts rep_good nopl xtopology nonstop_tsc aperfmperf eagerfpu pni pclmulqdq dtes64 monitor ds_cpl vmx est tm2 ssse3 cx16 xtpr pdcm pcid sse4_1 sse4_2 popcnt tsc_deadline_timer aes xsave avx lahf_lm ida arat epb xsaveopt pln pts dtherm tpr_shadow vnmi flexpriority ept vpid
bogomips	: 6784.27
clflush size	: 64
cache_alignment	: 64
address sizes	: 36 bits physical, 48 bits virtual
power management:

processor	: 3
vendor_id	: GenuineIntel
cpu family	: 6
model		: 42
model name	: Intel(R) Core(TM) i7-2600K CPU @ 3.40GHz
stepping	: 7
microcode	: 0x12
cpu MHz		: 3500.007
cache size	: 8192 KB
physical id	: 0
siblings	: 8
core id		: 3
cpu cores	: 4
apicid		: 6
initial apicid	: 6
fpu		: yes
fpu_exception	: yes
cpuid level	: 13
wp		: yes
flags		: fpu vme de pse tsc msr pae mce cx8 apic sep mtrr pge mca cmov pat pse36 clflush dts acpi mmx fxsr sse sse2 ss ht tm pbe syscall nx rdtscp lm constant_tsc arch_perfmon pebs bts rep_good nopl xtopology nonstop_tsc aperfmperf eagerfpu pni pclmulqdq dtes64 monitor ds_cpl vmx est tm2 ssse3 cx16 xtpr pdcm pcid sse4_1 sse4_2 popcnt tsc_deadline_timer aes xsave avx lahf_lm ida arat epb xsaveopt pln pts dtherm tpr_shadow vnmi flexpriority ept vpid
bogomips	: 6784.27
clflush size	: 64
cache_alignment	: 64
address sizes	: 36 bits physical, 48 bits virtual
power management:

processor	: 4
vendor_id	: GenuineIntel
cpu family	: 6
model		: 42
model name	: Intel(R) Core(TM) i7-2600K CPU @ 3.40GHz
stepping	: 7
microcode	: 0x12
cpu MHz		: 3500.007
cache size	: 8192 KB
physical id	: 0
siblings	: 8
core id		: 0
cpu cores	: 4
apicid		: 1
initial apicid	: 1
fpu		: yes
fpu_exception	: yes
cpuid level	: 13
wp		: yes
flags		: fpu vme de pse tsc msr pae mce cx8 apic sep mtrr pge mca cmov pat pse36 clflush dts acpi mmx fxsr sse sse2 ss ht tm pbe syscall nx rdtscp lm constant_tsc arch_perfmon pebs bts rep_good nopl xtopology nonstop_tsc aperfmperf eagerfpu pni pclmulqdq dtes64 monitor ds_cpl vmx est tm2 ssse3 cx16 xtpr pdcm pcid sse4_1 sse4_2 popcnt tsc_deadline_timer aes xsave avx lahf_lm ida arat epb xsaveopt pln pts dtherm tpr_shadow vnmi flexpriority ept vpid
bogomips	: 6784.27
clflush size	: 64
cache_alignment	: 64
address sizes	: 36 bits physical, 48 bits virtual
power management:

processor	: 5
vendor_id	: GenuineIntel
cpu family	: 6
model		: 42
model name	: Intel(R) Core(TM) i7-2600K CPU @ 3.40GHz
stepping	: 7
microcode	: 0x12
cpu MHz		: 3500.007
cache size	: 8192 KB
physical id	: 0
siblings	: 8
core id		: 1
cpu cores	: 4
apicid		: 3
initial apicid	: 3
fpu		: yes
fpu_exception	: yes
cpuid level	: 13
wp		: yes
flags		: fpu vme de pse tsc msr pae mce cx8 apic sep mtrr pge mca cmov pat pse36 clflush dts acpi mmx fxsr sse sse2 ss ht tm pbe syscall nx rdtscp lm constant_tsc arch_perfmon pebs bts rep_good nopl xtopology nonstop_tsc aperfmperf eagerfpu pni pclmulqdq dtes64 monitor ds_cpl vmx est tm2 ssse3 cx16 xtpr pdcm pcid sse4_1 sse4_2 popcnt tsc_deadline_timer aes xsave avx lahf_lm ida arat epb xsaveopt pln pts dtherm tpr_shadow vnmi flexpriority ept vpid
bogomips	: 6784.27
clflush size	: 64
cache_alignment	: 64
address sizes	: 36 bits physical, 48 bits virtual
power management:

processor	: 6
vendor_id	: GenuineIntel
cpu family	: 6
model		: 42
model name	: Intel(R) Core(TM) i7-2600K CPU @ 3.40GHz
stepping	: 7
microcode	: 0x12
cpu MHz		: 3500.007
cache size	: 8192 KB
physical id	: 0
siblings	: 8
core id		: 2
cpu cores	: 4
apicid		: 5
initial apicid	: 5
fpu		: yes
fpu_exception	: yes
cpuid level	: 13
wp		: yes
flags		: fpu vme de pse tsc msr pae mce cx8 apic sep mtrr pge mca cmov pat pse36 clflush dts acpi mmx fxsr sse sse2 ss ht tm pbe syscall nx rdtscp lm constant_tsc arch_perfmon pebs bts rep_good nopl xtopology nonstop_tsc aperfmperf eagerfpu pni pclmulqdq dtes64 monitor ds_cpl vmx est tm2 ssse3 cx16 xtpr pdcm pcid sse4_1 sse4_2 popcnt tsc_deadline_timer aes xsave avx lahf_lm ida arat epb xsaveopt pln pts dtherm tpr_shadow vnmi flexpriority ept vpid
bogomips	: 6784.27
clflush size	: 64
cache_alignment	: 64
address sizes	: 36 bits physical, 48 bits virtual
power management:

processor	: 7
vendor_id	: GenuineIntel
cpu family	: 6
model		: 42
model name	: Intel(R) Core(TM) i7-2600K CPU @ 3.40GHz
stepping	: 7
microcode	: 0x12
cpu MHz		: 3500.007
cache size	: 8192 KB
physical id	: 0
siblings	: 8
core id		: 3
cpu cores	: 4
apicid		: 7
initial apicid	: 7
fpu		: yes
fpu_exception	: yes
cpuid level	: 13
wp		: yes
flags		: fpu vme de pse tsc msr pae mce cx8 apic sep mtrr pge mca cmov pat pse36 clflush dts acpi mmx fxsr sse sse2 ss ht tm pbe syscall nx rdtscp lm constant_tsc arch_perfmon pebs bts rep_good nopl xtopology nonstop_tsc aperfmperf eagerfpu pni pclmulqdq dtes64 monitor ds_cpl vmx est tm2 ssse3 cx16 xtpr pdcm pcid sse4_1 sse4_2 popcnt tsc_deadline_timer aes xsave avx lahf_lm ida arat epb xsaveopt pln pts dtherm tpr_shadow vnmi flexpriority ept vpid
bogomips	: 6784.27
clflush size	: 64
cache_alignment	: 64
address sizes	: 36 bits physical, 48 bits virtual
power management:



Memory: 4k page, physical 12285276k(3404400k free), swap 12561404k(12416456k free)

vm_info: Java HotSpot(TM) 64-Bit Server VM (25.45-b02) for linux-amd64 JRE (1.8.0_45-b14), built on Apr 10 2015 10:07:45 by "java_re" with gcc 4.3.0 20080428 (Red Hat 4.3.0-8)

time: Mon Jul 27 22:56:52 2015
elapsed time: 0 seconds (0d 0h 0m 0s)

