#
# A fatal error has been detected by the Java Runtime Environment:
#
#  SIGBUS (0xa) at pc=0x00000001036dbaa0, pid=3182, tid=0x0000000000002903
#
# JRE version: Java(TM) SE Runtime Environment (8.0_231-b11) (build 1.8.0_231-b11)
# Java VM: Java HotSpot(TM) 64-Bit Server VM (25.231-b11 mixed mode bsd-amd64 compressed oops)
# Problematic frame:
# V  [libjvm.dylib+0xdbaa0]
#
# Failed to write core dump. Core dumps have been disabled. To enable core dumping, try "ulimit -c unlimited" before starting Java again
#
# If you would like to submit a bug report, please visit:
#   http://bugreport.java.com/bugreport/crash.jsp
#

---------------  T H R E A D  ---------------

Current thread (0x00007fa33f009000):  JavaThread "ScalaTest-run-running-HiveCompatibilitySuite" [_thread_in_vm, id=10499, stack(0x000070000b15f000,0x000070000b25f000)]

siginfo: si_signo: 10 (SIGBUS), si_code: 2 (BUS_ADRERR), si_addr: 0x00000007ca37fd08

Registers:
RAX=0x00000007ca47fd00, RBX=0x0000000000000010, RCX=0x000000074240dd38, RDX=0xfffffffffffe0004
RSP=0x000070000b25b098, RBP=0x000070000b25b0e0, RSI=0x000000074230dd40, RDI=0x00000007ca37fd08
R8 =0x00000007c00007a8, R9 =0x0000000000000010, R10=0x000000010fab9127, R11=0x000000010fab90d8
R12=0x000070000b25b100, R13=0x00007fa33f009000, R14=0x000070000b25b110, R15=0x000000002d303140
RIP=0x00000001036dbaa0, EFLAGS=0x0000000000010282, ERR=0x0000000000000004
  TRAPNO=0x000000000000000e

Top of Stack: (sp=0x000070000b25b098)
0x000070000b25b098:   0000000103b88fe5 00000007c02271d8
0x000070000b25b0a8:   00007fa33f009000 00007fa33f009000
0x000070000b25b0b8:   00000001094a7d68 0000000000000000
0x000070000b25b0c8:   000070000b25b150 000070000b25b230
0x000070000b25b0d8:   00007fa33f009000 000070000b25b130
0x000070000b25b0e8:   000000010fab91a1 0000000000100000
0x000070000b25b0f8:   0000000740000b98 000000079d07cbc8
0x000070000b25b108:   000000011fa28cff 000000074230dd30
0x000070000b25b118:   000000000647ae6f 000070000b25b160
0x000070000b25b128:   0647ae6f036b2a5a 000070000b25b1d8
0x000070000b25b138:   000000010ea8435d 000000010c4c59a0
0x000070000b25b148:   000000010ea8435d 0000000000100000
0x000070000b25b158:   00000007c00007a8 0000000000000010
0x000070000b25b168:   000000010ea83e70 000000074230dd30
0x000070000b25b178:   000000002d303140 00007fa33e501280
0x000070000b25b188:   000000079d07cbc8 0000000740000b98
0x000070000b25b198:   000070000b25b198 000000010c4c58da
0x000070000b25b1a8:   000070000b25b230 000000010c4c60d8
0x000070000b25b1b8:   0000000000000000 000000010c4c59a0
0x000070000b25b1c8:   000070000b25b150 000070000b25b1f8
0x000070000b25b1d8:   000070000b25b278 000000010ea8435d
0x000070000b25b1e8:   0000000000100000 0000000000000000
0x000070000b25b1f8:   00000000323d7364 00000000323d7364
0x000070000b25b208:   0000000000000010 0000000000000010
0x000070000b25b218:   000000074230dd30 000000002d303140
0x000070000b25b228:   000000079d089e30 000000079d07cbc8
0x000070000b25b238:   000070000b25b238 000000011fa28d14
0x000070000b25b248:   000070000b25b290 000000011fa2e330
0x000070000b25b258:   0000000000000000 000000011fa28d40
0x000070000b25b268:   000070000b25b1f8 000070000b25b290
0x000070000b25b278:   000070000b25b2e8 000000010ea840e0
0x000070000b25b288:   000000074230dd30 000000079d089e30 

Instructions: (pc=0x00000001036dbaa0)
0x00000001036dba80:   45 48 8b 74 d0 08 48 89 74 d1 08 48 83 c2 01 75
0x00000001036dba90:   f0 c3 0f 1f 80 00 00 00 00 0f 1f 80 00 00 00 00
0x00000001036dbaa0:   48 8b 74 d0 e8 48 89 74 d1 e8 48 8b 74 d0 f0 48
0x00000001036dbab0:   89 74 d1 f0 48 8b 74 d0 f8 48 89 74 d1 f8 48 8b 

Register to memory mapping:

RAX=0x00000007ca47fd00 is an unknown value
RBX=0x0000000000000010 is an unknown value
RCX=0x000000074240dd38 is pointing into object: 0x000000074230dd30
[B 
 - klass: {type array byte}
 - length: 842888036
RDX=0xfffffffffffe0004 is an unknown value
RSP=0x000070000b25b098 is pointing into the stack for thread: 0x00007fa33f009000
RBP=0x000070000b25b0e0 is pointing into the stack for thread: 0x00007fa33f009000
RSI=0x000000074230dd40 is pointing into object: 0x000000074230dd30
[B 
 - klass: {type array byte}
 - length: 842888036
RDI=0x00000007ca37fd08 is an unknown value
R8 =0x00000007c00007a8 is pointing into metadata
R9 =0x0000000000000010 is an unknown value
R10=0x000000010fab9127 is at entry_point+103 in (nmethod*)0x000000010fab8f50
R11=0x000000010fab90d8 is at entry_point+24 in (nmethod*)0x000000010fab8f50
R12=0x000070000b25b100 is pointing into the stack for thread: 0x00007fa33f009000
R13=0x00007fa33f009000 is a thread
R14=0x000070000b25b110 is pointing into the stack for thread: 0x00007fa33f009000
R15=0x000000002d303140 is an unknown value


Stack: [0x000070000b15f000,0x000070000b25f000],  sp=0x000070000b25b098,  free space=1008k
Native frames: (J=compiled Java code, j=interpreted, Vv=VM code, C=native code)
V  [libjvm.dylib+0xdbaa0]
J 6100  sun.misc.Unsafe.copyMemory(Ljava/lang/Object;JLjava/lang/Object;JJ)V (0 bytes) @ 0x000000010fab91a1 [0x000000010fab90c0+0xe1]
j  org.apache.spark.unsafe.Platform.copyMemory(Ljava/lang/Object;JLjava/lang/Object;JJ)V+34
j  org.apache.spark.unsafe.types.UTF8String.getBytes()[B+76
j  org.apache.spark.unsafe.types.UTF8String.toString()Ljava/lang/String;+5
j  org.apache.spark.sql.catalyst.InternalRow.getString(I)Ljava/lang/String;+5
j  org.apache.spark.sql.execution.HiveResult$.$anonfun$hiveResultString$4(Lorg/apache/spark/sql/catalyst/InternalRow;)Ljava/lang/String;+2
j  org.apache.spark.sql.execution.HiveResult$$$Lambda$2173.apply(Ljava/lang/Object;)Ljava/lang/Object;+4
J 2445 C2 scala.collection.TraversableLike$$Lambda$62.apply(Ljava/lang/Object;)Ljava/lang/Object; (13 bytes) @ 0x000000010f1da0b8 [0x000000010f1da060+0x58]
J 8718 C2 scala.collection.IndexedSeqOptimized.foreach(Lscala/Function1;)V (36 bytes) @ 0x000000010f176978 [0x000000010f176500+0x478]
J 12000 C1 scala.collection.mutable.ArrayOps$ofRef.map(Lscala/Function1;Lscala/collection/generic/CanBuildFrom;)Ljava/lang/Object; (7 bytes) @ 0x0000000110b691dc [0x0000000110b68aa0+0x73c]
j  org.apache.spark.sql.execution.HiveResult$.hiveResultString(Lorg/apache/spark/sql/execution/SparkPlan;)Lscala/collection/Seq;+364
j  org.apache.spark.sql.hive.execution.HiveComparisonTest.$anonfun$createQueryTest$32(Lorg/apache/spark/sql/hive/test/TestHiveQueryExecution;)Lscala/collection/Seq;+7
j  org.apache.spark.sql.hive.execution.HiveComparisonTest$$Lambda$2170.apply()Ljava/lang/Object;+4
j  org.apache.spark.sql.execution.SQLExecution$.$anonfun$withNewExecutionId$5(Lorg/apache/spark/SparkContext;JLjava/lang/String;Lorg/apache/spark/util/CallSite;Lorg/apache/spark/sql/execution/QueryExecution;Lorg/apache/spark/sql/execution/ExplainMode;Lscala/Function0;Lscala/Option;)Ljava/lang/Object;+54
j  org.apache.spark.sql.execution.SQLExecution$$$Lambda$995.apply()Ljava/lang/Object;+32
j  org.apache.spark.sql.execution.SQLExecution$.withSQLConfPropagated(Lorg/apache/spark/sql/SparkSession;Lscala/Function0;)Ljava/lang/Object;+44
j  org.apache.spark.sql.execution.SQLExecution$.$anonfun$withNewExecutionId$1(Lorg/apache/spark/sql/execution/QueryExecution;Lscala/Function0;Lscala/Option;)Ljava/lang/Object;+186
j  org.apache.spark.sql.execution.SQLExecution$$$Lambda$989.apply()Ljava/lang/Object;+12
j  org.apache.spark.sql.SparkSession.withActive(Lscala/Function0;)Ljava/lang/Object;+21
j  org.apache.spark.sql.execution.SQLExecution$.withNewExecutionId(Lorg/apache/spark/sql/execution/QueryExecution;Lscala/Option;Lscala/Function0;)Ljava/lang/Object;+12
j  org.apache.spark.sql.hive.execution.HiveComparisonTest.getResult$1(Lorg/apache/spark/sql/hive/test/TestHiveQueryExecution;)Lscala/collection/Seq;+16
j  org.apache.spark.sql.hive.execution.HiveComparisonTest.$anonfun$createQueryTest$31(Lorg/apache/spark/sql/hive/execution/HiveComparisonTest;Ljava/lang/String;Lscala/runtime/LazyRef;Lscala/collection/Seq;Lscala/Tuple2;)Lscala/Tuple2;+61
j  org.apache.spark.sql.hive.execution.HiveComparisonTest$$Lambda$2169.apply(Ljava/lang/Object;)Ljava/lang/Object;+20
J 2445 C2 scala.collection.TraversableLike$$Lambda$62.apply(Ljava/lang/Object;)Ljava/lang/Object; (13 bytes) @ 0x000000010f1da0b8 [0x000000010f1da060+0x58]
J 10666 C1 scala.collection.mutable.ResizableArray.foreach(Lscala/Function1;)V (37 bytes) @ 0x00000001106a86dc [0x00000001106a8440+0x29c]
J 9017 C1 scala.collection.mutable.ArrayBuffer.foreach(Lscala/Function1;)V (6 bytes) @ 0x00000001102b2554 [0x00000001102b2480+0xd4]
J 2656 C1 scala.collection.AbstractTraversable.map(Lscala/Function1;Lscala/collection/generic/CanBuildFrom;)Ljava/lang/Object; (7 bytes) @ 0x000000010f25d3c4 [0x000000010f25cb20+0x8a4]
j  org.apache.spark.sql.hive.execution.HiveComparisonTest.doTest$1(ZZLjava/lang/String;Lscala/collection/Seq;Lscala/runtime/LazyRef;)V+304
j  org.apache.spark.sql.hive.execution.HiveComparisonTest.$anonfun$createQueryTest$10(Lorg/apache/spark/sql/hive/execution/HiveComparisonTest;ZLjava/lang/String;Ljava/lang/String;ZZ)Ljava/lang/Object;+446
j  org.apache.spark.sql.hive.execution.HiveComparisonTest$$Lambda$718.apply()Ljava/lang/Object;+24
j  org.scalatest.OutcomeOf.outcomeOf(Lscala/Function0;)Lorg/scalatest/Outcome;+1
j  org.scalatest.OutcomeOf.outcomeOf$(Lorg/scalatest/OutcomeOf;Lscala/Function0;)Lorg/scalatest/Outcome;+2
j  org.scalatest.OutcomeOf$.outcomeOf(Lscala/Function0;)Lorg/scalatest/Outcome;+2
j  org.scalatest.Transformer.apply()Lorg/scalatest/Outcome;+7
j  org.scalatest.Transformer.apply()Ljava/lang/Object;+1
j  org.scalatest.funsuite.AnyFunSuiteLike$$anon$1.apply()Lorg/scalatest/Outcome;+10
j  org.apache.spark.SparkFunSuite.withFixture(Lorg/scalatest/TestSuite$NoArgTest;)Lorg/scalatest/Outcome;+42
j  org.scalatest.funsuite.AnyFunSuiteLike.invokeWithFixture$1(Lorg/scalatest/SuperEngine$TestLeaf;Lorg/scalatest/Args;Ljava/lang/String;)Lorg/scalatest/Outcome;+29
j  org.scalatest.funsuite.AnyFunSuiteLike.$anonfun$runTest$1(Lorg/scalatest/funsuite/AnyFunSuiteLike;Lorg/scalatest/Args;Ljava/lang/String;Lorg/scalatest/SuperEngine$TestLeaf;)Lorg/scalatest/Outcome;+4
j  org.scalatest.funsuite.AnyFunSuiteLike$$Lambda$824.apply(Ljava/lang/Object;)Ljava/lang/Object;+16
j  org.scalatest.SuperEngine.runTestImpl(Lorg/scalatest/Suite;Ljava/lang/String;Lorg/scalatest/Args;ZLscala/Function1;)Lorg/scalatest/Status;+506
j  org.scalatest.funsuite.AnyFunSuiteLike.runTest(Ljava/lang/String;Lorg/scalatest/Args;)Lorg/scalatest/Status;+18
j  org.scalatest.funsuite.AnyFunSuiteLike.runTest$(Lorg/scalatest/funsuite/AnyFunSuiteLike;Ljava/lang/String;Lorg/scalatest/Args;)Lorg/scalatest/Status;+3
j  org.apache.spark.SparkFunSuite.org$scalatest$BeforeAndAfterEach$$super$runTest(Ljava/lang/String;Lorg/scalatest/Args;)Lorg/scalatest/Status;+3
j  org.scalatest.BeforeAndAfterEach.runTest(Ljava/lang/String;Lorg/scalatest/Args;)Lorg/scalatest/Status;+27
j  org.scalatest.BeforeAndAfterEach.runTest$(Lorg/scalatest/BeforeAndAfterEach;Ljava/lang/String;Lorg/scalatest/Args;)Lorg/scalatest/Status;+3
j  org.apache.spark.sql.hive.execution.HiveCompatibilitySuite.org$scalatest$BeforeAndAfter$$super$runTest(Ljava/lang/String;Lorg/scalatest/Args;)Lorg/scalatest/Status;+3
j  org.scalatest.BeforeAndAfter.runTest(Ljava/lang/String;Lorg/scalatest/Args;)Lorg/scalatest/Status;+113
j  org.scalatest.BeforeAndAfter.runTest$(Lorg/scalatest/BeforeAndAfter;Ljava/lang/String;Lorg/scalatest/Args;)Lorg/scalatest/Status;+3
j  org.apache.spark.sql.hive.execution.HiveCompatibilitySuite.runTest(Ljava/lang/String;Lorg/scalatest/Args;)Lorg/scalatest/Status;+3
j  org.scalatest.funsuite.AnyFunSuiteLike.$anonfun$runTests$1(Lorg/scalatest/funsuite/AnyFunSuiteLike;Ljava/lang/String;Lorg/scalatest/Args;)Lorg/scalatest/Status;+3
j  org.scalatest.funsuite.AnyFunSuiteLike$$Lambda$820.apply(Ljava/lang/Object;Ljava/lang/Object;)Ljava/lang/Object;+12
j  org.scalatest.SuperEngine.$anonfun$runTestsInBranch$1(Lorg/scalatest/SuperEngine;Lorg/scalatest/Args;Lorg/scalatest/Suite;Lorg/scalatest/SuperEngine$Branch;Lscala/collection/mutable/ListBuffer;Lscala/Function2;ZLorg/scalatest/SuperEngine$Node;)Ljava/lang/Object;+229
j  org.scalatest.SuperEngine$$Lambda$821.apply(Ljava/lang/Object;)Ljava/lang/Object;+32
J 2557 C2 scala.collection.immutable.List.foreach(Lscala/Function1;)V (32 bytes) @ 0x000000010f1efc58 [0x000000010f1efbc0+0x98]
j  org.scalatest.SuperEngine.traverseSubNodes$1(Lorg/scalatest/SuperEngine$Branch;Lorg/scalatest/Args;Lorg/scalatest/Suite;Lscala/collection/mutable/ListBuffer;Lscala/Function2;Z)V+22
j  org.scalatest.SuperEngine.runTestsInBranch(Lorg/scalatest/Suite;Lorg/scalatest/SuperEngine$Branch;Lorg/scalatest/Args;ZLscala/Function2;)Lorg/scalatest/Status;+191
j  org.scalatest.SuperEngine.runTestsImpl(Lorg/scalatest/Suite;Lscala/Option;Lorg/scalatest/Args;Lorg/scalatest/Informer;ZLscala/Function2;)Lorg/scalatest/Status;+410
j  org.scalatest.funsuite.AnyFunSuiteLike.runTests(Lscala/Option;Lorg/scalatest/Args;)Lorg/scalatest/Status;+22
j  org.scalatest.funsuite.AnyFunSuiteLike.runTests$(Lorg/scalatest/funsuite/AnyFunSuiteLike;Lscala/Option;Lorg/scalatest/Args;)Lorg/scalatest/Status;+3
j  org.scalatest.funsuite.AnyFunSuite.runTests(Lscala/Option;Lorg/scalatest/Args;)Lorg/scalatest/Status;+3
j  org.scalatest.Suite.run(Lscala/Option;Lorg/scalatest/Args;)Lorg/scalatest/Status;+235
j  org.scalatest.Suite.run$(Lorg/scalatest/Suite;Lscala/Option;Lorg/scalatest/Args;)Lorg/scalatest/Status;+3
j  org.scalatest.funsuite.AnyFunSuite.org$scalatest$funsuite$AnyFunSuiteLike$$super$run(Lscala/Option;Lorg/scalatest/Args;)Lorg/scalatest/Status;+3
j  org.scalatest.funsuite.AnyFunSuiteLike.$anonfun$run$1(Lorg/scalatest/funsuite/AnyFunSuiteLike;Lscala/Option;Lorg/scalatest/Args;)Lorg/scalatest/Status;+3
j  org.scalatest.funsuite.AnyFunSuiteLike$$Lambda$813.apply(Ljava/lang/Object;Ljava/lang/Object;)Ljava/lang/Object;+12
j  org.scalatest.SuperEngine.runImpl(Lorg/scalatest/Suite;Lscala/Option;Lorg/scalatest/Args;Lscala/Function2;)Lorg/scalatest/Status;+358
j  org.scalatest.funsuite.AnyFunSuiteLike.run(Lscala/Option;Lorg/scalatest/Args;)Lorg/scalatest/Status;+15
j  org.scalatest.funsuite.AnyFunSuiteLike.run$(Lorg/scalatest/funsuite/AnyFunSuiteLike;Lscala/Option;Lorg/scalatest/Args;)Lorg/scalatest/Status;+3
j  org.apache.spark.SparkFunSuite.org$scalatest$BeforeAndAfterAll$$super$run(Lscala/Option;Lorg/scalatest/Args;)Lorg/scalatest/Status;+3
j  org.scalatest.BeforeAndAfterAll.liftedTree1$1(Lorg/scalatest/Args;Lscala/Option;)Lscala/Tuple2;+49
j  org.scalatest.BeforeAndAfterAll.run(Lscala/Option;Lorg/scalatest/Args;)Lorg/scalatest/Status;+3
j  org.scalatest.BeforeAndAfterAll.run$(Lorg/scalatest/BeforeAndAfterAll;Lscala/Option;Lorg/scalatest/Args;)Lorg/scalatest/Status;+3
j  org.apache.spark.sql.hive.execution.HiveCompatibilitySuite.org$scalatest$BeforeAndAfter$$super$run(Lscala/Option;Lorg/scalatest/Args;)Lorg/scalatest/Status;+3
j  org.scalatest.BeforeAndAfter.run(Lscala/Option;Lorg/scalatest/Args;)Lorg/scalatest/Status;+10
j  org.scalatest.BeforeAndAfter.run$(Lorg/scalatest/BeforeAndAfter;Lscala/Option;Lorg/scalatest/Args;)Lorg/scalatest/Status;+3
j  org.apache.spark.sql.hive.execution.HiveCompatibilitySuite.run(Lscala/Option;Lorg/scalatest/Args;)Lorg/scalatest/Status;+3
j  org.scalatest.tools.SuiteRunner.run()V+184
j  org.scalatest.tools.Runner$.$anonfun$doRunRunRunDaDoRunRun$13(Lscala/collection/immutable/Set;Lscala/collection/immutable/Set;Lorg/scalatest/DispatchReporter;Lorg/scalatest/Stopper;Lorg/scalatest/ConfigMap;Lscala/runtime/ObjectRef;Lscala/collection/immutable/Set;Lorg/scalatest/tools/SuiteConfig;)V+162
j  org.scalatest.tools.Runner$.$anonfun$doRunRunRunDaDoRunRun$13$adapted(Lscala/collection/immutable/Set;Lscala/collection/immutable/Set;Lorg/scalatest/DispatchReporter;Lorg/scalatest/Stopper;Lorg/scalatest/ConfigMap;Lscala/runtime/ObjectRef;Lscala/collection/immutable/Set;Lorg/scalatest/tools/SuiteConfig;)Ljava/lang/Object;+12
j  org.scalatest.tools.Runner$$$Lambda$807.apply(Ljava/lang/Object;)Ljava/lang/Object;+32
J 2557 C2 scala.collection.immutable.List.foreach(Lscala/Function1;)V (32 bytes) @ 0x000000010f1efc58 [0x000000010f1efbc0+0x98]
j  org.scalatest.tools.Runner$.doRunRunRunDaDoRunRun(Lorg/scalatest/DispatchReporter;Lscala/collection/immutable/List;Lscala/collection/immutable/List;Lscala/collection/immutable/List;Lscala/collection/immutable/List;Lorg/scalatest/Stopper;Lscala/collection/immutable/Set;Lscala/collection/immutable/Set;Lorg/scalatest/ConfigMap;ZLscala/collection/immutable/List;Lscala/collection/immutable/List;Lscala/collection/immutable/List;Lscala/collection/immutable/List;Ljava/lang/ClassLoader;Lorg/scalatest/tools/RunDoneListener;ILorg/scalatest/tools/ConcurrentConfig;Lscala/Option;Lscala/collection/immutable/Set;Lorg/scalatest/time/Span;)V+1488
j  org.scalatest.tools.Runner$.$anonfun$runOptionallyWithPassFailReporter$24(Lscala/collection/immutable/List;Lscala/collection/immutable/List;Lscala/collection/immutable/List;Lscala/collection/immutable/List;Lscala/collection/immutable/Set;Lscala/collection/immutable/Set;Lorg/scalatest/ConfigMap;ZLscala/collection/immutable/List;Lscala/collection/immutable/List;Lscala/collection/immutable/List;Lscala/collection/immutable/List;Lorg/scalatest/tools/ConcurrentConfig;Lscala/Option;Lscala/collection/immutable/Set;Lorg/scalatest/time/Span;Ljava/lang/ClassLoader;Lorg/scalatest/DispatchReporter;)V+49
j  org.scalatest.tools.Runner$.$anonfun$runOptionallyWithPassFailReporter$24$adapted(Lscala/collection/immutable/List;Lscala/collection/immutable/List;Lscala/collection/immutable/List;Lscala/collection/immutable/List;Lscala/collection/immutable/Set;Lscala/collection/immutable/Set;Lorg/scalatest/ConfigMap;ZLscala/collection/immutable/List;Lscala/collection/immutable/List;Lscala/collection/immutable/List;Lscala/collection/immutable/List;Lorg/scalatest/tools/ConcurrentConfig;Lscala/Option;Lscala/collection/immutable/Set;Lorg/scalatest/time/Span;Ljava/lang/ClassLoader;Lorg/scalatest/DispatchReporter;)Ljava/lang/Object;+32
j  org.scalatest.tools.Runner$$$Lambda$60.apply(Ljava/lang/Object;Ljava/lang/Object;)Ljava/lang/Object;+72
j  org.scalatest.tools.Runner$.withClassLoaderAndDispatchReporter(Lscala/collection/immutable/List;Lorg/scalatest/tools/ReporterConfigurations;Lscala/Option;Lscala/Option;ZJJLscala/Function2;)V+44
j  org.scalatest.tools.Runner$.runOptionallyWithPassFailReporter([Ljava/lang/String;Z)Z+2026
j  org.scalatest.tools.Runner$.run([Ljava/lang/String;)Z+18
j  org.scalatest.tools.Runner.run([Ljava/lang/String;)Z+4
j  org.jetbrains.plugins.scala.testingSupport.scalaTest.ScalaTestRunner.runScalaTest2([Ljava/lang/String;)V+776
j  org.jetbrains.plugins.scala.testingSupport.scalaTest.ScalaTestRunner.main([Ljava/lang/String;)V+7
v  ~StubRoutines::call_stub
V  [libjvm.dylib+0x2f0792]
V  [libjvm.dylib+0x327739]
V  [libjvm.dylib+0x3204c5]
C  [java+0x38c6]  JavaMain+0x9c4
C  [libsystem_pthread.dylib+0x32eb]  _pthread_body+0x7e
C  [libsystem_pthread.dylib+0x6249]  _pthread_start+0x42
...<more frames>...

Java frames: (J=compiled Java code, j=interpreted, Vv=VM code)
J 6100  sun.misc.Unsafe.copyMemory(Ljava/lang/Object;JLjava/lang/Object;JJ)V (0 bytes) @ 0x000000010fab9127 [0x000000010fab90c0+0x67]
j  org.apache.spark.unsafe.Platform.copyMemory(Ljava/lang/Object;JLjava/lang/Object;JJ)V+34
j  org.apache.spark.unsafe.types.UTF8String.getBytes()[B+76
j  org.apache.spark.unsafe.types.UTF8String.toString()Ljava/lang/String;+5
j  org.apache.spark.sql.catalyst.InternalRow.getString(I)Ljava/lang/String;+5
j  org.apache.spark.sql.execution.HiveResult$.$anonfun$hiveResultString$4(Lorg/apache/spark/sql/catalyst/InternalRow;)Ljava/lang/String;+2
j  org.apache.spark.sql.execution.HiveResult$$$Lambda$2173.apply(Ljava/lang/Object;)Ljava/lang/Object;+4
J 2445 C2 scala.collection.TraversableLike$$Lambda$62.apply(Ljava/lang/Object;)Ljava/lang/Object; (13 bytes) @ 0x000000010f1da0b8 [0x000000010f1da060+0x58]
J 8718 C2 scala.collection.IndexedSeqOptimized.foreach(Lscala/Function1;)V (36 bytes) @ 0x000000010f176978 [0x000000010f176500+0x478]
J 12000 C1 scala.collection.mutable.ArrayOps$ofRef.map(Lscala/Function1;Lscala/collection/generic/CanBuildFrom;)Ljava/lang/Object; (7 bytes) @ 0x0000000110b691dc [0x0000000110b68aa0+0x73c]
j  org.apache.spark.sql.execution.HiveResult$.hiveResultString(Lorg/apache/spark/sql/execution/SparkPlan;)Lscala/collection/Seq;+364
j  org.apache.spark.sql.hive.execution.HiveComparisonTest.$anonfun$createQueryTest$32(Lorg/apache/spark/sql/hive/test/TestHiveQueryExecution;)Lscala/collection/Seq;+7
j  org.apache.spark.sql.hive.execution.HiveComparisonTest$$Lambda$2170.apply()Ljava/lang/Object;+4
j  org.apache.spark.sql.execution.SQLExecution$.$anonfun$withNewExecutionId$5(Lorg/apache/spark/SparkContext;JLjava/lang/String;Lorg/apache/spark/util/CallSite;Lorg/apache/spark/sql/execution/QueryExecution;Lorg/apache/spark/sql/execution/ExplainMode;Lscala/Function0;Lscala/Option;)Ljava/lang/Object;+54
j  org.apache.spark.sql.execution.SQLExecution$$$Lambda$995.apply()Ljava/lang/Object;+32
j  org.apache.spark.sql.execution.SQLExecution$.withSQLConfPropagated(Lorg/apache/spark/sql/SparkSession;Lscala/Function0;)Ljava/lang/Object;+44
j  org.apache.spark.sql.execution.SQLExecution$.$anonfun$withNewExecutionId$1(Lorg/apache/spark/sql/execution/QueryExecution;Lscala/Function0;Lscala/Option;)Ljava/lang/Object;+186
j  org.apache.spark.sql.execution.SQLExecution$$$Lambda$989.apply()Ljava/lang/Object;+12
j  org.apache.spark.sql.SparkSession.withActive(Lscala/Function0;)Ljava/lang/Object;+21
j  org.apache.spark.sql.execution.SQLExecution$.withNewExecutionId(Lorg/apache/spark/sql/execution/QueryExecution;Lscala/Option;Lscala/Function0;)Ljava/lang/Object;+12
j  org.apache.spark.sql.hive.execution.HiveComparisonTest.getResult$1(Lorg/apache/spark/sql/hive/test/TestHiveQueryExecution;)Lscala/collection/Seq;+16
j  org.apache.spark.sql.hive.execution.HiveComparisonTest.$anonfun$createQueryTest$31(Lorg/apache/spark/sql/hive/execution/HiveComparisonTest;Ljava/lang/String;Lscala/runtime/LazyRef;Lscala/collection/Seq;Lscala/Tuple2;)Lscala/Tuple2;+61
j  org.apache.spark.sql.hive.execution.HiveComparisonTest$$Lambda$2169.apply(Ljava/lang/Object;)Ljava/lang/Object;+20
J 2445 C2 scala.collection.TraversableLike$$Lambda$62.apply(Ljava/lang/Object;)Ljava/lang/Object; (13 bytes) @ 0x000000010f1da0b8 [0x000000010f1da060+0x58]
J 10666 C1 scala.collection.mutable.ResizableArray.foreach(Lscala/Function1;)V (37 bytes) @ 0x00000001106a86dc [0x00000001106a8440+0x29c]
J 9017 C1 scala.collection.mutable.ArrayBuffer.foreach(Lscala/Function1;)V (6 bytes) @ 0x00000001102b2554 [0x00000001102b2480+0xd4]
J 2656 C1 scala.collection.AbstractTraversable.map(Lscala/Function1;Lscala/collection/generic/CanBuildFrom;)Ljava/lang/Object; (7 bytes) @ 0x000000010f25d3c4 [0x000000010f25cb20+0x8a4]
j  org.apache.spark.sql.hive.execution.HiveComparisonTest.doTest$1(ZZLjava/lang/String;Lscala/collection/Seq;Lscala/runtime/LazyRef;)V+304
j  org.apache.spark.sql.hive.execution.HiveComparisonTest.$anonfun$createQueryTest$10(Lorg/apache/spark/sql/hive/execution/HiveComparisonTest;ZLjava/lang/String;Ljava/lang/String;ZZ)Ljava/lang/Object;+446
j  org.apache.spark.sql.hive.execution.HiveComparisonTest$$Lambda$718.apply()Ljava/lang/Object;+24
j  org.scalatest.OutcomeOf.outcomeOf(Lscala/Function0;)Lorg/scalatest/Outcome;+1
j  org.scalatest.OutcomeOf.outcomeOf$(Lorg/scalatest/OutcomeOf;Lscala/Function0;)Lorg/scalatest/Outcome;+2
j  org.scalatest.OutcomeOf$.outcomeOf(Lscala/Function0;)Lorg/scalatest/Outcome;+2
j  org.scalatest.Transformer.apply()Lorg/scalatest/Outcome;+7
j  org.scalatest.Transformer.apply()Ljava/lang/Object;+1
j  org.scalatest.funsuite.AnyFunSuiteLike$$anon$1.apply()Lorg/scalatest/Outcome;+10
j  org.apache.spark.SparkFunSuite.withFixture(Lorg/scalatest/TestSuite$NoArgTest;)Lorg/scalatest/Outcome;+42
j  org.scalatest.funsuite.AnyFunSuiteLike.invokeWithFixture$1(Lorg/scalatest/SuperEngine$TestLeaf;Lorg/scalatest/Args;Ljava/lang/String;)Lorg/scalatest/Outcome;+29
j  org.scalatest.funsuite.AnyFunSuiteLike.$anonfun$runTest$1(Lorg/scalatest/funsuite/AnyFunSuiteLike;Lorg/scalatest/Args;Ljava/lang/String;Lorg/scalatest/SuperEngine$TestLeaf;)Lorg/scalatest/Outcome;+4
j  org.scalatest.funsuite.AnyFunSuiteLike$$Lambda$824.apply(Ljava/lang/Object;)Ljava/lang/Object;+16
j  org.scalatest.SuperEngine.runTestImpl(Lorg/scalatest/Suite;Ljava/lang/String;Lorg/scalatest/Args;ZLscala/Function1;)Lorg/scalatest/Status;+506
j  org.scalatest.funsuite.AnyFunSuiteLike.runTest(Ljava/lang/String;Lorg/scalatest/Args;)Lorg/scalatest/Status;+18
j  org.scalatest.funsuite.AnyFunSuiteLike.runTest$(Lorg/scalatest/funsuite/AnyFunSuiteLike;Ljava/lang/String;Lorg/scalatest/Args;)Lorg/scalatest/Status;+3
j  org.apache.spark.SparkFunSuite.org$scalatest$BeforeAndAfterEach$$super$runTest(Ljava/lang/String;Lorg/scalatest/Args;)Lorg/scalatest/Status;+3
j  org.scalatest.BeforeAndAfterEach.runTest(Ljava/lang/String;Lorg/scalatest/Args;)Lorg/scalatest/Status;+27
j  org.scalatest.BeforeAndAfterEach.runTest$(Lorg/scalatest/BeforeAndAfterEach;Ljava/lang/String;Lorg/scalatest/Args;)Lorg/scalatest/Status;+3
j  org.apache.spark.sql.hive.execution.HiveCompatibilitySuite.org$scalatest$BeforeAndAfter$$super$runTest(Ljava/lang/String;Lorg/scalatest/Args;)Lorg/scalatest/Status;+3
j  org.scalatest.BeforeAndAfter.runTest(Ljava/lang/String;Lorg/scalatest/Args;)Lorg/scalatest/Status;+113
j  org.scalatest.BeforeAndAfter.runTest$(Lorg/scalatest/BeforeAndAfter;Ljava/lang/String;Lorg/scalatest/Args;)Lorg/scalatest/Status;+3
j  org.apache.spark.sql.hive.execution.HiveCompatibilitySuite.runTest(Ljava/lang/String;Lorg/scalatest/Args;)Lorg/scalatest/Status;+3
j  org.scalatest.funsuite.AnyFunSuiteLike.$anonfun$runTests$1(Lorg/scalatest/funsuite/AnyFunSuiteLike;Ljava/lang/String;Lorg/scalatest/Args;)Lorg/scalatest/Status;+3
j  org.scalatest.funsuite.AnyFunSuiteLike$$Lambda$820.apply(Ljava/lang/Object;Ljava/lang/Object;)Ljava/lang/Object;+12
j  org.scalatest.SuperEngine.$anonfun$runTestsInBranch$1(Lorg/scalatest/SuperEngine;Lorg/scalatest/Args;Lorg/scalatest/Suite;Lorg/scalatest/SuperEngine$Branch;Lscala/collection/mutable/ListBuffer;Lscala/Function2;ZLorg/scalatest/SuperEngine$Node;)Ljava/lang/Object;+229
j  org.scalatest.SuperEngine$$Lambda$821.apply(Ljava/lang/Object;)Ljava/lang/Object;+32
J 2557 C2 scala.collection.immutable.List.foreach(Lscala/Function1;)V (32 bytes) @ 0x000000010f1efc58 [0x000000010f1efbc0+0x98]
j  org.scalatest.SuperEngine.traverseSubNodes$1(Lorg/scalatest/SuperEngine$Branch;Lorg/scalatest/Args;Lorg/scalatest/Suite;Lscala/collection/mutable/ListBuffer;Lscala/Function2;Z)V+22
j  org.scalatest.SuperEngine.runTestsInBranch(Lorg/scalatest/Suite;Lorg/scalatest/SuperEngine$Branch;Lorg/scalatest/Args;ZLscala/Function2;)Lorg/scalatest/Status;+191
j  org.scalatest.SuperEngine.runTestsImpl(Lorg/scalatest/Suite;Lscala/Option;Lorg/scalatest/Args;Lorg/scalatest/Informer;ZLscala/Function2;)Lorg/scalatest/Status;+410
j  org.scalatest.funsuite.AnyFunSuiteLike.runTests(Lscala/Option;Lorg/scalatest/Args;)Lorg/scalatest/Status;+22
j  org.scalatest.funsuite.AnyFunSuiteLike.runTests$(Lorg/scalatest/funsuite/AnyFunSuiteLike;Lscala/Option;Lorg/scalatest/Args;)Lorg/scalatest/Status;+3
j  org.scalatest.funsuite.AnyFunSuite.runTests(Lscala/Option;Lorg/scalatest/Args;)Lorg/scalatest/Status;+3
j  org.scalatest.Suite.run(Lscala/Option;Lorg/scalatest/Args;)Lorg/scalatest/Status;+235
j  org.scalatest.Suite.run$(Lorg/scalatest/Suite;Lscala/Option;Lorg/scalatest/Args;)Lorg/scalatest/Status;+3
j  org.scalatest.funsuite.AnyFunSuite.org$scalatest$funsuite$AnyFunSuiteLike$$super$run(Lscala/Option;Lorg/scalatest/Args;)Lorg/scalatest/Status;+3
j  org.scalatest.funsuite.AnyFunSuiteLike.$anonfun$run$1(Lorg/scalatest/funsuite/AnyFunSuiteLike;Lscala/Option;Lorg/scalatest/Args;)Lorg/scalatest/Status;+3
j  org.scalatest.funsuite.AnyFunSuiteLike$$Lambda$813.apply(Ljava/lang/Object;Ljava/lang/Object;)Ljava/lang/Object;+12
j  org.scalatest.SuperEngine.runImpl(Lorg/scalatest/Suite;Lscala/Option;Lorg/scalatest/Args;Lscala/Function2;)Lorg/scalatest/Status;+358
j  org.scalatest.funsuite.AnyFunSuiteLike.run(Lscala/Option;Lorg/scalatest/Args;)Lorg/scalatest/Status;+15
j  org.scalatest.funsuite.AnyFunSuiteLike.run$(Lorg/scalatest/funsuite/AnyFunSuiteLike;Lscala/Option;Lorg/scalatest/Args;)Lorg/scalatest/Status;+3
j  org.apache.spark.SparkFunSuite.org$scalatest$BeforeAndAfterAll$$super$run(Lscala/Option;Lorg/scalatest/Args;)Lorg/scalatest/Status;+3
j  org.scalatest.BeforeAndAfterAll.liftedTree1$1(Lorg/scalatest/Args;Lscala/Option;)Lscala/Tuple2;+49
j  org.scalatest.BeforeAndAfterAll.run(Lscala/Option;Lorg/scalatest/Args;)Lorg/scalatest/Status;+3
j  org.scalatest.BeforeAndAfterAll.run$(Lorg/scalatest/BeforeAndAfterAll;Lscala/Option;Lorg/scalatest/Args;)Lorg/scalatest/Status;+3
j  org.apache.spark.sql.hive.execution.HiveCompatibilitySuite.org$scalatest$BeforeAndAfter$$super$run(Lscala/Option;Lorg/scalatest/Args;)Lorg/scalatest/Status;+3
j  org.scalatest.BeforeAndAfter.run(Lscala/Option;Lorg/scalatest/Args;)Lorg/scalatest/Status;+10
j  org.scalatest.BeforeAndAfter.run$(Lorg/scalatest/BeforeAndAfter;Lscala/Option;Lorg/scalatest/Args;)Lorg/scalatest/Status;+3
j  org.apache.spark.sql.hive.execution.HiveCompatibilitySuite.run(Lscala/Option;Lorg/scalatest/Args;)Lorg/scalatest/Status;+3
j  org.scalatest.tools.SuiteRunner.run()V+184
j  org.scalatest.tools.Runner$.$anonfun$doRunRunRunDaDoRunRun$13(Lscala/collection/immutable/Set;Lscala/collection/immutable/Set;Lorg/scalatest/DispatchReporter;Lorg/scalatest/Stopper;Lorg/scalatest/ConfigMap;Lscala/runtime/ObjectRef;Lscala/collection/immutable/Set;Lorg/scalatest/tools/SuiteConfig;)V+162
j  org.scalatest.tools.Runner$.$anonfun$doRunRunRunDaDoRunRun$13$adapted(Lscala/collection/immutable/Set;Lscala/collection/immutable/Set;Lorg/scalatest/DispatchReporter;Lorg/scalatest/Stopper;Lorg/scalatest/ConfigMap;Lscala/runtime/ObjectRef;Lscala/collection/immutable/Set;Lorg/scalatest/tools/SuiteConfig;)Ljava/lang/Object;+12
j  org.scalatest.tools.Runner$$$Lambda$807.apply(Ljava/lang/Object;)Ljava/lang/Object;+32
J 2557 C2 scala.collection.immutable.List.foreach(Lscala/Function1;)V (32 bytes) @ 0x000000010f1efc58 [0x000000010f1efbc0+0x98]
j  org.scalatest.tools.Runner$.doRunRunRunDaDoRunRun(Lorg/scalatest/DispatchReporter;Lscala/collection/immutable/List;Lscala/collection/immutable/List;Lscala/collection/immutable/List;Lscala/collection/immutable/List;Lorg/scalatest/Stopper;Lscala/collection/immutable/Set;Lscala/collection/immutable/Set;Lorg/scalatest/ConfigMap;ZLscala/collection/immutable/List;Lscala/collection/immutable/List;Lscala/collection/immutable/List;Lscala/collection/immutable/List;Ljava/lang/ClassLoader;Lorg/scalatest/tools/RunDoneListener;ILorg/scalatest/tools/ConcurrentConfig;Lscala/Option;Lscala/collection/immutable/Set;Lorg/scalatest/time/Span;)V+1488
j  org.scalatest.tools.Runner$.$anonfun$runOptionallyWithPassFailReporter$24(Lscala/collection/immutable/List;Lscala/collection/immutable/List;Lscala/collection/immutable/List;Lscala/collection/immutable/List;Lscala/collection/immutable/Set;Lscala/collection/immutable/Set;Lorg/scalatest/ConfigMap;ZLscala/collection/immutable/List;Lscala/collection/immutable/List;Lscala/collection/immutable/List;Lscala/collection/immutable/List;Lorg/scalatest/tools/ConcurrentConfig;Lscala/Option;Lscala/collection/immutable/Set;Lorg/scalatest/time/Span;Ljava/lang/ClassLoader;Lorg/scalatest/DispatchReporter;)V+49
j  org.scalatest.tools.Runner$.$anonfun$runOptionallyWithPassFailReporter$24$adapted(Lscala/collection/immutable/List;Lscala/collection/immutable/List;Lscala/collection/immutable/List;Lscala/collection/immutable/List;Lscala/collection/immutable/Set;Lscala/collection/immutable/Set;Lorg/scalatest/ConfigMap;ZLscala/collection/immutable/List;Lscala/collection/immutable/List;Lscala/collection/immutable/List;Lscala/collection/immutable/List;Lorg/scalatest/tools/ConcurrentConfig;Lscala/Option;Lscala/collection/immutable/Set;Lorg/scalatest/time/Span;Ljava/lang/ClassLoader;Lorg/scalatest/DispatchReporter;)Ljava/lang/Object;+32
j  org.scalatest.tools.Runner$$$Lambda$60.apply(Ljava/lang/Object;Ljava/lang/Object;)Ljava/lang/Object;+72
j  org.scalatest.tools.Runner$.withClassLoaderAndDispatchReporter(Lscala/collection/immutable/List;Lorg/scalatest/tools/ReporterConfigurations;Lscala/Option;Lscala/Option;ZJJLscala/Function2;)V+44
j  org.scalatest.tools.Runner$.runOptionallyWithPassFailReporter([Ljava/lang/String;Z)Z+2026
j  org.scalatest.tools.Runner$.run([Ljava/lang/String;)Z+18
j  org.scalatest.tools.Runner.run([Ljava/lang/String;)Z+4
j  org.jetbrains.plugins.scala.testingSupport.scalaTest.ScalaTestRunner.runScalaTest2([Ljava/lang/String;)V+776
j  org.jetbrains.plugins.scala.testingSupport.scalaTest.ScalaTestRunner.main([Ljava/lang/String;)V+7
v  ~StubRoutines::call_stub

---------------  P R O C E S S  ---------------

Java Threads: ( => current thread )
  0x00007fa348e43000 JavaThread "task-result-getter-0" daemon [_thread_blocked, id=31747, stack(0x000070000eb0a000,0x000070000ec0a000)]
  0x00007fa345317000 JavaThread "Executor task launch worker for task 0.0 in stage 0.0 (TID 0)" daemon [_thread_blocked, id=34083, stack(0x000070000ea07000,0x000070000eb07000)]
  0x00007fa348f10800 JavaThread "HMSHandler #0" daemon [_thread_blocked, id=34467, stack(0x000070000e904000,0x000070000ea04000)]
  0x00007fa3400e5800 JavaThread "BoneCP-pool-watch-thread" daemon [_thread_blocked, id=34819, stack(0x000070000e801000,0x000070000e901000)]
  0x00007fa33f6fc800 JavaThread "BoneCP-keep-alive-scheduler" daemon [_thread_blocked, id=35331, stack(0x000070000e6fe000,0x000070000e7fe000)]
  0x00007fa3448d7000 JavaThread "com.google.common.base.internal.Finalizer" daemon [_thread_blocked, id=31235, stack(0x000070000e5fb000,0x000070000e6fb000)]
  0x00007fa342eaf800 JavaThread "BoneCP-pool-watch-thread" daemon [_thread_blocked, id=35843, stack(0x000070000e4f8000,0x000070000e5f8000)]
  0x00007fa342ea6800 JavaThread "BoneCP-keep-alive-scheduler" daemon [_thread_blocked, id=30723, stack(0x000070000e3f5000,0x000070000e4f5000)]
  0x00007fa342ea9800 JavaThread "com.google.common.base.internal.Finalizer" daemon [_thread_blocked, id=30467, stack(0x000070000e2f2000,0x000070000e3f2000)]
  0x00007fa3435aa000 JavaThread "derby.rawStoreDaemon" daemon [_thread_blocked, id=29955, stack(0x000070000e1ef000,0x000070000e2ef000)]
  0x00007fa345a53800 JavaThread "Timer-0" daemon [_thread_blocked, id=36611, stack(0x000070000e0ec000,0x000070000e1ec000)]
  0x00007fa34051d000 JavaThread "process reaper" daemon [_thread_blocked, id=29443, stack(0x000070000b0dc000,0x000070000b104000)]
  0x00007fa3404dc000 JavaThread "spark-listener-group-shared" daemon [_thread_blocked, id=29187, stack(0x000070000dfe9000,0x000070000e0e9000)]
  0x00007fa342b60000 JavaThread "org.apache.hadoop.fs.FileSystem$Statistics$StatisticsDataReferenceCleaner" daemon [_thread_blocked, id=28931, stack(0x000070000dee6000,0x000070000dfe6000)]
  0x00007fa3412a5800 JavaThread "element-tracking-store-worker" daemon [_thread_blocked, id=28419, stack(0x000070000dde3000,0x000070000dee3000)]
  0x00007fa33f700000 JavaThread "spark-listener-group-executorManagement" daemon [_thread_blocked, id=27907, stack(0x000070000dce0000,0x000070000dde0000)]
  0x00007fa33f6fb800 JavaThread "spark-listener-group-appStatus" daemon [_thread_blocked, id=37891, stack(0x000070000dbdd000,0x000070000dcdd000)]
  0x00007fa33fbc2000 JavaThread "context-cleaner-periodic-gc" daemon [_thread_blocked, id=27395, stack(0x000070000dada000,0x000070000dbda000)]
  0x00007fa3415ca000 JavaThread "Spark Context Cleaner" daemon [_thread_blocked, id=26883, stack(0x000070000d9d7000,0x000070000dad7000)]
  0x00007fa341595800 JavaThread "shuffle-boss-6-1" daemon [_thread_in_native, id=26627, stack(0x000070000d8d4000,0x000070000d9d4000)]
  0x00007fa3415a2000 JavaThread "executor-heartbeater" daemon [_thread_blocked, id=38403, stack(0x000070000d7d1000,0x000070000d8d1000)]
  0x00007fa341590000 JavaThread "driver-heartbeater" daemon [_thread_blocked, id=25859, stack(0x000070000d6ce000,0x000070000d7ce000)]
  0x00007fa341a1e800 JavaThread "dag-scheduler-event-loop" daemon [_thread_blocked, id=25347, stack(0x000070000d5cb000,0x000070000d6cb000)]
  0x00007fa33f935800 JavaThread "task-abort-timer" daemon [_thread_blocked, id=25091, stack(0x000070000d4c8000,0x000070000d5c8000)]
  0x00007fa341589800 JavaThread "task-starvation-timer" daemon [_thread_blocked, id=39171, stack(0x000070000d3c5000,0x000070000d4c5000)]
  0x00007fa33f972000 JavaThread "netty-rpc-env-timeout" daemon [_thread_blocked, id=24579, stack(0x000070000d2c2000,0x000070000d3c2000)]
  0x00007fa34189a000 JavaThread "heartbeat-receiver-event-loop-thread" daemon [_thread_blocked, id=24067, stack(0x000070000d1bf000,0x000070000d2bf000)]
  0x00007fa341898800 JavaThread "RemoteBlock-temp-file-clean-thread" daemon [_thread_blocked, id=23555, stack(0x000070000d0bc000,0x000070000d1bc000)]
  0x00007fa33f120000 JavaThread "dispatcher-BlockManagerEndpoint1" daemon [_thread_blocked, id=39427, stack(0x000070000cfb9000,0x000070000d0b9000)]
  0x00007fa33f0c8000 JavaThread "dispatcher-BlockManagerMaster" daemon [_thread_blocked, id=39683, stack(0x000070000ceb6000,0x000070000cfb6000)]
  0x00007fa34187e000 JavaThread "map-output-dispatcher-7" daemon [_thread_blocked, id=40195, stack(0x000070000cdb3000,0x000070000ceb3000)]
  0x00007fa3414d5000 JavaThread "map-output-dispatcher-6" daemon [_thread_blocked, id=40451, stack(0x000070000ccb0000,0x000070000cdb0000)]
  0x00007fa34187d800 JavaThread "map-output-dispatcher-5" daemon [_thread_blocked, id=40963, stack(0x000070000cbad000,0x000070000ccad000)]
  0x00007fa33f96f000 JavaThread "map-output-dispatcher-4" daemon [_thread_blocked, id=41475, stack(0x000070000caaa000,0x000070000cbaa000)]
  0x00007fa34187c800 JavaThread "map-output-dispatcher-3" daemon [_thread_blocked, id=41731, stack(0x000070000c9a7000,0x000070000caa7000)]
  0x00007fa3414cf000 JavaThread "map-output-dispatcher-2" daemon [_thread_blocked, id=22275, stack(0x000070000c8a4000,0x000070000c9a4000)]
  0x00007fa34187c000 JavaThread "map-output-dispatcher-1" daemon [_thread_blocked, id=42499, stack(0x000070000c7a1000,0x000070000c8a1000)]
  0x00007fa3414cc000 JavaThread "map-output-dispatcher-0" daemon [_thread_blocked, id=43011, stack(0x000070000c69e000,0x000070000c79e000)]
  0x00007fa341639000 JavaThread "dispatcher-event-loop-1" daemon [_thread_blocked, id=22019, stack(0x000070000c59b000,0x000070000c69b000)]
  0x00007fa341638000 JavaThread "dispatcher-event-loop-0" daemon [_thread_blocked, id=16899, stack(0x000070000c498000,0x000070000c598000)]
  0x00007fa340100800 JavaThread "rpc-boss-3-1" daemon [_thread_in_native, id=16387, stack(0x000070000c395000,0x000070000c495000)]
  0x00007fa33fc71000 JavaThread "ScalaTest-dispatcher" [_thread_blocked, id=17411, stack(0x000070000c292000,0x000070000c392000)]
  0x00007fa33e9ea000 JavaThread "Service Thread" daemon [_thread_blocked, id=17923, stack(0x000070000c08c000,0x000070000c18c000)]
  0x00007fa33f01c800 JavaThread "C1 CompilerThread2" daemon [_thread_blocked, id=18179, stack(0x000070000bf89000,0x000070000c089000)]
  0x00007fa33e9e9800 JavaThread "C2 CompilerThread1" daemon [_thread_blocked, id=15363, stack(0x000070000be86000,0x000070000bf86000)]
  0x00007fa33f01b800 JavaThread "C2 CompilerThread0" daemon [_thread_blocked, id=13579, stack(0x000070000bd83000,0x000070000be83000)]
  0x00007fa33f81a800 JavaThread "JDWP Command Reader" daemon [_thread_in_native, id=14851, stack(0x000070000bc80000,0x000070000bd80000)]
  0x00007fa33e821000 JavaThread "JDWP Event Helper Thread" daemon [_thread_blocked, id=18947, stack(0x000070000bb7d000,0x000070000bc7d000)]
  0x00007fa33e807800 JavaThread "JDWP Transport Listener: dt_socket" daemon [_thread_blocked, id=19463, stack(0x000070000ba7a000,0x000070000bb7a000)]
  0x00007fa33e806000 JavaThread "Signal Dispatcher" daemon [_thread_blocked, id=19715, stack(0x000070000b977000,0x000070000ba77000)]
  0x00007fa340054000 JavaThread "Finalizer" daemon [_thread_blocked, id=12291, stack(0x000070000b874000,0x000070000b974000)]
  0x00007fa340051000 JavaThread "Reference Handler" daemon [_thread_blocked, id=12035, stack(0x000070000b771000,0x000070000b871000)]
=>0x00007fa33f009000 JavaThread "ScalaTest-run-running-HiveCompatibilitySuite" [_thread_in_vm, id=10499, stack(0x000070000b15f000,0x000070000b25f000)]

Other Threads:
  0x00007fa34004a800 VMThread [stack: 0x000070000b66e000,0x000070000b76e000] [id=21251]
  0x00007fa33e9eb000 WatcherThread [stack: 0x000070000c18f000,0x000070000c28f000] [id=15875]

VM state:synchronizing (normal execution)

VM Mutex/Monitor currently owned by a thread:  ([mutex/lock_event])
[0x00007fa33e411380] Threads_lock - owner thread: 0x00007fa34004a800

heap address: 0x0000000740000000, size: 2048 MB, Compressed Oops mode: Zero based, Oop shift amount: 3
Narrow klass base: 0x0000000000000000, Narrow klass shift: 3
Compressed class space size: 1073741824 Address: 0x00000007c0000000

Heap:
 PSYoungGen      total 628736K, used 157036K [0x0000000795580000, 0x00000007c0000000, 0x00000007c0000000)
  eden space 609792K, 22% used [0x0000000795580000,0x000000079dc5d860,0x00000007ba900000)
  from space 18944K, 99% used [0x00000007ba900000,0x00000007bbb7d9d0,0x00000007bbb80000)
  to   space 24064K, 0% used [0x00000007be880000,0x00000007be880000,0x00000007c0000000)
 ParOldGen       total 963584K, used 859028K [0x0000000740000000, 0x000000077ad00000, 0x0000000795580000)
  object space 963584K, 89% used [0x0000000740000000,0x00000007746e50a8,0x000000077ad00000)
 Metaspace       used 141580K, capacity 155174K, committed 155224K, reserved 1183744K
  class space    used 18466K, capacity 21848K, committed 21888K, reserved 1048576K

Card table byte_map: [0x000000010497a000,0x0000000104d7b000] byte_map_base: 0x0000000100f7a000

Marking Bits: (ParMarkBitMap*) 0x0000000103efceb0
 Begin Bits: [0x0000000105026000, 0x0000000107026000)
 End Bits:   [0x0000000107026000, 0x0000000109026000)

Polling page: 0x0000000102c59000

CodeCache: size=245760Kb used=36107Kb max_used=36111Kb free=209652Kb
 bounds [0x000000010ea7c000, 0x0000000110ddc000, 0x000000011da7c000]
 total_blobs=12286 nmethods=11207 adapters=996
 compilation: enabled

Compilation events (10 events):
Event: 81.015 Thread 0x00007fa33f01c800 13340       3       com.fasterxml.jackson.databind.ObjectMapper::_assertNotNull (27 bytes)
Event: 81.016 Thread 0x00007fa33f01c800 nmethod 13340 0x0000000110dc9f50 code [0x0000000110dca1a0, 0x0000000110dcaef8]
Event: 81.016 Thread 0x00007fa33f01c800 13341       3       com.fasterxml.jackson.core.json.JsonReadContext::<init> (37 bytes)
Event: 81.017 Thread 0x00007fa33f01c800 nmethod 13341 0x0000000110dc5e50 code [0x0000000110dc5fc0, 0x0000000110dc6210]
Event: 81.017 Thread 0x00007fa33f01c800 13339       3       org.apache.spark.util.ListenerBus::postToAll$ (6 bytes)
Event: 81.017 Thread 0x00007fa33f01c800 nmethod 13339 0x0000000110dc5a90 code [0x0000000110dc5c00, 0x0000000110dc5d88]
Event: 81.022 Thread 0x00007fa33f01b800 nmethod 13329 0x0000000110dc4710 code [0x0000000110dc48e0, 0x0000000110dc52d8]
Event: 81.031 Thread 0x00007fa33e9e9800 13351       4       java.lang.StringBuilder::append (6 bytes)
Event: 81.032 Thread 0x00007fa33f01c800 13355       3       java.lang.invoke.MethodType::invokerType (15 bytes)
Event: 81.033 Thread 0x00007fa33f01c800 nmethod 13355 0x0000000110dd7690 code [0x0000000110dd7800, 0x0000000110dd7be8]

GC Heap History (10 events):
Event: 47.181 GC heap before
{Heap before GC invocations=25 (full 3):
 PSYoungGen      total 475648K, used 471987K [0x0000000795580000, 0x00000007b7400000, 0x00000007c0000000)
  eden space 462848K, 100% used [0x0000000795580000,0x00000007b1980000,0x00000007b1980000)
  from space 12800K, 71% used [0x00000007b1980000,0x00000007b226cde0,0x00000007b2600000)
  to   space 13824K, 0% used [0x00000007b6680000,0x00000007b6680000,0x00000007b7400000)
 ParOldGen       total 96768K, used 24106K [0x0000000740000000, 0x0000000745e80000, 0x0000000795580000)
  object space 96768K, 24% used [0x0000000740000000,0x000000074178a928,0x0000000745e80000)
 Metaspace       used 89158K, capacity 95116K, committed 95192K, reserved 1130496K
  class space    used 11135K, capacity 13772K, committed 13824K, reserved 1048576K
Event: 47.202 GC heap after
Heap after GC invocations=25 (full 3):
 PSYoungGen      total 540672K, used 10712K [0x0000000795580000, 0x00000007b7600000, 0x00000007c0000000)
  eden space 526848K, 0% used [0x0000000795580000,0x0000000795580000,0x00000007b5800000)
  from space 13824K, 77% used [0x00000007b6680000,0x00000007b70f6290,0x00000007b7400000)
  to   space 14848K, 0% used [0x00000007b5800000,0x00000007b5800000,0x00000007b6680000)
 ParOldGen       total 96768K, used 24114K [0x0000000740000000, 0x0000000745e80000, 0x0000000795580000)
  object space 96768K, 24% used [0x0000000740000000,0x000000074178c928,0x0000000745e80000)
 Metaspace       used 89158K, capacity 95116K, committed 95192K, reserved 1130496K
  class space    used 11135K, capacity 13772K, committed 13824K, reserved 1048576K
}
Event: 48.299 GC heap before
{Heap before GC invocations=26 (full 3):
 PSYoungGen      total 540672K, used 124263K [0x0000000795580000, 0x00000007b7600000, 0x00000007c0000000)
  eden space 526848K, 21% used [0x0000000795580000,0x000000079c463be0,0x00000007b5800000)
  from space 13824K, 77% used [0x00000007b6680000,0x00000007b70f6290,0x00000007b7400000)
  to   space 14848K, 0% used [0x00000007b5800000,0x00000007b5800000,0x00000007b6680000)
 ParOldGen       total 96768K, used 24114K [0x0000000740000000, 0x0000000745e80000, 0x0000000795580000)
  object space 96768K, 24% used [0x0000000740000000,0x000000074178c928,0x0000000745e80000)
 Metaspace       used 91922K, capacity 98348K, committed 98496K, reserved 1132544K
  class space    used 11575K, capacity 14628K, committed 14720K, reserved 1048576K
Event: 48.311 GC heap after
Heap after GC invocations=26 (full 3):
 PSYoungGen      total 541696K, used 9491K [0x0000000795580000, 0x00000007bca80000, 0x00000007c0000000)
  eden space 526848K, 0% used [0x0000000795580000,0x0000000795580000,0x00000007b5800000)
  from space 14848K, 63% used [0x00000007b5800000,0x00000007b6144ee0,0x00000007b6680000)
  to   space 15360K, 0% used [0x00000007bbb80000,0x00000007bbb80000,0x00000007bca80000)
 ParOldGen       total 96768K, used 24141K [0x0000000740000000, 0x0000000745e80000, 0x0000000795580000)
  object space 96768K, 24% used [0x0000000740000000,0x0000000741793558,0x0000000745e80000)
 Metaspace       used 91922K, capacity 98348K, committed 98496K, reserved 1132544K
  class space    used 11575K, capacity 14628K, committed 14720K, reserved 1048576K
}
Event: 48.311 GC heap before
{Heap before GC invocations=27 (full 4):
 PSYoungGen      total 541696K, used 9491K [0x0000000795580000, 0x00000007bca80000, 0x00000007c0000000)
  eden space 526848K, 0% used [0x0000000795580000,0x0000000795580000,0x00000007b5800000)
  from space 14848K, 63% used [0x00000007b5800000,0x00000007b6144ee0,0x00000007b6680000)
  to   space 15360K, 0% used [0x00000007bbb80000,0x00000007bbb80000,0x00000007bca80000)
 ParOldGen       total 96768K, used 24141K [0x0000000740000000, 0x0000000745e80000, 0x0000000795580000)
  object space 96768K, 24% used [0x0000000740000000,0x0000000741793558,0x0000000745e80000)
 Metaspace       used 91922K, capacity 98348K, committed 98496K, reserved 1132544K
  class space    used 11575K, capacity 14628K, committed 14720K, reserved 1048576K
Event: 48.423 GC heap after
Heap after GC invocations=27 (full 4):
 PSYoungGen      total 541696K, used 0K [0x0000000795580000, 0x00000007bca80000, 0x00000007c0000000)
  eden space 526848K, 0% used [0x0000000795580000,0x0000000795580000,0x00000007b5800000)
  from space 14848K, 0% used [0x00000007b5800000,0x00000007b5800000,0x00000007b6680000)
  to   space 15360K, 0% used [0x00000007bbb80000,0x00000007bbb80000,0x00000007bca80000)
 ParOldGen       total 140288K, used 29084K [0x0000000740000000, 0x0000000748900000, 0x0000000795580000)
  object space 140288K, 20% used [0x0000000740000000,0x0000000741c67080,0x0000000748900000)
 Metaspace       used 90800K, capacity 95170K, committed 98496K, reserved 1132544K
  class space    used 11309K, capacity 12418K, committed 14720K, reserved 1048576K
}
Event: 57.008 GC heap before
{Heap before GC invocations=28 (full 4):
 PSYoungGen      total 541696K, used 526848K [0x0000000795580000, 0x00000007bca80000, 0x00000007c0000000)
  eden space 526848K, 100% used [0x0000000795580000,0x00000007b5800000,0x00000007b5800000)
  from space 14848K, 0% used [0x00000007b5800000,0x00000007b5800000,0x00000007b6680000)
  to   space 15360K, 0% used [0x00000007bbb80000,0x00000007bbb80000,0x00000007bca80000)
 ParOldGen       total 140288K, used 29084K [0x0000000740000000, 0x0000000748900000, 0x0000000795580000)
  object space 140288K, 20% used [0x0000000740000000,0x0000000741c67080,0x0000000748900000)
 Metaspace       used 117277K, capacity 125898K, committed 126168K, reserved 1157120K
  class space    used 15013K, capacity 17547K, committed 17664K, reserved 1048576K
Event: 57.042 GC heap after
Heap after GC invocations=28 (full 4):
 PSYoungGen      total 625152K, used 15357K [0x0000000795580000, 0x00000007bd100000, 0x00000007c0000000)
  eden space 609792K, 0% used [0x0000000795580000,0x0000000795580000,0x00000007ba900000)
  from space 15360K, 99% used [0x00000007bbb80000,0x00000007bca7f5b0,0x00000007bca80000)
  to   space 18944K, 0% used [0x00000007ba900000,0x00000007ba900000,0x00000007bbb80000)
 ParOldGen       total 140288K, used 31256K [0x0000000740000000, 0x0000000748900000, 0x0000000795580000)
  object space 140288K, 22% used [0x0000000740000000,0x0000000741e86300,0x0000000748900000)
 Metaspace       used 117277K, capacity 125898K, committed 126168K, reserved 1157120K
  class space    used 15013K, capacity 17547K, committed 17664K, reserved 1048576K
}
Event: 79.722 GC heap before
{Heap before GC invocations=29 (full 4):
 PSYoungGen      total 625152K, used 625149K [0x0000000795580000, 0x00000007bd100000, 0x00000007c0000000)
  eden space 609792K, 100% used [0x0000000795580000,0x00000007ba900000,0x00000007ba900000)
  from space 15360K, 99% used [0x00000007bbb80000,0x00000007bca7f5b0,0x00000007bca80000)
  to   space 18944K, 0% used [0x00000007ba900000,0x00000007ba900000,0x00000007bbb80000)
 ParOldGen       total 140288K, used 31256K [0x0000000740000000, 0x0000000748900000, 0x0000000795580000)
  object space 140288K, 22% used [0x0000000740000000,0x0000000741e86300,0x0000000748900000)
 Metaspace       used 136650K, capacity 147318K, committed 147544K, reserved 1175552K
  class space    used 17514K, capacity 20550K, committed 20608K, reserved 1048576K
Event: 79.766 GC heap after
Heap after GC invocations=29 (full 4):
 PSYoungGen      total 628736K, used 18934K [0x0000000795580000, 0x00000007c0000000, 0x00000007c0000000)
  eden space 609792K, 0% used [0x0000000795580000,0x0000000795580000,0x00000007ba900000)
  from space 18944K, 99% used [0x00000007ba900000,0x00000007bbb7d9d0,0x00000007bbb80000)
  to   space 24064K, 0% used [0x00000007be880000,0x00000007be880000,0x00000007c0000000)
 ParOldGen       total 140288K, used 35895K [0x0000000740000000, 0x0000000748900000, 0x0000000795580000)
  object space 140288K, 25% used [0x0000000740000000,0x000000074230dd30,0x0000000748900000)
 Metaspace       used 136650K, capacity 147318K, committed 147544K, reserved 1175552K
  class space    used 17514K, capacity 20550K, committed 20608K, reserved 1048576K
}

Deoptimization events (10 events):
Event: 80.435 Thread 0x00007fa345317000 Uncommon trap: reason=unstable_if action=reinterpret pc=0x000000010f6ba56c method=java.io.ObjectInputStream$PeekInputStream.read([BII)I @ 10
Event: 80.435 Thread 0x00007fa345317000 Uncommon trap: reason=unstable_if action=reinterpret pc=0x000000010f2ac288 method=java.io.ObjectInputStream$PeekInputStream.read([BII)I @ 10
Event: 80.469 Thread 0x00007fa345317000 Uncommon trap: reason=speculate_class_check action=maybe_recompile pc=0x000000010f264ea8 method=java.lang.invoke.LambdaForm$MH/1831477404.linkToTargetMethod(Ljava/lang/Object;Ljava/lang/Object;)Ljava/lang/Object; @ 1
Event: 80.490 Thread 0x00007fa345317000 Uncommon trap: reason=unstable_if action=reinterpret pc=0x0000000110d523e4 method=java.util.Arrays.equals([B[B)Z @ 23
Event: 80.491 Thread 0x00007fa345317000 Uncommon trap: reason=unstable_if action=reinterpret pc=0x0000000110071bfc method=java.util.Arrays.equals([B[B)Z @ 2
Event: 80.552 Thread 0x00007fa345317000 Uncommon trap: reason=unstable_if action=reinterpret pc=0x000000011011599c method=java.lang.invoke.LambdaFormEditor$Transform.inRange(I)Z @ 27
Event: 80.741 Thread 0x00007fa345317000 Uncommon trap: reason=speculate_class_check action=maybe_recompile pc=0x000000010f264ea8 method=java.lang.invoke.LambdaForm$MH/1831477404.linkToTargetMethod(Ljava/lang/Object;Ljava/lang/Object;)Ljava/lang/Object; @ 1
Event: 80.761 Thread 0x00007fa345317000 Uncommon trap: reason=speculate_class_check action=maybe_recompile pc=0x000000010f264ea8 method=java.lang.invoke.LambdaForm$MH/1831477404.linkToTargetMethod(Ljava/lang/Object;Ljava/lang/Object;)Ljava/lang/Object; @ 1
Event: 80.766 Thread 0x00007fa345317000 Uncommon trap: reason=speculate_class_check action=maybe_recompile pc=0x000000010f264ea8 method=java.lang.invoke.LambdaForm$MH/1831477404.linkToTargetMethod(Ljava/lang/Object;Ljava/lang/Object;)Ljava/lang/Object; @ 1
Event: 80.967 Thread 0x00007fa341638000 Uncommon trap: reason=bimorphic action=maybe_recompile pc=0x00000001107748b8 method=scala.collection.generic.GenericTraversableTemplate.$anonfun$flatten$1(Lscala/collection/mutable/Builder;Lscala/Function1;Ljava/lang/Object;)Lscala/collection/mutable/Buil

Classes redefined (0 events):
No events

Internal exceptions (10 events):
Event: 80.291 Thread 0x00007fa341638000 Exception <a 'java/lang/NoSuchMethodError': <clinit>> (0x00000007973ffa10) thrown at [/Users/java_re/workspace/8-2-build-macosx-x86_64/jdk8u231/13620/hotspot/src/share/vm/prims/jni.cpp, line 1614]
Event: 80.293 Thread 0x00007fa341638000 Exception <a 'java/lang/NoSuchMethodError': <clinit>> (0x000000079741aa88) thrown at [/Users/java_re/workspace/8-2-build-macosx-x86_64/jdk8u231/13620/hotspot/src/share/vm/prims/jni.cpp, line 1614]
Event: 80.307 Thread 0x00007fa341638000 Exception <a 'java/lang/NoSuchMethodError': <clinit>> (0x00000007975198f0) thrown at [/Users/java_re/workspace/8-2-build-macosx-x86_64/jdk8u231/13620/hotspot/src/share/vm/prims/jni.cpp, line 1614]
Event: 80.308 Thread 0x00007fa341638000 Exception <a 'java/lang/NoSuchMethodError': <clinit>> (0x000000079751d128) thrown at [/Users/java_re/workspace/8-2-build-macosx-x86_64/jdk8u231/13620/hotspot/src/share/vm/prims/jni.cpp, line 1614]
Event: 80.309 Thread 0x00007fa341638000 Exception <a 'java/lang/NoSuchMethodError': <clinit>> (0x00000007975427f0) thrown at [/Users/java_re/workspace/8-2-build-macosx-x86_64/jdk8u231/13620/hotspot/src/share/vm/prims/jni.cpp, line 1614]
Event: 80.313 Thread 0x00007fa341638000 Exception <a 'java/lang/NoSuchMethodError': <clinit>> (0x00000007975849b0) thrown at [/Users/java_re/workspace/8-2-build-macosx-x86_64/jdk8u231/13620/hotspot/src/share/vm/prims/jni.cpp, line 1614]
Event: 80.314 Thread 0x00007fa341638000 Exception <a 'java/lang/NoSuchMethodError': <clinit>> (0x000000079759c2c8) thrown at [/Users/java_re/workspace/8-2-build-macosx-x86_64/jdk8u231/13620/hotspot/src/share/vm/prims/jni.cpp, line 1614]
Event: 80.315 Thread 0x00007fa341638000 Exception <a 'java/lang/NoSuchMethodError': <clinit>> (0x00000007975b5eb0) thrown at [/Users/java_re/workspace/8-2-build-macosx-x86_64/jdk8u231/13620/hotspot/src/share/vm/prims/jni.cpp, line 1614]
Event: 80.940 Thread 0x00007fa345317000 Exception <a 'java/lang/NoSuchMethodError': <clinit>> (0x000000079ca78808) thrown at [/Users/java_re/workspace/8-2-build-macosx-x86_64/jdk8u231/13620/hotspot/src/share/vm/prims/jni.cpp, line 1614]
Event: 80.952 Thread 0x00007fa345317000 Exception <a 'java/lang/NoSuchMethodError': <clinit>> (0x000000079cac4e50) thrown at [/Users/java_re/workspace/8-2-build-macosx-x86_64/jdk8u231/13620/hotspot/src/share/vm/prims/jni.cpp, line 1614]

Events (10 events):
Event: 81.030 loading class org/apache/spark/sql/execution/ui/LiveStageMetrics
Event: 81.030 loading class org/apache/spark/sql/execution/ui/LiveStageMetrics done
Event: 81.031 loading class org/apache/spark/sql/execution/ui/LiveStageMetrics
Event: 81.031 loading class org/apache/spark/sql/execution/ui/LiveStageMetrics done
Event: 81.034 loading class org/apache/spark/sql/execution/ui/LiveStageMetrics
Event: 81.034 loading class org/apache/spark/sql/execution/ui/LiveStageMetrics done
Event: 81.034 loading class org/apache/spark/sql/execution/ui/LiveStageMetrics
Event: 81.034 loading class org/apache/spark/sql/execution/ui/LiveStageMetrics done
Event: 81.037 Executing VM operation: RevokeBias
Event: 82.818 Executing VM operation: RevokeBias done


Dynamic libraries:
0x00007fff2e213000 	/System/Library/Frameworks/Cocoa.framework/Versions/A/Cocoa
0x00007fff39fe5000 	/System/Library/Frameworks/Security.framework/Versions/A/Security
0x00007fff2cea5000 	/System/Library/Frameworks/ApplicationServices.framework/Versions/A/ApplicationServices
0x00007fff5a0e2000 	/usr/lib/libz.1.dylib
0x00007fff57a38000 	/usr/lib/libSystem.B.dylib
0x00007fff59272000 	/usr/lib/libobjc.A.dylib
0x00007fff2ea88000 	/System/Library/Frameworks/CoreFoundation.framework/Versions/A/CoreFoundation
0x00007fff30d0d000 	/System/Library/Frameworks/Foundation.framework/Versions/C/Foundation
0x00007fff2c09e000 	/System/Library/Frameworks/AppKit.framework/Versions/C/AppKit
0x00007fff2e611000 	/System/Library/Frameworks/CoreData.framework/Versions/A/CoreData
0x00007fff514fd000 	/System/Library/PrivateFrameworks/RemoteViewServices.framework/Versions/A/RemoteViewServices
0x00007fff55774000 	/System/Library/PrivateFrameworks/UIFoundation.framework/Versions/A/UIFoundation
0x00007fff56e59000 	/System/Library/PrivateFrameworks/XCTTargetBootstrap.framework/Versions/A/XCTTargetBootstrap
0x00007fff2e997000 	/System/Library/Frameworks/CoreDisplay.framework/Versions/A/CoreDisplay
0x00007fff4c234000 	/System/Library/PrivateFrameworks/IconServices.framework/Versions/A/IconServices
0x00007fff33643000 	/System/Library/Frameworks/Metal.framework/Versions/A/Metal
0x00007fff43772000 	/System/Library/PrivateFrameworks/DesktopServicesPriv.framework/Versions/A/DesktopServicesPriv
0x00007fff585d5000 	/usr/lib/libenergytrace.dylib
0x00007fff53c5c000 	/System/Library/PrivateFrameworks/SkyLight.framework/Versions/A/SkyLight
0x00007fff2eecf000 	/System/Library/Frameworks/CoreGraphics.framework/Versions/A/CoreGraphics
0x00007fff2ae6a000 	/System/Library/Frameworks/Accelerate.framework/Versions/A/Accelerate
0x00007fff31456000 	/System/Library/Frameworks/IOSurface.framework/Versions/A/IOSurface
0x00007fff435de000 	/System/Library/PrivateFrameworks/DFRFoundation.framework/Versions/A/DFRFoundation
0x00007fff2d388000 	/System/Library/Frameworks/AudioToolbox.framework/Versions/A/AudioToolbox
0x00007fff2d601000 	/System/Library/Frameworks/AudioUnit.framework/Versions/A/AudioUnit
0x00007fff43673000 	/System/Library/PrivateFrameworks/DataDetectorsCore.framework/Versions/A/DataDetectorsCore
0x00007fff2dd16000 	/System/Library/Frameworks/Carbon.framework/Versions/A/Frameworks/HIToolbox.framework/Versions/A/HIToolbox
0x00007fff5872e000 	/usr/lib/libicucore.A.dylib
0x00007fff39556000 	/System/Library/Frameworks/QuartzCore.framework/Versions/A/QuartzCore
0x00007fff2e0eb000 	/System/Library/Frameworks/Carbon.framework/Versions/A/Frameworks/SpeechRecognition.framework/Versions/A/SpeechRecognition
0x00007fff57b8c000 	/usr/lib/libauto.dylib
0x00007fff59fd5000 	/usr/lib/libxml2.2.dylib
0x00007fff431b9000 	/System/Library/PrivateFrameworks/CoreUI.framework/Versions/A/CoreUI
0x00007fff2e4fc000 	/System/Library/Frameworks/CoreAudio.framework/Versions/A/CoreAudio
0x00007fff30b41000 	/System/Library/Frameworks/DiskArbitration.framework/Versions/A/DiskArbitration
0x00007fff589dc000 	/usr/lib/liblangid.dylib
0x00007fff4d640000 	/System/Library/PrivateFrameworks/MultitouchSupport.framework/Versions/A/MultitouchSupport
0x00007fff313c5000 	/System/Library/Frameworks/IOKit.framework/Versions/A/IOKit
0x00007fff575f8000 	/usr/lib/libDiagnosticMessagesClient.dylib
0x00007fff2fcdf000 	/System/Library/Frameworks/CoreServices.framework/Versions/A/CoreServices
0x00007fff4f2fc000 	/System/Library/PrivateFrameworks/PerformanceAnalysis.framework/Versions/A/PerformanceAnalysis
0x00007fff3873d000 	/System/Library/Frameworks/OpenGL.framework/Versions/A/OpenGL
0x00007fff2e221000 	/System/Library/Frameworks/ColorSync.framework/Versions/A/ColorSync
0x00007fff2f561000 	/System/Library/Frameworks/CoreImage.framework/Versions/A/CoreImage
0x00007fff306b7000 	/System/Library/Frameworks/CoreText.framework/Versions/A/CoreText
0x00007fff314b9000 	/System/Library/Frameworks/ImageIO.framework/Versions/A/ImageIO
0x00007fff3f809000 	/System/Library/PrivateFrameworks/Backup.framework/Versions/A/Backup
0x00007fff57adf000 	/usr/lib/libarchive.2.dylib
0x00007fff2d95a000 	/System/Library/Frameworks/CFNetwork.framework/Versions/A/CFNetwork
0x00007fff3a741000 	/System/Library/Frameworks/SystemConfiguration.framework/Versions/A/SystemConfiguration
0x00007fff57529000 	/usr/lib/libCRFSuite.dylib
0x00007fff57c7d000 	/usr/lib/libc++.1.dylib
0x00007fff57cd1000 	/usr/lib/libc++abi.dylib
0x00007fff5a8d8000 	/usr/lib/system/libcache.dylib
0x00007fff5a8dd000 	/usr/lib/system/libcommonCrypto.dylib
0x00007fff5a8e8000 	/usr/lib/system/libcompiler_rt.dylib
0x00007fff5a8f0000 	/usr/lib/system/libcopyfile.dylib
0x00007fff5a8fa000 	/usr/lib/system/libcorecrypto.dylib
0x00007fff5aa06000 	/usr/lib/system/libdispatch.dylib
0x00007fff5aa40000 	/usr/lib/system/libdyld.dylib
0x00007fff5aa6d000 	/usr/lib/system/libkeymgr.dylib
0x00007fff5aa7b000 	/usr/lib/system/liblaunch.dylib
0x00007fff5aa7c000 	/usr/lib/system/libmacho.dylib
0x00007fff5aa82000 	/usr/lib/system/libquarantine.dylib
0x00007fff5aa85000 	/usr/lib/system/libremovefile.dylib
0x00007fff5aa87000 	/usr/lib/system/libsystem_asl.dylib
0x00007fff5aa9f000 	/usr/lib/system/libsystem_blocks.dylib
0x00007fff5aaa0000 	/usr/lib/system/libsystem_c.dylib
0x00007fff5ab28000 	/usr/lib/system/libsystem_configuration.dylib
0x00007fff5ab2c000 	/usr/lib/system/libsystem_coreservices.dylib
0x00007fff5ab30000 	/usr/lib/system/libsystem_darwin.dylib
0x00007fff5ab37000 	/usr/lib/system/libsystem_dnssd.dylib
0x00007fff5ab3e000 	/usr/lib/system/libsystem_info.dylib
0x00007fff5abb3000 	/usr/lib/system/libsystem_m.dylib
0x00007fff5abff000 	/usr/lib/system/libsystem_malloc.dylib
0x00007fff5ac2a000 	/usr/lib/system/libsystem_networkextension.dylib
0x00007fff5ac35000 	/usr/lib/system/libsystem_notify.dylib
0x00007fff5ac52000 	/usr/lib/system/libsystem_sandbox.dylib
0x00007fff5ac56000 	/usr/lib/system/libsystem_secinit.dylib
0x00007fff5ab8a000 	/usr/lib/system/libsystem_kernel.dylib
0x00007fff5ac3d000 	/usr/lib/system/libsystem_platform.dylib
0x00007fff5ac47000 	/usr/lib/system/libsystem_pthread.dylib
0x00007fff5ac59000 	/usr/lib/system/libsystem_symptoms.dylib
0x00007fff5ac61000 	/usr/lib/system/libsystem_trace.dylib
0x00007fff5ac78000 	/usr/lib/system/libunwind.dylib
0x00007fff5ac7e000 	/usr/lib/system/libxpc.dylib
0x00007fff57c5e000 	/usr/lib/libbsm.0.dylib
0x00007fff5aa6e000 	/usr/lib/system/libkxld.dylib
0x00007fff3ebfa000 	/System/Library/PrivateFrameworks/AppleFSCompression.framework/Versions/A/AppleFSCompression
0x00007fff578f8000 	/usr/lib/libOpenScriptingUtil.dylib
0x00007fff57f86000 	/usr/lib/libcoretls.dylib
0x00007fff57f9d000 	/usr/lib/libcoretls_cfhelpers.dylib
0x00007fff59a09000 	/usr/lib/libpam.2.dylib
0x00007fff59bc9000 	/usr/lib/libsqlite3.dylib
0x00007fff59fc3000 	/usr/lib/libxar.1.dylib
0x00007fff57c6f000 	/usr/lib/libbz2.1.0.dylib
0x00007fff589de000 	/usr/lib/liblzma.5.dylib
0x00007fff58e8f000 	/usr/lib/libnetwork.dylib
0x00007fff57ac8000 	/usr/lib/libapple_nghttp2.dylib
0x00007fff59a10000 	/usr/lib/libpcap.A.dylib
0x00007fff3007e000 	/System/Library/Frameworks/CoreServices.framework/Versions/A/Frameworks/FSEvents.framework/Versions/A/FSEvents
0x00007fff2fd5d000 	/System/Library/Frameworks/CoreServices.framework/Versions/A/Frameworks/CarbonCore.framework/Versions/A/CarbonCore
0x00007fff30239000 	/System/Library/Frameworks/CoreServices.framework/Versions/A/Frameworks/Metadata.framework/Versions/A/Metadata
0x00007fff302d8000 	/System/Library/Frameworks/CoreServices.framework/Versions/A/Frameworks/OSServices.framework/Versions/A/OSServices
0x00007fff30323000 	/System/Library/Frameworks/CoreServices.framework/Versions/A/Frameworks/SearchKit.framework/Versions/A/SearchKit
0x00007fff2fce0000 	/System/Library/Frameworks/CoreServices.framework/Versions/A/Frameworks/AE.framework/Versions/A/AE
0x00007fff30087000 	/System/Library/Frameworks/CoreServices.framework/Versions/A/Frameworks/LaunchServices.framework/Versions/A/LaunchServices
0x00007fff30035000 	/System/Library/Frameworks/CoreServices.framework/Versions/A/Frameworks/DictionaryServices.framework/Versions/A/DictionaryServices
0x00007fff3038b000 	/System/Library/Frameworks/CoreServices.framework/Versions/A/Frameworks/SharedFileList.framework/Versions/A/SharedFileList
0x00007fff34718000 	/System/Library/Frameworks/NetFS.framework/Versions/A/NetFS
0x00007fff4d8a6000 	/System/Library/PrivateFrameworks/NetAuth.framework/Versions/A/NetAuth
0x00007fff5725d000 	/System/Library/PrivateFrameworks/login.framework/Versions/A/Frameworks/loginsupport.framework/Versions/A/loginsupport
0x00007fff5537d000 	/System/Library/PrivateFrameworks/TCC.framework/Versions/A/TCC
0x00007fff42816000 	/System/Library/PrivateFrameworks/CoreNLP.framework/Versions/A/CoreNLP
0x00007fff4d33b000 	/System/Library/PrivateFrameworks/MetadataUtilities.framework/Versions/A/MetadataUtilities
0x00007fff58ab3000 	/usr/lib/libmecabra.dylib
0x00007fff2cea6000 	/System/Library/Frameworks/ApplicationServices.framework/Versions/A/Frameworks/ATS.framework/Versions/A/ATS
0x00007fff2d1f5000 	/System/Library/Frameworks/ApplicationServices.framework/Versions/A/Frameworks/ColorSyncLegacy.framework/Versions/A/ColorSyncLegacy
0x00007fff2d294000 	/System/Library/Frameworks/ApplicationServices.framework/Versions/A/Frameworks/HIServices.framework/Versions/A/HIServices
0x00007fff2d2e7000 	/System/Library/Frameworks/ApplicationServices.framework/Versions/A/Frameworks/LangAnalysis.framework/Versions/A/LangAnalysis
0x00007fff2d2f7000 	/System/Library/Frameworks/ApplicationServices.framework/Versions/A/Frameworks/PrintCore.framework/Versions/A/PrintCore
0x00007fff2d341000 	/System/Library/Frameworks/ApplicationServices.framework/Versions/A/Frameworks/QD.framework/Versions/A/QD
0x00007fff2d37b000 	/System/Library/Frameworks/ApplicationServices.framework/Versions/A/Frameworks/SpeechSynthesis.framework/Versions/A/SpeechSynthesis
0x00007fff57cf9000 	/usr/lib/libcompression.dylib
0x00007fff33913000 	/System/Library/Frameworks/MetalPerformanceShaders.framework/Versions/A/MetalPerformanceShaders
0x00007fff2ae82000 	/System/Library/Frameworks/Accelerate.framework/Versions/A/Frameworks/vImage.framework/Versions/A/vImage
0x00007fff2befc000 	/System/Library/Frameworks/Accelerate.framework/Versions/A/Frameworks/vecLib.framework/Versions/A/vecLib
0x00007fff2be48000 	/System/Library/Frameworks/Accelerate.framework/Versions/A/Frameworks/vecLib.framework/Versions/A/libvMisc.dylib
0x00007fff2bc60000 	/System/Library/Frameworks/Accelerate.framework/Versions/A/Frameworks/vecLib.framework/Versions/A/libvDSP.dylib
0x00007fff2b51c000 	/System/Library/Frameworks/Accelerate.framework/Versions/A/Frameworks/vecLib.framework/Versions/A/libBLAS.dylib
0x00007fff2b809000 	/System/Library/Frameworks/Accelerate.framework/Versions/A/Frameworks/vecLib.framework/Versions/A/libLAPACK.dylib
0x00007fff2bbb3000 	/System/Library/Frameworks/Accelerate.framework/Versions/A/Frameworks/vecLib.framework/Versions/A/libLinearAlgebra.dylib
0x00007fff2bc4c000 	/System/Library/Frameworks/Accelerate.framework/Versions/A/Frameworks/vecLib.framework/Versions/A/libSparseBLAS.dylib
0x00007fff2bbc9000 	/System/Library/Frameworks/Accelerate.framework/Versions/A/Frameworks/vecLib.framework/Versions/A/libQuadrature.dylib
0x00007fff2b796000 	/System/Library/Frameworks/Accelerate.framework/Versions/A/Frameworks/vecLib.framework/Versions/A/libBNNS.dylib
0x00007fff2bbcf000 	/System/Library/Frameworks/Accelerate.framework/Versions/A/Frameworks/vecLib.framework/Versions/A/libSparse.dylib
0x00007fff49b64000 	/System/Library/PrivateFrameworks/GPUWrangler.framework/Versions/A/GPUWrangler
0x00007fff4be69000 	/System/Library/PrivateFrameworks/IOAccelerator.framework/Versions/A/IOAccelerator
0x00007fff4be74000 	/System/Library/PrivateFrameworks/IOPresentment.framework/Versions/A/IOPresentment
0x00007fff435ee000 	/System/Library/PrivateFrameworks/DSExternalDisplay.framework/Versions/A/DSExternalDisplay
0x00007fff37b94000 	/System/Library/Frameworks/OpenGL.framework/Versions/A/Libraries/libCoreFSCache.dylib
0x00007fff33707000 	/System/Library/Frameworks/MetalPerformanceShaders.framework/Frameworks/MPSCore.framework/Versions/A/MPSCore
0x00007fff33727000 	/System/Library/Frameworks/MetalPerformanceShaders.framework/Frameworks/MPSImage.framework/Versions/A/MPSImage
0x00007fff337cc000 	/System/Library/Frameworks/MetalPerformanceShaders.framework/Frameworks/MPSNeuralNetwork.framework/Versions/A/MPSNeuralNetwork
0x00007fff337a4000 	/System/Library/Frameworks/MetalPerformanceShaders.framework/Frameworks/MPSMatrix.framework/Versions/A/MPSMatrix
0x00007fff338f8000 	/System/Library/Frameworks/MetalPerformanceShaders.framework/Frameworks/MPSRayIntersector.framework/Versions/A/MPSRayIntersector
0x00007fff4d364000 	/System/Library/PrivateFrameworks/MetalTools.framework/Versions/A/MetalTools
0x00007fff3e4a4000 	/System/Library/PrivateFrameworks/AggregateDictionary.framework/Versions/A/AggregateDictionary
0x00007fff578d8000 	/usr/lib/libMobileGestalt.dylib
0x00007fff3081a000 	/System/Library/Frameworks/CoreVideo.framework/Versions/A/CoreVideo
0x00007fff4a975000 	/System/Library/PrivateFrameworks/GraphVisualizer.framework/Versions/A/GraphVisualizer
0x00007fff447f4000 	/System/Library/PrivateFrameworks/FaceCore.framework/Versions/A/FaceCore
0x00007fff371c2000 	/System/Library/Frameworks/OpenCL.framework/Versions/A/OpenCL
0x00007fff57630000 	/usr/lib/libFosl_dynamic.dylib
0x00007fff4e112000 	/System/Library/PrivateFrameworks/OTSVG.framework/Versions/A/OTSVG
0x00007fff2cfaa000 	/System/Library/Frameworks/ApplicationServices.framework/Versions/A/Frameworks/ATS.framework/Versions/A/Resources/libFontParser.dylib
0x00007fff2d0c2000 	/System/Library/Frameworks/ApplicationServices.framework/Versions/A/Frameworks/ATS.framework/Versions/A/Resources/libFontRegistry.dylib
0x00007fff31729000 	/System/Library/Frameworks/ImageIO.framework/Versions/A/Resources/libJPEG.dylib
0x00007fff31a4e000 	/System/Library/Frameworks/ImageIO.framework/Versions/A/Resources/libTIFF.dylib
0x00007fff31a24000 	/System/Library/Frameworks/ImageIO.framework/Versions/A/Resources/libPng.dylib
0x00007fff31647000 	/System/Library/Frameworks/ImageIO.framework/Versions/A/Resources/libGIF.dylib
0x00007fff3164c000 	/System/Library/Frameworks/ImageIO.framework/Versions/A/Resources/libJP2.dylib
0x00007fff31a4b000 	/System/Library/Frameworks/ImageIO.framework/Versions/A/Resources/libRadiance.dylib
0x00007fff3ed51000 	/System/Library/PrivateFrameworks/AppleJPEG.framework/Versions/A/AppleJPEG
0x00007fff37b9f000 	/System/Library/Frameworks/OpenGL.framework/Versions/A/Libraries/libGFXShared.dylib
0x00007fff37d62000 	/System/Library/Frameworks/OpenGL.framework/Versions/A/Libraries/libGLU.dylib
0x00007fff37ba8000 	/System/Library/Frameworks/OpenGL.framework/Versions/A/Libraries/libGL.dylib
0x00007fff37bb4000 	/System/Library/Frameworks/OpenGL.framework/Versions/A/Libraries/libGLImage.dylib
0x00007fff37b91000 	/System/Library/Frameworks/OpenGL.framework/Versions/A/Libraries/libCVMSPluginSupport.dylib
0x00007fff37b9a000 	/System/Library/Frameworks/OpenGL.framework/Versions/A/Libraries/libCoreVMClient.dylib
0x00007fff5844a000 	/usr/lib/libcups.2.dylib
0x00007fff32c0e000 	/System/Library/Frameworks/Kerberos.framework/Versions/A/Kerberos
0x00007fff31129000 	/System/Library/Frameworks/GSS.framework/Versions/A/GSS
0x00007fff59b5e000 	/usr/lib/libresolv.9.dylib
0x00007fff5863d000 	/usr/lib/libiconv.2.dylib
0x00007fff4aaea000 	/System/Library/PrivateFrameworks/Heimdal.framework/Versions/A/Heimdal
0x00007fff5860d000 	/usr/lib/libheimdal-asn1.dylib
0x00007fff37236000 	/System/Library/Frameworks/OpenDirectory.framework/Versions/A/OpenDirectory
0x00007fff41579000 	/System/Library/PrivateFrameworks/CommonAuth.framework/Versions/A/CommonAuth
0x00007fff3721a000 	/System/Library/Frameworks/OpenDirectory.framework/Versions/A/Frameworks/CFOpenDirectory.framework/Versions/A/CFOpenDirectory
0x00007fff3a2e6000 	/System/Library/Frameworks/SecurityFoundation.framework/Versions/A/SecurityFoundation
0x00007fff3d9ea000 	/System/Library/PrivateFrameworks/APFS.framework/Versions/A/APFS
0x00007fff59fbf000 	/usr/lib/libutil.dylib
0x00007fff57ce7000 	/usr/lib/libcharset.1.dylib
0x00007fff3efee000 	/System/Library/PrivateFrameworks/AppleSauce.framework/Versions/A/AppleSauce
0x00007fff3f16f000 	/System/Library/PrivateFrameworks/AssertionServices.framework/Versions/A/AssertionServices
0x00007fff3f89f000 	/System/Library/PrivateFrameworks/BaseBoard.framework/Versions/A/BaseBoard
0x00007fff58a0e000 	/usr/lib/libmecab.1.0.0.dylib
0x00007fff58607000 	/usr/lib/libgermantok.dylib
0x00007fff57ab5000 	/usr/lib/libThaiTokenizer.dylib
0x00007fff57560000 	/usr/lib/libChineseTokenizer.dylib
0x00007fff4c521000 	/System/Library/PrivateFrameworks/LanguageModeling.framework/Versions/A/LanguageModeling
0x00007fff4225b000 	/System/Library/PrivateFrameworks/CoreEmoji.framework/Versions/A/CoreEmoji
0x00007fff4c5fd000 	/System/Library/PrivateFrameworks/Lexicon.framework/Versions/A/Lexicon
0x00007fff4c640000 	/System/Library/PrivateFrameworks/LinguisticData.framework/Versions/A/LinguisticData
0x00007fff57ce8000 	/usr/lib/libcmph.dylib
0x00007fff3a3a4000 	/System/Library/Frameworks/ServiceManagement.framework/Versions/A/ServiceManagement
0x00007fff3f800000 	/System/Library/PrivateFrameworks/BackgroundTaskManagement.framework/Versions/A/BackgroundTaskManagement
0x00007fff5a0b9000 	/usr/lib/libxslt.1.dylib
0x00007fff2e018000 	/System/Library/Frameworks/Carbon.framework/Versions/A/Frameworks/Ink.framework/Versions/A/Ink
0x00007fff555ef000 	/System/Library/PrivateFrameworks/TextureIO.framework/Versions/A/TextureIO
0x00007fff57b09000 	/usr/lib/libate.dylib
0x00007fff4353d000 	/System/Library/PrivateFrameworks/CrashReporterSupport.framework/Versions/A/CrashReporterSupport
0x00007fff52d29000 	/System/Library/PrivateFrameworks/Sharing.framework/Versions/A/Sharing
0x00007fff3f552000 	/System/Library/PrivateFrameworks/AuthKit.framework/Versions/A/AuthKit
0x00007fff3eaa6000 	/System/Library/PrivateFrameworks/Apple80211.framework/Versions/A/Apple80211
0x00007fff432e5000 	/System/Library/PrivateFrameworks/CoreUtils.framework/Versions/A/CoreUtils
0x00007fff3085b000 	/System/Library/Frameworks/CoreWLAN.framework/Versions/A/CoreWLAN
0x00007fff31258000 	/System/Library/Frameworks/IOBluetooth.framework/Versions/A/IOBluetooth
0x00007fff5119d000 	/System/Library/PrivateFrameworks/ProtocolBuffer.framework/Versions/A/ProtocolBuffer
0x00007fff4d59c000 	/System/Library/PrivateFrameworks/MobileKeyBag.framework/Versions/A/MobileKeyBag
0x00007fff42b29000 	/System/Library/PrivateFrameworks/CorePhoneNumbers.framework/Versions/A/CorePhoneNumbers
0x00007fff3ed05000 	/System/Library/PrivateFrameworks/AppleIDAuthSupport.framework/Versions/A/AppleIDAuthSupport
0x00007fff4c4f4000 	/System/Library/PrivateFrameworks/KeychainCircle.framework/Versions/A/KeychainCircle
0x00007fff51353000 	/System/Library/PrivateFrameworks/ROCKit.framework/Versions/A/ROCKit
0x00007fff434d9000 	/System/Library/PrivateFrameworks/CoreWiFi.framework/Versions/A/CoreWiFi
0x00007fff2e5e6000 	/System/Library/Frameworks/CoreBluetooth.framework/Versions/A/CoreBluetooth
0x00007fff43734000 	/System/Library/PrivateFrameworks/DebugSymbols.framework/Versions/A/DebugSymbols
0x00007fff430a5000 	/System/Library/PrivateFrameworks/CoreSymbolication.framework/Versions/A/CoreSymbolication
0x00007fff54e0c000 	/System/Library/PrivateFrameworks/Symbolication.framework/Versions/A/Symbolication
0x00007fff546af000 	/System/Library/PrivateFrameworks/SpeechRecognitionCore.framework/Versions/A/SpeechRecognitionCore
0x00007fff23180000 	/System/Library/CoreServices/Encodings/libSimplifiedChineseConverter.dylib
0x0000000103600000 	/Library/Java/JavaVirtualMachines/jdk1.8.0_231.jdk/Contents/Home/jre/lib/server/libjvm.dylib
0x00007fff59e9a000 	/usr/lib/libstdc++.6.dylib
0x0000000102c15000 	/Library/Java/JavaVirtualMachines/jdk1.8.0_231.jdk/Contents/Home/jre/lib/libverify.dylib
0x0000000102c23000 	/Library/Java/JavaVirtualMachines/jdk1.8.0_231.jdk/Contents/Home/jre/lib/libjava.dylib
0x0000000102c5a000 	/Library/Java/JavaVirtualMachines/jdk1.8.0_231.jdk/Contents/Home/jre/lib/libjdwp.dylib
0x0000000102ca5000 	/Library/Java/JavaVirtualMachines/jdk1.8.0_231.jdk/Contents/Home/jre/lib/libnpt.dylib
0x0000000102cc3000 	/Library/Java/JavaVirtualMachines/jdk1.8.0_231.jdk/Contents/Home/jre/lib/libinstrument.dylib
0x0000000102d60000 	/Library/Java/JavaVirtualMachines/jdk1.8.0_231.jdk/Contents/Home/jre/lib/libzip.dylib
0x000000010aea4000 	/Library/Java/JavaVirtualMachines/jdk1.8.0_231.jdk/Contents/Home/jre/lib/libdt_socket.dylib
0x000000010bb81000 	/Library/Java/JavaVirtualMachines/jdk1.8.0_231.jdk/Contents/Home/jre/lib/libnet.dylib
0x000000010bb5e000 	/Library/Java/JavaVirtualMachines/jdk1.8.0_231.jdk/Contents/Home/jre/lib/libmanagement.dylib
0x0000000102dfb000 	/Library/Java/JavaVirtualMachines/jdk1.8.0_231.jdk/Contents/Home/jre/lib/libjaas_unix.dylib
0x000000010bbdd000 	/Library/Java/JavaVirtualMachines/jdk1.8.0_231.jdk/Contents/Home/jre/lib/libnio.dylib
0x000000010bca0000 	/private/var/folders/qj/5cd86hwd08q7j3r2v4bb47gh0000gn/T/liblz4-java-7965832677558110923.dylib

VM Arguments:
jvm_args: -agentlib:jdwp=transport=dt_socket,address=127.0.0.1:50328,suspend=y,server=n -javaagent:/Users/jiaan.geng/Library/Caches/JetBrains/IntelliJIdea2020.1/captureAgent/debugger-agent.jar -Dfile.encoding=UTF-8 
java_command: org.jetbrains.plugins.scala.testingSupport.scalaTest.ScalaTestRunner -s org.apache.spark.sql.hive.execution.HiveCompatibilitySuite -C org.jetbrains.plugins.scala.testingSupport.scalaTest.ScalaTestReporter -showProgressMessages true
java_class_path (initial): /Users/jiaan.geng/Library/Application Support/JetBrains/IntelliJIdea2020.1/plugins/Scala/lib/runners.jar:/Library/Java/JavaVirtualMachines/jdk1.8.0_231.jdk/Contents/Home/jre/lib/charsets.jar:/Library/Java/JavaVirtualMachines/jdk1.8.0_231.jdk/Contents/Home/jre/lib/deploy.jar:/Library/Java/JavaVirtualMachines/jdk1.8.0_231.jdk/Contents/Home/jre/lib/ext/cldrdata.jar:/Library/Java/JavaVirtualMachines/jdk1.8.0_231.jdk/Contents/Home/jre/lib/ext/dnsns.jar:/Library/Java/JavaVirtualMachines/jdk1.8.0_231.jdk/Contents/Home/jre/lib/ext/jaccess.jar:/Library/Java/JavaVirtualMachines/jdk1.8.0_231.jdk/Contents/Home/jre/lib/ext/jfxrt.jar:/Library/Java/JavaVirtualMachines/jdk1.8.0_231.jdk/Contents/Home/jre/lib/ext/localedata.jar:/Library/Java/JavaVirtualMachines/jdk1.8.0_231.jdk/Contents/Home/jre/lib/ext/nashorn.jar:/Library/Java/JavaVirtualMachines/jdk1.8.0_231.jdk/Contents/Home/jre/lib/ext/sunec.jar:/Library/Java/JavaVirtualMachines/jdk1.8.0_231.jdk/Contents/Home/jre/lib/ext/sunjce_provider.jar:/Library/Java/JavaVirtualMachines/jdk1.8.0_231.jdk/Contents/Home/jre/lib/ext/sunpkcs11.jar:/Library/Java/JavaVirtualMachines/jdk1.8.0_231.jdk/Contents/Home/jre/lib/ext/zipfs.jar:/Library/Java/JavaVirtualMachines/jdk1.8.0_231.jdk/Contents/Home/jre/lib/javaws.jar:/Library/Java/JavaVirtualMachines/jdk1.8.0_231.jdk/Contents/Home/jre/lib/jce.jar:/Library/Java/JavaVirtualMachines/jdk1.8.0_231.jdk/Contents/Home/jre/lib/jfr.jar:/Library/Java/JavaVirtualMachines/jdk1.8.0_231.jdk/Contents/Home/jre/lib/jfxswt.jar:/Library/Java/JavaVirtualMachines/jdk1.8.0_231.jdk/Contents/Home/jre/lib/jsse.jar:/Library/Java/JavaVirtualMachines/jdk1.8.0_231.jdk/Contents/Home/jre/lib/management-agent.jar:/Library/Java/JavaVirtualMachines/jdk1.8.0_231.jdk/Contents/Home/jre/lib/plugin.jar:/Library/Java/JavaVirtualMachines/jdk1.8.0_231.jdk/Contents/Home/jre/lib/resources.jar:/Library/Java/JavaVirtualMachines/jdk1.8.0_231.jdk/Contents/Home/jre/lib/rt.jar:/Library/Java/JavaVirtualMachines/jdk1.8.0_
Launcher Type: SUN_STANDARD

Environment Variables:
JAVA_HOME=/Library/Java/JavaVirtualMachines/jdk1.8.0_231.jdk/Contents/Home
CLASSPATH=.:/Users/jiaan.geng/antlr/lib/antlr-4.7.1-complete.jar:/Library/Java/JavaVirtualMachines/jdk1.8.0_231.jdk/Contents/Home/lib:/Library/Java/JavaVirtualMachines/jdk1.8.0_231.jdk/Contents/Home/jre/lib:/Users/jiaan.geng/antlr/lib
PATH=/Users/jiaan.geng/.rvm/gems/ruby-2.6.3/bin:/Users/jiaan.geng/.rvm/gems/ruby-2.6.3@global/bin:/Users/jiaan.geng/.rvm/rubies/ruby-2.6.3/bin:/Library/Frameworks/Python.framework/Versions/3.7/bin:/usr/local/bin:/usr/bin:/bin:/usr/sbin:/sbin:/Library/Java/JavaVirtualMachines/jdk1.8.0_231.jdk/Contents/Home/bin:/Users/jiaan.geng/scala-2.12.12/bin:/Users/jiaan.geng/maven/apache-maven-3.8.1/bin:/Users/jiaan.geng/.rvm/bin
SHELL=/bin/bash

Signal Handlers:
SIGSEGV: [libjvm.dylib+0x5b7e2b], sa_mask[0]=11111111011111110111111111111111, sa_flags=SA_ONSTACK|SA_RESTART|SA_SIGINFO
SIGBUS: [libjvm.dylib+0x5b7e2b], sa_mask[0]=11111111011111110111111111111111, sa_flags=SA_RESTART|SA_SIGINFO
SIGFPE: [libjvm.dylib+0x48c6ec], sa_mask[0]=11111111011111110111111111111111, sa_flags=SA_RESTART|SA_SIGINFO
SIGPIPE: [libjvm.dylib+0x48c6ec], sa_mask[0]=11111111011111110111111111111111, sa_flags=SA_RESTART|SA_SIGINFO
SIGXFSZ: [libjvm.dylib+0x48c6ec], sa_mask[0]=11111111011111110111111111111111, sa_flags=SA_RESTART|SA_SIGINFO
SIGILL: [libjvm.dylib+0x48c6ec], sa_mask[0]=11111111011111110111111111111111, sa_flags=SA_RESTART|SA_SIGINFO
SIGUSR1: SIG_DFL, sa_mask[0]=00000000000000000000000000000000, sa_flags=none
SIGUSR2: [libjvm.dylib+0x48c20a], sa_mask[0]=00100000000000000000000000000000, sa_flags=SA_RESTART|SA_SIGINFO
SIGHUP: [libjvm.dylib+0x48a795], sa_mask[0]=11111111011111110111111111111111, sa_flags=SA_RESTART|SA_SIGINFO
SIGINT: [libjvm.dylib+0x48a795], sa_mask[0]=11111111011111110111111111111111, sa_flags=SA_RESTART|SA_SIGINFO
SIGTERM: [libjvm.dylib+0x48a795], sa_mask[0]=11111111011111110111111111111111, sa_flags=SA_RESTART|SA_SIGINFO
SIGQUIT: [libjvm.dylib+0x48a795], sa_mask[0]=11111111011111110111111111111111, sa_flags=SA_RESTART|SA_SIGINFO


---------------  S Y S T E M  ---------------

OS:Bsduname:Darwin 18.7.0 Darwin Kernel Version 18.7.0: Mon Mar  8 22:11:48 PST 2021; root:xnu-4903.278.65~1/RELEASE_X86_64 x86_64
rlimit: STACK 8192k, CORE 0k, NPROC 709, NOFILE 10240, AS infinity
load average:2.93 3.09 3.28

CPU:total 4 (initial active 4) (2 cores per cpu, 2 threads per core) family 6 model 61 stepping 4, cmov, cx8, fxsr, mmx, sse, sse2, sse3, ssse3, sse4.1, sse4.2, popcnt, avx, avx2, aes, clmul, erms, rtm, 3dnowpref, lzcnt, ht, tsc, tscinvbit, bmi1, bmi2, adx

Memory: 4k page, physical 8388608k(19880k free)

/proc/meminfo:


vm_info: Java HotSpot(TM) 64-Bit Server VM (25.231-b11) for bsd-amd64 JRE (1.8.0_231-b11), built on Oct  5 2019 03:15:25 by "java_re" with gcc 4.2.1 (Based on Apple Inc. build 5658) (LLVM build 2336.11.00)

time: Sat May 29 00:36:08 2021
timezone: CST
elapsed time: 82 seconds (0d 0h 1m 22s)

