#
# A fatal error has been detected by the Java Runtime Environment:
#
#  SIGBUS (0xa) at pc=0x000000010e30eaa0, pid=3364, tid=0x0000000000001903
#
# JRE version: Java(TM) SE Runtime Environment (8.0_231-b11) (build 1.8.0_231-b11)
# Java VM: Java HotSpot(TM) 64-Bit Server VM (25.231-b11 mixed mode bsd-amd64 compressed oops)
# Problematic frame:
# V  [libjvm.dylib+0xdbaa0]  acl_CopyRight+0x29
#
# Failed to write core dump. Core dumps have been disabled. To enable core dumping, try "ulimit -c unlimited" before starting Java again
#
# If you would like to submit a bug report, please visit:
#   http://bugreport.java.com/bugreport/crash.jsp
#

---------------  T H R E A D  ---------------

Current thread (0x00007fcc9e006800):  JavaThread "ScalaTest-run-running-HiveCompatibilitySuite" [_thread_in_vm, id=6403, stack(0x0000700005403000,0x0000700005503000)]

siginfo: si_signo: 10 (SIGBUS), si_code: 2 (BUS_ADRERR), si_addr: 0x00000007c50e9840

Registers:
RAX=0x00000007c51e9838, RBX=0x0000000000000010, RCX=0x00000007422acec8, RDX=0xfffffffffffe0004
RSP=0x00007000054ff118, RBP=0x00007000054ff160, RSI=0x00000007421aced0, RDI=0x00000007c50e9840
R8 =0x00000007c00007a8, R9 =0x0000000000000010, R10=0x000000011a7e1167, R11=0x000000011a7e1118
R12=0x00007000054ff180, R13=0x00007fcc9e006800, R14=0x00007000054ff190, R15=0x000000002d303140
RIP=0x000000010e30eaa0, EFLAGS=0x0000000000010282, ERR=0x0000000000000004
  TRAPNO=0x000000000000000e

Top of Stack: (sp=0x00007000054ff118)
0x00007000054ff118:   000000010e7bbfe5 00000007c022e538
0x00007000054ff128:   00007fcc9e006800 00007fcc9e006800
0x00007000054ff138:   00000001149eee18 0000000000000000
0x00007000054ff148:   00007000054ff1d0 00007000054ff2b0
0x00007000054ff158:   00007fcc9e006800 00007000054ff1b0
0x00007000054ff168:   000000011a7e11e1 0000000000100000
0x00007000054ff178:   00000007400006c0 0000000797de6700
0x00007000054ff188:   000000012b0e0a1f 00000007421acec0
0x00007000054ff198:   000000000647ae6f 00007000054ff1e0
0x00007000054ff1a8:   0647ae6f0e2e5a5a 00007000054ff258
0x00007000054ff1b8:   00000001198542bd 000000000647ae6f
0x00007000054ff1c8:   00000001198542bd 0000000000100000
0x00007000054ff1d8:   00000007c00007a8 0000000000000010
0x00007000054ff1e8:   0000000119853dd0 00000007421acec0
0x00007000054ff1f8:   000000002d303140 00007fcc9de0fee0
0x00007000054ff208:   0000000797de6700 00000007400006c0
0x00007000054ff218:   00007000054ff218 0000000117cdb9a2
0x00007000054ff228:   00007000054ff2b0 0000000117cdc128
0x00007000054ff238:   0000000000000000 0000000117cdba68
0x00007000054ff248:   00007000054ff1d0 00007000054ff278
0x00007000054ff258:   00007000054ff2f8 00000001198542bd
0x00007000054ff268:   0000000000100000 0000000000000000
0x00007000054ff278:   00000000323d7364 00000000323d7364
0x00007000054ff288:   0000000000000010 0000000000000010
0x00007000054ff298:   00000007421acec0 000000002d303140
0x00007000054ff2a8:   0000000797df2d68 0000000797de6700
0x00007000054ff2b8:   00007000054ff2b8 000000012b0e0a34
0x00007000054ff2c8:   00007000054ff310 000000012b0e5f08
0x00007000054ff2d8:   0000000000000000 000000012b0e0a60
0x00007000054ff2e8:   00007000054ff278 00007000054ff310
0x00007000054ff2f8:   00007000054ff368 0000000119854040
0x00007000054ff308:   00000007421acec0 0000000797df2d68 

Instructions: (pc=0x000000010e30eaa0)
0x000000010e30ea80:   45 48 8b 74 d0 08 48 89 74 d1 08 48 83 c2 01 75
0x000000010e30ea90:   f0 c3 0f 1f 80 00 00 00 00 0f 1f 80 00 00 00 00
0x000000010e30eaa0:   48 8b 74 d0 e8 48 89 74 d1 e8 48 8b 74 d0 f0 48
0x000000010e30eab0:   89 74 d1 f0 48 8b 74 d0 f8 48 89 74 d1 f8 48 8b 

Register to memory mapping:

RAX=0x00000007c51e9838 is an unknown value
RBX=0x0000000000000010 is an unknown value
RCX=0x00000007422acec8 is pointing into object: 0x00000007421acec0
[B 
 - klass: {type array byte}
 - length: 842888036
RDX=0xfffffffffffe0004 is an unknown value
RSP=0x00007000054ff118 is pointing into the stack for thread: 0x00007fcc9e006800
RBP=0x00007000054ff160 is pointing into the stack for thread: 0x00007fcc9e006800
RSI=0x00000007421aced0 is pointing into object: 0x00000007421acec0
[B 
 - klass: {type array byte}
 - length: 842888036
RDI=0x00000007c50e9840 is an unknown value
R8 =0x00000007c00007a8 is pointing into metadata
R9 =0x0000000000000010 is an unknown value
R10=0x000000011a7e1167 is at entry_point+103 in (nmethod*)0x000000011a7e0f90
R11=0x000000011a7e1118 is at entry_point+24 in (nmethod*)0x000000011a7e0f90
R12=0x00007000054ff180 is pointing into the stack for thread: 0x00007fcc9e006800
R13=0x00007fcc9e006800 is a thread
R14=0x00007000054ff190 is pointing into the stack for thread: 0x00007fcc9e006800
R15=0x000000002d303140 is an unknown value


Stack: [0x0000700005403000,0x0000700005503000],  sp=0x00007000054ff118,  free space=1008k
Native frames: (J=compiled Java code, j=interpreted, Vv=VM code, C=native code)
V  [libjvm.dylib+0xdbaa0]  acl_CopyRight+0x29
J 5964  sun.misc.Unsafe.copyMemory(Ljava/lang/Object;JLjava/lang/Object;JJ)V (0 bytes) @ 0x000000011a7e11e1 [0x000000011a7e1100+0xe1]
j  org.apache.spark.unsafe.Platform.copyMemory(Ljava/lang/Object;JLjava/lang/Object;JJ)V+34
j  org.apache.spark.unsafe.types.UTF8String.getBytes()[B+76
j  org.apache.spark.unsafe.types.UTF8String.toString()Ljava/lang/String;+5
j  org.apache.spark.sql.catalyst.InternalRow.getString(I)Ljava/lang/String;+5
j  org.apache.spark.sql.execution.HiveResult$.$anonfun$hiveResultString$4(Lorg/apache/spark/sql/catalyst/InternalRow;)Ljava/lang/String;+2
j  org.apache.spark.sql.execution.HiveResult$$$Lambda$2173.apply(Ljava/lang/Object;)Ljava/lang/Object;+4
J 2410 C2 scala.collection.TraversableLike$$Lambda$62.apply(Ljava/lang/Object;)Ljava/lang/Object; (13 bytes) @ 0x0000000119f37f2c [0x0000000119f37ee0+0x4c]
J 8618 C2 scala.collection.IndexedSeqOptimized.foreach(Lscala/Function1;)V (36 bytes) @ 0x000000011ae0ff08 [0x000000011ae0fa80+0x488]
J 11916 C1 scala.collection.mutable.ArrayOps$ofRef.map(Lscala/Function1;Lscala/collection/generic/CanBuildFrom;)Ljava/lang/Object; (7 bytes) @ 0x000000011b66fdcc [0x000000011b66f6a0+0x72c]
j  org.apache.spark.sql.execution.HiveResult$.hiveResultString(Lorg/apache/spark/sql/execution/SparkPlan;)Lscala/collection/Seq;+364
j  org.apache.spark.sql.hive.execution.HiveComparisonTest.$anonfun$createQueryTest$32(Lorg/apache/spark/sql/hive/test/TestHiveQueryExecution;)Lscala/collection/Seq;+7
j  org.apache.spark.sql.hive.execution.HiveComparisonTest$$Lambda$2171.apply()Ljava/lang/Object;+4
j  org.apache.spark.sql.execution.SQLExecution$.$anonfun$withNewExecutionId$5(Lorg/apache/spark/SparkContext;JLjava/lang/String;Lorg/apache/spark/util/CallSite;Lorg/apache/spark/sql/execution/QueryExecution;Lorg/apache/spark/sql/execution/ExplainMode;Lscala/Function0;Lscala/Option;)Ljava/lang/Object;+54
j  org.apache.spark.sql.execution.SQLExecution$$$Lambda$996.apply()Ljava/lang/Object;+32
j  org.apache.spark.sql.execution.SQLExecution$.withSQLConfPropagated(Lorg/apache/spark/sql/SparkSession;Lscala/Function0;)Ljava/lang/Object;+44
j  org.apache.spark.sql.execution.SQLExecution$.$anonfun$withNewExecutionId$1(Lorg/apache/spark/sql/execution/QueryExecution;Lscala/Function0;Lscala/Option;)Ljava/lang/Object;+186
j  org.apache.spark.sql.execution.SQLExecution$$$Lambda$990.apply()Ljava/lang/Object;+12
j  org.apache.spark.sql.SparkSession.withActive(Lscala/Function0;)Ljava/lang/Object;+21
j  org.apache.spark.sql.execution.SQLExecution$.withNewExecutionId(Lorg/apache/spark/sql/execution/QueryExecution;Lscala/Option;Lscala/Function0;)Ljava/lang/Object;+12
j  org.apache.spark.sql.hive.execution.HiveComparisonTest.getResult$1(Lorg/apache/spark/sql/hive/test/TestHiveQueryExecution;)Lscala/collection/Seq;+16
j  org.apache.spark.sql.hive.execution.HiveComparisonTest.$anonfun$createQueryTest$31(Lorg/apache/spark/sql/hive/execution/HiveComparisonTest;Ljava/lang/String;Lscala/runtime/LazyRef;Lscala/collection/Seq;Lscala/Tuple2;)Lscala/Tuple2;+61
j  org.apache.spark.sql.hive.execution.HiveComparisonTest$$Lambda$2170.apply(Ljava/lang/Object;)Ljava/lang/Object;+20
J 2410 C2 scala.collection.TraversableLike$$Lambda$62.apply(Ljava/lang/Object;)Ljava/lang/Object; (13 bytes) @ 0x0000000119f37f2c [0x0000000119f37ee0+0x4c]
J 10570 C1 scala.collection.mutable.ResizableArray.foreach(Lscala/Function1;)V (37 bytes) @ 0x000000011b30661c [0x000000011b306380+0x29c]
J 10411 C1 scala.collection.mutable.ArrayBuffer.foreach(Lscala/Function1;)V (6 bytes) @ 0x000000011b28e77c [0x000000011b28e6c0+0xbc]
J 2617 C1 scala.collection.AbstractTraversable.map(Lscala/Function1;Lscala/collection/generic/CanBuildFrom;)Ljava/lang/Object; (7 bytes) @ 0x0000000119fc93ec [0x0000000119fc8c20+0x7cc]
j  org.apache.spark.sql.hive.execution.HiveComparisonTest.doTest$1(ZZLjava/lang/String;Lscala/collection/Seq;Lscala/runtime/LazyRef;)V+304
j  org.apache.spark.sql.hive.execution.HiveComparisonTest.$anonfun$createQueryTest$10(Lorg/apache/spark/sql/hive/execution/HiveComparisonTest;ZLjava/lang/String;Ljava/lang/String;ZZ)Ljava/lang/Object;+446
j  org.apache.spark.sql.hive.execution.HiveComparisonTest$$Lambda$719.apply()Ljava/lang/Object;+24
j  org.scalatest.OutcomeOf.outcomeOf(Lscala/Function0;)Lorg/scalatest/Outcome;+1
j  org.scalatest.OutcomeOf.outcomeOf$(Lorg/scalatest/OutcomeOf;Lscala/Function0;)Lorg/scalatest/Outcome;+2
j  org.scalatest.OutcomeOf$.outcomeOf(Lscala/Function0;)Lorg/scalatest/Outcome;+2
j  org.scalatest.Transformer.apply()Lorg/scalatest/Outcome;+7
j  org.scalatest.Transformer.apply()Ljava/lang/Object;+1
j  org.scalatest.funsuite.AnyFunSuiteLike$$anon$1.apply()Lorg/scalatest/Outcome;+10
j  org.apache.spark.SparkFunSuite.withFixture(Lorg/scalatest/TestSuite$NoArgTest;)Lorg/scalatest/Outcome;+42
j  org.scalatest.funsuite.AnyFunSuiteLike.invokeWithFixture$1(Lorg/scalatest/SuperEngine$TestLeaf;Lorg/scalatest/Args;Ljava/lang/String;)Lorg/scalatest/Outcome;+29
j  org.scalatest.funsuite.AnyFunSuiteLike.$anonfun$runTest$1(Lorg/scalatest/funsuite/AnyFunSuiteLike;Lorg/scalatest/Args;Ljava/lang/String;Lorg/scalatest/SuperEngine$TestLeaf;)Lorg/scalatest/Outcome;+4
j  org.scalatest.funsuite.AnyFunSuiteLike$$Lambda$825.apply(Ljava/lang/Object;)Ljava/lang/Object;+16
j  org.scalatest.SuperEngine.runTestImpl(Lorg/scalatest/Suite;Ljava/lang/String;Lorg/scalatest/Args;ZLscala/Function1;)Lorg/scalatest/Status;+506
j  org.scalatest.funsuite.AnyFunSuiteLike.runTest(Ljava/lang/String;Lorg/scalatest/Args;)Lorg/scalatest/Status;+18
j  org.scalatest.funsuite.AnyFunSuiteLike.runTest$(Lorg/scalatest/funsuite/AnyFunSuiteLike;Ljava/lang/String;Lorg/scalatest/Args;)Lorg/scalatest/Status;+3
j  org.apache.spark.SparkFunSuite.org$scalatest$BeforeAndAfterEach$$super$runTest(Ljava/lang/String;Lorg/scalatest/Args;)Lorg/scalatest/Status;+3
j  org.scalatest.BeforeAndAfterEach.runTest(Ljava/lang/String;Lorg/scalatest/Args;)Lorg/scalatest/Status;+27
j  org.scalatest.BeforeAndAfterEach.runTest$(Lorg/scalatest/BeforeAndAfterEach;Ljava/lang/String;Lorg/scalatest/Args;)Lorg/scalatest/Status;+3
j  org.apache.spark.sql.hive.execution.HiveCompatibilitySuite.org$scalatest$BeforeAndAfter$$super$runTest(Ljava/lang/String;Lorg/scalatest/Args;)Lorg/scalatest/Status;+3
j  org.scalatest.BeforeAndAfter.runTest(Ljava/lang/String;Lorg/scalatest/Args;)Lorg/scalatest/Status;+113
j  org.scalatest.BeforeAndAfter.runTest$(Lorg/scalatest/BeforeAndAfter;Ljava/lang/String;Lorg/scalatest/Args;)Lorg/scalatest/Status;+3
j  org.apache.spark.sql.hive.execution.HiveCompatibilitySuite.runTest(Ljava/lang/String;Lorg/scalatest/Args;)Lorg/scalatest/Status;+3
j  org.scalatest.funsuite.AnyFunSuiteLike.$anonfun$runTests$1(Lorg/scalatest/funsuite/AnyFunSuiteLike;Ljava/lang/String;Lorg/scalatest/Args;)Lorg/scalatest/Status;+3
j  org.scalatest.funsuite.AnyFunSuiteLike$$Lambda$821.apply(Ljava/lang/Object;Ljava/lang/Object;)Ljava/lang/Object;+12
j  org.scalatest.SuperEngine.$anonfun$runTestsInBranch$1(Lorg/scalatest/SuperEngine;Lorg/scalatest/Args;Lorg/scalatest/Suite;Lorg/scalatest/SuperEngine$Branch;Lscala/collection/mutable/ListBuffer;Lscala/Function2;ZLorg/scalatest/SuperEngine$Node;)Ljava/lang/Object;+229
j  org.scalatest.SuperEngine$$Lambda$822.apply(Ljava/lang/Object;)Ljava/lang/Object;+32
J 2491 C2 scala.collection.immutable.List.foreach(Lscala/Function1;)V (32 bytes) @ 0x0000000119f6844c [0x0000000119f683c0+0x8c]
j  org.scalatest.SuperEngine.traverseSubNodes$1(Lorg/scalatest/SuperEngine$Branch;Lorg/scalatest/Args;Lorg/scalatest/Suite;Lscala/collection/mutable/ListBuffer;Lscala/Function2;Z)V+22
j  org.scalatest.SuperEngine.runTestsInBranch(Lorg/scalatest/Suite;Lorg/scalatest/SuperEngine$Branch;Lorg/scalatest/Args;ZLscala/Function2;)Lorg/scalatest/Status;+191
j  org.scalatest.SuperEngine.runTestsImpl(Lorg/scalatest/Suite;Lscala/Option;Lorg/scalatest/Args;Lorg/scalatest/Informer;ZLscala/Function2;)Lorg/scalatest/Status;+410
j  org.scalatest.funsuite.AnyFunSuiteLike.runTests(Lscala/Option;Lorg/scalatest/Args;)Lorg/scalatest/Status;+22
j  org.scalatest.funsuite.AnyFunSuiteLike.runTests$(Lorg/scalatest/funsuite/AnyFunSuiteLike;Lscala/Option;Lorg/scalatest/Args;)Lorg/scalatest/Status;+3
j  org.scalatest.funsuite.AnyFunSuite.runTests(Lscala/Option;Lorg/scalatest/Args;)Lorg/scalatest/Status;+3
j  org.scalatest.Suite.run(Lscala/Option;Lorg/scalatest/Args;)Lorg/scalatest/Status;+235
j  org.scalatest.Suite.run$(Lorg/scalatest/Suite;Lscala/Option;Lorg/scalatest/Args;)Lorg/scalatest/Status;+3
j  org.scalatest.funsuite.AnyFunSuite.org$scalatest$funsuite$AnyFunSuiteLike$$super$run(Lscala/Option;Lorg/scalatest/Args;)Lorg/scalatest/Status;+3
j  org.scalatest.funsuite.AnyFunSuiteLike.$anonfun$run$1(Lorg/scalatest/funsuite/AnyFunSuiteLike;Lscala/Option;Lorg/scalatest/Args;)Lorg/scalatest/Status;+3
j  org.scalatest.funsuite.AnyFunSuiteLike$$Lambda$814.apply(Ljava/lang/Object;Ljava/lang/Object;)Ljava/lang/Object;+12
j  org.scalatest.SuperEngine.runImpl(Lorg/scalatest/Suite;Lscala/Option;Lorg/scalatest/Args;Lscala/Function2;)Lorg/scalatest/Status;+358
j  org.scalatest.funsuite.AnyFunSuiteLike.run(Lscala/Option;Lorg/scalatest/Args;)Lorg/scalatest/Status;+15
j  org.scalatest.funsuite.AnyFunSuiteLike.run$(Lorg/scalatest/funsuite/AnyFunSuiteLike;Lscala/Option;Lorg/scalatest/Args;)Lorg/scalatest/Status;+3
j  org.apache.spark.SparkFunSuite.org$scalatest$BeforeAndAfterAll$$super$run(Lscala/Option;Lorg/scalatest/Args;)Lorg/scalatest/Status;+3
j  org.scalatest.BeforeAndAfterAll.liftedTree1$1(Lorg/scalatest/Args;Lscala/Option;)Lscala/Tuple2;+49
j  org.scalatest.BeforeAndAfterAll.run(Lscala/Option;Lorg/scalatest/Args;)Lorg/scalatest/Status;+3
j  org.scalatest.BeforeAndAfterAll.run$(Lorg/scalatest/BeforeAndAfterAll;Lscala/Option;Lorg/scalatest/Args;)Lorg/scalatest/Status;+3
j  org.apache.spark.sql.hive.execution.HiveCompatibilitySuite.org$scalatest$BeforeAndAfter$$super$run(Lscala/Option;Lorg/scalatest/Args;)Lorg/scalatest/Status;+3
j  org.scalatest.BeforeAndAfter.run(Lscala/Option;Lorg/scalatest/Args;)Lorg/scalatest/Status;+10
j  org.scalatest.BeforeAndAfter.run$(Lorg/scalatest/BeforeAndAfter;Lscala/Option;Lorg/scalatest/Args;)Lorg/scalatest/Status;+3
j  org.apache.spark.sql.hive.execution.HiveCompatibilitySuite.run(Lscala/Option;Lorg/scalatest/Args;)Lorg/scalatest/Status;+3
j  org.scalatest.tools.SuiteRunner.run()V+184
j  org.scalatest.tools.Runner$.$anonfun$doRunRunRunDaDoRunRun$13(Lscala/collection/immutable/Set;Lscala/collection/immutable/Set;Lorg/scalatest/DispatchReporter;Lorg/scalatest/Stopper;Lorg/scalatest/ConfigMap;Lscala/runtime/ObjectRef;Lscala/collection/immutable/Set;Lorg/scalatest/tools/SuiteConfig;)V+162
j  org.scalatest.tools.Runner$.$anonfun$doRunRunRunDaDoRunRun$13$adapted(Lscala/collection/immutable/Set;Lscala/collection/immutable/Set;Lorg/scalatest/DispatchReporter;Lorg/scalatest/Stopper;Lorg/scalatest/ConfigMap;Lscala/runtime/ObjectRef;Lscala/collection/immutable/Set;Lorg/scalatest/tools/SuiteConfig;)Ljava/lang/Object;+12
j  org.scalatest.tools.Runner$$$Lambda$808.apply(Ljava/lang/Object;)Ljava/lang/Object;+32
J 2491 C2 scala.collection.immutable.List.foreach(Lscala/Function1;)V (32 bytes) @ 0x0000000119f6844c [0x0000000119f683c0+0x8c]
j  org.scalatest.tools.Runner$.doRunRunRunDaDoRunRun(Lorg/scalatest/DispatchReporter;Lscala/collection/immutable/List;Lscala/collection/immutable/List;Lscala/collection/immutable/List;Lscala/collection/immutable/List;Lorg/scalatest/Stopper;Lscala/collection/immutable/Set;Lscala/collection/immutable/Set;Lorg/scalatest/ConfigMap;ZLscala/collection/immutable/List;Lscala/collection/immutable/List;Lscala/collection/immutable/List;Lscala/collection/immutable/List;Ljava/lang/ClassLoader;Lorg/scalatest/tools/RunDoneListener;ILorg/scalatest/tools/ConcurrentConfig;Lscala/Option;Lscala/collection/immutable/Set;Lorg/scalatest/time/Span;)V+1488
j  org.scalatest.tools.Runner$.$anonfun$runOptionallyWithPassFailReporter$24(Lscala/collection/immutable/List;Lscala/collection/immutable/List;Lscala/collection/immutable/List;Lscala/collection/immutable/List;Lscala/collection/immutable/Set;Lscala/collection/immutable/Set;Lorg/scalatest/ConfigMap;ZLscala/collection/immutable/List;Lscala/collection/immutable/List;Lscala/collection/immutable/List;Lscala/collection/immutable/List;Lorg/scalatest/tools/ConcurrentConfig;Lscala/Option;Lscala/collection/immutable/Set;Lorg/scalatest/time/Span;Ljava/lang/ClassLoader;Lorg/scalatest/DispatchReporter;)V+49
j  org.scalatest.tools.Runner$.$anonfun$runOptionallyWithPassFailReporter$24$adapted(Lscala/collection/immutable/List;Lscala/collection/immutable/List;Lscala/collection/immutable/List;Lscala/collection/immutable/List;Lscala/collection/immutable/Set;Lscala/collection/immutable/Set;Lorg/scalatest/ConfigMap;ZLscala/collection/immutable/List;Lscala/collection/immutable/List;Lscala/collection/immutable/List;Lscala/collection/immutable/List;Lorg/scalatest/tools/ConcurrentConfig;Lscala/Option;Lscala/collection/immutable/Set;Lorg/scalatest/time/Span;Ljava/lang/ClassLoader;Lorg/scalatest/DispatchReporter;)Ljava/lang/Object;+32
j  org.scalatest.tools.Runner$$$Lambda$60.apply(Ljava/lang/Object;Ljava/lang/Object;)Ljava/lang/Object;+72
j  org.scalatest.tools.Runner$.withClassLoaderAndDispatchReporter(Lscala/collection/immutable/List;Lorg/scalatest/tools/ReporterConfigurations;Lscala/Option;Lscala/Option;ZJJLscala/Function2;)V+44
j  org.scalatest.tools.Runner$.runOptionallyWithPassFailReporter([Ljava/lang/String;Z)Z+2026
j  org.scalatest.tools.Runner$.run([Ljava/lang/String;)Z+18
j  org.scalatest.tools.Runner.run([Ljava/lang/String;)Z+4
j  org.jetbrains.plugins.scala.testingSupport.scalaTest.ScalaTestRunner.runScalaTest2([Ljava/lang/String;)V+776
j  org.jetbrains.plugins.scala.testingSupport.scalaTest.ScalaTestRunner.main([Ljava/lang/String;)V+7
v  ~StubRoutines::call_stub
V  [libjvm.dylib+0x2f0792]  JavaCalls::call_helper(JavaValue*, methodHandle*, JavaCallArguments*, Thread*)+0x6ae
V  [libjvm.dylib+0x327739]  jni_invoke_static(JNIEnv_*, JavaValue*, _jobject*, JNICallType, _jmethodID*, JNI_ArgumentPusher*, Thread*)+0x1bf
V  [libjvm.dylib+0x3204c5]  jni_CallStaticVoidMethod+0x15d
C  [java+0x38c6]  JavaMain+0x9c4
C  [libsystem_pthread.dylib+0x32eb]  _pthread_body+0x7e
C  [libsystem_pthread.dylib+0x6249]  _pthread_start+0x42
...<more frames>...

Java frames: (J=compiled Java code, j=interpreted, Vv=VM code)
J 5964  sun.misc.Unsafe.copyMemory(Ljava/lang/Object;JLjava/lang/Object;JJ)V (0 bytes) @ 0x000000011a7e1167 [0x000000011a7e1100+0x67]
j  org.apache.spark.unsafe.Platform.copyMemory(Ljava/lang/Object;JLjava/lang/Object;JJ)V+34
j  org.apache.spark.unsafe.types.UTF8String.getBytes()[B+76
j  org.apache.spark.unsafe.types.UTF8String.toString()Ljava/lang/String;+5
j  org.apache.spark.sql.catalyst.InternalRow.getString(I)Ljava/lang/String;+5
j  org.apache.spark.sql.execution.HiveResult$.$anonfun$hiveResultString$4(Lorg/apache/spark/sql/catalyst/InternalRow;)Ljava/lang/String;+2
j  org.apache.spark.sql.execution.HiveResult$$$Lambda$2173.apply(Ljava/lang/Object;)Ljava/lang/Object;+4
J 2410 C2 scala.collection.TraversableLike$$Lambda$62.apply(Ljava/lang/Object;)Ljava/lang/Object; (13 bytes) @ 0x0000000119f37f2c [0x0000000119f37ee0+0x4c]
J 8618 C2 scala.collection.IndexedSeqOptimized.foreach(Lscala/Function1;)V (36 bytes) @ 0x000000011ae0ff08 [0x000000011ae0fa80+0x488]
J 11916 C1 scala.collection.mutable.ArrayOps$ofRef.map(Lscala/Function1;Lscala/collection/generic/CanBuildFrom;)Ljava/lang/Object; (7 bytes) @ 0x000000011b66fdcc [0x000000011b66f6a0+0x72c]
j  org.apache.spark.sql.execution.HiveResult$.hiveResultString(Lorg/apache/spark/sql/execution/SparkPlan;)Lscala/collection/Seq;+364
j  org.apache.spark.sql.hive.execution.HiveComparisonTest.$anonfun$createQueryTest$32(Lorg/apache/spark/sql/hive/test/TestHiveQueryExecution;)Lscala/collection/Seq;+7
j  org.apache.spark.sql.hive.execution.HiveComparisonTest$$Lambda$2171.apply()Ljava/lang/Object;+4
j  org.apache.spark.sql.execution.SQLExecution$.$anonfun$withNewExecutionId$5(Lorg/apache/spark/SparkContext;JLjava/lang/String;Lorg/apache/spark/util/CallSite;Lorg/apache/spark/sql/execution/QueryExecution;Lorg/apache/spark/sql/execution/ExplainMode;Lscala/Function0;Lscala/Option;)Ljava/lang/Object;+54
j  org.apache.spark.sql.execution.SQLExecution$$$Lambda$996.apply()Ljava/lang/Object;+32
j  org.apache.spark.sql.execution.SQLExecution$.withSQLConfPropagated(Lorg/apache/spark/sql/SparkSession;Lscala/Function0;)Ljava/lang/Object;+44
j  org.apache.spark.sql.execution.SQLExecution$.$anonfun$withNewExecutionId$1(Lorg/apache/spark/sql/execution/QueryExecution;Lscala/Function0;Lscala/Option;)Ljava/lang/Object;+186
j  org.apache.spark.sql.execution.SQLExecution$$$Lambda$990.apply()Ljava/lang/Object;+12
j  org.apache.spark.sql.SparkSession.withActive(Lscala/Function0;)Ljava/lang/Object;+21
j  org.apache.spark.sql.execution.SQLExecution$.withNewExecutionId(Lorg/apache/spark/sql/execution/QueryExecution;Lscala/Option;Lscala/Function0;)Ljava/lang/Object;+12
j  org.apache.spark.sql.hive.execution.HiveComparisonTest.getResult$1(Lorg/apache/spark/sql/hive/test/TestHiveQueryExecution;)Lscala/collection/Seq;+16
j  org.apache.spark.sql.hive.execution.HiveComparisonTest.$anonfun$createQueryTest$31(Lorg/apache/spark/sql/hive/execution/HiveComparisonTest;Ljava/lang/String;Lscala/runtime/LazyRef;Lscala/collection/Seq;Lscala/Tuple2;)Lscala/Tuple2;+61
j  org.apache.spark.sql.hive.execution.HiveComparisonTest$$Lambda$2170.apply(Ljava/lang/Object;)Ljava/lang/Object;+20
J 2410 C2 scala.collection.TraversableLike$$Lambda$62.apply(Ljava/lang/Object;)Ljava/lang/Object; (13 bytes) @ 0x0000000119f37f2c [0x0000000119f37ee0+0x4c]
J 10570 C1 scala.collection.mutable.ResizableArray.foreach(Lscala/Function1;)V (37 bytes) @ 0x000000011b30661c [0x000000011b306380+0x29c]
J 10411 C1 scala.collection.mutable.ArrayBuffer.foreach(Lscala/Function1;)V (6 bytes) @ 0x000000011b28e77c [0x000000011b28e6c0+0xbc]
J 2617 C1 scala.collection.AbstractTraversable.map(Lscala/Function1;Lscala/collection/generic/CanBuildFrom;)Ljava/lang/Object; (7 bytes) @ 0x0000000119fc93ec [0x0000000119fc8c20+0x7cc]
j  org.apache.spark.sql.hive.execution.HiveComparisonTest.doTest$1(ZZLjava/lang/String;Lscala/collection/Seq;Lscala/runtime/LazyRef;)V+304
j  org.apache.spark.sql.hive.execution.HiveComparisonTest.$anonfun$createQueryTest$10(Lorg/apache/spark/sql/hive/execution/HiveComparisonTest;ZLjava/lang/String;Ljava/lang/String;ZZ)Ljava/lang/Object;+446
j  org.apache.spark.sql.hive.execution.HiveComparisonTest$$Lambda$719.apply()Ljava/lang/Object;+24
j  org.scalatest.OutcomeOf.outcomeOf(Lscala/Function0;)Lorg/scalatest/Outcome;+1
j  org.scalatest.OutcomeOf.outcomeOf$(Lorg/scalatest/OutcomeOf;Lscala/Function0;)Lorg/scalatest/Outcome;+2
j  org.scalatest.OutcomeOf$.outcomeOf(Lscala/Function0;)Lorg/scalatest/Outcome;+2
j  org.scalatest.Transformer.apply()Lorg/scalatest/Outcome;+7
j  org.scalatest.Transformer.apply()Ljava/lang/Object;+1
j  org.scalatest.funsuite.AnyFunSuiteLike$$anon$1.apply()Lorg/scalatest/Outcome;+10
j  org.apache.spark.SparkFunSuite.withFixture(Lorg/scalatest/TestSuite$NoArgTest;)Lorg/scalatest/Outcome;+42
j  org.scalatest.funsuite.AnyFunSuiteLike.invokeWithFixture$1(Lorg/scalatest/SuperEngine$TestLeaf;Lorg/scalatest/Args;Ljava/lang/String;)Lorg/scalatest/Outcome;+29
j  org.scalatest.funsuite.AnyFunSuiteLike.$anonfun$runTest$1(Lorg/scalatest/funsuite/AnyFunSuiteLike;Lorg/scalatest/Args;Ljava/lang/String;Lorg/scalatest/SuperEngine$TestLeaf;)Lorg/scalatest/Outcome;+4
j  org.scalatest.funsuite.AnyFunSuiteLike$$Lambda$825.apply(Ljava/lang/Object;)Ljava/lang/Object;+16
j  org.scalatest.SuperEngine.runTestImpl(Lorg/scalatest/Suite;Ljava/lang/String;Lorg/scalatest/Args;ZLscala/Function1;)Lorg/scalatest/Status;+506
j  org.scalatest.funsuite.AnyFunSuiteLike.runTest(Ljava/lang/String;Lorg/scalatest/Args;)Lorg/scalatest/Status;+18
j  org.scalatest.funsuite.AnyFunSuiteLike.runTest$(Lorg/scalatest/funsuite/AnyFunSuiteLike;Ljava/lang/String;Lorg/scalatest/Args;)Lorg/scalatest/Status;+3
j  org.apache.spark.SparkFunSuite.org$scalatest$BeforeAndAfterEach$$super$runTest(Ljava/lang/String;Lorg/scalatest/Args;)Lorg/scalatest/Status;+3
j  org.scalatest.BeforeAndAfterEach.runTest(Ljava/lang/String;Lorg/scalatest/Args;)Lorg/scalatest/Status;+27
j  org.scalatest.BeforeAndAfterEach.runTest$(Lorg/scalatest/BeforeAndAfterEach;Ljava/lang/String;Lorg/scalatest/Args;)Lorg/scalatest/Status;+3
j  org.apache.spark.sql.hive.execution.HiveCompatibilitySuite.org$scalatest$BeforeAndAfter$$super$runTest(Ljava/lang/String;Lorg/scalatest/Args;)Lorg/scalatest/Status;+3
j  org.scalatest.BeforeAndAfter.runTest(Ljava/lang/String;Lorg/scalatest/Args;)Lorg/scalatest/Status;+113
j  org.scalatest.BeforeAndAfter.runTest$(Lorg/scalatest/BeforeAndAfter;Ljava/lang/String;Lorg/scalatest/Args;)Lorg/scalatest/Status;+3
j  org.apache.spark.sql.hive.execution.HiveCompatibilitySuite.runTest(Ljava/lang/String;Lorg/scalatest/Args;)Lorg/scalatest/Status;+3
j  org.scalatest.funsuite.AnyFunSuiteLike.$anonfun$runTests$1(Lorg/scalatest/funsuite/AnyFunSuiteLike;Ljava/lang/String;Lorg/scalatest/Args;)Lorg/scalatest/Status;+3
j  org.scalatest.funsuite.AnyFunSuiteLike$$Lambda$821.apply(Ljava/lang/Object;Ljava/lang/Object;)Ljava/lang/Object;+12
j  org.scalatest.SuperEngine.$anonfun$runTestsInBranch$1(Lorg/scalatest/SuperEngine;Lorg/scalatest/Args;Lorg/scalatest/Suite;Lorg/scalatest/SuperEngine$Branch;Lscala/collection/mutable/ListBuffer;Lscala/Function2;ZLorg/scalatest/SuperEngine$Node;)Ljava/lang/Object;+229
j  org.scalatest.SuperEngine$$Lambda$822.apply(Ljava/lang/Object;)Ljava/lang/Object;+32
J 2491 C2 scala.collection.immutable.List.foreach(Lscala/Function1;)V (32 bytes) @ 0x0000000119f6844c [0x0000000119f683c0+0x8c]
j  org.scalatest.SuperEngine.traverseSubNodes$1(Lorg/scalatest/SuperEngine$Branch;Lorg/scalatest/Args;Lorg/scalatest/Suite;Lscala/collection/mutable/ListBuffer;Lscala/Function2;Z)V+22
j  org.scalatest.SuperEngine.runTestsInBranch(Lorg/scalatest/Suite;Lorg/scalatest/SuperEngine$Branch;Lorg/scalatest/Args;ZLscala/Function2;)Lorg/scalatest/Status;+191
j  org.scalatest.SuperEngine.runTestsImpl(Lorg/scalatest/Suite;Lscala/Option;Lorg/scalatest/Args;Lorg/scalatest/Informer;ZLscala/Function2;)Lorg/scalatest/Status;+410
j  org.scalatest.funsuite.AnyFunSuiteLike.runTests(Lscala/Option;Lorg/scalatest/Args;)Lorg/scalatest/Status;+22
j  org.scalatest.funsuite.AnyFunSuiteLike.runTests$(Lorg/scalatest/funsuite/AnyFunSuiteLike;Lscala/Option;Lorg/scalatest/Args;)Lorg/scalatest/Status;+3
j  org.scalatest.funsuite.AnyFunSuite.runTests(Lscala/Option;Lorg/scalatest/Args;)Lorg/scalatest/Status;+3
j  org.scalatest.Suite.run(Lscala/Option;Lorg/scalatest/Args;)Lorg/scalatest/Status;+235
j  org.scalatest.Suite.run$(Lorg/scalatest/Suite;Lscala/Option;Lorg/scalatest/Args;)Lorg/scalatest/Status;+3
j  org.scalatest.funsuite.AnyFunSuite.org$scalatest$funsuite$AnyFunSuiteLike$$super$run(Lscala/Option;Lorg/scalatest/Args;)Lorg/scalatest/Status;+3
j  org.scalatest.funsuite.AnyFunSuiteLike.$anonfun$run$1(Lorg/scalatest/funsuite/AnyFunSuiteLike;Lscala/Option;Lorg/scalatest/Args;)Lorg/scalatest/Status;+3
j  org.scalatest.funsuite.AnyFunSuiteLike$$Lambda$814.apply(Ljava/lang/Object;Ljava/lang/Object;)Ljava/lang/Object;+12
j  org.scalatest.SuperEngine.runImpl(Lorg/scalatest/Suite;Lscala/Option;Lorg/scalatest/Args;Lscala/Function2;)Lorg/scalatest/Status;+358
j  org.scalatest.funsuite.AnyFunSuiteLike.run(Lscala/Option;Lorg/scalatest/Args;)Lorg/scalatest/Status;+15
j  org.scalatest.funsuite.AnyFunSuiteLike.run$(Lorg/scalatest/funsuite/AnyFunSuiteLike;Lscala/Option;Lorg/scalatest/Args;)Lorg/scalatest/Status;+3
j  org.apache.spark.SparkFunSuite.org$scalatest$BeforeAndAfterAll$$super$run(Lscala/Option;Lorg/scalatest/Args;)Lorg/scalatest/Status;+3
j  org.scalatest.BeforeAndAfterAll.liftedTree1$1(Lorg/scalatest/Args;Lscala/Option;)Lscala/Tuple2;+49
j  org.scalatest.BeforeAndAfterAll.run(Lscala/Option;Lorg/scalatest/Args;)Lorg/scalatest/Status;+3
j  org.scalatest.BeforeAndAfterAll.run$(Lorg/scalatest/BeforeAndAfterAll;Lscala/Option;Lorg/scalatest/Args;)Lorg/scalatest/Status;+3
j  org.apache.spark.sql.hive.execution.HiveCompatibilitySuite.org$scalatest$BeforeAndAfter$$super$run(Lscala/Option;Lorg/scalatest/Args;)Lorg/scalatest/Status;+3
j  org.scalatest.BeforeAndAfter.run(Lscala/Option;Lorg/scalatest/Args;)Lorg/scalatest/Status;+10
j  org.scalatest.BeforeAndAfter.run$(Lorg/scalatest/BeforeAndAfter;Lscala/Option;Lorg/scalatest/Args;)Lorg/scalatest/Status;+3
j  org.apache.spark.sql.hive.execution.HiveCompatibilitySuite.run(Lscala/Option;Lorg/scalatest/Args;)Lorg/scalatest/Status;+3
j  org.scalatest.tools.SuiteRunner.run()V+184
j  org.scalatest.tools.Runner$.$anonfun$doRunRunRunDaDoRunRun$13(Lscala/collection/immutable/Set;Lscala/collection/immutable/Set;Lorg/scalatest/DispatchReporter;Lorg/scalatest/Stopper;Lorg/scalatest/ConfigMap;Lscala/runtime/ObjectRef;Lscala/collection/immutable/Set;Lorg/scalatest/tools/SuiteConfig;)V+162
j  org.scalatest.tools.Runner$.$anonfun$doRunRunRunDaDoRunRun$13$adapted(Lscala/collection/immutable/Set;Lscala/collection/immutable/Set;Lorg/scalatest/DispatchReporter;Lorg/scalatest/Stopper;Lorg/scalatest/ConfigMap;Lscala/runtime/ObjectRef;Lscala/collection/immutable/Set;Lorg/scalatest/tools/SuiteConfig;)Ljava/lang/Object;+12
j  org.scalatest.tools.Runner$$$Lambda$808.apply(Ljava/lang/Object;)Ljava/lang/Object;+32
J 2491 C2 scala.collection.immutable.List.foreach(Lscala/Function1;)V (32 bytes) @ 0x0000000119f6844c [0x0000000119f683c0+0x8c]
j  org.scalatest.tools.Runner$.doRunRunRunDaDoRunRun(Lorg/scalatest/DispatchReporter;Lscala/collection/immutable/List;Lscala/collection/immutable/List;Lscala/collection/immutable/List;Lscala/collection/immutable/List;Lorg/scalatest/Stopper;Lscala/collection/immutable/Set;Lscala/collection/immutable/Set;Lorg/scalatest/ConfigMap;ZLscala/collection/immutable/List;Lscala/collection/immutable/List;Lscala/collection/immutable/List;Lscala/collection/immutable/List;Ljava/lang/ClassLoader;Lorg/scalatest/tools/RunDoneListener;ILorg/scalatest/tools/ConcurrentConfig;Lscala/Option;Lscala/collection/immutable/Set;Lorg/scalatest/time/Span;)V+1488
j  org.scalatest.tools.Runner$.$anonfun$runOptionallyWithPassFailReporter$24(Lscala/collection/immutable/List;Lscala/collection/immutable/List;Lscala/collection/immutable/List;Lscala/collection/immutable/List;Lscala/collection/immutable/Set;Lscala/collection/immutable/Set;Lorg/scalatest/ConfigMap;ZLscala/collection/immutable/List;Lscala/collection/immutable/List;Lscala/collection/immutable/List;Lscala/collection/immutable/List;Lorg/scalatest/tools/ConcurrentConfig;Lscala/Option;Lscala/collection/immutable/Set;Lorg/scalatest/time/Span;Ljava/lang/ClassLoader;Lorg/scalatest/DispatchReporter;)V+49
j  org.scalatest.tools.Runner$.$anonfun$runOptionallyWithPassFailReporter$24$adapted(Lscala/collection/immutable/List;Lscala/collection/immutable/List;Lscala/collection/immutable/List;Lscala/collection/immutable/List;Lscala/collection/immutable/Set;Lscala/collection/immutable/Set;Lorg/scalatest/ConfigMap;ZLscala/collection/immutable/List;Lscala/collection/immutable/List;Lscala/collection/immutable/List;Lscala/collection/immutable/List;Lorg/scalatest/tools/ConcurrentConfig;Lscala/Option;Lscala/collection/immutable/Set;Lorg/scalatest/time/Span;Ljava/lang/ClassLoader;Lorg/scalatest/DispatchReporter;)Ljava/lang/Object;+32
j  org.scalatest.tools.Runner$$$Lambda$60.apply(Ljava/lang/Object;Ljava/lang/Object;)Ljava/lang/Object;+72
j  org.scalatest.tools.Runner$.withClassLoaderAndDispatchReporter(Lscala/collection/immutable/List;Lorg/scalatest/tools/ReporterConfigurations;Lscala/Option;Lscala/Option;ZJJLscala/Function2;)V+44
j  org.scalatest.tools.Runner$.runOptionallyWithPassFailReporter([Ljava/lang/String;Z)Z+2026
j  org.scalatest.tools.Runner$.run([Ljava/lang/String;)Z+18
j  org.scalatest.tools.Runner.run([Ljava/lang/String;)Z+4
j  org.jetbrains.plugins.scala.testingSupport.scalaTest.ScalaTestRunner.runScalaTest2([Ljava/lang/String;)V+776
j  org.jetbrains.plugins.scala.testingSupport.scalaTest.ScalaTestRunner.main([Ljava/lang/String;)V+7
v  ~StubRoutines::call_stub

---------------  P R O C E S S  ---------------

Java Threads: ( => current thread )
  0x00007fcca037a000 JavaThread "task-result-getter-0" daemon [_thread_blocked, id=34307, stack(0x0000700008cab000,0x0000700008dab000)]
  0x00007fcca12f0000 JavaThread "Executor task launch worker for task 0.0 in stage 0.0 (TID 0)" daemon [_thread_blocked, id=31779, stack(0x0000700008ba8000,0x0000700008ca8000)]
  0x00007fcca0946000 JavaThread "HMSHandler #0" daemon [_thread_blocked, id=35107, stack(0x0000700008aa5000,0x0000700008ba5000)]
  0x00007fcc9ea91800 JavaThread "BoneCP-pool-watch-thread" daemon [_thread_blocked, id=31491, stack(0x00007000089a2000,0x0000700008aa2000)]
  0x00007fcc9eccc800 JavaThread "BoneCP-keep-alive-scheduler" daemon [_thread_blocked, id=30979, stack(0x000070000889f000,0x000070000899f000)]
  0x00007fcca1202000 JavaThread "com.google.common.base.internal.Finalizer" daemon [_thread_blocked, id=35587, stack(0x000070000879c000,0x000070000889c000)]
  0x00007fcc9fc3e000 JavaThread "BoneCP-pool-watch-thread" daemon [_thread_blocked, id=36099, stack(0x0000700008699000,0x0000700008799000)]
  0x00007fcca2ae0800 JavaThread "BoneCP-keep-alive-scheduler" daemon [_thread_blocked, id=36611, stack(0x0000700008596000,0x0000700008696000)]
  0x00007fcca2d40800 JavaThread "com.google.common.base.internal.Finalizer" daemon [_thread_blocked, id=30467, stack(0x0000700008493000,0x0000700008593000)]
  0x00007fcca351f800 JavaThread "derby.rawStoreDaemon" daemon [_thread_blocked, id=37379, stack(0x0000700008390000,0x0000700008490000)]
  0x00007fcca2ace000 JavaThread "Timer-0" daemon [_thread_blocked, id=29955, stack(0x000070000828d000,0x000070000838d000)]
  0x00007fcc9fa5b800 JavaThread "process reaper" daemon [_thread_blocked, id=29443, stack(0x0000700005380000,0x00007000053a8000)]
  0x00007fcc9ff96800 JavaThread "spark-listener-group-shared" daemon [_thread_blocked, id=29187, stack(0x000070000818a000,0x000070000828a000)]
  0x00007fcca2d3a000 JavaThread "org.apache.hadoop.fs.FileSystem$Statistics$StatisticsDataReferenceCleaner" daemon [_thread_blocked, id=28675, stack(0x0000700008087000,0x0000700008187000)]
  0x00007fcca0992800 JavaThread "element-tracking-store-worker" daemon [_thread_blocked, id=28419, stack(0x0000700007f84000,0x0000700008084000)]
  0x00007fcc9ffd8800 JavaThread "spark-listener-group-executorManagement" daemon [_thread_blocked, id=38403, stack(0x0000700007e81000,0x0000700007f81000)]
  0x00007fcc9fc0b000 JavaThread "spark-listener-group-appStatus" daemon [_thread_blocked, id=27907, stack(0x0000700007d7e000,0x0000700007e7e000)]
  0x00007fcca08d6800 JavaThread "context-cleaner-periodic-gc" daemon [_thread_blocked, id=27395, stack(0x0000700007c7b000,0x0000700007d7b000)]
  0x00007fcca0829800 JavaThread "Spark Context Cleaner" daemon [_thread_blocked, id=38915, stack(0x0000700007b78000,0x0000700007c78000)]
  0x00007fcca03dd000 JavaThread "shuffle-boss-6-1" daemon [_thread_in_native, id=26883, stack(0x0000700007a75000,0x0000700007b75000)]
  0x00007fcca096a000 JavaThread "executor-heartbeater" daemon [_thread_blocked, id=26627, stack(0x0000700007972000,0x0000700007a72000)]
  0x00007fcca08df800 JavaThread "driver-heartbeater" daemon [_thread_blocked, id=39427, stack(0x000070000786f000,0x000070000796f000)]
  0x00007fcca08de000 JavaThread "dag-scheduler-event-loop" daemon [_thread_blocked, id=26115, stack(0x000070000776c000,0x000070000786c000)]
  0x00007fcca10e5000 JavaThread "task-abort-timer" daemon [_thread_blocked, id=25603, stack(0x0000700007669000,0x0000700007769000)]
  0x00007fcca1321000 JavaThread "task-starvation-timer" daemon [_thread_blocked, id=25091, stack(0x0000700007566000,0x0000700007666000)]
  0x00007fcca19a5000 JavaThread "netty-rpc-env-timeout" daemon [_thread_blocked, id=24835, stack(0x0000700007463000,0x0000700007563000)]
  0x00007fcca03b7800 JavaThread "heartbeat-receiver-event-loop-thread" daemon [_thread_blocked, id=40451, stack(0x0000700007360000,0x0000700007460000)]
  0x00007fcca08e6800 JavaThread "RemoteBlock-temp-file-clean-thread" daemon [_thread_blocked, id=24323, stack(0x000070000725d000,0x000070000735d000)]
  0x00007fcc9fff5000 JavaThread "dispatcher-BlockManagerEndpoint1" daemon [_thread_blocked, id=40707, stack(0x000070000715a000,0x000070000725a000)]
  0x00007fcc9ffdd000 JavaThread "dispatcher-BlockManagerMaster" daemon [_thread_blocked, id=23811, stack(0x0000700007057000,0x0000700007157000)]
  0x00007fcc9fed6000 JavaThread "map-output-dispatcher-7" daemon [_thread_blocked, id=41475, stack(0x0000700006f54000,0x0000700007054000)]
  0x00007fcc9fed5000 JavaThread "map-output-dispatcher-6" daemon [_thread_blocked, id=23555, stack(0x0000700006e51000,0x0000700006f51000)]
  0x00007fcca0888800 JavaThread "map-output-dispatcher-5" daemon [_thread_blocked, id=23299, stack(0x0000700006d4e000,0x0000700006e4e000)]
  0x00007fcca0888000 JavaThread "map-output-dispatcher-4" daemon [_thread_blocked, id=22787, stack(0x0000700006c4b000,0x0000700006d4b000)]
  0x00007fcca0885000 JavaThread "map-output-dispatcher-3" daemon [_thread_blocked, id=42499, stack(0x0000700006b48000,0x0000700006c48000)]
  0x00007fcca0884800 JavaThread "map-output-dispatcher-2" daemon [_thread_blocked, id=22275, stack(0x0000700006a45000,0x0000700006b45000)]
  0x00007fcca0883800 JavaThread "map-output-dispatcher-1" daemon [_thread_blocked, id=43011, stack(0x0000700006942000,0x0000700006a42000)]
  0x00007fcc9feb9000 JavaThread "map-output-dispatcher-0" daemon [_thread_blocked, id=22019, stack(0x000070000683f000,0x000070000693f000)]
  0x00007fcca1324800 JavaThread "dispatcher-event-loop-1" daemon [_thread_blocked, id=15875, stack(0x000070000673c000,0x000070000683c000)]
  0x00007fcca0819000 JavaThread "dispatcher-event-loop-0" daemon [_thread_blocked, id=15363, stack(0x0000700006639000,0x0000700006739000)]
  0x00007fcca0a8d000 JavaThread "rpc-boss-3-1" daemon [_thread_in_native, id=12299, stack(0x0000700006536000,0x0000700006636000)]
  0x00007fcca0cb2000 JavaThread "ScalaTest-dispatcher" [_thread_blocked, id=14851, stack(0x0000700006433000,0x0000700006533000)]
  0x00007fcc9fd57000 JavaThread "Attach Listener" daemon [_thread_blocked, id=14595, stack(0x0000700006330000,0x0000700006430000)]
  0x00007fcc9e2d6800 JavaThread "Service Thread" daemon [_thread_blocked, id=14083, stack(0x000070000612a000,0x000070000622a000)]
  0x00007fcc9ea7c000 JavaThread "C1 CompilerThread2" daemon [_thread_blocked, id=17411, stack(0x0000700006027000,0x0000700006127000)]
  0x00007fcc9ea7b000 JavaThread "C2 CompilerThread1" daemon [_thread_blocked, id=17667, stack(0x0000700005f24000,0x0000700006024000)]
  0x00007fcc9f2a9800 JavaThread "C2 CompilerThread0" daemon [_thread_blocked, id=13571, stack(0x0000700005e21000,0x0000700005f21000)]
  0x00007fcc9fb8d000 JavaThread "Monitor Ctrl-Break" daemon [_thread_in_native, id=18179, stack(0x0000700005d1e000,0x0000700005e1e000)]
  0x00007fcc9e02d800 JavaThread "Signal Dispatcher" daemon [_thread_blocked, id=18691, stack(0x0000700005c1b000,0x0000700005d1b000)]
  0x00007fcc9f02e000 JavaThread "Finalizer" daemon [_thread_blocked, id=20227, stack(0x0000700005b18000,0x0000700005c18000)]
  0x00007fcc9e801000 JavaThread "Reference Handler" daemon [_thread_blocked, id=20483, stack(0x0000700005a15000,0x0000700005b15000)]
=>0x00007fcc9e006800 JavaThread "ScalaTest-run-running-HiveCompatibilitySuite" [_thread_in_vm, id=6403, stack(0x0000700005403000,0x0000700005503000)]

Other Threads:
  0x00007fcc9f827000 VMThread [stack: 0x0000700005912000,0x0000700005a12000] [id=20995]
  0x00007fcc9f2aa800 WatcherThread [stack: 0x000070000622d000,0x000070000632d000] [id=16643]

VM state:synchronizing (normal execution)

VM Mutex/Monitor currently owned by a thread:  ([mutex/lock_event])
[0x00007fcc9dc03c30] Threads_lock - owner thread: 0x00007fcc9f827000

heap address: 0x0000000740000000, size: 2048 MB, Compressed Oops mode: Zero based, Oop shift amount: 3
Narrow klass base: 0x0000000000000000, Narrow klass shift: 3
Compressed class space size: 1073741824 Address: 0x00000007c0000000

Heap:
 PSYoungGen      total 559616K, used 181019K [0x0000000795580000, 0x00000007bcc00000, 0x00000007c0000000)
  eden space 540160K, 29% used [0x0000000795580000,0x000000079f3490a8,0x00000007b6500000)
  from space 19456K, 99% used [0x00000007b6500000,0x00000007b77fdc90,0x00000007b7800000)
  to   space 23040K, 0% used [0x00000007bb580000,0x00000007bb580000,0x00000007bcc00000)
 ParOldGen       total 973312K, used 857616K [0x0000000740000000, 0x000000077b680000, 0x0000000795580000)
  object space 973312K, 88% used [0x0000000740000000,0x0000000774584238,0x000000077b680000)
 Metaspace       used 140400K, capacity 154680K, committed 154880K, reserved 1181696K
  class space    used 18534K, capacity 22498K, committed 22528K, reserved 1048576K

Card table byte_map: [0x000000010fe9b000,0x000000011029c000] byte_map_base: 0x000000010c49b000

Marking Bits: (ParMarkBitMap*) 0x000000010eb2feb0
 Begin Bits: [0x0000000110547000, 0x0000000112547000)
 End Bits:   [0x0000000112547000, 0x0000000114547000)

Polling page: 0x000000010f1fb000

CodeCache: size=245760Kb used=34269Kb max_used=34460Kb free=211490Kb
 bounds [0x000000011984c000, 0x000000011ba1c000, 0x000000012884c000]
 total_blobs=12212 nmethods=11124 adapters=996
 compilation: enabled

Compilation events (10 events):
Event: 53.295 Thread 0x00007fcc9ea7c000 nmethod 13204 0x0000000119f09750 code [0x0000000119f098e0, 0x0000000119f09bc8]
Event: 53.296 Thread 0x00007fcc9f2a9800 nmethod 13208 0x0000000119c68e90 code [0x0000000119c69040, 0x0000000119c693b0]
Event: 53.296 Thread 0x00007fcc9ea7b000 nmethod 13200 0x000000011a702210 code [0x000000011a7023c0, 0x000000011a702938]
Event: 53.297 Thread 0x00007fcc9ea7c000 13205       3       scala.collection.mutable.HashSet::containsElem (6 bytes)
Event: 53.297 Thread 0x00007fcc9ea7c000 nmethod 13205 0x0000000119d19050 code [0x0000000119d191c0, 0x0000000119d19448]
Event: 53.299 Thread 0x00007fcc9ea7c000 13206       3       scala.collection.mutable.FlatHashTable::containsElem$ (6 bytes)
Event: 53.299 Thread 0x00007fcc9ea7c000 nmethod 13206 0x000000011a9512d0 code [0x000000011a951440, 0x000000011a951668]
Event: 53.300 Thread 0x00007fcc9ea7c000 13207       3       scala.collection.mutable.FlatHashTable::containsElem (12 bytes)
Event: 53.301 Thread 0x00007fcc9ea7c000 nmethod 13207 0x000000011a733e10 code [0x000000011a733f80, 0x000000011a734168]
Event: 53.303 Thread 0x00007fcc9f2a9800 13223       4       sun.invoke.util.BytecodeDescriptor::unparseMethod (68 bytes)

GC Heap History (10 events):
Event: 36.523 GC heap before
{Heap before GC invocations=25 (full 3):
 PSYoungGen      total 424960K, used 421707K [0x0000000795580000, 0x00000007b3d80000, 0x00000007c0000000)
  eden space 411648K, 100% used [0x0000000795580000,0x00000007ae780000,0x00000007ae780000)
  from space 13312K, 75% used [0x00000007ae780000,0x00000007af152d50,0x00000007af480000)
  to   space 14336K, 0% used [0x00000007b2f80000,0x00000007b2f80000,0x00000007b3d80000)
 ParOldGen       total 98816K, used 28730K [0x0000000740000000, 0x0000000746080000, 0x0000000795580000)
  object space 98816K, 29% used [0x0000000740000000,0x0000000741c0eb20,0x0000000746080000)
 Metaspace       used 85634K, capacity 90212K, committed 90496K, reserved 1128448K
  class space    used 10787K, capacity 12112K, committed 12160K, reserved 1048576K
Event: 36.534 GC heap after
Heap after GC invocations=25 (full 3):
 PSYoungGen      total 485376K, used 7800K [0x0000000795580000, 0x00000007b3e80000, 0x00000007c0000000)
  eden space 471040K, 0% used [0x0000000795580000,0x0000000795580000,0x00000007b2180000)
  from space 14336K, 54% used [0x00000007b2f80000,0x00000007b371e070,0x00000007b3d80000)
  to   space 14336K, 0% used [0x00000007b2180000,0x00000007b2180000,0x00000007b2f80000)
 ParOldGen       total 98816K, used 28738K [0x0000000740000000, 0x0000000746080000, 0x0000000795580000)
  object space 98816K, 29% used [0x0000000740000000,0x0000000741c10b20,0x0000000746080000)
 Metaspace       used 85634K, capacity 90212K, committed 90496K, reserved 1128448K
  class space    used 10787K, capacity 12112K, committed 12160K, reserved 1048576K
}
Event: 39.603 GC heap before
{Heap before GC invocations=26 (full 3):
 PSYoungGen      total 485376K, used 327657K [0x0000000795580000, 0x00000007b3e80000, 0x00000007c0000000)
  eden space 471040K, 67% used [0x0000000795580000,0x00000007a8ddc5f0,0x00000007b2180000)
  from space 14336K, 54% used [0x00000007b2f80000,0x00000007b371e070,0x00000007b3d80000)
  to   space 14336K, 0% used [0x00000007b2180000,0x00000007b2180000,0x00000007b2f80000)
 ParOldGen       total 98816K, used 28738K [0x0000000740000000, 0x0000000746080000, 0x0000000795580000)
  object space 98816K, 29% used [0x0000000740000000,0x0000000741c10b20,0x0000000746080000)
 Metaspace       used 91863K, capacity 98448K, committed 98496K, reserved 1132544K
  class space    used 11635K, capacity 14719K, committed 14720K, reserved 1048576K
Event: 39.623 GC heap after
Heap after GC invocations=26 (full 3):
 PSYoungGen      total 485376K, used 13885K [0x0000000795580000, 0x00000007b8880000, 0x00000007c0000000)
  eden space 471040K, 0% used [0x0000000795580000,0x0000000795580000,0x00000007b2180000)
  from space 14336K, 96% used [0x00000007b2180000,0x00000007b2f0f720,0x00000007b2f80000)
  to   space 16896K, 0% used [0x00000007b7800000,0x00000007b7800000,0x00000007b8880000)
 ParOldGen       total 98816K, used 28765K [0x0000000740000000, 0x0000000746080000, 0x0000000795580000)
  object space 98816K, 29% used [0x0000000740000000,0x0000000741c17750,0x0000000746080000)
 Metaspace       used 91863K, capacity 98448K, committed 98496K, reserved 1132544K
  class space    used 11635K, capacity 14719K, committed 14720K, reserved 1048576K
}
Event: 39.623 GC heap before
{Heap before GC invocations=27 (full 4):
 PSYoungGen      total 485376K, used 13885K [0x0000000795580000, 0x00000007b8880000, 0x00000007c0000000)
  eden space 471040K, 0% used [0x0000000795580000,0x0000000795580000,0x00000007b2180000)
  from space 14336K, 96% used [0x00000007b2180000,0x00000007b2f0f720,0x00000007b2f80000)
  to   space 16896K, 0% used [0x00000007b7800000,0x00000007b7800000,0x00000007b8880000)
 ParOldGen       total 98816K, used 28765K [0x0000000740000000, 0x0000000746080000, 0x0000000795580000)
  object space 98816K, 29% used [0x0000000740000000,0x0000000741c17750,0x0000000746080000)
 Metaspace       used 91863K, capacity 98448K, committed 98496K, reserved 1132544K
  class space    used 11635K, capacity 14719K, committed 14720K, reserved 1048576K
Event: 39.752 GC heap after
Heap after GC invocations=27 (full 4):
 PSYoungGen      total 485376K, used 0K [0x0000000795580000, 0x00000007b8880000, 0x00000007c0000000)
  eden space 471040K, 0% used [0x0000000795580000,0x0000000795580000,0x00000007b2180000)
  from space 14336K, 0% used [0x00000007b2180000,0x00000007b2180000,0x00000007b2f80000)
  to   space 16896K, 0% used [0x00000007b7800000,0x00000007b7800000,0x00000007b8880000)
 ParOldGen       total 150016K, used 33057K [0x0000000740000000, 0x0000000749280000, 0x0000000795580000)
  object space 150016K, 22% used [0x0000000740000000,0x00000007420487a0,0x0000000749280000)
 Metaspace       used 91129K, capacity 96270K, committed 98496K, reserved 1132544K
  class space    used 11451K, capacity 13189K, committed 14720K, reserved 1048576K
}
Event: 45.730 GC heap before
{Heap before GC invocations=28 (full 4):
 PSYoungGen      total 485376K, used 471040K [0x0000000795580000, 0x00000007b8880000, 0x00000007c0000000)
  eden space 471040K, 100% used [0x0000000795580000,0x00000007b2180000,0x00000007b2180000)
  from space 14336K, 0% used [0x00000007b2180000,0x00000007b2180000,0x00000007b2f80000)
  to   space 16896K, 0% used [0x00000007b7800000,0x00000007b7800000,0x00000007b8880000)
 ParOldGen       total 150016K, used 33057K [0x0000000740000000, 0x0000000749280000, 0x0000000795580000)
  object space 150016K, 22% used [0x0000000740000000,0x00000007420487a0,0x0000000749280000)
 Metaspace       used 116562K, capacity 125814K, committed 126080K, reserved 1157120K
  class space    used 15098K, capacity 18227K, committed 18304K, reserved 1048576K
Event: 45.757 GC heap after
Heap after GC invocations=28 (full 4):
 PSYoungGen      total 557056K, used 15521K [0x0000000795580000, 0x00000007b8c00000, 0x00000007c0000000)
  eden space 540160K, 0% used [0x0000000795580000,0x0000000795580000,0x00000007b6500000)
  from space 16896K, 91% used [0x00000007b7800000,0x00000007b87285c8,0x00000007b8880000)
  to   space 19456K, 0% used [0x00000007b6500000,0x00000007b6500000,0x00000007b7800000)
 ParOldGen       total 150016K, used 33065K [0x0000000740000000, 0x0000000749280000, 0x0000000795580000)
  object space 150016K, 22% used [0x0000000740000000,0x000000074204a7a0,0x0000000749280000)
 Metaspace       used 116562K, capacity 125814K, committed 126080K, reserved 1157120K
  class space    used 15098K, capacity 18227K, committed 18304K, reserved 1048576K
}
Event: 51.903 GC heap before
{Heap before GC invocations=29 (full 4):
 PSYoungGen      total 557056K, used 555681K [0x0000000795580000, 0x00000007b8c00000, 0x00000007c0000000)
  eden space 540160K, 100% used [0x0000000795580000,0x00000007b6500000,0x00000007b6500000)
  from space 16896K, 91% used [0x00000007b7800000,0x00000007b87285c8,0x00000007b8880000)
  to   space 19456K, 0% used [0x00000007b6500000,0x00000007b6500000,0x00000007b7800000)
 ParOldGen       total 150016K, used 33065K [0x0000000740000000, 0x0000000749280000, 0x0000000795580000)
  object space 150016K, 22% used [0x0000000740000000,0x000000074204a7a0,0x0000000749280000)
 Metaspace       used 134909K, capacity 146154K, committed 146304K, reserved 1175552K
  class space    used 17505K, capacity 21118K, committed 21120K, reserved 1048576K
Event: 51.931 GC heap after
Heap after GC invocations=29 (full 4):
 PSYoungGen      total 559616K, used 19447K [0x0000000795580000, 0x00000007bcc00000, 0x00000007c0000000)
  eden space 540160K, 0% used [0x0000000795580000,0x0000000795580000,0x00000007b6500000)
  from space 19456K, 99% used [0x00000007b6500000,0x00000007b77fdc90,0x00000007b7800000)
  to   space 23040K, 0% used [0x00000007bb580000,0x00000007bb580000,0x00000007bcc00000)
 ParOldGen       total 150016K, used 34483K [0x0000000740000000, 0x0000000749280000, 0x0000000795580000)
  object space 150016K, 22% used [0x0000000740000000,0x00000007421acec0,0x0000000749280000)
 Metaspace       used 134909K, capacity 146154K, committed 146304K, reserved 1175552K
  class space    used 17505K, capacity 21118K, committed 21120K, reserved 1048576K
}

Deoptimization events (10 events):
Event: 52.805 Thread 0x00007fcca12f0000 Uncommon trap: reason=class_check action=maybe_recompile pc=0x000000011a8ef14c method=java.io.ObjectInputStream$PeekInputStream.read([BII)I @ 20
Event: 52.805 Thread 0x00007fcca12f0000 Uncommon trap: reason=class_check action=maybe_recompile pc=0x000000011a8ef14c method=java.io.ObjectInputStream$PeekInputStream.read([BII)I @ 20
Event: 52.805 Thread 0x00007fcca12f0000 Uncommon trap: reason=class_check action=maybe_recompile pc=0x000000011a8effe8 method=java.io.ObjectInputStream$PeekInputStream.read([BII)I @ 20
Event: 52.850 Thread 0x00007fcca12f0000 Uncommon trap: reason=unstable_if action=reinterpret pc=0x000000011a74c390 method=java.io.ObjectInputStream$PeekInputStream.read([BII)I @ 10
Event: 52.876 Thread 0x00007fcca12f0000 Uncommon trap: reason=speculate_class_check action=maybe_recompile pc=0x000000011a0542a8 method=java.lang.invoke.LambdaForm$MH/717386707.linkToTargetMethod(Ljava/lang/Object;Ljava/lang/Object;)Ljava/lang/Object; @ 1
Event: 52.946 Thread 0x00007fcca12f0000 Uncommon trap: reason=unstable_if action=reinterpret pc=0x000000011afcd850 method=java.lang.invoke.LambdaFormEditor$Transform.inRange(I)Z @ 27
Event: 53.101 Thread 0x00007fcca12f0000 Uncommon trap: reason=speculate_class_check action=maybe_recompile pc=0x000000011a0542a8 method=java.lang.invoke.LambdaForm$MH/717386707.linkToTargetMethod(Ljava/lang/Object;Ljava/lang/Object;)Ljava/lang/Object; @ 1
Event: 53.113 Thread 0x00007fcca12f0000 Uncommon trap: reason=speculate_class_check action=maybe_recompile pc=0x000000011a0542a8 method=java.lang.invoke.LambdaForm$MH/717386707.linkToTargetMethod(Ljava/lang/Object;Ljava/lang/Object;)Ljava/lang/Object; @ 1
Event: 53.116 Thread 0x00007fcca12f0000 Uncommon trap: reason=speculate_class_check action=maybe_recompile pc=0x000000011a0542a8 method=java.lang.invoke.LambdaForm$MH/717386707.linkToTargetMethod(Ljava/lang/Object;Ljava/lang/Object;)Ljava/lang/Object; @ 1
Event: 53.268 Thread 0x00007fcca0819000 Uncommon trap: reason=bimorphic action=maybe_recompile pc=0x000000011ace0cf0 method=scala.collection.generic.GenericTraversableTemplate.$anonfun$flatten$1(Lscala/collection/mutable/Builder;Lscala/Function1;Ljava/lang/Object;)Lscala/collection/mutable/Buil

Classes redefined (0 events):
No events

Internal exceptions (10 events):
Event: 52.754 Thread 0x00007fcca0819000 Exception <a 'java/lang/NoSuchMethodError': <clinit>> (0x00000007997a0410) thrown at [/Users/java_re/workspace/8-2-build-macosx-x86_64/jdk8u231/13620/hotspot/src/share/vm/prims/jni.cpp, line 1614]
Event: 52.755 Thread 0x00007fcca0819000 Exception <a 'java/lang/NoSuchMethodError': <clinit>> (0x00000007997bae90) thrown at [/Users/java_re/workspace/8-2-build-macosx-x86_64/jdk8u231/13620/hotspot/src/share/vm/prims/jni.cpp, line 1614]
Event: 52.769 Thread 0x00007fcca0819000 Exception <a 'java/lang/NoSuchMethodError': <clinit>> (0x00000007998981a8) thrown at [/Users/java_re/workspace/8-2-build-macosx-x86_64/jdk8u231/13620/hotspot/src/share/vm/prims/jni.cpp, line 1614]
Event: 52.770 Thread 0x00007fcca0819000 Exception <a 'java/lang/NoSuchMethodError': <clinit>> (0x000000079989b9e0) thrown at [/Users/java_re/workspace/8-2-build-macosx-x86_64/jdk8u231/13620/hotspot/src/share/vm/prims/jni.cpp, line 1614]
Event: 52.771 Thread 0x00007fcca0819000 Exception <a 'java/lang/NoSuchMethodError': <clinit>> (0x00000007998bc000) thrown at [/Users/java_re/workspace/8-2-build-macosx-x86_64/jdk8u231/13620/hotspot/src/share/vm/prims/jni.cpp, line 1614]
Event: 52.773 Thread 0x00007fcca0819000 Exception <a 'java/lang/NoSuchMethodError': <clinit>> (0x00000007998fcf90) thrown at [/Users/java_re/workspace/8-2-build-macosx-x86_64/jdk8u231/13620/hotspot/src/share/vm/prims/jni.cpp, line 1614]
Event: 52.773 Thread 0x00007fcca0819000 Exception <a 'java/lang/NoSuchMethodError': <clinit>> (0x0000000799914910) thrown at [/Users/java_re/workspace/8-2-build-macosx-x86_64/jdk8u231/13620/hotspot/src/share/vm/prims/jni.cpp, line 1614]
Event: 52.774 Thread 0x00007fcca0819000 Exception <a 'java/lang/NoSuchMethodError': <clinit>> (0x000000079992da30) thrown at [/Users/java_re/workspace/8-2-build-macosx-x86_64/jdk8u231/13620/hotspot/src/share/vm/prims/jni.cpp, line 1614]
Event: 53.245 Thread 0x00007fcca12f0000 Exception <a 'java/lang/NoSuchMethodError': <clinit>> (0x000000079ee09bc0) thrown at [/Users/java_re/workspace/8-2-build-macosx-x86_64/jdk8u231/13620/hotspot/src/share/vm/prims/jni.cpp, line 1614]
Event: 53.254 Thread 0x00007fcca12f0000 Exception <a 'java/lang/NoSuchMethodError': <clinit>> (0x000000079ee50e38) thrown at [/Users/java_re/workspace/8-2-build-macosx-x86_64/jdk8u231/13620/hotspot/src/share/vm/prims/jni.cpp, line 1614]

Events (10 events):
Event: 53.302 loading class org/apache/spark/sql/execution/ui/LiveStageMetrics
Event: 53.302 loading class org/apache/spark/sql/execution/ui/LiveStageMetrics done
Event: 53.302 loading class org/apache/spark/sql/execution/ui/LiveStageMetrics
Event: 53.302 loading class org/apache/spark/sql/execution/ui/LiveStageMetrics done
Event: 53.304 loading class org/apache/spark/sql/execution/ui/LiveStageMetrics
Event: 53.304 loading class org/apache/spark/sql/execution/ui/LiveStageMetrics done
Event: 53.304 loading class org/apache/spark/sql/execution/ui/LiveStageMetrics
Event: 53.304 loading class org/apache/spark/sql/execution/ui/LiveStageMetrics done
Event: 53.305 Executing VM operation: RevokeBias
Event: 54.630 Executing VM operation: RevokeBias done


Dynamic libraries:
0x00007fff2e213000 	/System/Library/Frameworks/Cocoa.framework/Versions/A/Cocoa
0x00007fff39fe5000 	/System/Library/Frameworks/Security.framework/Versions/A/Security
0x00007fff2cea5000 	/System/Library/Frameworks/ApplicationServices.framework/Versions/A/ApplicationServices
0x00007fff5a0e2000 	/usr/lib/libz.1.dylib
0x00007fff57a38000 	/usr/lib/libSystem.B.dylib
0x00007fff59272000 	/usr/lib/libobjc.A.dylib
0x00007fff2ea88000 	/System/Library/Frameworks/CoreFoundation.framework/Versions/A/CoreFoundation
0x00007fff30d0d000 	/System/Library/Frameworks/Foundation.framework/Versions/C/Foundation
0x00007fff2c09e000 	/System/Library/Frameworks/AppKit.framework/Versions/C/AppKit
0x00007fff2e611000 	/System/Library/Frameworks/CoreData.framework/Versions/A/CoreData
0x00007fff514fd000 	/System/Library/PrivateFrameworks/RemoteViewServices.framework/Versions/A/RemoteViewServices
0x00007fff55774000 	/System/Library/PrivateFrameworks/UIFoundation.framework/Versions/A/UIFoundation
0x00007fff56e59000 	/System/Library/PrivateFrameworks/XCTTargetBootstrap.framework/Versions/A/XCTTargetBootstrap
0x00007fff2e997000 	/System/Library/Frameworks/CoreDisplay.framework/Versions/A/CoreDisplay
0x00007fff4c234000 	/System/Library/PrivateFrameworks/IconServices.framework/Versions/A/IconServices
0x00007fff33643000 	/System/Library/Frameworks/Metal.framework/Versions/A/Metal
0x00007fff43772000 	/System/Library/PrivateFrameworks/DesktopServicesPriv.framework/Versions/A/DesktopServicesPriv
0x00007fff585d5000 	/usr/lib/libenergytrace.dylib
0x00007fff53c5c000 	/System/Library/PrivateFrameworks/SkyLight.framework/Versions/A/SkyLight
0x00007fff2eecf000 	/System/Library/Frameworks/CoreGraphics.framework/Versions/A/CoreGraphics
0x00007fff2ae6a000 	/System/Library/Frameworks/Accelerate.framework/Versions/A/Accelerate
0x00007fff31456000 	/System/Library/Frameworks/IOSurface.framework/Versions/A/IOSurface
0x00007fff435de000 	/System/Library/PrivateFrameworks/DFRFoundation.framework/Versions/A/DFRFoundation
0x00007fff2d388000 	/System/Library/Frameworks/AudioToolbox.framework/Versions/A/AudioToolbox
0x00007fff2d601000 	/System/Library/Frameworks/AudioUnit.framework/Versions/A/AudioUnit
0x00007fff43673000 	/System/Library/PrivateFrameworks/DataDetectorsCore.framework/Versions/A/DataDetectorsCore
0x00007fff2dd16000 	/System/Library/Frameworks/Carbon.framework/Versions/A/Frameworks/HIToolbox.framework/Versions/A/HIToolbox
0x00007fff5872e000 	/usr/lib/libicucore.A.dylib
0x00007fff39556000 	/System/Library/Frameworks/QuartzCore.framework/Versions/A/QuartzCore
0x00007fff2e0eb000 	/System/Library/Frameworks/Carbon.framework/Versions/A/Frameworks/SpeechRecognition.framework/Versions/A/SpeechRecognition
0x00007fff57b8c000 	/usr/lib/libauto.dylib
0x00007fff59fd5000 	/usr/lib/libxml2.2.dylib
0x00007fff431b9000 	/System/Library/PrivateFrameworks/CoreUI.framework/Versions/A/CoreUI
0x00007fff2e4fc000 	/System/Library/Frameworks/CoreAudio.framework/Versions/A/CoreAudio
0x00007fff30b41000 	/System/Library/Frameworks/DiskArbitration.framework/Versions/A/DiskArbitration
0x00007fff589dc000 	/usr/lib/liblangid.dylib
0x00007fff4d640000 	/System/Library/PrivateFrameworks/MultitouchSupport.framework/Versions/A/MultitouchSupport
0x00007fff313c5000 	/System/Library/Frameworks/IOKit.framework/Versions/A/IOKit
0x00007fff575f8000 	/usr/lib/libDiagnosticMessagesClient.dylib
0x00007fff2fcdf000 	/System/Library/Frameworks/CoreServices.framework/Versions/A/CoreServices
0x00007fff4f2fc000 	/System/Library/PrivateFrameworks/PerformanceAnalysis.framework/Versions/A/PerformanceAnalysis
0x00007fff3873d000 	/System/Library/Frameworks/OpenGL.framework/Versions/A/OpenGL
0x00007fff2e221000 	/System/Library/Frameworks/ColorSync.framework/Versions/A/ColorSync
0x00007fff2f561000 	/System/Library/Frameworks/CoreImage.framework/Versions/A/CoreImage
0x00007fff306b7000 	/System/Library/Frameworks/CoreText.framework/Versions/A/CoreText
0x00007fff314b9000 	/System/Library/Frameworks/ImageIO.framework/Versions/A/ImageIO
0x00007fff3f809000 	/System/Library/PrivateFrameworks/Backup.framework/Versions/A/Backup
0x00007fff57adf000 	/usr/lib/libarchive.2.dylib
0x00007fff2d95a000 	/System/Library/Frameworks/CFNetwork.framework/Versions/A/CFNetwork
0x00007fff3a741000 	/System/Library/Frameworks/SystemConfiguration.framework/Versions/A/SystemConfiguration
0x00007fff57529000 	/usr/lib/libCRFSuite.dylib
0x00007fff57c7d000 	/usr/lib/libc++.1.dylib
0x00007fff57cd1000 	/usr/lib/libc++abi.dylib
0x00007fff5a8d8000 	/usr/lib/system/libcache.dylib
0x00007fff5a8dd000 	/usr/lib/system/libcommonCrypto.dylib
0x00007fff5a8e8000 	/usr/lib/system/libcompiler_rt.dylib
0x00007fff5a8f0000 	/usr/lib/system/libcopyfile.dylib
0x00007fff5a8fa000 	/usr/lib/system/libcorecrypto.dylib
0x00007fff5aa06000 	/usr/lib/system/libdispatch.dylib
0x00007fff5aa40000 	/usr/lib/system/libdyld.dylib
0x00007fff5aa6d000 	/usr/lib/system/libkeymgr.dylib
0x00007fff5aa7b000 	/usr/lib/system/liblaunch.dylib
0x00007fff5aa7c000 	/usr/lib/system/libmacho.dylib
0x00007fff5aa82000 	/usr/lib/system/libquarantine.dylib
0x00007fff5aa85000 	/usr/lib/system/libremovefile.dylib
0x00007fff5aa87000 	/usr/lib/system/libsystem_asl.dylib
0x00007fff5aa9f000 	/usr/lib/system/libsystem_blocks.dylib
0x00007fff5aaa0000 	/usr/lib/system/libsystem_c.dylib
0x00007fff5ab28000 	/usr/lib/system/libsystem_configuration.dylib
0x00007fff5ab2c000 	/usr/lib/system/libsystem_coreservices.dylib
0x00007fff5ab30000 	/usr/lib/system/libsystem_darwin.dylib
0x00007fff5ab37000 	/usr/lib/system/libsystem_dnssd.dylib
0x00007fff5ab3e000 	/usr/lib/system/libsystem_info.dylib
0x00007fff5abb3000 	/usr/lib/system/libsystem_m.dylib
0x00007fff5abff000 	/usr/lib/system/libsystem_malloc.dylib
0x00007fff5ac2a000 	/usr/lib/system/libsystem_networkextension.dylib
0x00007fff5ac35000 	/usr/lib/system/libsystem_notify.dylib
0x00007fff5ac52000 	/usr/lib/system/libsystem_sandbox.dylib
0x00007fff5ac56000 	/usr/lib/system/libsystem_secinit.dylib
0x00007fff5ab8a000 	/usr/lib/system/libsystem_kernel.dylib
0x00007fff5ac3d000 	/usr/lib/system/libsystem_platform.dylib
0x00007fff5ac47000 	/usr/lib/system/libsystem_pthread.dylib
0x00007fff5ac59000 	/usr/lib/system/libsystem_symptoms.dylib
0x00007fff5ac61000 	/usr/lib/system/libsystem_trace.dylib
0x00007fff5ac78000 	/usr/lib/system/libunwind.dylib
0x00007fff5ac7e000 	/usr/lib/system/libxpc.dylib
0x00007fff57c5e000 	/usr/lib/libbsm.0.dylib
0x00007fff5aa6e000 	/usr/lib/system/libkxld.dylib
0x00007fff3ebfa000 	/System/Library/PrivateFrameworks/AppleFSCompression.framework/Versions/A/AppleFSCompression
0x00007fff578f8000 	/usr/lib/libOpenScriptingUtil.dylib
0x00007fff57f86000 	/usr/lib/libcoretls.dylib
0x00007fff57f9d000 	/usr/lib/libcoretls_cfhelpers.dylib
0x00007fff59a09000 	/usr/lib/libpam.2.dylib
0x00007fff59bc9000 	/usr/lib/libsqlite3.dylib
0x00007fff59fc3000 	/usr/lib/libxar.1.dylib
0x00007fff57c6f000 	/usr/lib/libbz2.1.0.dylib
0x00007fff589de000 	/usr/lib/liblzma.5.dylib
0x00007fff58e8f000 	/usr/lib/libnetwork.dylib
0x00007fff57ac8000 	/usr/lib/libapple_nghttp2.dylib
0x00007fff59a10000 	/usr/lib/libpcap.A.dylib
0x00007fff3007e000 	/System/Library/Frameworks/CoreServices.framework/Versions/A/Frameworks/FSEvents.framework/Versions/A/FSEvents
0x00007fff2fd5d000 	/System/Library/Frameworks/CoreServices.framework/Versions/A/Frameworks/CarbonCore.framework/Versions/A/CarbonCore
0x00007fff30239000 	/System/Library/Frameworks/CoreServices.framework/Versions/A/Frameworks/Metadata.framework/Versions/A/Metadata
0x00007fff302d8000 	/System/Library/Frameworks/CoreServices.framework/Versions/A/Frameworks/OSServices.framework/Versions/A/OSServices
0x00007fff30323000 	/System/Library/Frameworks/CoreServices.framework/Versions/A/Frameworks/SearchKit.framework/Versions/A/SearchKit
0x00007fff2fce0000 	/System/Library/Frameworks/CoreServices.framework/Versions/A/Frameworks/AE.framework/Versions/A/AE
0x00007fff30087000 	/System/Library/Frameworks/CoreServices.framework/Versions/A/Frameworks/LaunchServices.framework/Versions/A/LaunchServices
0x00007fff30035000 	/System/Library/Frameworks/CoreServices.framework/Versions/A/Frameworks/DictionaryServices.framework/Versions/A/DictionaryServices
0x00007fff3038b000 	/System/Library/Frameworks/CoreServices.framework/Versions/A/Frameworks/SharedFileList.framework/Versions/A/SharedFileList
0x00007fff34718000 	/System/Library/Frameworks/NetFS.framework/Versions/A/NetFS
0x00007fff4d8a6000 	/System/Library/PrivateFrameworks/NetAuth.framework/Versions/A/NetAuth
0x00007fff5725d000 	/System/Library/PrivateFrameworks/login.framework/Versions/A/Frameworks/loginsupport.framework/Versions/A/loginsupport
0x00007fff5537d000 	/System/Library/PrivateFrameworks/TCC.framework/Versions/A/TCC
0x00007fff42816000 	/System/Library/PrivateFrameworks/CoreNLP.framework/Versions/A/CoreNLP
0x00007fff4d33b000 	/System/Library/PrivateFrameworks/MetadataUtilities.framework/Versions/A/MetadataUtilities
0x00007fff58ab3000 	/usr/lib/libmecabra.dylib
0x00007fff2cea6000 	/System/Library/Frameworks/ApplicationServices.framework/Versions/A/Frameworks/ATS.framework/Versions/A/ATS
0x00007fff2d1f5000 	/System/Library/Frameworks/ApplicationServices.framework/Versions/A/Frameworks/ColorSyncLegacy.framework/Versions/A/ColorSyncLegacy
0x00007fff2d294000 	/System/Library/Frameworks/ApplicationServices.framework/Versions/A/Frameworks/HIServices.framework/Versions/A/HIServices
0x00007fff2d2e7000 	/System/Library/Frameworks/ApplicationServices.framework/Versions/A/Frameworks/LangAnalysis.framework/Versions/A/LangAnalysis
0x00007fff2d2f7000 	/System/Library/Frameworks/ApplicationServices.framework/Versions/A/Frameworks/PrintCore.framework/Versions/A/PrintCore
0x00007fff2d341000 	/System/Library/Frameworks/ApplicationServices.framework/Versions/A/Frameworks/QD.framework/Versions/A/QD
0x00007fff2d37b000 	/System/Library/Frameworks/ApplicationServices.framework/Versions/A/Frameworks/SpeechSynthesis.framework/Versions/A/SpeechSynthesis
0x00007fff57cf9000 	/usr/lib/libcompression.dylib
0x00007fff33913000 	/System/Library/Frameworks/MetalPerformanceShaders.framework/Versions/A/MetalPerformanceShaders
0x00007fff2ae82000 	/System/Library/Frameworks/Accelerate.framework/Versions/A/Frameworks/vImage.framework/Versions/A/vImage
0x00007fff2befc000 	/System/Library/Frameworks/Accelerate.framework/Versions/A/Frameworks/vecLib.framework/Versions/A/vecLib
0x00007fff2be48000 	/System/Library/Frameworks/Accelerate.framework/Versions/A/Frameworks/vecLib.framework/Versions/A/libvMisc.dylib
0x00007fff2bc60000 	/System/Library/Frameworks/Accelerate.framework/Versions/A/Frameworks/vecLib.framework/Versions/A/libvDSP.dylib
0x00007fff2b51c000 	/System/Library/Frameworks/Accelerate.framework/Versions/A/Frameworks/vecLib.framework/Versions/A/libBLAS.dylib
0x00007fff2b809000 	/System/Library/Frameworks/Accelerate.framework/Versions/A/Frameworks/vecLib.framework/Versions/A/libLAPACK.dylib
0x00007fff2bbb3000 	/System/Library/Frameworks/Accelerate.framework/Versions/A/Frameworks/vecLib.framework/Versions/A/libLinearAlgebra.dylib
0x00007fff2bc4c000 	/System/Library/Frameworks/Accelerate.framework/Versions/A/Frameworks/vecLib.framework/Versions/A/libSparseBLAS.dylib
0x00007fff2bbc9000 	/System/Library/Frameworks/Accelerate.framework/Versions/A/Frameworks/vecLib.framework/Versions/A/libQuadrature.dylib
0x00007fff2b796000 	/System/Library/Frameworks/Accelerate.framework/Versions/A/Frameworks/vecLib.framework/Versions/A/libBNNS.dylib
0x00007fff2bbcf000 	/System/Library/Frameworks/Accelerate.framework/Versions/A/Frameworks/vecLib.framework/Versions/A/libSparse.dylib
0x00007fff49b64000 	/System/Library/PrivateFrameworks/GPUWrangler.framework/Versions/A/GPUWrangler
0x00007fff4be69000 	/System/Library/PrivateFrameworks/IOAccelerator.framework/Versions/A/IOAccelerator
0x00007fff4be74000 	/System/Library/PrivateFrameworks/IOPresentment.framework/Versions/A/IOPresentment
0x00007fff435ee000 	/System/Library/PrivateFrameworks/DSExternalDisplay.framework/Versions/A/DSExternalDisplay
0x00007fff37b94000 	/System/Library/Frameworks/OpenGL.framework/Versions/A/Libraries/libCoreFSCache.dylib
0x00007fff33707000 	/System/Library/Frameworks/MetalPerformanceShaders.framework/Frameworks/MPSCore.framework/Versions/A/MPSCore
0x00007fff33727000 	/System/Library/Frameworks/MetalPerformanceShaders.framework/Frameworks/MPSImage.framework/Versions/A/MPSImage
0x00007fff337cc000 	/System/Library/Frameworks/MetalPerformanceShaders.framework/Frameworks/MPSNeuralNetwork.framework/Versions/A/MPSNeuralNetwork
0x00007fff337a4000 	/System/Library/Frameworks/MetalPerformanceShaders.framework/Frameworks/MPSMatrix.framework/Versions/A/MPSMatrix
0x00007fff338f8000 	/System/Library/Frameworks/MetalPerformanceShaders.framework/Frameworks/MPSRayIntersector.framework/Versions/A/MPSRayIntersector
0x00007fff4d364000 	/System/Library/PrivateFrameworks/MetalTools.framework/Versions/A/MetalTools
0x00007fff3e4a4000 	/System/Library/PrivateFrameworks/AggregateDictionary.framework/Versions/A/AggregateDictionary
0x00007fff578d8000 	/usr/lib/libMobileGestalt.dylib
0x00007fff3081a000 	/System/Library/Frameworks/CoreVideo.framework/Versions/A/CoreVideo
0x00007fff4a975000 	/System/Library/PrivateFrameworks/GraphVisualizer.framework/Versions/A/GraphVisualizer
0x00007fff447f4000 	/System/Library/PrivateFrameworks/FaceCore.framework/Versions/A/FaceCore
0x00007fff371c2000 	/System/Library/Frameworks/OpenCL.framework/Versions/A/OpenCL
0x00007fff57630000 	/usr/lib/libFosl_dynamic.dylib
0x00007fff4e112000 	/System/Library/PrivateFrameworks/OTSVG.framework/Versions/A/OTSVG
0x00007fff2cfaa000 	/System/Library/Frameworks/ApplicationServices.framework/Versions/A/Frameworks/ATS.framework/Versions/A/Resources/libFontParser.dylib
0x00007fff2d0c2000 	/System/Library/Frameworks/ApplicationServices.framework/Versions/A/Frameworks/ATS.framework/Versions/A/Resources/libFontRegistry.dylib
0x00007fff31729000 	/System/Library/Frameworks/ImageIO.framework/Versions/A/Resources/libJPEG.dylib
0x00007fff31a4e000 	/System/Library/Frameworks/ImageIO.framework/Versions/A/Resources/libTIFF.dylib
0x00007fff31a24000 	/System/Library/Frameworks/ImageIO.framework/Versions/A/Resources/libPng.dylib
0x00007fff31647000 	/System/Library/Frameworks/ImageIO.framework/Versions/A/Resources/libGIF.dylib
0x00007fff3164c000 	/System/Library/Frameworks/ImageIO.framework/Versions/A/Resources/libJP2.dylib
0x00007fff31a4b000 	/System/Library/Frameworks/ImageIO.framework/Versions/A/Resources/libRadiance.dylib
0x00007fff3ed51000 	/System/Library/PrivateFrameworks/AppleJPEG.framework/Versions/A/AppleJPEG
0x00007fff37b9f000 	/System/Library/Frameworks/OpenGL.framework/Versions/A/Libraries/libGFXShared.dylib
0x00007fff37d62000 	/System/Library/Frameworks/OpenGL.framework/Versions/A/Libraries/libGLU.dylib
0x00007fff37ba8000 	/System/Library/Frameworks/OpenGL.framework/Versions/A/Libraries/libGL.dylib
0x00007fff37bb4000 	/System/Library/Frameworks/OpenGL.framework/Versions/A/Libraries/libGLImage.dylib
0x00007fff37b91000 	/System/Library/Frameworks/OpenGL.framework/Versions/A/Libraries/libCVMSPluginSupport.dylib
0x00007fff37b9a000 	/System/Library/Frameworks/OpenGL.framework/Versions/A/Libraries/libCoreVMClient.dylib
0x00007fff5844a000 	/usr/lib/libcups.2.dylib
0x00007fff32c0e000 	/System/Library/Frameworks/Kerberos.framework/Versions/A/Kerberos
0x00007fff31129000 	/System/Library/Frameworks/GSS.framework/Versions/A/GSS
0x00007fff59b5e000 	/usr/lib/libresolv.9.dylib
0x00007fff5863d000 	/usr/lib/libiconv.2.dylib
0x00007fff4aaea000 	/System/Library/PrivateFrameworks/Heimdal.framework/Versions/A/Heimdal
0x00007fff5860d000 	/usr/lib/libheimdal-asn1.dylib
0x00007fff37236000 	/System/Library/Frameworks/OpenDirectory.framework/Versions/A/OpenDirectory
0x00007fff41579000 	/System/Library/PrivateFrameworks/CommonAuth.framework/Versions/A/CommonAuth
0x00007fff3721a000 	/System/Library/Frameworks/OpenDirectory.framework/Versions/A/Frameworks/CFOpenDirectory.framework/Versions/A/CFOpenDirectory
0x00007fff3a2e6000 	/System/Library/Frameworks/SecurityFoundation.framework/Versions/A/SecurityFoundation
0x00007fff3d9ea000 	/System/Library/PrivateFrameworks/APFS.framework/Versions/A/APFS
0x00007fff59fbf000 	/usr/lib/libutil.dylib
0x00007fff57ce7000 	/usr/lib/libcharset.1.dylib
0x00007fff3efee000 	/System/Library/PrivateFrameworks/AppleSauce.framework/Versions/A/AppleSauce
0x00007fff3f16f000 	/System/Library/PrivateFrameworks/AssertionServices.framework/Versions/A/AssertionServices
0x00007fff3f89f000 	/System/Library/PrivateFrameworks/BaseBoard.framework/Versions/A/BaseBoard
0x00007fff58a0e000 	/usr/lib/libmecab.1.0.0.dylib
0x00007fff58607000 	/usr/lib/libgermantok.dylib
0x00007fff57ab5000 	/usr/lib/libThaiTokenizer.dylib
0x00007fff57560000 	/usr/lib/libChineseTokenizer.dylib
0x00007fff4c521000 	/System/Library/PrivateFrameworks/LanguageModeling.framework/Versions/A/LanguageModeling
0x00007fff4225b000 	/System/Library/PrivateFrameworks/CoreEmoji.framework/Versions/A/CoreEmoji
0x00007fff4c5fd000 	/System/Library/PrivateFrameworks/Lexicon.framework/Versions/A/Lexicon
0x00007fff4c640000 	/System/Library/PrivateFrameworks/LinguisticData.framework/Versions/A/LinguisticData
0x00007fff57ce8000 	/usr/lib/libcmph.dylib
0x00007fff3a3a4000 	/System/Library/Frameworks/ServiceManagement.framework/Versions/A/ServiceManagement
0x00007fff3f800000 	/System/Library/PrivateFrameworks/BackgroundTaskManagement.framework/Versions/A/BackgroundTaskManagement
0x00007fff5a0b9000 	/usr/lib/libxslt.1.dylib
0x00007fff2e018000 	/System/Library/Frameworks/Carbon.framework/Versions/A/Frameworks/Ink.framework/Versions/A/Ink
0x00007fff555ef000 	/System/Library/PrivateFrameworks/TextureIO.framework/Versions/A/TextureIO
0x00007fff57b09000 	/usr/lib/libate.dylib
0x00007fff4353d000 	/System/Library/PrivateFrameworks/CrashReporterSupport.framework/Versions/A/CrashReporterSupport
0x00007fff52d29000 	/System/Library/PrivateFrameworks/Sharing.framework/Versions/A/Sharing
0x00007fff3f552000 	/System/Library/PrivateFrameworks/AuthKit.framework/Versions/A/AuthKit
0x00007fff3eaa6000 	/System/Library/PrivateFrameworks/Apple80211.framework/Versions/A/Apple80211
0x00007fff432e5000 	/System/Library/PrivateFrameworks/CoreUtils.framework/Versions/A/CoreUtils
0x00007fff3085b000 	/System/Library/Frameworks/CoreWLAN.framework/Versions/A/CoreWLAN
0x00007fff31258000 	/System/Library/Frameworks/IOBluetooth.framework/Versions/A/IOBluetooth
0x00007fff5119d000 	/System/Library/PrivateFrameworks/ProtocolBuffer.framework/Versions/A/ProtocolBuffer
0x00007fff4d59c000 	/System/Library/PrivateFrameworks/MobileKeyBag.framework/Versions/A/MobileKeyBag
0x00007fff42b29000 	/System/Library/PrivateFrameworks/CorePhoneNumbers.framework/Versions/A/CorePhoneNumbers
0x00007fff3ed05000 	/System/Library/PrivateFrameworks/AppleIDAuthSupport.framework/Versions/A/AppleIDAuthSupport
0x00007fff4c4f4000 	/System/Library/PrivateFrameworks/KeychainCircle.framework/Versions/A/KeychainCircle
0x00007fff51353000 	/System/Library/PrivateFrameworks/ROCKit.framework/Versions/A/ROCKit
0x00007fff434d9000 	/System/Library/PrivateFrameworks/CoreWiFi.framework/Versions/A/CoreWiFi
0x00007fff2e5e6000 	/System/Library/Frameworks/CoreBluetooth.framework/Versions/A/CoreBluetooth
0x00007fff43734000 	/System/Library/PrivateFrameworks/DebugSymbols.framework/Versions/A/DebugSymbols
0x00007fff430a5000 	/System/Library/PrivateFrameworks/CoreSymbolication.framework/Versions/A/CoreSymbolication
0x00007fff54e0c000 	/System/Library/PrivateFrameworks/Symbolication.framework/Versions/A/Symbolication
0x00007fff546af000 	/System/Library/PrivateFrameworks/SpeechRecognitionCore.framework/Versions/A/SpeechRecognitionCore
0x00007fff23180000 	/System/Library/CoreServices/Encodings/libSimplifiedChineseConverter.dylib
0x000000010e233000 	/Library/Java/JavaVirtualMachines/jdk1.8.0_231.jdk/Contents/Home/jre/lib/server/libjvm.dylib
0x00007fff59e9a000 	/usr/lib/libstdc++.6.dylib
0x000000010f1ed000 	/Library/Java/JavaVirtualMachines/jdk1.8.0_231.jdk/Contents/Home/jre/lib/libverify.dylib
0x000000010fa00000 	/Library/Java/JavaVirtualMachines/jdk1.8.0_231.jdk/Contents/Home/jre/lib/libjava.dylib
0x000000010fa36000 	/Library/Java/JavaVirtualMachines/jdk1.8.0_231.jdk/Contents/Home/jre/lib/libinstrument.dylib
0x000000010fad2000 	/Library/Java/JavaVirtualMachines/jdk1.8.0_231.jdk/Contents/Home/jre/lib/libzip.dylib
0x0000000117111000 	/Library/Java/JavaVirtualMachines/jdk1.8.0_231.jdk/Contents/Home/jre/lib/libnet.dylib
0x0000000117202000 	/Library/Java/JavaVirtualMachines/jdk1.8.0_231.jdk/Contents/Home/jre/lib/libmanagement.dylib
0x0000000117188000 	/Library/Java/JavaVirtualMachines/jdk1.8.0_231.jdk/Contents/Home/jre/lib/libjaas_unix.dylib
0x00000001171ed000 	/Library/Java/JavaVirtualMachines/jdk1.8.0_231.jdk/Contents/Home/jre/lib/libnio.dylib
0x0000000117795000 	/private/var/folders/qj/5cd86hwd08q7j3r2v4bb47gh0000gn/T/liblz4-java-3601948239814273486.dylib

VM Arguments:
jvm_args: -javaagent:/Applications/IntelliJ IDEA.app/Contents/lib/idea_rt.jar=50360:/Applications/IntelliJ IDEA.app/Contents/bin -Dfile.encoding=UTF-8 
java_command: org.jetbrains.plugins.scala.testingSupport.scalaTest.ScalaTestRunner -s org.apache.spark.sql.hive.execution.HiveCompatibilitySuite -C org.jetbrains.plugins.scala.testingSupport.scalaTest.ScalaTestReporter -showProgressMessages true
java_class_path (initial): /Users/jiaan.geng/Library/Application Support/JetBrains/IntelliJIdea2020.1/plugins/Scala/lib/runners.jar:/Library/Java/JavaVirtualMachines/jdk1.8.0_231.jdk/Contents/Home/jre/lib/charsets.jar:/Library/Java/JavaVirtualMachines/jdk1.8.0_231.jdk/Contents/Home/jre/lib/deploy.jar:/Library/Java/JavaVirtualMachines/jdk1.8.0_231.jdk/Contents/Home/jre/lib/ext/cldrdata.jar:/Library/Java/JavaVirtualMachines/jdk1.8.0_231.jdk/Contents/Home/jre/lib/ext/dnsns.jar:/Library/Java/JavaVirtualMachines/jdk1.8.0_231.jdk/Contents/Home/jre/lib/ext/jaccess.jar:/Library/Java/JavaVirtualMachines/jdk1.8.0_231.jdk/Contents/Home/jre/lib/ext/jfxrt.jar:/Library/Java/JavaVirtualMachines/jdk1.8.0_231.jdk/Contents/Home/jre/lib/ext/localedata.jar:/Library/Java/JavaVirtualMachines/jdk1.8.0_231.jdk/Contents/Home/jre/lib/ext/nashorn.jar:/Library/Java/JavaVirtualMachines/jdk1.8.0_231.jdk/Contents/Home/jre/lib/ext/sunec.jar:/Library/Java/JavaVirtualMachines/jdk1.8.0_231.jdk/Contents/Home/jre/lib/ext/sunjce_provider.jar:/Library/Java/JavaVirtualMachines/jdk1.8.0_231.jdk/Contents/Home/jre/lib/ext/sunpkcs11.jar:/Library/Java/JavaVirtualMachines/jdk1.8.0_231.jdk/Contents/Home/jre/lib/ext/zipfs.jar:/Library/Java/JavaVirtualMachines/jdk1.8.0_231.jdk/Contents/Home/jre/lib/javaws.jar:/Library/Java/JavaVirtualMachines/jdk1.8.0_231.jdk/Contents/Home/jre/lib/jce.jar:/Library/Java/JavaVirtualMachines/jdk1.8.0_231.jdk/Contents/Home/jre/lib/jfr.jar:/Library/Java/JavaVirtualMachines/jdk1.8.0_231.jdk/Contents/Home/jre/lib/jfxswt.jar:/Library/Java/JavaVirtualMachines/jdk1.8.0_231.jdk/Contents/Home/jre/lib/jsse.jar:/Library/Java/JavaVirtualMachines/jdk1.8.0_231.jdk/Contents/Home/jre/lib/management-agent.jar:/Library/Java/JavaVirtualMachines/jdk1.8.0_231.jdk/Contents/Home/jre/lib/plugin.jar:/Library/Java/JavaVirtualMachines/jdk1.8.0_231.jdk/Contents/Home/jre/lib/resources.jar:/Library/Java/JavaVirtualMachines/jdk1.8.0_231.jdk/Contents/Home/jre/lib/rt.jar:/Library/Java/JavaVirtualMachines/jdk1.8.0_
Launcher Type: SUN_STANDARD

Environment Variables:
JAVA_HOME=/Library/Java/JavaVirtualMachines/jdk1.8.0_231.jdk/Contents/Home
CLASSPATH=.:/Users/jiaan.geng/antlr/lib/antlr-4.7.1-complete.jar:/Library/Java/JavaVirtualMachines/jdk1.8.0_231.jdk/Contents/Home/lib:/Library/Java/JavaVirtualMachines/jdk1.8.0_231.jdk/Contents/Home/jre/lib:/Users/jiaan.geng/antlr/lib
PATH=/Users/jiaan.geng/.rvm/gems/ruby-2.6.3/bin:/Users/jiaan.geng/.rvm/gems/ruby-2.6.3@global/bin:/Users/jiaan.geng/.rvm/rubies/ruby-2.6.3/bin:/Library/Frameworks/Python.framework/Versions/3.7/bin:/usr/local/bin:/usr/bin:/bin:/usr/sbin:/sbin:/Library/Java/JavaVirtualMachines/jdk1.8.0_231.jdk/Contents/Home/bin:/Users/jiaan.geng/scala-2.12.12/bin:/Users/jiaan.geng/maven/apache-maven-3.8.1/bin:/Users/jiaan.geng/.rvm/bin
SHELL=/bin/bash

Signal Handlers:
SIGSEGV: [libjvm.dylib+0x5b7e2b], sa_mask[0]=11111111011111110111111111111111, sa_flags=SA_ONSTACK|SA_RESTART|SA_SIGINFO
SIGBUS: [libjvm.dylib+0x5b7e2b], sa_mask[0]=11111111011111110111111111111111, sa_flags=SA_RESTART|SA_SIGINFO
SIGFPE: [libjvm.dylib+0x48c6ec], sa_mask[0]=11111111011111110111111111111111, sa_flags=SA_RESTART|SA_SIGINFO
SIGPIPE: [libjvm.dylib+0x48c6ec], sa_mask[0]=11111111011111110111111111111111, sa_flags=SA_RESTART|SA_SIGINFO
SIGXFSZ: [libjvm.dylib+0x48c6ec], sa_mask[0]=11111111011111110111111111111111, sa_flags=SA_RESTART|SA_SIGINFO
SIGILL: [libjvm.dylib+0x48c6ec], sa_mask[0]=11111111011111110111111111111111, sa_flags=SA_RESTART|SA_SIGINFO
SIGUSR1: SIG_DFL, sa_mask[0]=00000000000000000000000000000000, sa_flags=none
SIGUSR2: [libjvm.dylib+0x48c20a], sa_mask[0]=00100000000000000000000000000000, sa_flags=SA_RESTART|SA_SIGINFO
SIGHUP: [libjvm.dylib+0x48a795], sa_mask[0]=11111111011111110111111111111111, sa_flags=SA_RESTART|SA_SIGINFO
SIGINT: [libjvm.dylib+0x48a795], sa_mask[0]=11111111011111110111111111111111, sa_flags=SA_RESTART|SA_SIGINFO
SIGTERM: [libjvm.dylib+0x48a795], sa_mask[0]=11111111011111110111111111111111, sa_flags=SA_RESTART|SA_SIGINFO
SIGQUIT: [libjvm.dylib+0x48a795], sa_mask[0]=11111111011111110111111111111111, sa_flags=SA_RESTART|SA_SIGINFO


---------------  S Y S T E M  ---------------

OS:Bsduname:Darwin 18.7.0 Darwin Kernel Version 18.7.0: Mon Mar  8 22:11:48 PST 2021; root:xnu-4903.278.65~1/RELEASE_X86_64 x86_64
rlimit: STACK 8192k, CORE 0k, NPROC 709, NOFILE 10240, AS infinity
load average:5.00 3.88 3.57

CPU:total 4 (initial active 4) (2 cores per cpu, 2 threads per core) family 6 model 61 stepping 4, cmov, cx8, fxsr, mmx, sse, sse2, sse3, ssse3, sse4.1, sse4.2, popcnt, avx, avx2, aes, clmul, erms, rtm, 3dnowpref, lzcnt, ht, tsc, tscinvbit, bmi1, bmi2, adx

Memory: 4k page, physical 8388608k(20100k free)

/proc/meminfo:


vm_info: Java HotSpot(TM) 64-Bit Server VM (25.231-b11) for bsd-amd64 JRE (1.8.0_231-b11), built on Oct  5 2019 03:15:25 by "java_re" with gcc 4.2.1 (Based on Apple Inc. build 5658) (LLVM build 2336.11.00)

time: Sat May 29 00:39:44 2021
timezone: CST
elapsed time: 54 seconds (0d 0h 0m 54s)

